OUT 
OUT 
OUT 
OUT 
OUT 
OUT   
OUT 
OUT 
OUT 
OUT 
OUT  
OUT 
OUT 
OUT 
OUT 
OUT  
OUT 
OUT 
OUT 
OUT 
OUT  
OUT 
OUT 
OUT 
OUT 
OUT  
OUT 
OUT 
OUT 
OUT 
OUT  
OUT 
OUT 
OUT 
OUT 
OUT  
OUT 
OUT 
OUT 
OUT 
OUT  
OUT 
OUT 
OUT 
OUT 
OUT 
OUT                                    |        ___
OUT                                    \   | __/  ’’’’
OUT                                     \  <<--,_____
OUT        ,   ,              \           U          ____---
OUT         v                  \          U      |~~<____   
OUT         `  ‘ `   ’      `---\         U      /        /
OUT          \|   \ |            ````~     U    //    /‘’’’’’’’^
OUT           \    \                   \ \ |U| //    / , 
OUT            \\  \\...````           |  V  / ‘’’’ ‘’               G       N D
OUT             \  / |``               /   /                    A   N       A
OUT      ~_  ,   |   /                /`  /                    G          L
OUT        `-` `- \ |                 |  /                                  
OUT              \  |                |  |
OUT               }  \               /  |              ..       .. ..       . .   .
OUT       ~``__   |   \-/           |   |  .. ...      ....    .   .. . ...  . .   
OUT  *#----*--**__|    |*****^**---|     ]__--_*_.... _  __   . . ..... . . .. . . .
OUT * |                                                      
OUT *                                                        
OUT * |                                                      
OUT *       Who are you ?                                    
OUT * |                                                      
IN  'Rufus'
OUT * |                                                                | *
OUT * |                                                                | *
OUT * |     Male or Female?                                            | *
OUT 
OUT [ M / F ]
IN  'male'
OUT * |  Right, Rufus,                                                 | *
OUT * |   enjoy yer stay!                                              | *
OUT * |                                     ( poor wretch . . .)       | *
OUT * |                                                                | *
OUT * |                                                                | *
OUT ...
OUT 
OUT 
OUT 
OUT 
OUT ***
OUT  You get to your feet. A bit of a headache. Nothing looks familiar. 
OUT 
OUT 
OUT 
OUT [ (hit Enter) ]    
IN  ''
OUT 
OUT 
OUT 
OUT 
OUT 
OUT 
OUT 
OUT 
OUT 
OUT 
OUT 
OUT 
OUT 
OUT 
OUT 
OUT 
OUT 
OUT 
OUT 
OUT 
OUT 
OUT 
OUT 
OUT 
OUT 
OUT 
OUT 
OUT 
OUT 
OUT 
OUT 
OUT 
OUT 
OUT 
OUT 
OUT 
OUT 
OUT 
OUT 
OUT 
OUT 
OUT 
OUT 
OUT 
OUT 
OUT 
OUT 
OUT 
OUT 
OUT 
OUT 
OUT 
OUT 
OUT 
OUT 
OUT 
OUT 
OUT 
OUT 
OUT 
OUT 
OUT 
OUT 
OUT 
OUT 
OUT 
OUT 
OUT 
OUT 
OUT 
OUT 
OUT 
OUT 
OUT 
OUT 
OUT 
OUT 
OUT 
OUT 
OUT 
OUT 
OUT 
OUT   '   
OUT ' * ' 
OUT 
OUT There is a rocky slope here. Water gurgles out of a dark recess.
OUT There is no one here.
OUT 
OUT 
OUT 
OUT [               Water                                    ]
OUT [  N  W  S  E          Greet (name)        Attack (name) ]
OUT [  More   Help   Quit                  Hit Enter to wait ]
IN  ''
OUT You wait...
OUT 
OUT 
OUT 
OUT 
OUT 
OUT [               Water                                    ]
OUT [  N  W  S  E          Greet (name)        Attack (name) ]
OUT [  More   Help   Quit                  Hit Enter to wait ]
IN  'greet'
OUT You are alone, Rufus!
OUT 
OUT 
OUT 
OUT 
OUT 
OUT [               Water                                    ]
OUT [  N  W  S  E          Greet (name)        Attack (name) ]
OUT [  More   Help   Quit                  Hit Enter to wait ]
IN  'N'
OUT 
OUT 
OUT 
OUT 
OUT 
OUT 
OUT 
OUT 
OUT 
OUT 
OUT 
OUT 
OUT 
OUT 
OUT 
OUT 
OUT 
OUT 
OUT 
OUT 
OUT 
OUT 
OUT 
OUT 
OUT 
OUT 
OUT 
OUT 
OUT 
OUT 
OUT 
OUT 
OUT 
OUT 
OUT 
OUT 
OUT 
OUT 
OUT 
OUT 
OUT 
OUT 
OUT 
OUT 
OUT 
OUT 
OUT 
OUT 
OUT 
OUT 
OUT 
OUT 
OUT 
OUT 
OUT 
OUT 
OUT 
OUT 
OUT 
OUT 
OUT 
OUT 
OUT 
OUT 
OUT 
OUT 
OUT 
OUT 
OUT 
OUT 
OUT 
OUT 
OUT 
OUT 
OUT 
OUT 
OUT 
OUT 
OUT 
OUT 
OUT 
OUT 
OUT   '   
OUT ' * ' 
OUT ' ~ ' 
OUT 
OUT ***
OUT You travel North...
OUT There are 2 strangers here.
OUT 
OUT 
OUT 
OUT 
OUT 
OUT [  N  W  S  E          Greet (name)        Attack (name) ]
OUT [  More   Help   Quit                  Hit Enter to wait ]
IN  'N'
OUT 
OUT 
OUT 
OUT 
OUT 
OUT 
OUT 
OUT 
OUT 
OUT 
OUT 
OUT 
OUT 
OUT 
OUT 
OUT 
OUT 
OUT 
OUT 
OUT 
OUT 
OUT 
OUT 
OUT 
OUT 
OUT 
OUT 
OUT 
OUT 
OUT 
OUT 
OUT 
OUT 
OUT 
OUT 
OUT 
OUT 
OUT 
OUT 
OUT 
OUT 
OUT 
OUT 
OUT 
OUT 
OUT 
OUT 
OUT 
OUT 
OUT 
OUT 
OUT 
OUT 
OUT 
OUT 
OUT 
OUT 
OUT 
OUT 
OUT 
OUT 
OUT 
OUT 
OUT 
OUT 
OUT 
OUT 
OUT 
OUT 
OUT 
OUT 
OUT 
OUT 
OUT 
OUT 
OUT 
OUT 
OUT 
OUT 
OUT 
OUT 
OUT 
OUT   '   
OUT ' * ' 
OUT ' . ' 
OUT ' ~ ' 
OUT 
OUT ***
OUT You travel North...
OUT There is no one here.
OUT 
OUT 
OUT 
OUT [  N  W  S  E          Greet (name)        Attack (name) ]
OUT [  More   Help   Quit                  Hit Enter to wait ]
IN  'E'
OUT 
OUT 
OUT 
OUT 
OUT 
OUT 
OUT 
OUT 
OUT 
OUT 
OUT 
OUT 
OUT 
OUT 
OUT 
OUT 
OUT 
OUT 
OUT 
OUT 
OUT 
OUT 
OUT 
OUT 
OUT 
OUT 
OUT 
OUT 
OUT 
OUT 
OUT 
OUT 
OUT 
OUT 
OUT 
OUT 
OUT 
OUT 
OUT 
OUT 
OUT 
OUT 
OUT 
OUT 
OUT 
OUT 
OUT 
OUT 
OUT 
OUT 
OUT 
OUT 
OUT 
OUT 
OUT 
OUT 
OUT 
OUT 
OUT 
OUT 
OUT 
OUT 
OUT 
OUT 
OUT 
OUT 
OUT 
OUT 
OUT 
OUT 
OUT 
OUT 
OUT 
OUT 
OUT 
OUT 
OUT 
OUT 
OUT 
OUT 
OUT 
OUT 
OUT   ' '   
OUT ' . * ' 
OUT ' . '   
OUT ' ~ '   
OUT 
OUT ***
OUT You travel East...
OUT There is no one here.
OUT 
OUT 
OUT 
OUT [  N  W  S  E          Greet (name)        Attack (name) ]
OUT [  More   Help   Quit                  Hit Enter to wait ]
IN  'greet'
OUT You are alone, Rufus!
OUT 
OUT 
OUT 
OUT 
OUT 
OUT [  N  W  S  E          Greet (name)        Attack (name) ]
OUT [  More   Help   Quit                  Hit Enter to wait ]
IN  'attack'
OUT You are alone, Rufus!
OUT 
OUT 
OUT 
OUT 
OUT 
OUT [  N  W  S  E          Greet (name)        Attack (name) ]
OUT [  More   Help   Quit                  Hit Enter to wait ]
IN  'greet'
OUT You are alone, Rufus!
OUT 
OUT 
OUT 
OUT 
OUT 
OUT [  N  W  S  E          Greet (name)        Attack (name) ]
OUT [  More   Help   Quit                  Hit Enter to wait ]
IN  'W'
OUT 
OUT 
OUT 
OUT 
OUT 
OUT 
OUT 
OUT 
OUT 
OUT 
OUT 
OUT 
OUT 
OUT 
OUT 
OUT 
OUT 
OUT 
OUT 
OUT 
OUT 
OUT 
OUT 
OUT 
OUT 
OUT 
OUT 
OUT 
OUT 
OUT 
OUT 
OUT 
OUT 
OUT 
OUT 
OUT 
OUT 
OUT 
OUT 
OUT 
OUT 
OUT 
OUT 
OUT 
OUT 
OUT 
OUT 
OUT 
OUT 
OUT 
OUT 
OUT 
OUT 
OUT 
OUT 
OUT 
OUT 
OUT 
OUT 
OUT 
OUT 
OUT 
OUT 
OUT 
OUT 
OUT 
OUT 
OUT 
OUT 
OUT 
OUT 
OUT 
OUT 
OUT 
OUT 
OUT 
OUT 
OUT 
OUT 
OUT 
OUT 
OUT 
OUT   ' '   
OUT ' * . ' 
OUT ' . '   
OUT ' ~ '   
OUT 
OUT ***
OUT You travel West...
OUT There is a stranger here.
OUT 
OUT 
OUT This man's name is Tarran 2.
OUT Tarran 2 menaces you!
OUT Tarran 2: "Grunt."
OUT 
OUT 
OUT [ (F)ight       (D)rop it ]
IN  'D'
OUT Tarran 2: "Grmph."
OUT 
OUT 
OUT 
OUT 
OUT 
OUT [  N  W  S  E          Greet (name)        Attack (name) ]
OUT [  More   Help   Quit                  Hit Enter to wait ]
IN  'More'
OUT [  Stats   Who   Remember   Write                        ]
IN  'attack'
OUT 
OUT Tarran 2: "YARG! Lay on!"
OUT 
OUT 
OUT [ (hit Enter) ]    
IN  ''
OUT For the first time, you enter a duel... you have almost no idea of your own 
OUT abilities, or your opponent's... 
OUT 
OUT 
OUT [ (hit Enter) ]    
IN  ''
OUT 
OUT 
OUT 
OUT 
OUT 
OUT 
OUT 
OUT 
OUT 
OUT 
OUT  
OUT 
OUT 
OUT 
OUT 
OUT 
OUT 
OUT 
OUT 
OUT 
OUT  
OUT 
OUT 
OUT 
OUT 
OUT 
OUT 
OUT 
OUT 
OUT 
OUT  
OUT 
OUT 
OUT 
OUT 
OUT 
OUT 
OUT 
OUT 
OUT 
OUT  
OUT 
OUT 
OUT 
OUT 
OUT 
OUT 
OUT 
OUT 
OUT 
OUT 
OUT BATTLE
OUT **************************************************
OUT 
OUT 
OUT Rufus
OUT Strength: ??? Health: ???(Max ???) Speed: ???
OUT  Skill: 0 Personality: 47 Morale: 20
OUT Tarran 2
OUT Strength: ??? Health: ???(Max ???) Speed: ???
OUT  Skill: ??? Personality: 100 (??) Morale: 36 (???)
OUT 
OUT 
OUT Order:
OUT Rufus got a 12.
OUT Tarran 2 got a 6.
OUT 
OUT 
OUT [ (F)ight      Run      Commit ]
IN  'Run'
OUT You frantically run away in the first available direction...
OUT Rufus is hit while fleeing for 4 points!
OUT 
OUT 
OUT [ (hit Enter) ]    
IN  ''
OUT 
OUT 
OUT 
OUT 
OUT 
OUT 
OUT 
OUT 
OUT 
OUT 
OUT 
OUT 
OUT 
OUT 
OUT 
OUT 
OUT 
OUT 
OUT 
OUT 
OUT 
OUT 
OUT 
OUT 
OUT 
OUT 
OUT 
OUT 
OUT 
OUT 
OUT 
OUT 
OUT 
OUT 
OUT 
OUT 
OUT 
OUT 
OUT 
OUT 
OUT 
OUT 
OUT 
OUT 
OUT 
OUT 
OUT 
OUT 
OUT 
OUT 
OUT 
OUT 
OUT 
OUT 
OUT 
OUT 
OUT 
OUT 
OUT 
OUT 
OUT 
OUT 
OUT 
OUT 
OUT 
OUT 
OUT 
OUT 
OUT 
OUT 
OUT 
OUT 
OUT 
OUT 
OUT 
OUT 
OUT 
OUT 
OUT 
OUT 
OUT 
OUT 
OUT   ' '   
OUT ' . * ' 
OUT ' . '   
OUT ' ~ '   
OUT 
OUT There is no one here.
OUT 
OUT 
OUT 
OUT [  N  W  S  E          Greet (name)        Attack (name) ]
OUT [  More   Help   Quit                  Hit Enter to wait ]
IN  'attack'
OUT You are alone, Rufus!
OUT 
OUT 
OUT 
OUT 
OUT 
OUT [  N  W  S  E          Greet (name)        Attack (name) ]
OUT [  More   Help   Quit                  Hit Enter to wait ]
IN  'greet'
OUT You are alone, Rufus!
OUT 
OUT 
OUT 
OUT 
OUT 
OUT [  N  W  S  E          Greet (name)        Attack (name) ]
OUT [  More   Help   Quit                  Hit Enter to wait ]
IN  'More'
OUT [  Stats   Who   Remember   Write                        ]
IN  'N'
OUT 
OUT 
OUT 
OUT 
OUT 
OUT 
OUT 
OUT 
OUT 
OUT 
OUT 
OUT 
OUT 
OUT 
OUT 
OUT 
OUT 
OUT 
OUT 
OUT 
OUT 
OUT 
OUT 
OUT 
OUT 
OUT 
OUT 
OUT 
OUT 
OUT 
OUT 
OUT 
OUT 
OUT 
OUT 
OUT 
OUT 
OUT 
OUT 
OUT 
OUT 
OUT 
OUT 
OUT 
OUT 
OUT 
OUT 
OUT 
OUT 
OUT 
OUT 
OUT 
OUT 
OUT 
OUT 
OUT 
OUT 
OUT 
OUT 
OUT 
OUT 
OUT 
OUT 
OUT 
OUT 
OUT 
OUT 
OUT 
OUT 
OUT 
OUT 
OUT 
OUT 
OUT 
OUT 
OUT 
OUT 
OUT 
OUT 
OUT 
OUT 
OUT 
OUT     '   
OUT   ' * ' 
OUT ' . . ' 
OUT ' . '   
OUT ' ~ '   
OUT 
OUT ***
OUT You travel North...
OUT There is no one here.
OUT 
OUT 
OUT 
OUT [  N  W  S  E          Greet (name)        Attack (name) ]
OUT [  More   Help   Quit                  Hit Enter to wait ]
IN  'greet'
OUT You are alone, Rufus!
OUT 
OUT 
OUT 
OUT 
OUT 
OUT [  N  W  S  E          Greet (name)        Attack (name) ]
OUT [  More   Help   Quit                  Hit Enter to wait ]
IN  'N'
OUT 
OUT 
OUT 
OUT 
OUT 
OUT 
OUT 
OUT 
OUT 
OUT 
OUT 
OUT 
OUT 
OUT 
OUT 
OUT 
OUT 
OUT 
OUT 
OUT 
OUT 
OUT 
OUT 
OUT 
OUT 
OUT 
OUT 
OUT 
OUT 
OUT 
OUT 
OUT 
OUT 
OUT 
OUT 
OUT 
OUT 
OUT 
OUT 
OUT 
OUT 
OUT 
OUT 
OUT 
OUT 
OUT 
OUT 
OUT 
OUT 
OUT 
OUT 
OUT 
OUT 
OUT 
OUT 
OUT 
OUT 
OUT 
OUT 
OUT 
OUT 
OUT 
OUT 
OUT 
OUT 
OUT 
OUT 
OUT 
OUT 
OUT 
OUT 
OUT 
OUT 
OUT 
OUT 
OUT 
OUT 
OUT 
OUT 
OUT 
OUT 
OUT 
OUT     '   
OUT   ' * ' 
OUT   ' . ' 
OUT ' . . ' 
OUT ' . '   
OUT ' ~ '   
OUT 
OUT ***
OUT You travel North...
OUT There is no one here.
OUT 
OUT 
OUT 
OUT [  N  W  S  E          Greet (name)        Attack (name) ]
OUT [  More   Help   Quit                  Hit Enter to wait ]
IN  'attack'
OUT You are alone, Rufus!
OUT 
OUT 
OUT 
OUT 
OUT 
OUT [  N  W  S  E          Greet (name)        Attack (name) ]
OUT [  More   Help   Quit                  Hit Enter to wait ]
IN  'W'
OUT 
OUT 
OUT 
OUT 
OUT 
OUT 
OUT 
OUT 
OUT 
OUT 
OUT 
OUT 
OUT 
OUT 
OUT 
OUT 
OUT 
OUT 
OUT 
OUT 
OUT 
OUT 
OUT 
OUT 
OUT 
OUT 
OUT 
OUT 
OUT 
OUT 
OUT 
OUT 
OUT 
OUT 
OUT 
OUT 
OUT 
OUT 
OUT 
OUT 
OUT 
OUT 
OUT 
OUT 
OUT 
OUT 
OUT 
OUT 
OUT 
OUT 
OUT 
OUT 
OUT 
OUT 
OUT 
OUT 
OUT 
OUT 
OUT 
OUT 
OUT 
OUT 
OUT 
OUT 
OUT 
OUT 
OUT 
OUT 
OUT 
OUT 
OUT 
OUT 
OUT 
OUT 
OUT 
OUT 
OUT 
OUT 
OUT 
OUT 
OUT 
OUT 
OUT   ' '   
OUT ' * . ' 
OUT   ' . ' 
OUT ' . . ' 
OUT ' . '   
OUT ' ~ '   
OUT 
OUT ***
OUT You travel West...
OUT There is no one here.
OUT 
OUT 
OUT 
OUT [  N  W  S  E          Greet (name)        Attack (name) ]
OUT [  More   Help   Quit                  Hit Enter to wait ]
IN  'S'
OUT 
OUT 
OUT 
OUT 
OUT 
OUT 
OUT 
OUT 
OUT 
OUT 
OUT 
OUT 
OUT 
OUT 
OUT 
OUT 
OUT 
OUT 
OUT 
OUT 
OUT 
OUT 
OUT 
OUT 
OUT 
OUT 
OUT 
OUT 
OUT 
OUT 
OUT 
OUT 
OUT 
OUT 
OUT 
OUT 
OUT 
OUT 
OUT 
OUT 
OUT 
OUT 
OUT 
OUT 
OUT 
OUT 
OUT 
OUT 
OUT 
OUT 
OUT 
OUT 
OUT 
OUT 
OUT 
OUT 
OUT 
OUT 
OUT 
OUT 
OUT 
OUT 
OUT 
OUT 
OUT 
OUT 
OUT 
OUT 
OUT 
OUT 
OUT 
OUT 
OUT 
OUT 
OUT 
OUT 
OUT 
OUT 
OUT 
OUT 
OUT 
OUT 
OUT   ' '   
OUT ' . . ' 
OUT ' * . ' 
OUT ' . . ' 
OUT ' . '   
OUT ' ~ '   
OUT 
OUT ***
OUT You travel South...
OUT There is no one here.
OUT 
OUT 
OUT 
OUT [  N  W  S  E          Greet (name)        Attack (name) ]
OUT [  More   Help   Quit                  Hit Enter to wait ]
IN  'N'
OUT 
OUT 
OUT 
OUT 
OUT 
OUT 
OUT 
OUT 
OUT 
OUT 
OUT 
OUT 
OUT 
OUT 
OUT 
OUT 
OUT 
OUT 
OUT 
OUT 
OUT 
OUT 
OUT 
OUT 
OUT 
OUT 
OUT 
OUT 
OUT 
OUT 
OUT 
OUT 
OUT 
OUT 
OUT 
OUT 
OUT 
OUT 
OUT 
OUT 
OUT 
OUT 
OUT 
OUT 
OUT 
OUT 
OUT 
OUT 
OUT 
OUT 
OUT 
OUT 
OUT 
OUT 
OUT 
OUT 
OUT 
OUT 
OUT 
OUT 
OUT 
OUT 
OUT 
OUT 
OUT 
OUT 
OUT 
OUT 
OUT 
OUT 
OUT 
OUT 
OUT 
OUT 
OUT 
OUT 
OUT 
OUT 
OUT 
OUT 
OUT 
OUT 
OUT   ' '   
OUT ' * . ' 
OUT ' . . ' 
OUT ' . . ' 
OUT ' . '   
OUT ' ~ '   
OUT 
OUT ***
OUT You travel North...
OUT There is a stranger here.
OUT 
OUT 
OUT 
OUT 
OUT 
OUT [  N  W  S  E          Greet (name)        Attack (name) ]
OUT [  More   Help   Quit                  Hit Enter to wait ]
IN  'attack'
OUT The stranger growls and rushes to meet you in battle!
OUT 
OUT 
OUT [ (hit Enter) ]    
IN  ''
OUT 
OUT 
OUT 
OUT 
OUT 
OUT 
OUT 
OUT 
OUT 
OUT 
OUT  
OUT 
OUT 
OUT 
OUT 
OUT 
OUT 
OUT 
OUT 
OUT 
OUT  
OUT 
OUT 
OUT 
OUT 
OUT 
OUT 
OUT 
OUT 
OUT 
OUT  
OUT 
OUT 
OUT 
OUT 
OUT 
OUT 
OUT 
OUT 
OUT 
OUT  
OUT 
OUT 
OUT 
OUT 
OUT 
OUT 
OUT 
OUT 
OUT 
OUT 
OUT BATTLE
OUT **************************************************
OUT 
OUT 
OUT Rufus
OUT Strength: ??? Health: 7 (?)(Max 30 (?)) Speed: 8 (???)
OUT  Skill: 0 Personality: 47 Morale: 20
OUT Xavier 2
OUT Strength: ??? Health: ???(Max ???) Speed: ???
OUT  Skill: ??? Personality: ??? Morale: ???
OUT 
OUT 
OUT Order:
OUT Rufus got a 10.
OUT Xavier 2 got a 13.
OUT Xavier 2 hits Rufus for 2 points!
OUT 
OUT 
OUT [ (F)ight      Run      Commit ]
IN  'Commit'
OUT Rufus hits Xavier 2 for 3 points!
OUT Xavier 2 hits Rufus for 3 points!
OUT Rufus swings at Xavier 2, but misses!
OUT Rufus hits Xavier 2 for 6 points!
OUT Xavier 2 swings at Rufus, but misses!
OUT Rufus hits Xavier 2 for 2 points!
OUT Xavier 2 swings at Rufus, but misses!
OUT Rufus hits Xavier 2 for 5 points!
OUT Xavier 2 hits Rufus for 5 points!
OUT Rufus hits Xavier 2 for 7 points!
OUT Simultaneously...
OUT Xavier 2 swings at Rufus, but misses!
OUT Xavier 2 hits Rufus for 5 points!
OUT Rufus hits Xavier 2 for 9 points!
OUT 
OUT 
OUT [ (hit Enter) ]    
IN  ''
OUT The battle is over!
OUT Rufus has slain Xavier 2!
OUT Xavier 2 lies dead here.
OUT No others here live.
OUT 
OUT 
OUT 
OUT 
OUT 
OUT [  N  W  S  E          Greet (name)        Attack (name) ]
OUT [  Bury  Loot                                            ]
OUT [  More   Help   Quit                  Hit Enter to wait ]
IN  'More'
OUT [  Stats   Who   Remember   Write                        ]
IN  'E'
OUT 
OUT 
OUT 
OUT 
OUT 
OUT 
OUT 
OUT 
OUT 
OUT 
OUT 
OUT 
OUT 
OUT 
OUT 
OUT 
OUT 
OUT 
OUT 
OUT 
OUT 
OUT 
OUT 
OUT 
OUT 
OUT 
OUT 
OUT 
OUT 
OUT 
OUT 
OUT 
OUT 
OUT 
OUT 
OUT 
OUT 
OUT 
OUT 
OUT 
OUT 
OUT 
OUT 
OUT 
OUT 
OUT 
OUT 
OUT 
OUT 
OUT 
OUT 
OUT 
OUT 
OUT 
OUT 
OUT 
OUT 
OUT 
OUT 
OUT 
OUT 
OUT 
OUT 
OUT 
OUT 
OUT 
OUT 
OUT 
OUT 
OUT 
OUT 
OUT 
OUT 
OUT 
OUT 
OUT 
OUT 
OUT 
OUT 
OUT 
OUT 
OUT 
OUT   ' '   
OUT ' . * ' 
OUT ' . . ' 
OUT ' . . ' 
OUT ' . '   
OUT ' ~ '   
OUT 
OUT ***
OUT You travel East...
OUT There is no one here.
OUT 
OUT 
OUT 
OUT [  N  W  S  E          Greet (name)        Attack (name) ]
OUT [  More   Help   Quit                  Hit Enter to wait ]
IN  'W'
OUT 
OUT 
OUT 
OUT 
OUT 
OUT 
OUT 
OUT 
OUT 
OUT 
OUT 
OUT 
OUT 
OUT 
OUT 
OUT 
OUT 
OUT 
OUT 
OUT 
OUT 
OUT 
OUT 
OUT 
OUT 
OUT 
OUT 
OUT 
OUT 
OUT 
OUT 
OUT 
OUT 
OUT 
OUT 
OUT 
OUT 
OUT 
OUT 
OUT 
OUT 
OUT 
OUT 
OUT 
OUT 
OUT 
OUT 
OUT 
OUT 
OUT 
OUT 
OUT 
OUT 
OUT 
OUT 
OUT 
OUT 
OUT 
OUT 
OUT 
OUT 
OUT 
OUT 
OUT 
OUT 
OUT 
OUT 
OUT 
OUT 
OUT 
OUT 
OUT 
OUT 
OUT 
OUT 
OUT 
OUT 
OUT 
OUT 
OUT 
OUT 
OUT 
OUT   ' '   
OUT ' * . ' 
OUT ' . . ' 
OUT ' . . ' 
OUT ' . '   
OUT ' ~ '   
OUT 
OUT ***
OUT You travel West...
OUT Xavier 2 lies dead here.
OUT There is a stranger here.
OUT 
OUT 
OUT 
OUT 
OUT 
OUT [  N  W  S  E          Greet (name)        Attack (name) ]
OUT [  Bury  Loot                                            ]
OUT [  More   Help   Quit                  Hit Enter to wait ]
IN  'greet'
OUT 
OUT 
OUT This man's name is Eric.
OUT 
OUT Eric: "Good health, Rufus, my friend!" 
OUT 
OUT 
OUT 
OUT 
OUT 
OUT [ Join         Teach         Fight               Leave   ]
OUT [           Joke                                         ]
IN  'Join'
OUT 
OUT Eric: "We will hence fight as one, and be merry companions!"
OUT Rufus: "Hey, we formed a new gang!"
OUT 
OUT 
OUT [ (hit Enter) ]    
IN  ''
OUT Now the question of leadership...
OUT Eric:  "Who should be leader?"
OUT 
OUT 
OUT 
OUT 
OUT 
OUT [ You   Me ]
IN  'You'
OUT Eric:  "Rufus, I am honored!
OUT 
OUT 
OUT 
OUT 
OUT 
OUT [  N  W  S  E          Greet (name)        Attack (name) ]
OUT [  Bury  Loot                                            ]
OUT [  More   Help   Quit                  Hit Enter to wait ]
IN  'S'
OUT Are you sure you want to abandon Eric?
OUT 
OUT [ Y / N ]
IN  'Y'
OUT You try to slip away unnoticed...
OUT 
OUT 
OUT [ (hit Enter) ]    
IN  ''
OUT 
OUT 
OUT 
OUT 
OUT 
OUT 
OUT 
OUT 
OUT 
OUT 
OUT 
OUT 
OUT 
OUT 
OUT 
OUT 
OUT 
OUT 
OUT 
OUT 
OUT 
OUT 
OUT 
OUT 
OUT 
OUT 
OUT 
OUT 
OUT 
OUT 
OUT 
OUT 
OUT 
OUT 
OUT 
OUT 
OUT 
OUT 
OUT 
OUT 
OUT 
OUT 
OUT 
OUT 
OUT 
OUT 
OUT 
OUT 
OUT 
OUT 
OUT 
OUT 
OUT 
OUT 
OUT 
OUT 
OUT 
OUT 
OUT 
OUT 
OUT 
OUT 
OUT 
OUT 
OUT 
OUT 
OUT 
OUT 
OUT 
OUT 
OUT 
OUT 
OUT 
OUT 
OUT 
OUT 
OUT 
OUT 
OUT 
OUT 
OUT 
OUT 
OUT   ' '   
OUT ' . . ' 
OUT ' * . ' 
OUT ' . . ' 
OUT ' . '   
OUT ' ~ '   
OUT 
OUT ***
OUT You travel South...
OUT There is no one here.
OUT 
OUT 
OUT 
OUT [  N  W  S  E          Greet (name)        Attack (name) ]
OUT [  More   Help   Quit                  Hit Enter to wait ]
IN  'More'
OUT [  Stats   Who   Remember   Write                        ]
IN  'Remember'
OUT Whom do you want to think about?
IN  'stranger'
OUT Hmmmm....   no, you don't recall ever meeting someone named stranger.
OUT 
OUT 
OUT 
OUT 
OUT 
OUT [  N  W  S  E          Greet (name)        Attack (name) ]
OUT [  More   Help   Quit                  Hit Enter to wait ]
IN  'stranger'
OUT 
OUT 
OUT 
OUT 
OUT 
OUT [  N  W  S  E          Greet (name)        Attack (name) ]
OUT [  More   Help   Quit                  Hit Enter to wait ]
IN  'W'
OUT 
OUT 
OUT 
OUT 
OUT 
OUT 
OUT 
OUT 
OUT 
OUT 
OUT 
OUT 
OUT 
OUT 
OUT 
OUT 
OUT 
OUT 
OUT 
OUT 
OUT 
OUT 
OUT 
OUT 
OUT 
OUT 
OUT 
OUT 
OUT 
OUT 
OUT 
OUT 
OUT 
OUT 
OUT 
OUT 
OUT 
OUT 
OUT 
OUT 
OUT 
OUT 
OUT 
OUT 
OUT 
OUT 
OUT 
OUT 
OUT 
OUT 
OUT 
OUT 
OUT 
OUT 
OUT 
OUT 
OUT 
OUT 
OUT 
OUT 
OUT 
OUT 
OUT 
OUT 
OUT 
OUT 
OUT 
OUT 
OUT 
OUT 
OUT 
OUT 
OUT 
OUT 
OUT 
OUT 
OUT 
OUT 
OUT 
OUT 
OUT 
OUT 
OUT     ' '   
OUT   ' . . ' 
OUT ' * . . ' 
OUT   ' . . ' 
OUT   ' . '   
OUT   ' ~ '   
OUT 
OUT ***
OUT You travel West...
OUT ************
OUT There is a longhouse here made of stones, huge branches and animal skins. Heads 
OUT of fearsome animals are planted on stakes nearby, and bones of all sizes litter 
OUT the ground. Smoke billows invitingly from a space in the roof. 
OUT There is a stranger here.
OUT A stranger goes into the house...
OUT 
OUT 
OUT 
OUT 
OUT 
OUT [  Go Inside                                             ]
OUT [  N  W  S  E          Greet (name)        Attack (name) ]
OUT [  More   Help   Quit                  Hit Enter to wait ]
IN  'Go Inside'
OUT You lift up a deerhide and stoop into the warm, smoky darkness. It smells good 
OUT in here... 
OUT 
OUT 
OUT [ (hit Enter) ]    
IN  ''
OUT 
OUT 
OUT 
OUT 
OUT 
OUT 
OUT 
OUT 
OUT 
OUT 
OUT 
OUT 
OUT 
OUT 
OUT 
OUT 
OUT 
OUT 
OUT 
OUT 
OUT 
OUT 
OUT 
OUT 
OUT 
OUT 
OUT 
OUT 
OUT 
OUT 
OUT 
OUT 
OUT 
OUT 
OUT 
OUT 
OUT 
OUT 
OUT 
OUT 
OUT 
OUT 
OUT *******************
OUT There are writings smeared and scratched on one of the walls. Farther into the 
OUT house, there is a table with benches and a large barrel. Farther still, you see 
OUT the fire smoking, and a colossal person, built like a stone wall, is busy at 
OUT crafts in a kind of workshop. 
OUT There is a stranger here.
OUT Drinks are imbibed and empty mugs are slammed on the table!
OUT "YAR! WASSAIL!"
OUT 
OUT [ Read         Table         Gregor       Toast (name)      Leave]
IN  'Leave'
OUT 
OUT 
OUT [ (hit Enter) ]    
IN  'Table'
OUT 
OUT 
OUT 
OUT 
OUT 
OUT 
OUT 
OUT 
OUT 
OUT 
OUT 
OUT 
OUT 
OUT 
OUT 
OUT 
OUT 
OUT 
OUT 
OUT 
OUT 
OUT 
OUT 
OUT 
OUT 
OUT 
OUT 
OUT 
OUT 
OUT 
OUT 
OUT 
OUT 
OUT 
OUT 
OUT 
OUT 
OUT 
OUT 
OUT 
OUT 
OUT 
OUT 
OUT 
OUT 
OUT 
OUT 
OUT 
OUT 
OUT 
OUT 
OUT 
OUT 
OUT 
OUT 
OUT 
OUT 
OUT 
OUT 
OUT 
OUT 
OUT 
OUT 
OUT 
OUT 
OUT 
OUT 
OUT 
OUT 
OUT 
OUT 
OUT 
OUT 
OUT 
OUT 
OUT 
OUT 
OUT 
OUT 
OUT 
OUT 
OUT 
OUT 
OUT 
OUT 
OUT 
OUT 
OUT 
OUT 
OUT 
OUT 
OUT 
OUT 
OUT 
OUT 
OUT 
OUT 
OUT 
OUT 
OUT 
OUT 
OUT 
OUT 
OUT 
OUT 
OUT 
OUT 
OUT 
OUT 
OUT 
OUT 
OUT 
OUT 
OUT 
OUT 
OUT 
OUT 
OUT 
OUT 
OUT 
OUT 
OUT 
OUT 
OUT 
OUT     ' '   
OUT   ' . . ' 
OUT ' * . . ' 
OUT   ' . . ' 
OUT   ' . '   
OUT   ' ~ '   
OUT 
OUT ************
OUT There is a longhouse here made of stones, huge branches and animal skins. Heads 
OUT of fearsome animals are planted on stakes nearby, and bones of all sizes litter 
OUT the ground. Smoke billows invitingly from a space in the roof. 
OUT There is no one here.
OUT 
OUT 
OUT 
OUT [  Go Inside                                             ]
OUT [  N  W  S  E          Greet (name)        Attack (name) ]
OUT [  More   Help   Quit                  Hit Enter to wait ]
IN  'W'
OUT 
OUT 
OUT 
OUT 
OUT 
OUT 
OUT 
OUT 
OUT 
OUT 
OUT 
OUT 
OUT 
OUT 
OUT 
OUT 
OUT 
OUT 
OUT 
OUT 
OUT 
OUT 
OUT 
OUT 
OUT 
OUT 
OUT 
OUT 
OUT 
OUT 
OUT 
OUT 
OUT 
OUT 
OUT 
OUT 
OUT 
OUT 
OUT 
OUT 
OUT 
OUT 
OUT 
OUT 
OUT 
OUT 
OUT 
OUT 
OUT 
OUT 
OUT 
OUT 
OUT 
OUT 
OUT 
OUT 
OUT 
OUT 
OUT 
OUT 
OUT 
OUT 
OUT 
OUT 
OUT 
OUT 
OUT 
OUT 
OUT 
OUT 
OUT 
OUT 
OUT 
OUT 
OUT 
OUT 
OUT 
OUT 
OUT 
OUT 
OUT 
OUT 
OUT       ' '   
OUT   ' ' . . ' 
OUT ' * g . . ' 
OUT   ' ' . . ' 
OUT     ' . '   
OUT     ' ~ '   
OUT 
OUT ***
OUT You travel West...
OUT There is a cat here.
OUT There are 2 strangers here.
OUT 
OUT 
OUT This man's name is Orson.
OUT Orson is in a gang with Winston.
OUT 
OUT Orson: "Let's team up, eh?"
OUT 
OUT 
OUT 
OUT 
OUT 
OUT [ Y / N ]
IN  'Y'
OUT 
OUT Orson: "Now we just have to ask the gang..."
OUT "Any opposed?"
OUT Winston: "Welcome!" 
OUT None opposed! Rufus joins the gang!
OUT 
OUT 
OUT 
OUT 
OUT 
OUT [  N  W  S  E          Greet (name)        Attack (name) ]
OUT [  More   Help   Quit                  Hit Enter to wait ]
IN  'W'
OUT Are you sure you want to abandon the gang?
OUT 
OUT [ Y / N ]
IN  'Y'
OUT You try to slip away unnoticed...
OUT 
OUT 
OUT [ (hit Enter) ]    
IN  ''
OUT 
OUT 
OUT 
OUT 
OUT 
OUT 
OUT 
OUT 
OUT 
OUT 
OUT 
OUT 
OUT 
OUT 
OUT 
OUT 
OUT 
OUT 
OUT 
OUT 
OUT 
OUT 
OUT 
OUT 
OUT 
OUT 
OUT 
OUT 
OUT 
OUT 
OUT 
OUT 
OUT 
OUT 
OUT 
OUT 
OUT 
OUT 
OUT 
OUT 
OUT 
OUT 
OUT 
OUT 
OUT 
OUT 
OUT 
OUT 
OUT 
OUT 
OUT 
OUT 
OUT 
OUT 
OUT 
OUT 
OUT 
OUT 
OUT 
OUT 
OUT 
OUT 
OUT 
OUT 
OUT 
OUT 
OUT 
OUT 
OUT 
OUT 
OUT 
OUT 
OUT 
OUT 
OUT 
OUT 
OUT 
OUT 
OUT 
OUT 
OUT 
OUT 
OUT         ' '   
OUT   ' ' ' . . ' 
OUT ' * . g . . ' 
OUT   ' ' ' . . ' 
OUT       ' . '   
OUT       ' ~ '   
OUT 
OUT ***
OUT You travel West...
OUT There is no one here.
OUT 
OUT 
OUT 
OUT [  N  W  S  E          Greet (name)        Attack (name) ]
OUT [  More   Help   Quit                  Hit Enter to wait ]
IN  'E'
OUT 
OUT 
OUT 
OUT 
OUT 
OUT 
OUT 
OUT 
OUT 
OUT 
OUT 
OUT 
OUT 
OUT 
OUT 
OUT 
OUT 
OUT 
OUT 
OUT 
OUT 
OUT 
OUT 
OUT 
OUT 
OUT 
OUT 
OUT 
OUT 
OUT 
OUT 
OUT 
OUT 
OUT 
OUT 
OUT 
OUT 
OUT 
OUT 
OUT 
OUT 
OUT 
OUT 
OUT 
OUT 
OUT 
OUT 
OUT 
OUT 
OUT 
OUT 
OUT 
OUT 
OUT 
OUT 
OUT 
OUT 
OUT 
OUT 
OUT 
OUT 
OUT 
OUT 
OUT 
OUT 
OUT 
OUT 
OUT 
OUT 
OUT 
OUT 
OUT 
OUT 
OUT 
OUT 
OUT 
OUT 
OUT 
OUT 
OUT 
OUT 
OUT 
OUT         ' '   
OUT   ' ' ' . . ' 
OUT ' . * g . . ' 
OUT   ' ' ' . . ' 
OUT       ' . '   
OUT       ' ~ '   
OUT 
OUT ***
OUT You travel East...
OUT Winston is here.
OUT Orson is here.
OUT There is a cat here.
OUT You hear laughter to the North...
OUT 
OUT 
OUT 
OUT 
OUT 
OUT [  N  W  S  E          Greet (name)        Attack (name) ]
OUT [  More   Help   Quit                  Hit Enter to wait ]
IN  'N'
OUT 
OUT 
OUT 
OUT 
OUT 
OUT 
OUT 
OUT 
OUT 
OUT 
OUT 
OUT 
OUT 
OUT 
OUT 
OUT 
OUT 
OUT 
OUT 
OUT 
OUT 
OUT 
OUT 
OUT 
OUT 
OUT 
OUT 
OUT 
OUT 
OUT 
OUT 
OUT 
OUT 
OUT 
OUT 
OUT 
OUT 
OUT 
OUT 
OUT 
OUT 
OUT 
OUT 
OUT 
OUT 
OUT 
OUT 
OUT 
OUT 
OUT 
OUT 
OUT 
OUT 
OUT 
OUT 
OUT 
OUT 
OUT 
OUT 
OUT 
OUT 
OUT 
OUT 
OUT 
OUT 
OUT 
OUT 
OUT 
OUT 
OUT 
OUT 
OUT 
OUT 
OUT 
OUT 
OUT 
OUT 
OUT 
OUT 
OUT 
OUT 
OUT 
OUT     '   ' '   
OUT   ' * ' . . ' 
OUT ' . . g . . ' 
OUT   ' ' ' . . ' 
OUT       ' . '   
OUT       ' ~ '   
OUT 
OUT ***
OUT You travel North...
OUT There are 2 strangers here.
OUT 
OUT 
OUT This man's name is Macgreg.
OUT Macgreg is in a gang with Ogden.
OUT Macgreg: "Grrrrrrrr...  "
OUT 
OUT 
OUT [ (D)rop it     (F)ight ]
IN  'D'
OUT "Watch your step, louse!"
OUT 
OUT 
OUT 
OUT 
OUT 
OUT [  N  W  S  E          Greet (name)        Attack (name) ]
OUT [  More   Help   Quit                  Hit Enter to wait ]
IN  'N'
OUT 
OUT 
OUT 
OUT 
OUT 
OUT 
OUT 
OUT 
OUT 
OUT 
OUT 
OUT 
OUT 
OUT 
OUT 
OUT 
OUT 
OUT 
OUT 
OUT 
OUT 
OUT 
OUT 
OUT 
OUT 
OUT 
OUT 
OUT 
OUT 
OUT 
OUT 
OUT 
OUT 
OUT 
OUT 
OUT 
OUT 
OUT 
OUT 
OUT 
OUT 
OUT 
OUT 
OUT 
OUT 
OUT 
OUT 
OUT 
OUT 
OUT 
OUT 
OUT 
OUT 
OUT 
OUT 
OUT 
OUT 
OUT 
OUT 
OUT 
OUT 
OUT 
OUT 
OUT 
OUT 
OUT 
OUT 
OUT 
OUT 
OUT 
OUT 
OUT 
OUT 
OUT 
OUT 
OUT 
OUT 
OUT 
OUT 
OUT 
OUT 
OUT 
OUT     '         
OUT   ' * ' ' '   
OUT   ' . ' . . ' 
OUT ' . . g . . ' 
OUT   ' ' ' . . ' 
OUT       ' . '   
OUT       ' ~ '   
OUT 
OUT ***
OUT You travel North...
OUT There is no one here.
OUT 
OUT 
OUT 
OUT [  N  W  S  E          Greet (name)        Attack (name) ]
OUT [  More   Help   Quit                  Hit Enter to wait ]
IN  'S'
OUT 
OUT 
OUT 
OUT 
OUT 
OUT 
OUT 
OUT 
OUT 
OUT 
OUT 
OUT 
OUT 
OUT 
OUT 
OUT 
OUT 
OUT 
OUT 
OUT 
OUT 
OUT 
OUT 
OUT 
OUT 
OUT 
OUT 
OUT 
OUT 
OUT 
OUT 
OUT 
OUT 
OUT 
OUT 
OUT 
OUT 
OUT 
OUT 
OUT 
OUT 
OUT 
OUT 
OUT 
OUT 
OUT 
OUT 
OUT 
OUT 
OUT 
OUT 
OUT 
OUT 
OUT 
OUT 
OUT 
OUT 
OUT 
OUT 
OUT 
OUT 
OUT 
OUT 
OUT 
OUT 
OUT 
OUT 
OUT 
OUT 
OUT 
OUT 
OUT 
OUT 
OUT 
OUT 
OUT 
OUT 
OUT 
OUT 
OUT 
OUT 
OUT 
OUT     '         
OUT   ' . ' ' '   
OUT   ' * ' . . ' 
OUT ' . . g . . ' 
OUT   ' ' ' . . ' 
OUT       ' . '   
OUT       ' ~ '   
OUT 
OUT ***
OUT You travel South...
OUT Macgreg is here.
OUT Ogden is here.
OUT 
OUT 
OUT Macgreg growls at you!
OUT RRAAR!  GRAGHGAAAAR!  YAAAAAR!
OUT 
OUT 
OUT [ (hit Enter) ]    
IN  ''
OUT 
OUT 
OUT 
OUT 
OUT 
OUT 
OUT 
OUT 
OUT 
OUT 
OUT  
OUT 
OUT 
OUT 
OUT 
OUT 
OUT 
OUT 
OUT 
OUT 
OUT  
OUT 
OUT 
OUT 
OUT 
OUT 
OUT 
OUT 
OUT 
OUT 
OUT  
OUT 
OUT 
OUT 
OUT 
OUT 
OUT 
OUT 
OUT 
OUT 
OUT  
OUT 
OUT 
OUT 
OUT 
OUT 
OUT 
OUT 
OUT 
OUT 
OUT 
OUT BATTLE
OUT **************************************************
OUT 
OUT 
OUT          Ogden               Rufus     
OUT     Macgreg                            
OUT 
OUT 
OUT [ (A)ttack (name or letter)    (S)hield (name or letter)    Run ]
IN  'S'
OUT 
OUT 
OUT [ (A)ttack (name or letter)    (S)hield (name or letter)    Run ]
IN  'S'
OUT 
OUT 
OUT [ (A)ttack (name or letter)    (S)hield (name or letter)    Run ]
IN  'S'
OUT 
OUT 
OUT [ (A)ttack (name or letter)    (S)hield (name or letter)    Run ]
IN  'Run'
OUT Your eyes dart in search of an escape route...
OUT 
OUT 
OUT 
OUT 
OUT 
OUT 
OUT 
OUT 
OUT 
OUT 
OUT  
OUT 
OUT 
OUT 
OUT 
OUT 
OUT 
OUT 
OUT 
OUT 
OUT  
OUT 
OUT 
OUT 
OUT 
OUT 
OUT 
OUT 
OUT 
OUT 
OUT  
OUT 
OUT 
OUT 
OUT 
OUT 
OUT 
OUT 
OUT 
OUT 
OUT  
OUT 
OUT 
OUT 
OUT 
OUT 
OUT 
OUT 
OUT 
OUT 
OUT 
OUT BATTLE
OUT **************************************************
OUT 
OUT 
OUT       Ogden                            
OUT      Macgreg                           
OUT Rufus looks for a way out!
OUT 10  Now's your chance to make a break for it!
OUT 5  Ogden swings at Rufus, who is just out of reach!
OUT 5  Macgreg swings at Rufus, who is just out of reach!
OUT 
OUT 
OUT [ (hit Enter) ]    
IN  ''
OUT 
OUT 
OUT 
OUT 
OUT 
OUT 
OUT 
OUT 
OUT 
OUT 
OUT 
OUT 
OUT 
OUT 
OUT 
OUT 
OUT 
OUT 
OUT 
OUT 
OUT 
OUT 
OUT 
OUT 
OUT 
OUT 
OUT 
OUT 
OUT 
OUT 
OUT 
OUT 
OUT 
OUT 
OUT 
OUT 
OUT 
OUT 
OUT 
OUT 
OUT 
OUT 
OUT 
OUT 
OUT 
OUT 
OUT 
OUT 
OUT 
OUT 
OUT 
OUT 
OUT 
OUT 
OUT 
OUT 
OUT 
OUT 
OUT 
OUT 
OUT 
OUT 
OUT 
OUT 
OUT 
OUT 
OUT 
OUT 
OUT 
OUT 
OUT 
OUT 
OUT 
OUT 
OUT 
OUT 
OUT 
OUT 
OUT 
OUT 
OUT 
OUT 
OUT     '         
OUT   ' . ' ' '   
OUT   ' . * . . ' 
OUT ' . . g . . ' 
OUT   ' ' ' . . ' 
OUT       ' . '   
OUT       ' ~ '   
OUT 
OUT There is no one here.
OUT 
OUT 
OUT 
OUT [  N  W  S  E          Greet (name)        Attack (name) ]
OUT [  More   Help   Quit                  Hit Enter to wait ]
IN  'N'
OUT 
OUT 
OUT 
OUT 
OUT 
OUT 
OUT 
OUT 
OUT 
OUT 
OUT 
OUT 
OUT 
OUT 
OUT 
OUT 
OUT 
OUT 
OUT 
OUT 
OUT 
OUT 
OUT 
OUT 
OUT 
OUT 
OUT 
OUT 
OUT 
OUT 
OUT 
OUT 
OUT 
OUT 
OUT 
OUT 
OUT 
OUT 
OUT 
OUT 
OUT 
OUT 
OUT 
OUT 
OUT 
OUT 
OUT 
OUT 
OUT 
OUT 
OUT 
OUT 
OUT 
OUT 
OUT 
OUT 
OUT 
OUT 
OUT 
OUT 
OUT 
OUT 
OUT 
OUT 
OUT 
OUT 
OUT 
OUT 
OUT 
OUT 
OUT 
OUT 
OUT 
OUT 
OUT 
OUT 
OUT 
OUT 
OUT 
OUT 
OUT 
OUT 
OUT     ' '       
OUT   ' . * ' '   
OUT   ' . . . . ' 
OUT ' . . g . . ' 
OUT   ' ' ' . . ' 
OUT       ' . '   
OUT       ' ~ '   
OUT 
OUT ***
OUT You travel North...
OUT There is a cat here.
OUT 
OUT 
OUT 
OUT 
OUT 
OUT [  N  W  S  E          Greet (name)        Attack (name) ]
OUT [  More   Help   Quit                  Hit Enter to wait ]
IN  'More'
OUT [  Stats   Who   Remember   Write                        ]
IN  'Remember'
OUT Whom do you want to think about?
IN  'stranger'
OUT Hmmmm....   no, you don't recall ever meeting someone named stranger.
OUT 
OUT 
OUT 
OUT 
OUT 
OUT [  N  W  S  E          Greet (name)        Attack (name) ]
OUT [  More   Help   Quit                  Hit Enter to wait ]
IN  'stranger'
OUT 
OUT 
OUT 
OUT 
OUT 
OUT [  N  W  S  E          Greet (name)        Attack (name) ]
OUT [  More   Help   Quit                  Hit Enter to wait ]
IN  'N'
OUT 
OUT 
OUT 
OUT 
OUT 
OUT 
OUT 
OUT 
OUT 
OUT 
OUT 
OUT 
OUT 
OUT 
OUT 
OUT 
OUT 
OUT 
OUT 
OUT 
OUT 
OUT 
OUT 
OUT 
OUT 
OUT 
OUT 
OUT 
OUT 
OUT 
OUT 
OUT 
OUT 
OUT 
OUT 
OUT 
OUT 
OUT 
OUT 
OUT 
OUT 
OUT 
OUT 
OUT 
OUT 
OUT 
OUT 
OUT 
OUT 
OUT 
OUT 
OUT 
OUT 
OUT 
OUT 
OUT 
OUT 
OUT 
OUT 
OUT 
OUT 
OUT 
OUT 
OUT 
OUT 
OUT 
OUT 
OUT 
OUT 
OUT 
OUT 
OUT 
OUT 
OUT 
OUT 
OUT 
OUT 
OUT 
OUT 
OUT 
OUT 
OUT 
OUT       '       
OUT     ' * '     
OUT   ' . . ' '   
OUT   ' . . . . ' 
OUT ' . . g . . ' 
OUT   ' ' ' . . ' 
OUT       ' . '   
OUT       ' ~ '   
OUT 
OUT ***
OUT You travel North...
OUT Someone you don't recognize lies dead here.
OUT No others here live.
OUT 
OUT 
OUT 
OUT 
OUT 
OUT [  N  W  S  E          Greet (name)        Attack (name) ]
OUT [  Bury  Loot                                            ]
OUT [  More   Help   Quit                  Hit Enter to wait ]
IN  'E'
OUT 
OUT 
OUT 
OUT 
OUT 
OUT 
OUT 
OUT 
OUT 
OUT 
OUT 
OUT 
OUT 
OUT 
OUT 
OUT 
OUT 
OUT 
OUT 
OUT 
OUT 
OUT 
OUT 
OUT 
OUT 
OUT 
OUT 
OUT 
OUT 
OUT 
OUT 
OUT 
OUT 
OUT 
OUT 
OUT 
OUT 
OUT 
OUT 
OUT 
OUT 
OUT 
OUT 
OUT 
OUT 
OUT 
OUT 
OUT 
OUT 
OUT 
OUT 
OUT 
OUT 
OUT 
OUT 
OUT 
OUT 
OUT 
OUT 
OUT 
OUT 
OUT 
OUT 
OUT 
OUT 
OUT 
OUT 
OUT 
OUT 
OUT 
OUT 
OUT 
OUT 
OUT 
OUT 
OUT 
OUT 
OUT 
OUT 
OUT 
OUT 
OUT 
OUT       ' '     
OUT     ' . * '   
OUT   ' . . ' '   
OUT   ' . . . . ' 
OUT ' . . g . . ' 
OUT   ' ' ' . . ' 
OUT       ' . '   
OUT       ' ~ '   
OUT 
OUT ***
OUT You travel East...
OUT There is no one here.
OUT 
OUT 
OUT 
OUT [  N  W  S  E          Greet (name)        Attack (name) ]
OUT [  More   Help   Quit                  Hit Enter to wait ]
IN  'S'
OUT 
OUT 
OUT 
OUT 
OUT 
OUT 
OUT 
OUT 
OUT 
OUT 
OUT 
OUT 
OUT 
OUT 
OUT 
OUT 
OUT 
OUT 
OUT 
OUT 
OUT 
OUT 
OUT 
OUT 
OUT 
OUT 
OUT 
OUT 
OUT 
OUT 
OUT 
OUT 
OUT 
OUT 
OUT 
OUT 
OUT 
OUT 
OUT 
OUT 
OUT 
OUT 
OUT 
OUT 
OUT 
OUT 
OUT 
OUT 
OUT 
OUT 
OUT 
OUT 
OUT 
OUT 
OUT 
OUT 
OUT 
OUT 
OUT 
OUT 
OUT 
OUT 
OUT 
OUT 
OUT 
OUT 
OUT 
OUT 
OUT 
OUT 
OUT 
OUT 
OUT 
OUT 
OUT 
OUT 
OUT 
OUT 
OUT 
OUT 
OUT 
OUT 
OUT       ' '     
OUT     ' . . '   
OUT   ' . . * '   
OUT   ' . . . . ' 
OUT ' . . g . . ' 
OUT   ' ' ' . . ' 
OUT       ' . '   
OUT       ' ~ '   
OUT 
OUT ***
OUT You travel South...
OUT There is no one here.
OUT 
OUT 
OUT 
OUT [  N  W  S  E          Greet (name)        Attack (name) ]
OUT [  More   Help   Quit                  Hit Enter to wait ]
IN  'S'
OUT 
OUT 
OUT 
OUT 
OUT 
OUT 
OUT 
OUT 
OUT 
OUT 
OUT 
OUT 
OUT 
OUT 
OUT 
OUT 
OUT 
OUT 
OUT 
OUT 
OUT 
OUT 
OUT 
OUT 
OUT 
OUT 
OUT 
OUT 
OUT 
OUT 
OUT 
OUT 
OUT 
OUT 
OUT 
OUT 
OUT 
OUT 
OUT 
OUT 
OUT 
OUT 
OUT 
OUT 
OUT 
OUT 
OUT 
OUT 
OUT 
OUT 
OUT 
OUT 
OUT 
OUT 
OUT 
OUT 
OUT 
OUT 
OUT 
OUT 
OUT 
OUT 
OUT 
OUT 
OUT 
OUT 
OUT 
OUT 
OUT 
OUT 
OUT 
OUT 
OUT 
OUT 
OUT 
OUT 
OUT 
OUT 
OUT 
OUT 
OUT 
OUT 
OUT       ' '     
OUT     ' . . '   
OUT   ' . . . '   
OUT   ' . . * . ' 
OUT ' . . g . . ' 
OUT   ' ' ' . . ' 
OUT       ' . '   
OUT       ' ~ '   
OUT 
OUT ***
OUT You travel South...
OUT There is no one here.
OUT 
OUT 
OUT 
OUT [  N  W  S  E          Greet (name)        Attack (name) ]
OUT [  More   Help   Quit                  Hit Enter to wait ]
IN  'greet'
OUT You are alone, Rufus!
OUT 
OUT 
OUT 
OUT 
OUT 
OUT [  N  W  S  E          Greet (name)        Attack (name) ]
OUT [  More   Help   Quit                  Hit Enter to wait ]
IN  'More'
OUT [  Stats   Who   Remember   Write                        ]
IN  'greet'
OUT You are alone, Rufus!
OUT 
OUT 
OUT 
OUT 
OUT 
OUT [  N  W  S  E          Greet (name)        Attack (name) ]
OUT [  More   Help   Quit                  Hit Enter to wait ]
IN  'N'
OUT 
OUT 
OUT 
OUT 
OUT 
OUT 
OUT 
OUT 
OUT 
OUT 
OUT 
OUT 
OUT 
OUT 
OUT 
OUT 
OUT 
OUT 
OUT 
OUT 
OUT 
OUT 
OUT 
OUT 
OUT 
OUT 
OUT 
OUT 
OUT 
OUT 
OUT 
OUT 
OUT 
OUT 
OUT 
OUT 
OUT 
OUT 
OUT 
OUT 
OUT 
OUT 
OUT 
OUT 
OUT 
OUT 
OUT 
OUT 
OUT 
OUT 
OUT 
OUT 
OUT 
OUT 
OUT 
OUT 
OUT 
OUT 
OUT 
OUT 
OUT 
OUT 
OUT 
OUT 
OUT 
OUT 
OUT 
OUT 
OUT 
OUT 
OUT 
OUT 
OUT 
OUT 
OUT 
OUT 
OUT 
OUT 
OUT 
OUT 
OUT 
OUT 
OUT       ' '     
OUT     ' . . '   
OUT   ' . . * '   
OUT   ' . . . . ' 
OUT ' . . g . . ' 
OUT   ' ' ' . . ' 
OUT       ' . '   
OUT       ' ~ '   
OUT 
OUT ***
OUT You travel North...
OUT There is no one here.
OUT 
OUT 
OUT 
OUT [  N  W  S  E          Greet (name)        Attack (name) ]
OUT [  More   Help   Quit                  Hit Enter to wait ]
IN  'E'
OUT 
OUT 
OUT 
OUT 
OUT 
OUT 
OUT 
OUT 
OUT 
OUT 
OUT 
OUT 
OUT 
OUT 
OUT 
OUT 
OUT 
OUT 
OUT 
OUT 
OUT 
OUT 
OUT 
OUT 
OUT 
OUT 
OUT 
OUT 
OUT 
OUT 
OUT 
OUT 
OUT 
OUT 
OUT 
OUT 
OUT 
OUT 
OUT 
OUT 
OUT 
OUT 
OUT 
OUT 
OUT 
OUT 
OUT 
OUT 
OUT 
OUT 
OUT 
OUT 
OUT 
OUT 
OUT 
OUT 
OUT 
OUT 
OUT 
OUT 
OUT 
OUT 
OUT 
OUT 
OUT 
OUT 
OUT 
OUT 
OUT 
OUT 
OUT 
OUT 
OUT 
OUT 
OUT 
OUT 
OUT 
OUT 
OUT 
OUT 
OUT 
OUT 
OUT       ' '     
OUT     ' . . '   
OUT   ' . . . * ' 
OUT   ' . . . . ' 
OUT ' . . g . . ' 
OUT   ' ' ' . . ' 
OUT       ' . '   
OUT       ' ~ '   
OUT 
OUT ***
OUT You travel East...
OUT There is no one here.
OUT 
OUT 
OUT 
OUT [  N  W  S  E          Greet (name)        Attack (name) ]
OUT [  More   Help   Quit                  Hit Enter to wait ]
IN  'W'
OUT 
OUT 
OUT 
OUT 
OUT 
OUT 
OUT 
OUT 
OUT 
OUT 
OUT 
OUT 
OUT 
OUT 
OUT 
OUT 
OUT 
OUT 
OUT 
OUT 
OUT 
OUT 
OUT 
OUT 
OUT 
OUT 
OUT 
OUT 
OUT 
OUT 
OUT 
OUT 
OUT 
OUT 
OUT 
OUT 
OUT 
OUT 
OUT 
OUT 
OUT 
OUT 
OUT 
OUT 
OUT 
OUT 
OUT 
OUT 
OUT 
OUT 
OUT 
OUT 
OUT 
OUT 
OUT 
OUT 
OUT 
OUT 
OUT 
OUT 
OUT 
OUT 
OUT 
OUT 
OUT 
OUT 
OUT 
OUT 
OUT 
OUT 
OUT 
OUT 
OUT 
OUT 
OUT 
OUT 
OUT 
OUT 
OUT 
OUT 
OUT 
OUT 
OUT       ' '     
OUT     ' . . '   
OUT   ' . . * . ' 
OUT   ' . . . . ' 
OUT ' . . g . . ' 
OUT   ' ' ' . . ' 
OUT       ' . '   
OUT       ' ~ '   
OUT 
OUT ***
OUT You travel West...
OUT There is no one here.
OUT 
OUT 
OUT 
OUT [  N  W  S  E          Greet (name)        Attack (name) ]
OUT [  More   Help   Quit                  Hit Enter to wait ]
IN  'E'
OUT 
OUT 
OUT 
OUT 
OUT 
OUT 
OUT 
OUT 
OUT 
OUT 
OUT 
OUT 
OUT 
OUT 
OUT 
OUT 
OUT 
OUT 
OUT 
OUT 
OUT 
OUT 
OUT 
OUT 
OUT 
OUT 
OUT 
OUT 
OUT 
OUT 
OUT 
OUT 
OUT 
OUT 
OUT 
OUT 
OUT 
OUT 
OUT 
OUT 
OUT 
OUT 
OUT 
OUT 
OUT 
OUT 
OUT 
OUT 
OUT 
OUT 
OUT 
OUT 
OUT 
OUT 
OUT 
OUT 
OUT 
OUT 
OUT 
OUT 
OUT 
OUT 
OUT 
OUT 
OUT 
OUT 
OUT 
OUT 
OUT 
OUT 
OUT 
OUT 
OUT 
OUT 
OUT 
OUT 
OUT 
OUT 
OUT 
OUT 
OUT 
OUT 
OUT       ' '     
OUT     ' . . '   
OUT   ' . . . * ' 
OUT   ' . . . . ' 
OUT ' . . g . . ' 
OUT   ' ' ' . . ' 
OUT       ' . '   
OUT       ' ~ '   
OUT 
OUT ***
OUT You travel East...
OUT There is no one here.
OUT 
OUT 
OUT 
OUT [  N  W  S  E          Greet (name)        Attack (name) ]
OUT [  More   Help   Quit                  Hit Enter to wait ]
IN  'E'
OUT 
OUT 
OUT 
OUT 
OUT 
OUT 
OUT 
OUT 
OUT 
OUT 
OUT 
OUT 
OUT 
OUT 
OUT 
OUT 
OUT 
OUT 
OUT 
OUT 
OUT 
OUT 
OUT 
OUT 
OUT 
OUT 
OUT 
OUT 
OUT 
OUT 
OUT 
OUT 
OUT 
OUT 
OUT 
OUT 
OUT 
OUT 
OUT 
OUT 
OUT 
OUT 
OUT 
OUT 
OUT 
OUT 
OUT 
OUT 
OUT 
OUT 
OUT 
OUT 
OUT 
OUT 
OUT 
OUT 
OUT 
OUT 
OUT 
OUT 
OUT 
OUT 
OUT 
OUT 
OUT 
OUT 
OUT 
OUT 
OUT 
OUT 
OUT 
OUT 
OUT 
OUT 
OUT 
OUT 
OUT 
OUT 
OUT 
OUT 
OUT 
OUT 
OUT       ' '       
OUT     ' . . ' '   
OUT   ' . . . . * ' 
OUT   ' . . . . '   
OUT ' . . g . . '   
OUT   ' ' ' . . '   
OUT       ' . '     
OUT       ' ~ '     
OUT 
OUT ***
OUT You travel East...
OUT There is no one here.
OUT 
OUT 
OUT 
OUT [  N  W  S  E          Greet (name)        Attack (name) ]
OUT [  More   Help   Quit                  Hit Enter to wait ]
IN  'W'
OUT 
OUT 
OUT 
OUT 
OUT 
OUT 
OUT 
OUT 
OUT 
OUT 
OUT 
OUT 
OUT 
OUT 
OUT 
OUT 
OUT 
OUT 
OUT 
OUT 
OUT 
OUT 
OUT 
OUT 
OUT 
OUT 
OUT 
OUT 
OUT 
OUT 
OUT 
OUT 
OUT 
OUT 
OUT 
OUT 
OUT 
OUT 
OUT 
OUT 
OUT 
OUT 
OUT 
OUT 
OUT 
OUT 
OUT 
OUT 
OUT 
OUT 
OUT 
OUT 
OUT 
OUT 
OUT 
OUT 
OUT 
OUT 
OUT 
OUT 
OUT 
OUT 
OUT 
OUT 
OUT 
OUT 
OUT 
OUT 
OUT 
OUT 
OUT 
OUT 
OUT 
OUT 
OUT 
OUT 
OUT 
OUT 
OUT 
OUT 
OUT 
OUT 
OUT       ' '       
OUT     ' . . ' '   
OUT   ' . . . * . ' 
OUT   ' . . . . '   
OUT ' . . g . . '   
OUT   ' ' ' . . '   
OUT       ' . '     
OUT       ' ~ '     
OUT 
OUT ***
OUT You travel West...
OUT There are 2 strangers here.
OUT 
OUT 
OUT This man's name is Mailer 2.
OUT Mailer 2 is in a gang with Xavier 3.
OUT Mailer 2: "Grrrrrrrr...  "
OUT 
OUT 
OUT [ (D)rop it     (F)ight ]
IN  'D'
OUT "Watch your step, louse!"
OUT 
OUT 
OUT 
OUT 
OUT 
OUT [  N  W  S  E          Greet (name)        Attack (name) ]
OUT [  More   Help   Quit                  Hit Enter to wait ]
IN  'S'
OUT 
OUT 
OUT 
OUT 
OUT 
OUT 
OUT 
OUT 
OUT 
OUT 
OUT 
OUT 
OUT 
OUT 
OUT 
OUT 
OUT 
OUT 
OUT 
OUT 
OUT 
OUT 
OUT 
OUT 
OUT 
OUT 
OUT 
OUT 
OUT 
OUT 
OUT 
OUT 
OUT 
OUT 
OUT 
OUT 
OUT 
OUT 
OUT 
OUT 
OUT 
OUT 
OUT 
OUT 
OUT 
OUT 
OUT 
OUT 
OUT 
OUT 
OUT 
OUT 
OUT 
OUT 
OUT 
OUT 
OUT 
OUT 
OUT 
OUT 
OUT 
OUT 
OUT 
OUT 
OUT 
OUT 
OUT 
OUT 
OUT 
OUT 
OUT 
OUT 
OUT 
OUT 
OUT 
OUT 
OUT 
OUT 
OUT 
OUT 
OUT 
OUT 
OUT       ' '       
OUT     ' . . ' '   
OUT   ' . . . . . ' 
OUT   ' . . . * '   
OUT ' . . g . . '   
OUT   ' ' ' . . '   
OUT       ' . '     
OUT       ' ~ '     
OUT 
OUT ***
OUT You travel South...
OUT There is no one here.
OUT 
OUT 
OUT 
OUT [  N  W  S  E          Greet (name)        Attack (name) ]
OUT [  More   Help   Quit                  Hit Enter to wait ]
IN  'E'
OUT 
OUT 
OUT 
OUT 
OUT 
OUT 
OUT 
OUT 
OUT 
OUT 
OUT 
OUT 
OUT 
OUT 
OUT 
OUT 
OUT 
OUT 
OUT 
OUT 
OUT 
OUT 
OUT 
OUT 
OUT 
OUT 
OUT 
OUT 
OUT 
OUT 
OUT 
OUT 
OUT 
OUT 
OUT 
OUT 
OUT 
OUT 
OUT 
OUT 
OUT 
OUT 
OUT 
OUT 
OUT 
OUT 
OUT 
OUT 
OUT 
OUT 
OUT 
OUT 
OUT 
OUT 
OUT 
OUT 
OUT 
OUT 
OUT 
OUT 
OUT 
OUT 
OUT 
OUT 
OUT 
OUT 
OUT 
OUT 
OUT 
OUT 
OUT 
OUT 
OUT 
OUT 
OUT 
OUT 
OUT 
OUT 
OUT 
OUT 
OUT 
OUT 
OUT       ' '       
OUT     ' . . ' '   
OUT   ' . . . . . ' 
OUT   ' . . . . * ' 
OUT ' . . g . . '   
OUT   ' ' ' . . '   
OUT       ' . '     
OUT       ' ~ '     
OUT 
OUT ***
OUT You travel East...
OUT Someone you don't recognize lies dead here.
OUT No others here live.
OUT 
OUT 
OUT 
OUT 
OUT 
OUT [  N  W  S  E          Greet (name)        Attack (name) ]
OUT [  Bury  Loot                                            ]
OUT [  More   Help   Quit                  Hit Enter to wait ]
IN  'N'
OUT 
OUT 
OUT 
OUT 
OUT 
OUT 
OUT 
OUT 
OUT 
OUT 
OUT 
OUT 
OUT 
OUT 
OUT 
OUT 
OUT 
OUT 
OUT 
OUT 
OUT 
OUT 
OUT 
OUT 
OUT 
OUT 
OUT 
OUT 
OUT 
OUT 
OUT 
OUT 
OUT 
OUT 
OUT 
OUT 
OUT 
OUT 
OUT 
OUT 
OUT 
OUT 
OUT 
OUT 
OUT 
OUT 
OUT 
OUT 
OUT 
OUT 
OUT 
OUT 
OUT 
OUT 
OUT 
OUT 
OUT 
OUT 
OUT 
OUT 
OUT 
OUT 
OUT 
OUT 
OUT 
OUT 
OUT 
OUT 
OUT 
OUT 
OUT 
OUT 
OUT 
OUT 
OUT 
OUT 
OUT 
OUT 
OUT 
OUT 
OUT 
OUT 
OUT       ' '       
OUT     ' . . ' '   
OUT   ' . . . . * ' 
OUT   ' . . . . . ' 
OUT ' . . g . . '   
OUT   ' ' ' . . '   
OUT       ' . '     
OUT       ' ~ '     
OUT 
OUT ***
OUT You travel North...
OUT There is no one here.
OUT 
OUT 
OUT 
OUT [  N  W  S  E          Greet (name)        Attack (name) ]
OUT [  More   Help   Quit                  Hit Enter to wait ]
IN  'S'
OUT 
OUT 
OUT 
OUT 
OUT 
OUT 
OUT 
OUT 
OUT 
OUT 
OUT 
OUT 
OUT 
OUT 
OUT 
OUT 
OUT 
OUT 
OUT 
OUT 
OUT 
OUT 
OUT 
OUT 
OUT 
OUT 
OUT 
OUT 
OUT 
OUT 
OUT 
OUT 
OUT 
OUT 
OUT 
OUT 
OUT 
OUT 
OUT 
OUT 
OUT 
OUT 
OUT 
OUT 
OUT 
OUT 
OUT 
OUT 
OUT 
OUT 
OUT 
OUT 
OUT 
OUT 
OUT 
OUT 
OUT 
OUT 
OUT 
OUT 
OUT 
OUT 
OUT 
OUT 
OUT 
OUT 
OUT 
OUT 
OUT 
OUT 
OUT 
OUT 
OUT 
OUT 
OUT 
OUT 
OUT 
OUT 
OUT 
OUT 
OUT 
OUT 
OUT       ' '       
OUT     ' . . ' '   
OUT   ' . . . . . ' 
OUT   ' . . . . * ' 
OUT ' . . g . . '   
OUT   ' ' ' . . '   
OUT       ' . '     
OUT       ' ~ '     
OUT 
OUT ***
OUT You travel South...
OUT There is no one here.
OUT 
OUT 
OUT 
OUT [  N  W  S  E          Greet (name)        Attack (name) ]
OUT [  More   Help   Quit                  Hit Enter to wait ]
IN  'greet'
OUT You are alone, Rufus!
OUT 
OUT 
OUT 
OUT 
OUT 
OUT [  N  W  S  E          Greet (name)        Attack (name) ]
OUT [  More   Help   Quit                  Hit Enter to wait ]
IN  'greet'
OUT You are alone, Rufus!
OUT 
OUT 
OUT 
OUT 
OUT 
OUT [  N  W  S  E          Greet (name)        Attack (name) ]
OUT [  More   Help   Quit                  Hit Enter to wait ]
IN  'S'
OUT 
OUT 
OUT 
OUT 
OUT 
OUT 
OUT 
OUT 
OUT 
OUT 
OUT 
OUT 
OUT 
OUT 
OUT 
OUT 
OUT 
OUT 
OUT 
OUT 
OUT 
OUT 
OUT 
OUT 
OUT 
OUT 
OUT 
OUT 
OUT 
OUT 
OUT 
OUT 
OUT 
OUT 
OUT 
OUT 
OUT 
OUT 
OUT 
OUT 
OUT 
OUT 
OUT 
OUT 
OUT 
OUT 
OUT 
OUT 
OUT 
OUT 
OUT 
OUT 
OUT 
OUT 
OUT 
OUT 
OUT 
OUT 
OUT 
OUT 
OUT 
OUT 
OUT 
OUT 
OUT 
OUT 
OUT 
OUT 
OUT 
OUT 
OUT 
OUT 
OUT 
OUT 
OUT 
OUT 
OUT 
OUT 
OUT 
OUT 
OUT 
OUT 
OUT       ' '       
OUT     ' . . ' '   
OUT   ' . . . . . ' 
OUT   ' . . . . . ' 
OUT ' . . g . . * ' 
OUT   ' ' ' . . '   
OUT       ' . '     
OUT       ' ~ '     
OUT 
OUT ***
OUT You travel South...
OUT There is a stranger here.
OUT 
OUT 
OUT 
OUT 
OUT 
OUT [  N  W  S  E          Greet (name)        Attack (name) ]
OUT [  More   Help   Quit                  Hit Enter to wait ]
IN  'More'
OUT [  Stats   Who   Remember   Write                        ]
IN  'S'
OUT 
OUT 
OUT 
OUT 
OUT 
OUT 
OUT 
OUT 
OUT 
OUT 
OUT 
OUT 
OUT 
OUT 
OUT 
OUT 
OUT 
OUT 
OUT 
OUT 
OUT 
OUT 
OUT 
OUT 
OUT 
OUT 
OUT 
OUT 
OUT 
OUT 
OUT 
OUT 
OUT 
OUT 
OUT 
OUT 
OUT 
OUT 
OUT 
OUT 
OUT 
OUT 
OUT 
OUT 
OUT 
OUT 
OUT 
OUT 
OUT 
OUT 
OUT 
OUT 
OUT 
OUT 
OUT 
OUT 
OUT 
OUT 
OUT 
OUT 
OUT 
OUT 
OUT 
OUT 
OUT 
OUT 
OUT 
OUT 
OUT 
OUT 
OUT 
OUT 
OUT 
OUT 
OUT 
OUT 
OUT 
OUT 
OUT 
OUT 
OUT 
OUT 
OUT       ' '       
OUT     ' . . ' '   
OUT   ' . . . . . ' 
OUT   ' . . . . . ' 
OUT ' . . g . . . ' 
OUT   ' ' ' . . * ' 
OUT       ' . ' '   
OUT       ' ~ '     
OUT 
OUT ***
OUT You travel South...
OUT A tree has fallen down here and is covered with insects. Nearby, steam rises 
OUT from a tiny pond. 
OUT ***
OUT SWOOOOOOSH!
OUT The dragon careens out of the sky and alights on a rock.
OUT 
OUT 
OUT 
OUT 
OUT 
OUT [                Pond                                    ]
OUT [  N  W  S  E          Greet (name)        Attack (name) ]
OUT [  More   Help   Quit                  Hit Enter to wait ]
IN  'Pond'
OUT 
OUT Green bits swirl lazily on the surface of the pond. Deeper, there are red and 
OUT purple hues, and maybe something swimming around, but it's hard to tell. 
OUT Do you drink from the pond?
OUT 
OUT 
OUT [ Y / N ]
IN  'Y'
OUT 
OUT You scoop the strange water and raise it to your lips...
OUT 
OUT The water tastes dirty and musky, as you'd expect pond water to taste... then a
OUT strange warmth races through you, followed by a strange chill... then you feel 
OUT about the same as you did before. 
OUT 
OUT 
OUT 
OUT 
OUT 
OUT [                Pond                                    ]
OUT [  N  W  S  E          Greet (name)        Attack (name) ]
OUT [  More   Help   Quit                  Hit Enter to wait ]
IN  'W'
OUT DRAGON: "Oh no you don't! Deal with me first!"
OUT The dragon attacks!
OUT 
OUT [ (hit Enter) ]
IN  ''
OUT 
OUT 
OUT 
OUT 
OUT 
OUT 
OUT 
OUT 
OUT 
OUT 
OUT  
OUT 
OUT 
OUT 
OUT 
OUT 
OUT 
OUT 
OUT 
OUT 
OUT  
OUT 
OUT 
OUT 
OUT 
OUT 
OUT 
OUT 
OUT 
OUT 
OUT  
OUT 
OUT 
OUT 
OUT 
OUT 
OUT 
OUT 
OUT 
OUT 
OUT  
OUT 
OUT 
OUT 
OUT 
OUT 
OUT 
OUT 
OUT 
OUT 
OUT 
OUT BATTLE
OUT **************************************************
OUT 
OUT 
OUT      Rufus                       D R A G O N
OUT 
OUT 
OUT [ (A)ttack     (S)hield (name)    Run ]
IN  'Run'
OUT Your eyes dart in search of an escape route...
OUT 
OUT 
OUT 
OUT 
OUT 
OUT 
OUT 
OUT 
OUT 
OUT 
OUT  
OUT 
OUT 
OUT 
OUT 
OUT 
OUT 
OUT 
OUT 
OUT 
OUT  
OUT 
OUT 
OUT 
OUT 
OUT 
OUT 
OUT 
OUT 
OUT 
OUT  
OUT 
OUT 
OUT 
OUT 
OUT 
OUT 
OUT 
OUT 
OUT 
OUT  
OUT 
OUT 
OUT 
OUT 
OUT 
OUT 
OUT 
OUT 
OUT 
OUT 
OUT BATTLE
OUT **************************************************
OUT 
OUT 
OUT                                  D R A G O N
OUT The dragon meets Rufus's eyes...
OUT Rufus's soul is stung by the dark gaze!   (11 points of damage)
OUT Rufus loses all hope!
OUT Rufus looks for a way out!
OUT 7  Now's your chance to make a break for it!
OUT SWIPE
OUT 
OUT 
OUT [ (hit Enter) ]    
IN  ''
OUT 
OUT 
OUT 
OUT 
OUT 
OUT 
OUT 
OUT 
OUT 
OUT 
OUT 
OUT 
OUT 
OUT 
OUT 
OUT 
OUT 
OUT 
OUT 
OUT 
OUT 
OUT 
OUT 
OUT 
OUT 
OUT 
OUT 
OUT 
OUT 
OUT 
OUT 
OUT 
OUT 
OUT 
OUT 
OUT 
OUT 
OUT 
OUT 
OUT 
OUT 
OUT 
OUT 
OUT 
OUT 
OUT 
OUT 
OUT 
OUT 
OUT 
OUT 
OUT 
OUT 
OUT 
OUT 
OUT 
OUT 
OUT 
OUT 
OUT 
OUT 
OUT 
OUT 
OUT 
OUT 
OUT 
OUT 
OUT 
OUT 
OUT 
OUT 
OUT 
OUT 
OUT 
OUT 
OUT 
OUT 
OUT 
OUT 
OUT 
OUT 
OUT 
OUT       ' '       
OUT     ' . . ' '   
OUT   ' . . . . . ' 
OUT   ' . . . . . ' 
OUT ' . . g . . . ' 
OUT   ' ' ' . . / ' 
OUT       ' . ' * ' 
OUT       ' ~ ' '   
OUT 
OUT The ground here is charred black in several places.
OUT There is no one here.
OUT 
OUT 
OUT 
OUT [  N  W  S  E          Greet (name)        Attack (name) ]
OUT [  More   Help   Quit                  Hit Enter to wait ]
IN  'More'
OUT [  Stats   Who   Remember   Write                        ]
IN  'Stats'
OUT 
OUT Rufus
OUT Strength: 11 Health: 13(Max 23) Speed: 5 (?)
OUT  Skill: 3 Personality: 47 Morale: 34
OUT 
OUT 
OUT 
OUT 
OUT 
OUT [  N  W  S  E          Greet (name)        Attack (name) ]
OUT [  More   Help   Quit                  Hit Enter to wait ]
IN  'S'
OUT 
OUT 
OUT 
OUT 
OUT 
OUT 
OUT 
OUT 
OUT 
OUT 
OUT 
OUT 
OUT 
OUT 
OUT 
OUT 
OUT 
OUT 
OUT 
OUT 
OUT 
OUT 
OUT 
OUT 
OUT 
OUT 
OUT 
OUT 
OUT 
OUT 
OUT 
OUT 
OUT 
OUT 
OUT 
OUT 
OUT 
OUT 
OUT 
OUT 
OUT 
OUT 
OUT 
OUT 
OUT 
OUT 
OUT 
OUT 
OUT 
OUT 
OUT 
OUT 
OUT 
OUT 
OUT 
OUT 
OUT 
OUT 
OUT 
OUT 
OUT 
OUT 
OUT 
OUT 
OUT 
OUT 
OUT 
OUT 
OUT 
OUT 
OUT 
OUT 
OUT 
OUT 
OUT 
OUT 
OUT 
OUT 
OUT 
OUT 
OUT 
OUT 
OUT       ' '       
OUT     ' . . ' '   
OUT   ' . . . . . ' 
OUT   ' . . . . . ' 
OUT ' . . g . . . ' 
OUT   ' ' ' . . / ' 
OUT       ' . ' . ' 
OUT       ' ~ ' * ' 
OUT 
OUT ***
OUT You travel South...
OUT There is no one here.
OUT 
OUT 
OUT 
OUT [  N  W  S  E          Greet (name)        Attack (name) ]
OUT [  More   Help   Quit                  Hit Enter to wait ]
IN  'greet'
OUT You are alone, Rufus!
OUT 
OUT 
OUT 
OUT 
OUT 
OUT [  N  W  S  E          Greet (name)        Attack (name) ]
OUT [  More   Help   Quit                  Hit Enter to wait ]
IN  'W'
OUT 
OUT 
OUT 
OUT 
OUT 
OUT 
OUT 
OUT 
OUT 
OUT 
OUT 
OUT 
OUT 
OUT 
OUT 
OUT 
OUT 
OUT 
OUT 
OUT 
OUT 
OUT 
OUT 
OUT 
OUT 
OUT 
OUT 
OUT 
OUT 
OUT 
OUT 
OUT 
OUT 
OUT 
OUT 
OUT 
OUT 
OUT 
OUT 
OUT 
OUT 
OUT 
OUT 
OUT 
OUT 
OUT 
OUT 
OUT 
OUT 
OUT 
OUT 
OUT 
OUT 
OUT 
OUT 
OUT 
OUT 
OUT 
OUT 
OUT 
OUT 
OUT 
OUT 
OUT 
OUT 
OUT 
OUT 
OUT 
OUT 
OUT 
OUT 
OUT 
OUT 
OUT 
OUT 
OUT 
OUT 
OUT 
OUT 
OUT 
OUT 
OUT 
OUT       ' '       
OUT     ' . . ' '   
OUT   ' . . . . . ' 
OUT   ' . . . . . ' 
OUT ' . . g . . . ' 
OUT   ' ' ' . . / ' 
OUT       ' . ' . ' 
OUT       ' ~ * . ' 
OUT 
OUT ***
OUT You travel West...
OUT There are 3 strangers here.
OUT 
OUT 
OUT 
OUT 
OUT 
OUT [  N  W  S  E          Greet (name)        Attack (name) ]
OUT [  More   Help   Quit                  Hit Enter to wait ]
IN  'N'
OUT 
OUT 
OUT 
OUT 
OUT 
OUT 
OUT 
OUT 
OUT 
OUT 
OUT 
OUT 
OUT 
OUT 
OUT 
OUT 
OUT 
OUT 
OUT 
OUT 
OUT 
OUT 
OUT 
OUT 
OUT 
OUT 
OUT 
OUT 
OUT 
OUT 
OUT 
OUT 
OUT 
OUT 
OUT 
OUT 
OUT 
OUT 
OUT 
OUT 
OUT 
OUT 
OUT 
OUT 
OUT 
OUT 
OUT 
OUT 
OUT 
OUT 
OUT 
OUT 
OUT 
OUT 
OUT 
OUT 
OUT 
OUT 
OUT 
OUT 
OUT 
OUT 
OUT 
OUT 
OUT 
OUT 
OUT 
OUT 
OUT 
OUT 
OUT 
OUT 
OUT 
OUT 
OUT 
OUT 
OUT 
OUT 
OUT 
OUT 
OUT 
OUT 
OUT       ' '       
OUT     ' . . ' '   
OUT   ' . . . . . ' 
OUT   ' . . . . . ' 
OUT ' . . g . . . ' 
OUT   ' ' ' . . / ' 
OUT       ' . * . ' 
OUT       ' ~ . . ' 
OUT 
OUT ***
OUT You travel North...
OUT There is no one here.
OUT 
OUT 
OUT 
OUT [  N  W  S  E          Greet (name)        Attack (name) ]
OUT [  More   Help   Quit                  Hit Enter to wait ]
IN  'More'
OUT [  Stats   Who   Remember   Write                        ]
IN  'attack'
OUT You are alone, Rufus!
OUT 
OUT 
OUT 
OUT 
OUT 
OUT [  N  W  S  E          Greet (name)        Attack (name) ]
OUT [  More   Help   Quit                  Hit Enter to wait ]
IN  'More'
OUT [  Stats   Who   Remember   Write                        ]
IN  'attack'
OUT You are alone, Rufus!
OUT 
OUT 
OUT 
OUT 
OUT 
OUT [  N  W  S  E          Greet (name)        Attack (name) ]
OUT [  More   Help   Quit                  Hit Enter to wait ]
IN  'S'
OUT 
OUT 
OUT 
OUT 
OUT 
OUT 
OUT 
OUT 
OUT 
OUT 
OUT 
OUT 
OUT 
OUT 
OUT 
OUT 
OUT 
OUT 
OUT 
OUT 
OUT 
OUT 
OUT 
OUT 
OUT 
OUT 
OUT 
OUT 
OUT 
OUT 
OUT 
OUT 
OUT 
OUT 
OUT 
OUT 
OUT 
OUT 
OUT 
OUT 
OUT 
OUT 
OUT 
OUT 
OUT 
OUT 
OUT 
OUT 
OUT 
OUT 
OUT 
OUT 
OUT 
OUT 
OUT 
OUT 
OUT 
OUT 
OUT 
OUT 
OUT 
OUT 
OUT 
OUT 
OUT 
OUT 
OUT 
OUT 
OUT 
OUT 
OUT 
OUT 
OUT 
OUT 
OUT 
OUT 
OUT 
OUT 
OUT 
OUT 
OUT 
OUT 
OUT       ' '       
OUT     ' . . ' '   
OUT   ' . . . . . ' 
OUT   ' . . . . . ' 
OUT ' . . g . . . ' 
OUT   ' ' ' . . / ' 
OUT       ' . . . ' 
OUT       ' ~ * . ' 
OUT 
OUT ***
OUT You travel South...
OUT Someone you don't recognize lies dead here.
OUT No others here live.
OUT 
OUT 
OUT 
OUT 
OUT 
OUT [  N  W  S  E          Greet (name)        Attack (name) ]
OUT [  Bury  Loot                                            ]
OUT [  More   Help   Quit                  Hit Enter to wait ]
IN  'Loot'
OUT You search the body for effects...
OUT You find nothing.
OUT 
OUT 
OUT 
OUT 
OUT 
OUT [  N  W  S  E          Greet (name)        Attack (name) ]
OUT [  Bury  Loot                                            ]
OUT [  More   Help   Quit                  Hit Enter to wait ]
IN  'N'
OUT 
OUT 
OUT 
OUT 
OUT 
OUT 
OUT 
OUT 
OUT 
OUT 
OUT 
OUT 
OUT 
OUT 
OUT 
OUT 
OUT 
OUT 
OUT 
OUT 
OUT 
OUT 
OUT 
OUT 
OUT 
OUT 
OUT 
OUT 
OUT 
OUT 
OUT 
OUT 
OUT 
OUT 
OUT 
OUT 
OUT 
OUT 
OUT 
OUT 
OUT 
OUT 
OUT 
OUT 
OUT 
OUT 
OUT 
OUT 
OUT 
OUT 
OUT 
OUT 
OUT 
OUT 
OUT 
OUT 
OUT 
OUT 
OUT 
OUT 
OUT 
OUT 
OUT 
OUT 
OUT 
OUT 
OUT 
OUT 
OUT 
OUT 
OUT 
OUT 
OUT 
OUT 
OUT 
OUT 
OUT 
OUT 
OUT 
OUT 
OUT 
OUT 
OUT       ' '       
OUT     ' . . ' '   
OUT   ' . . . . . ' 
OUT   ' . . . . . ' 
OUT ' . . g . . . ' 
OUT   ' ' ' . . / ' 
OUT       ' . * . ' 
OUT       ' ~ . . ' 
OUT 
OUT ***
OUT You travel North...
OUT There is no one here.
OUT 
OUT 
OUT 
OUT [  N  W  S  E          Greet (name)        Attack (name) ]
OUT [  More   Help   Quit                  Hit Enter to wait ]
IN  'N'
OUT 
OUT 
OUT 
OUT 
OUT 
OUT 
OUT 
OUT 
OUT 
OUT 
OUT 
OUT 
OUT 
OUT 
OUT 
OUT 
OUT 
OUT 
OUT 
OUT 
OUT 
OUT 
OUT 
OUT 
OUT 
OUT 
OUT 
OUT 
OUT 
OUT 
OUT 
OUT 
OUT 
OUT 
OUT 
OUT 
OUT 
OUT 
OUT 
OUT 
OUT 
OUT 
OUT 
OUT 
OUT 
OUT 
OUT 
OUT 
OUT 
OUT 
OUT 
OUT 
OUT 
OUT 
OUT 
OUT 
OUT 
OUT 
OUT 
OUT 
OUT 
OUT 
OUT 
OUT 
OUT 
OUT 
OUT 
OUT 
OUT 
OUT 
OUT 
OUT 
OUT 
OUT 
OUT 
OUT 
OUT 
OUT 
OUT 
OUT 
OUT 
OUT 
OUT       ' '       
OUT     ' . . ' '   
OUT   ' . . . . . ' 
OUT   ' . . . . . ' 
OUT ' . . g . . . ' 
OUT   ' ' ' . * / ' 
OUT       ' . . . ' 
OUT       ' ~ . . ' 
OUT 
OUT ***
OUT You travel North...
OUT There is no one here.
OUT 
OUT 
OUT 
OUT [  N  W  S  E          Greet (name)        Attack (name) ]
OUT [  More   Help   Quit                  Hit Enter to wait ]
IN  'greet'
OUT You are alone, Rufus!
OUT 
OUT 
OUT 
OUT 
OUT 
OUT [  N  W  S  E          Greet (name)        Attack (name) ]
OUT [  More   Help   Quit                  Hit Enter to wait ]
IN  'attack'
OUT You are alone, Rufus!
OUT 
OUT 
OUT 
OUT 
OUT 
OUT [  N  W  S  E          Greet (name)        Attack (name) ]
OUT [  More   Help   Quit                  Hit Enter to wait ]
IN  'greet'
OUT You are alone, Rufus!
OUT 
OUT 
OUT 
OUT 
OUT 
OUT [  N  W  S  E          Greet (name)        Attack (name) ]
OUT [  More   Help   Quit                  Hit Enter to wait ]
IN  'More'
OUT [  Stats   Who   Remember   Write                        ]
IN  'Write'
OUT What do you want to write?
IN  'hello'
OUT You scrawl your message in the dirt.
OUT 
OUT 
OUT 
OUT 
OUT 
OUT [  N  W  S  E          Greet (name)        Attack (name) ]
OUT [  More   Help   Quit                  Hit Enter to wait ]
IN  'hello'
OUT 
OUT 
OUT 
OUT 
OUT 
OUT [  N  W  S  E          Greet (name)        Attack (name) ]
OUT [  More   Help   Quit                  Hit Enter to wait ]
IN  'greet'
OUT You are alone, Rufus!
OUT 
OUT 
OUT 
OUT 
OUT 
OUT [  N  W  S  E          Greet (name)        Attack (name) ]
OUT [  More   Help   Quit                  Hit Enter to wait ]
IN  'greet'
OUT You are alone, Rufus!
OUT 
OUT 
OUT 
OUT 
OUT 
OUT [  N  W  S  E          Greet (name)        Attack (name) ]
OUT [  More   Help   Quit                  Hit Enter to wait ]
IN  'attack'
OUT You are alone, Rufus!
OUT 
OUT 
OUT 
OUT 
OUT 
OUT [  N  W  S  E          Greet (name)        Attack (name) ]
OUT [  More   Help   Quit                  Hit Enter to wait ]
IN  'W'
OUT 
OUT 
OUT 
OUT 
OUT 
OUT 
OUT 
OUT 
OUT 
OUT 
OUT 
OUT 
OUT 
OUT 
OUT 
OUT 
OUT 
OUT 
OUT 
OUT 
OUT 
OUT 
OUT 
OUT 
OUT 
OUT 
OUT 
OUT 
OUT 
OUT 
OUT 
OUT 
OUT 
OUT 
OUT 
OUT 
OUT 
OUT 
OUT 
OUT 
OUT 
OUT 
OUT 
OUT 
OUT 
OUT 
OUT 
OUT 
OUT 
OUT 
OUT 
OUT 
OUT 
OUT 
OUT 
OUT 
OUT 
OUT 
OUT 
OUT 
OUT 
OUT 
OUT 
OUT 
OUT 
OUT 
OUT 
OUT 
OUT 
OUT 
OUT 
OUT 
OUT 
OUT 
OUT 
OUT 
OUT 
OUT 
OUT 
OUT 
OUT 
OUT 
OUT       ' '       
OUT     ' . . ' '   
OUT   ' . . . . . ' 
OUT   ' . . . . . ' 
OUT ' . . g . . . ' 
OUT   ' ' ' * . / ' 
OUT       ' . . . ' 
OUT       ' ~ . . ' 
OUT 
OUT ***
OUT You travel West...
OUT There is no one here.
OUT 
OUT 
OUT 
OUT [  N  W  S  E          Greet (name)        Attack (name) ]
OUT [  More   Help   Quit                  Hit Enter to wait ]
IN  'N'
OUT 
OUT 
OUT 
OUT 
OUT 
OUT 
OUT 
OUT 
OUT 
OUT 
OUT 
OUT 
OUT 
OUT 
OUT 
OUT 
OUT 
OUT 
OUT 
OUT 
OUT 
OUT 
OUT 
OUT 
OUT 
OUT 
OUT 
OUT 
OUT 
OUT 
OUT 
OUT 
OUT 
OUT 
OUT 
OUT 
OUT 
OUT 
OUT 
OUT 
OUT 
OUT 
OUT 
OUT 
OUT 
OUT 
OUT 
OUT 
OUT 
OUT 
OUT 
OUT 
OUT 
OUT 
OUT 
OUT 
OUT 
OUT 
OUT 
OUT 
OUT 
OUT 
OUT 
OUT 
OUT 
OUT 
OUT 
OUT 
OUT 
OUT 
OUT 
OUT 
OUT 
OUT 
OUT 
OUT 
OUT 
OUT 
OUT 
OUT 
OUT 
OUT 
OUT       ' '       
OUT     ' . . ' '   
OUT   ' . . . . . ' 
OUT   ' . . . . . ' 
OUT ' . . g * . . ' 
OUT   ' ' ' . . / ' 
OUT       ' . . . ' 
OUT       ' ~ . . ' 
OUT 
OUT ***
OUT You travel North...
OUT There is a stranger here.
OUT 
OUT 
OUT 
OUT 
OUT 
OUT [  N  W  S  E          Greet (name)        Attack (name) ]
OUT [  More   Help   Quit                  Hit Enter to wait ]
IN  'greet'
OUT 
OUT 
OUT This man's name is Macgreg 2.
OUT 
OUT Macgreg 2: "Yes, Rufus?" 
OUT 
OUT 
OUT 
OUT 
OUT 
OUT [ Join         Teach         Fight               Leave   ]
OUT [ Gregor    Joke                                         ]
IN  'Gregor'
OUT You tell Macgreg 2 about Gregor, and the location of the longhouse.
OUT Macgreg 2:  "I'd like to go there some day."
OUT 
OUT 
OUT 
OUT 
OUT 
OUT [  N  W  S  E          Greet (name)        Attack (name) ]
OUT [  More   Help   Quit                  Hit Enter to wait ]
IN  'greet'
OUT 
OUT 
OUT 
OUT Macgreg 2: "Yes, Rufus?" 
OUT 
OUT 
OUT 
OUT 
OUT 
OUT [ Join         Teach         Fight               Leave   ]
OUT [ Gregor    Joke                                         ]
IN  'Join'
OUT 
OUT Macgreg 2: "We will hence fight as one, and be merry companions!"
OUT Rufus: "Hey, we formed a new gang!"
OUT 
OUT 
OUT [ (hit Enter) ]    
IN  ''
OUT Now the question of leadership...
OUT Macgreg 2:  "Who should be leader?"
OUT 
OUT 
OUT 
OUT 
OUT 
OUT [ You   Me ]
IN  'You'
OUT Macgreg 2:  "Rufus, I am honored!
OUT 
OUT 
OUT 
OUT 
OUT 
OUT [  N  W  S  E          Greet (name)        Attack (name) ]
OUT [  More   Help   Quit                  Hit Enter to wait ]
IN  'Attack Rufus'
OUT There's no one here by that name.
OUT 
OUT 
OUT 
OUT 
OUT 
OUT [  N  W  S  E          Greet (name)        Attack (name) ]
OUT [  More   Help   Quit                  Hit Enter to wait ]
IN  'N'
OUT Are you sure you want to abandon Macgreg 2?
OUT 
OUT [ Y / N ]
IN  'Y'
OUT You try to slip away unnoticed...
OUT 
OUT 
OUT [ (hit Enter) ]    
IN  ''
OUT 
OUT 
OUT 
OUT 
OUT 
OUT 
OUT 
OUT 
OUT 
OUT 
OUT 
OUT 
OUT 
OUT 
OUT 
OUT 
OUT 
OUT 
OUT 
OUT 
OUT 
OUT 
OUT 
OUT 
OUT 
OUT 
OUT 
OUT 
OUT 
OUT 
OUT 
OUT 
OUT 
OUT 
OUT 
OUT 
OUT 
OUT 
OUT 
OUT 
OUT 
OUT 
OUT 
OUT 
OUT 
OUT 
OUT 
OUT 
OUT 
OUT 
OUT 
OUT 
OUT 
OUT 
OUT 
OUT 
OUT 
OUT 
OUT 
OUT 
OUT 
OUT 
OUT 
OUT 
OUT 
OUT 
OUT 
OUT 
OUT 
OUT 
OUT 
OUT 
OUT 
OUT 
OUT 
OUT 
OUT 
OUT 
OUT 
OUT 
OUT 
OUT 
OUT       ' '       
OUT     ' . . ' '   
OUT   ' . . . . . ' 
OUT   ' . . * . . ' 
OUT ' . . g . . . ' 
OUT   ' ' ' . . / ' 
OUT       ' . . . ' 
OUT       ' ~ . . ' 
OUT 
OUT ***
OUT You travel North...
OUT Xavier 3 is here.
OUT Mailer 2 is here.
OUT 
OUT 
OUT 
OUT 
OUT 
OUT [  N  W  S  E          Greet (name)        Attack (name) ]
OUT [  More   Help   Quit                  Hit Enter to wait ]
IN  'W'
OUT 
OUT 
OUT 
OUT 
OUT 
OUT 
OUT 
OUT 
OUT 
OUT 
OUT 
OUT 
OUT 
OUT 
OUT 
OUT 
OUT 
OUT 
OUT 
OUT 
OUT 
OUT 
OUT 
OUT 
OUT 
OUT 
OUT 
OUT 
OUT 
OUT 
OUT 
OUT 
OUT 
OUT 
OUT 
OUT 
OUT 
OUT 
OUT 
OUT 
OUT 
OUT 
OUT 
OUT 
OUT 
OUT 
OUT 
OUT 
OUT 
OUT 
OUT 
OUT 
OUT 
OUT 
OUT 
OUT 
OUT 
OUT 
OUT 
OUT 
OUT 
OUT 
OUT 
OUT 
OUT 
OUT 
OUT 
OUT 
OUT 
OUT 
OUT 
OUT 
OUT 
OUT 
OUT 
OUT 
OUT 
OUT 
OUT 
OUT 
OUT 
OUT 
OUT       ' '       
OUT     ' . . ' '   
OUT   ' . . . . . ' 
OUT   ' . * . . . ' 
OUT ' . . g . . . ' 
OUT   ' ' ' . . / ' 
OUT       ' . . . ' 
OUT       ' ~ . . ' 
OUT 
OUT ***
OUT You travel West...
OUT There is a stranger here.
OUT 
OUT 
OUT 
OUT 
OUT 
OUT [  N  W  S  E          Greet (name)        Attack (name) ]
OUT [  More   Help   Quit                  Hit Enter to wait ]
IN  'greet'
OUT 
OUT 
OUT This man's name is Ham 4.
OUT 
OUT Ham 4: "Yeah? What is it?" 
OUT 
OUT 
OUT 
OUT 
OUT 
OUT [ Join         Teach         Fight               Leave   ]
OUT [ Gregor    Joke                                         ]
IN  'Gregor'
OUT Ham 4:  "Who knows? Not me."
OUT 
OUT 
OUT Ham 4 menaces you!
OUT Ham 4: "Grunt."
OUT 
OUT 
OUT [ (F)ight       (D)rop it ]
IN  'D'
OUT Ham 4: "Grmph."
OUT 
OUT 
OUT Ham 4 menaces you!
OUT Ham 4: "Grunt."
OUT 
OUT 
OUT [ (F)ight       (D)rop it ]
IN  'D'
OUT Ham 4: "Grmph."
OUT 
OUT 
OUT 
OUT 
OUT 
OUT [  N  W  S  E          Greet (name)        Attack (name) ]
OUT [  More   Help   Quit                  Hit Enter to wait ]
IN  'W'
OUT 
OUT 
OUT 
OUT 
OUT 
OUT 
OUT 
OUT 
OUT 
OUT 
OUT 
OUT 
OUT 
OUT 
OUT 
OUT 
OUT 
OUT 
OUT 
OUT 
OUT 
OUT 
OUT 
OUT 
OUT 
OUT 
OUT 
OUT 
OUT 
OUT 
OUT 
OUT 
OUT 
OUT 
OUT 
OUT 
OUT 
OUT 
OUT 
OUT 
OUT 
OUT 
OUT 
OUT 
OUT 
OUT 
OUT 
OUT 
OUT 
OUT 
OUT 
OUT 
OUT 
OUT 
OUT 
OUT 
OUT 
OUT 
OUT 
OUT 
OUT 
OUT 
OUT 
OUT 
OUT 
OUT 
OUT 
OUT 
OUT 
OUT 
OUT 
OUT 
OUT 
OUT 
OUT 
OUT 
OUT 
OUT 
OUT 
OUT 
OUT 
OUT 
OUT       ' '       
OUT     ' . . ' '   
OUT   ' . . . . . ' 
OUT   ' * . . . . ' 
OUT ' . . g . . . ' 
OUT   ' ' ' . . / ' 
OUT       ' . . . ' 
OUT       ' ~ . . ' 
OUT 
OUT ***
OUT You travel West...
OUT There is no one here.
OUT 
OUT 
OUT 
OUT [  N  W  S  E          Greet (name)        Attack (name) ]
OUT [  More   Help   Quit                  Hit Enter to wait ]
IN  'W'
OUT 
OUT 
OUT 
OUT 
OUT 
OUT 
OUT 
OUT 
OUT 
OUT 
OUT 
OUT 
OUT 
OUT 
OUT 
OUT 
OUT 
OUT 
OUT 
OUT 
OUT 
OUT 
OUT 
OUT 
OUT 
OUT 
OUT 
OUT 
OUT 
OUT 
OUT 
OUT 
OUT 
OUT 
OUT 
OUT 
OUT 
OUT 
OUT 
OUT 
OUT 
OUT 
OUT 
OUT 
OUT 
OUT 
OUT 
OUT 
OUT 
OUT 
OUT 
OUT 
OUT 
OUT 
OUT 
OUT 
OUT 
OUT 
OUT 
OUT 
OUT 
OUT 
OUT 
OUT 
OUT 
OUT 
OUT 
OUT 
OUT 
OUT 
OUT 
OUT 
OUT 
OUT 
OUT 
OUT 
OUT 
OUT 
OUT 
OUT 
OUT 
OUT 
OUT       ' '       
OUT     ' . . ' '   
OUT   ' . . . . . ' 
OUT ' * . . . . . ' 
OUT ' . . g . . . ' 
OUT   ' ' ' . . / ' 
OUT       ' . . . ' 
OUT       ' ~ . . ' 
OUT 
OUT ***
OUT You travel West...
OUT There is no one here.
OUT 
OUT 
OUT 
OUT [  N  W  S  E          Greet (name)        Attack (name) ]
OUT [  More   Help   Quit                  Hit Enter to wait ]
IN  'attack'
OUT You are alone, Rufus!
OUT 
OUT 
OUT 
OUT 
OUT 
OUT [  N  W  S  E          Greet (name)        Attack (name) ]
OUT [  More   Help   Quit                  Hit Enter to wait ]
IN  'N'
OUT 
OUT 
OUT 
OUT 
OUT 
OUT 
OUT 
OUT 
OUT 
OUT 
OUT 
OUT 
OUT 
OUT 
OUT 
OUT 
OUT 
OUT 
OUT 
OUT 
OUT 
OUT 
OUT 
OUT 
OUT 
OUT 
OUT 
OUT 
OUT 
OUT 
OUT 
OUT 
OUT 
OUT 
OUT 
OUT 
OUT 
OUT 
OUT 
OUT 
OUT 
OUT 
OUT 
OUT 
OUT 
OUT 
OUT 
OUT 
OUT 
OUT 
OUT 
OUT 
OUT 
OUT 
OUT 
OUT 
OUT 
OUT 
OUT 
OUT 
OUT 
OUT 
OUT 
OUT 
OUT 
OUT 
OUT 
OUT 
OUT 
OUT 
OUT 
OUT 
OUT 
OUT 
OUT 
OUT 
OUT 
OUT 
OUT 
OUT 
OUT 
OUT 
OUT       ' '       
OUT   ' ' . . ' '   
OUT ' * . . . . . ' 
OUT ' . . . . . . ' 
OUT ' . . g . . . ' 
OUT   ' ' ' . . / ' 
OUT       ' . . . ' 
OUT       ' ~ . . ' 
OUT 
OUT ***
OUT You travel North...
OUT There is no one here.
OUT 
OUT 
OUT 
OUT [  N  W  S  E          Greet (name)        Attack (name) ]
OUT [  More   Help   Quit                  Hit Enter to wait ]
IN  'attack'
OUT You are alone, Rufus!
OUT 
OUT 
OUT 
OUT 
OUT 
OUT [  N  W  S  E          Greet (name)        Attack (name) ]
OUT [  More   Help   Quit                  Hit Enter to wait ]
IN  'More'
OUT [  Stats   Who   Remember   Write                        ]
IN  'Who'
OUT 
OUT There's nobody here at all.
OUT 
OUT 
OUT 
OUT 
OUT 
OUT [  N  W  S  E          Greet (name)        Attack (name) ]
OUT [  More   Help   Quit                  Hit Enter to wait ]
IN  'attack'
OUT You are alone, Rufus!
OUT 
OUT 
OUT 
OUT 
OUT 
OUT [  N  W  S  E          Greet (name)        Attack (name) ]
OUT [  More   Help   Quit                  Hit Enter to wait ]
IN  'E'
OUT 
OUT 
OUT 
OUT 
OUT 
OUT 
OUT 
OUT 
OUT 
OUT 
OUT 
OUT 
OUT 
OUT 
OUT 
OUT 
OUT 
OUT 
OUT 
OUT 
OUT 
OUT 
OUT 
OUT 
OUT 
OUT 
OUT 
OUT 
OUT 
OUT 
OUT 
OUT 
OUT 
OUT 
OUT 
OUT 
OUT 
OUT 
OUT 
OUT 
OUT 
OUT 
OUT 
OUT 
OUT 
OUT 
OUT 
OUT 
OUT 
OUT 
OUT 
OUT 
OUT 
OUT 
OUT 
OUT 
OUT 
OUT 
OUT 
OUT 
OUT 
OUT 
OUT 
OUT 
OUT 
OUT 
OUT 
OUT 
OUT 
OUT 
OUT 
OUT 
OUT 
OUT 
OUT 
OUT 
OUT 
OUT 
OUT 
OUT 
OUT 
OUT 
OUT       ' '       
OUT   ' ' . . ' '   
OUT ' . * . . . . ' 
OUT ' . . . . . . ' 
OUT ' . . g . . . ' 
OUT   ' ' ' . . / ' 
OUT       ' . . . ' 
OUT       ' ~ . . ' 
OUT 
OUT ***
OUT You travel East...
OUT There is no one here.
OUT 
OUT 
OUT 
OUT [  N  W  S  E          Greet (name)        Attack (name) ]
OUT [  More   Help   Quit                  Hit Enter to wait ]
IN  'S'
OUT 
OUT 
OUT 
OUT 
OUT 
OUT 
OUT 
OUT 
OUT 
OUT 
OUT 
OUT 
OUT 
OUT 
OUT 
OUT 
OUT 
OUT 
OUT 
OUT 
OUT 
OUT 
OUT 
OUT 
OUT 
OUT 
OUT 
OUT 
OUT 
OUT 
OUT 
OUT 
OUT 
OUT 
OUT 
OUT 
OUT 
OUT 
OUT 
OUT 
OUT 
OUT 
OUT 
OUT 
OUT 
OUT 
OUT 
OUT 
OUT 
OUT 
OUT 
OUT 
OUT 
OUT 
OUT 
OUT 
OUT 
OUT 
OUT 
OUT 
OUT 
OUT 
OUT 
OUT 
OUT 
OUT 
OUT 
OUT 
OUT 
OUT 
OUT 
OUT 
OUT 
OUT 
OUT 
OUT 
OUT 
OUT 
OUT 
OUT 
OUT 
OUT 
OUT       ' '       
OUT   ' ' . . ' '   
OUT ' . . . . . . ' 
OUT ' . * . . . . ' 
OUT ' . . g . . . ' 
OUT   ' ' ' . . / ' 
OUT       ' . . . ' 
OUT       ' ~ . . ' 
OUT 
OUT ***
OUT You travel South...
OUT There is no one here.
OUT 
OUT 
OUT 
OUT [  N  W  S  E          Greet (name)        Attack (name) ]
OUT [  More   Help   Quit                  Hit Enter to wait ]
IN  'S'
OUT 
OUT 
OUT 
OUT 
OUT 
OUT 
OUT 
OUT 
OUT 
OUT 
OUT 
OUT 
OUT 
OUT 
OUT 
OUT 
OUT 
OUT 
OUT 
OUT 
OUT 
OUT 
OUT 
OUT 
OUT 
OUT 
OUT 
OUT 
OUT 
OUT 
OUT 
OUT 
OUT 
OUT 
OUT 
OUT 
OUT 
OUT 
OUT 
OUT 
OUT 
OUT 
OUT 
OUT 
OUT 
OUT 
OUT 
OUT 
OUT 
OUT 
OUT 
OUT 
OUT 
OUT 
OUT 
OUT 
OUT 
OUT 
OUT 
OUT 
OUT 
OUT 
OUT 
OUT 
OUT 
OUT 
OUT 
OUT 
OUT 
OUT 
OUT 
OUT 
OUT 
OUT 
OUT 
OUT 
OUT 
OUT 
OUT 
OUT 
OUT 
OUT 
OUT       ' '       
OUT   ' ' . . ' '   
OUT ' . . . . . . ' 
OUT ' . . . . . . ' 
OUT ' . * g . . . ' 
OUT   ' ' ' . . / ' 
OUT       ' . . . ' 
OUT       ' ~ . . ' 
OUT 
OUT ***
OUT You travel South...
OUT There is a stranger here.
OUT 
OUT 
OUT 
OUT 
OUT 
OUT [  N  W  S  E          Greet (name)        Attack (name) ]
OUT [  More   Help   Quit                  Hit Enter to wait ]
IN  'E'
OUT 
OUT 
OUT 
OUT 
OUT 
OUT 
OUT 
OUT 
OUT 
OUT 
OUT 
OUT 
OUT 
OUT 
OUT 
OUT 
OUT 
OUT 
OUT 
OUT 
OUT 
OUT 
OUT 
OUT 
OUT 
OUT 
OUT 
OUT 
OUT 
OUT 
OUT 
OUT 
OUT 
OUT 
OUT 
OUT 
OUT 
OUT 
OUT 
OUT 
OUT 
OUT 
OUT 
OUT 
OUT 
OUT 
OUT 
OUT 
OUT 
OUT 
OUT 
OUT 
OUT 
OUT 
OUT 
OUT 
OUT 
OUT 
OUT 
OUT 
OUT 
OUT 
OUT 
OUT 
OUT 
OUT 
OUT 
OUT 
OUT 
OUT 
OUT 
OUT 
OUT 
OUT 
OUT 
OUT 
OUT 
OUT 
OUT 
OUT 
OUT 
OUT 
OUT       ' '       
OUT   ' ' . . ' '   
OUT ' . . . . . . ' 
OUT ' . . . . . . ' 
OUT ' . . * . . . ' 
OUT   ' ' ' . . / ' 
OUT       ' . . . ' 
OUT       ' ~ . . ' 
OUT 
OUT ***
OUT You travel East...
OUT ************
OUT There is a longhouse here made of stones, huge branches and animal skins. Heads 
OUT of fearsome animals are planted on stakes nearby, and bones of all sizes litter 
OUT the ground. Smoke billows invitingly from a space in the roof. 
OUT There is no one here.
OUT 
OUT 
OUT 
OUT [  Go Inside                                             ]
OUT [  N  W  S  E          Greet (name)        Attack (name) ]
OUT [  More   Help   Quit                  Hit Enter to wait ]
IN  'Go Inside'
OUT You lift up a deerhide and stoop into the warm, smoky darkness. It smells good 
OUT in here... 
OUT 
OUT 
OUT [ (hit Enter) ]    
IN  ''
OUT 
OUT 
OUT 
OUT 
OUT 
OUT 
OUT 
OUT 
OUT 
OUT 
OUT 
OUT 
OUT 
OUT 
OUT 
OUT 
OUT 
OUT 
OUT 
OUT 
OUT 
OUT 
OUT 
OUT 
OUT 
OUT 
OUT 
OUT 
OUT 
OUT 
OUT 
OUT 
OUT 
OUT 
OUT 
OUT 
OUT 
OUT 
OUT 
OUT 
OUT 
OUT 
OUT *******************
OUT There are writings smeared and scratched on one of the walls. Farther into the 
OUT house, there is a table with benches and a large barrel. Farther still, you see 
OUT the fire smoking, and a colossal person, built like a stone wall, is busy at 
OUT crafts in a kind of workshop. 
OUT 
OUT [ Read         Table         Gregor       Toast (name)      Leave]
IN  'Read'
OUT   *   ******     **  **
OUT    DEADLIEST  CURS:  .. 
OUT 
OUT 
OUT   Bern 2     killed   3
OUT 
OUT 
OUT  Macgreg 2   killed  2
OUT 
OUT 
OUT   Robbin     killed   2
OUT 
OUT 
OUT    Klaus 3    killed   2
OUT 
OUT 
OUT   Eliot 2     killed   2
OUT 
OUT 
OUT 
OUT 
OUT [ (hit Enter) ]    
IN  ''
OUT *   ****   *** *   *  *   *
OUT        TOUGHEST GANGS   :   
OUT 
OUT 1.    Klaus 3    Elias     Luke    Chuck 2
OUT 
OUT 2.    Renald    Wastere 2    Alex 3
OUT 
OUT 
OUT 3.     Bendix 2    Virgil
OUT 
OUT 
OUT 
OUT [ (hit Enter) ]    
IN  ''
OUT 
OUT .  ~~~.  Visitors  *  **.  ..`
OUT 
OUT 
OUT Liudprand 2     Ash     Winston      Colby 3            Jack          Macgreg 2 
OUT Barney 2 
OUT Write your name?
OUT 
OUT [ Y / N ]
IN  'N'
OUT Gregor pulls you aside...
OUT GREGOR:  "Beware the forest. There's a wide curse on it, and you've got to be 
OUT prepared to survive it. But if you meet a good spirit in there, it'd be grateful
OUT to see you." 
OUT 
OUT 
OUT [ (hit Enter) ]    
IN  ''
OUT 
OUT [ Read         Table         Gregor       Toast (name)      Leave]
IN  'Table'
OUT 
OUT You sit down to have a drink with Gregor. Each man has 4 drinks lined up...
OUT Rufus: "HERE'S TO US!"
OUT GREGOR: "HERE'S TO US!"
OUT GULP!
OUT GULP!
OUT SLAM!
OUT SLAM!
OUT Rufus: "WHO'S LIKE US?"
OUT GREGOR: "WHO'S LIKE US?"
OUT GULP!
OUT GULP!
OUT SLAM!
OUT SLAM!
OUT Rufus: "DAMN FEW..."
OUT GREGOR: "DAMN FEW..."
OUT GULP!
OUT GULP!
OUT SLAM!
OUT SLAM!
OUT Rufus: "...AND THEY'RE ALL DEAD!"
OUT GREGOR: "...AND THEY'RE ALL DEAD!"
OUT GULP!
OUT GULP!
OUT SLAM!
OUT SLAM!
OUT GREGOR:  "Shoo, Rufus! There's work to be done!
OUT Gregor kicks Rufus out of the house!
OUT 
OUT 
OUT [ (hit Enter) ]    
IN  ''
OUT 
OUT 
OUT 
OUT 
OUT 
OUT 
OUT 
OUT 
OUT 
OUT 
OUT 
OUT 
OUT 
OUT 
OUT 
OUT 
OUT 
OUT 
OUT 
OUT 
OUT 
OUT 
OUT 
OUT 
OUT 
OUT 
OUT 
OUT 
OUT 
OUT 
OUT 
OUT 
OUT 
OUT 
OUT 
OUT 
OUT 
OUT 
OUT 
OUT 
OUT 
OUT 
OUT 
OUT 
OUT 
OUT 
OUT 
OUT 
OUT 
OUT 
OUT 
OUT 
OUT 
OUT 
OUT 
OUT 
OUT 
OUT 
OUT 
OUT 
OUT 
OUT 
OUT 
OUT 
OUT 
OUT 
OUT 
OUT 
OUT 
OUT 
OUT 
OUT 
OUT 
OUT 
OUT 
OUT 
OUT 
OUT 
OUT 
OUT 
OUT 
OUT 
OUT 
OUT 
OUT 
OUT 
OUT 
OUT 
OUT 
OUT 
OUT 
OUT 
OUT 
OUT 
OUT 
OUT 
OUT 
OUT 
OUT 
OUT 
OUT 
OUT 
OUT 
OUT 
OUT 
OUT 
OUT 
OUT 
OUT 
OUT 
OUT 
OUT 
OUT 
OUT 
OUT 
OUT 
OUT 
OUT 
OUT 
OUT 
OUT 
OUT 
OUT 
OUT 
OUT       ' '       
OUT   ' ' . . ' '   
OUT ' . . . . . . ' 
OUT ' . . . . . . ' 
OUT ' . . * . . . ' 
OUT   ' ' ' . . / ' 
OUT       ' . . . ' 
OUT       ' ~ . . ' 
OUT 
OUT ************
OUT There is a longhouse here made of stones, huge branches and animal skins. Heads 
OUT of fearsome animals are planted on stakes nearby, and bones of all sizes litter 
OUT the ground. Smoke billows invitingly from a space in the roof. 
OUT There is a stranger here.
OUT 
OUT 
OUT 
OUT 
OUT 
OUT [  Go Inside                                             ]
OUT [  N  W  S  E          Greet (name)        Attack (name) ]
OUT [  More   Help   Quit                  Hit Enter to wait ]
IN  'W'
OUT 
OUT 
OUT 
OUT 
OUT 
OUT 
OUT 
OUT 
OUT 
OUT 
OUT 
OUT 
OUT 
OUT 
OUT 
OUT 
OUT 
OUT 
OUT 
OUT 
OUT 
OUT 
OUT 
OUT 
OUT 
OUT 
OUT 
OUT 
OUT 
OUT 
OUT 
OUT 
OUT 
OUT 
OUT 
OUT 
OUT 
OUT 
OUT 
OUT 
OUT 
OUT 
OUT 
OUT 
OUT 
OUT 
OUT 
OUT 
OUT 
OUT 
OUT 
OUT 
OUT 
OUT 
OUT 
OUT 
OUT 
OUT 
OUT 
OUT 
OUT 
OUT 
OUT 
OUT 
OUT 
OUT 
OUT 
OUT 
OUT 
OUT 
OUT 
OUT 
OUT 
OUT 
OUT 
OUT 
OUT 
OUT 
OUT 
OUT 
OUT 
OUT 
OUT       ' '       
OUT   ' ' . . ' '   
OUT ' . . . . . . ' 
OUT ' . . . . . . ' 
OUT ' . * g . . . ' 
OUT   ' ' ' . . / ' 
OUT       ' . . . ' 
OUT       ' ~ . . ' 
OUT 
OUT ***
OUT You travel West...
OUT "FOREST! FOREST!"
OUT Xavier 3: "FOREST! FOREST!"
OUT Mailer 2: "FOREST! FOREST!"
OUT Xavier 3 is here.
OUT Mailer 2 is here.
OUT There is a stranger here.
OUT There is a cat here.
OUT 
OUT 
OUT 
OUT 
OUT 
OUT [  N  W  S  E          Greet (name)        Attack (name) ]
OUT [  More   Help   Quit                  Hit Enter to wait ]
IN  'W'
OUT 
OUT 
OUT 
OUT 
OUT 
OUT 
OUT 
OUT 
OUT 
OUT 
OUT 
OUT 
OUT 
OUT 
OUT 
OUT 
OUT 
OUT 
OUT 
OUT 
OUT 
OUT 
OUT 
OUT 
OUT 
OUT 
OUT 
OUT 
OUT 
OUT 
OUT 
OUT 
OUT 
OUT 
OUT 
OUT 
OUT 
OUT 
OUT 
OUT 
OUT 
OUT 
OUT 
OUT 
OUT 
OUT 
OUT 
OUT 
OUT 
OUT 
OUT 
OUT 
OUT 
OUT 
OUT 
OUT 
OUT 
OUT 
OUT 
OUT 
OUT 
OUT 
OUT 
OUT 
OUT 
OUT 
OUT 
OUT 
OUT 
OUT 
OUT 
OUT 
OUT 
OUT 
OUT 
OUT 
OUT 
OUT 
OUT 
OUT 
OUT 
OUT 
OUT       ' '       
OUT   ' ' . . ' '   
OUT ' . . . . . . ' 
OUT ' . . . . . . ' 
OUT ' * . g . . . ' 
OUT   ' ' ' . . / ' 
OUT       ' . . . ' 
OUT       ' ~ . . ' 
OUT 
OUT ***
OUT You travel West...
OUT There is a cat here.
OUT 
OUT 
OUT 
OUT 
OUT 
OUT [  N  W  S  E          Greet (name)        Attack (name) ]
OUT [  More   Help   Quit                  Hit Enter to wait ]
IN  'N'
OUT 
OUT 
OUT 
OUT 
OUT 
OUT 
OUT 
OUT 
OUT 
OUT 
OUT 
OUT 
OUT 
OUT 
OUT 
OUT 
OUT 
OUT 
OUT 
OUT 
OUT 
OUT 
OUT 
OUT 
OUT 
OUT 
OUT 
OUT 
OUT 
OUT 
OUT 
OUT 
OUT 
OUT 
OUT 
OUT 
OUT 
OUT 
OUT 
OUT 
OUT 
OUT 
OUT 
OUT 
OUT 
OUT 
OUT 
OUT 
OUT 
OUT 
OUT 
OUT 
OUT 
OUT 
OUT 
OUT 
OUT 
OUT 
OUT 
OUT 
OUT 
OUT 
OUT 
OUT 
OUT 
OUT 
OUT 
OUT 
OUT 
OUT 
OUT 
OUT 
OUT 
OUT 
OUT 
OUT 
OUT 
OUT 
OUT 
OUT 
OUT 
OUT 
OUT       ' '       
OUT   ' ' . . ' '   
OUT ' . . . . . . ' 
OUT ' * . . . . . ' 
OUT ' . . g . . . ' 
OUT   ' ' ' . . / ' 
OUT       ' . . . ' 
OUT       ' ~ . . ' 
OUT 
OUT ***
OUT You travel North...
OUT There is a stranger here.
OUT 
OUT 
OUT 
OUT 
OUT 
OUT [  N  W  S  E          Greet (name)        Attack (name) ]
OUT [  More   Help   Quit                  Hit Enter to wait ]
IN  'E'
OUT 
OUT 
OUT 
OUT 
OUT 
OUT 
OUT 
OUT 
OUT 
OUT 
OUT 
OUT 
OUT 
OUT 
OUT 
OUT 
OUT 
OUT 
OUT 
OUT 
OUT 
OUT 
OUT 
OUT 
OUT 
OUT 
OUT 
OUT 
OUT 
OUT 
OUT 
OUT 
OUT 
OUT 
OUT 
OUT 
OUT 
OUT 
OUT 
OUT 
OUT 
OUT 
OUT 
OUT 
OUT 
OUT 
OUT 
OUT 
OUT 
OUT 
OUT 
OUT 
OUT 
OUT 
OUT 
OUT 
OUT 
OUT 
OUT 
OUT 
OUT 
OUT 
OUT 
OUT 
OUT 
OUT 
OUT 
OUT 
OUT 
OUT 
OUT 
OUT 
OUT 
OUT 
OUT 
OUT 
OUT 
OUT 
OUT 
OUT 
OUT 
OUT 
OUT       ' '       
OUT   ' ' . . ' '   
OUT ' . . . . . . ' 
OUT ' . * . . . . ' 
OUT ' . . g . . . ' 
OUT   ' ' ' . . / ' 
OUT       ' . . . ' 
OUT       ' ~ . . ' 
OUT 
OUT ***
OUT You travel East...
OUT There is no one here.
OUT 
OUT 
OUT 
OUT [  N  W  S  E          Greet (name)        Attack (name) ]
OUT [  More   Help   Quit                  Hit Enter to wait ]
IN  'S'
OUT 
OUT 
OUT 
OUT 
OUT 
OUT 
OUT 
OUT 
OUT 
OUT 
OUT 
OUT 
OUT 
OUT 
OUT 
OUT 
OUT 
OUT 
OUT 
OUT 
OUT 
OUT 
OUT 
OUT 
OUT 
OUT 
OUT 
OUT 
OUT 
OUT 
OUT 
OUT 
OUT 
OUT 
OUT 
OUT 
OUT 
OUT 
OUT 
OUT 
OUT 
OUT 
OUT 
OUT 
OUT 
OUT 
OUT 
OUT 
OUT 
OUT 
OUT 
OUT 
OUT 
OUT 
OUT 
OUT 
OUT 
OUT 
OUT 
OUT 
OUT 
OUT 
OUT 
OUT 
OUT 
OUT 
OUT 
OUT 
OUT 
OUT 
OUT 
OUT 
OUT 
OUT 
OUT 
OUT 
OUT 
OUT 
OUT 
OUT 
OUT 
OUT 
OUT       ' '       
OUT   ' ' . . ' '   
OUT ' . . . . . . ' 
OUT ' . . . . . . ' 
OUT ' . * g . . . ' 
OUT   ' ' ' . . / ' 
OUT       ' . . . ' 
OUT       ' ~ . . ' 
OUT 
OUT ***
OUT You travel South...
OUT There is no one here.
OUT 
OUT 
OUT 
OUT [  N  W  S  E          Greet (name)        Attack (name) ]
OUT [  More   Help   Quit                  Hit Enter to wait ]
IN  'W'
OUT 
OUT 
OUT 
OUT 
OUT 
OUT 
OUT 
OUT 
OUT 
OUT 
OUT 
OUT 
OUT 
OUT 
OUT 
OUT 
OUT 
OUT 
OUT 
OUT 
OUT 
OUT 
OUT 
OUT 
OUT 
OUT 
OUT 
OUT 
OUT 
OUT 
OUT 
OUT 
OUT 
OUT 
OUT 
OUT 
OUT 
OUT 
OUT 
OUT 
OUT 
OUT 
OUT 
OUT 
OUT 
OUT 
OUT 
OUT 
OUT 
OUT 
OUT 
OUT 
OUT 
OUT 
OUT 
OUT 
OUT 
OUT 
OUT 
OUT 
OUT 
OUT 
OUT 
OUT 
OUT 
OUT 
OUT 
OUT 
OUT 
OUT 
OUT 
OUT 
OUT 
OUT 
OUT 
OUT 
OUT 
OUT 
OUT 
OUT 
OUT 
OUT 
OUT       ' '       
OUT   ' ' . . ' '   
OUT ' . . . . . . ' 
OUT ' . . . . . . ' 
OUT ' * . g . . . ' 
OUT   ' ' ' . . / ' 
OUT       ' . . . ' 
OUT       ' ~ . . ' 
OUT 
OUT ***
OUT You travel West...
OUT There is no one here.
OUT 
OUT 
OUT 
OUT [  N  W  S  E          Greet (name)        Attack (name) ]
OUT [  More   Help   Quit                  Hit Enter to wait ]
IN  'S'
OUT 
OUT 
OUT 
OUT 
OUT 
OUT 
OUT 
OUT 
OUT 
OUT 
OUT 
OUT 
OUT 
OUT 
OUT 
OUT 
OUT 
OUT 
OUT 
OUT 
OUT 
OUT 
OUT 
OUT 
OUT 
OUT 
OUT 
OUT 
OUT 
OUT 
OUT 
OUT 
OUT 
OUT 
OUT 
OUT 
OUT 
OUT 
OUT 
OUT 
OUT 
OUT 
OUT 
OUT 
OUT 
OUT 
OUT 
OUT 
OUT 
OUT 
OUT 
OUT 
OUT 
OUT 
OUT 
OUT 
OUT 
OUT 
OUT 
OUT 
OUT 
OUT 
OUT 
OUT 
OUT 
OUT 
OUT 
OUT 
OUT 
OUT 
OUT 
OUT 
OUT 
OUT 
OUT 
OUT 
OUT 
OUT 
OUT 
OUT 
OUT 
OUT 
OUT       ' '       
OUT   ' ' . . ' '   
OUT ' . . . . . . ' 
OUT ' . . . . . . ' 
OUT ' . . g . . . ' 
OUT ' * ' ' . . / ' 
OUT   '   ' . . . ' 
OUT       ' ~ . . ' 
OUT 
OUT ***
OUT You travel South...
OUT There is no one here.
OUT 
OUT 
OUT 
OUT [  N  W  S  E          Greet (name)        Attack (name) ]
OUT [  More   Help   Quit                  Hit Enter to wait ]
IN  'greet'
OUT You are alone, Rufus!
OUT 
OUT 
OUT 
OUT 
OUT 
OUT [  N  W  S  E          Greet (name)        Attack (name) ]
OUT [  More   Help   Quit                  Hit Enter to wait ]
IN  'E'
OUT 
OUT 
OUT 
OUT 
OUT 
OUT 
OUT 
OUT 
OUT 
OUT 
OUT 
OUT 
OUT 
OUT 
OUT 
OUT 
OUT 
OUT 
OUT 
OUT 
OUT 
OUT 
OUT 
OUT 
OUT 
OUT 
OUT 
OUT 
OUT 
OUT 
OUT 
OUT 
OUT 
OUT 
OUT 
OUT 
OUT 
OUT 
OUT 
OUT 
OUT 
OUT 
OUT 
OUT 
OUT 
OUT 
OUT 
OUT 
OUT 
OUT 
OUT 
OUT 
OUT 
OUT 
OUT 
OUT 
OUT 
OUT 
OUT 
OUT 
OUT 
OUT 
OUT 
OUT 
OUT 
OUT 
OUT 
OUT 
OUT 
OUT 
OUT 
OUT 
OUT 
OUT 
OUT 
OUT 
OUT 
OUT 
OUT 
OUT 
OUT 
OUT 
OUT       ' '       
OUT   ' ' . . ' '   
OUT ' . . . . . . ' 
OUT ' . . . . . . ' 
OUT ' . . g . . . ' 
OUT ' . * ' . . / ' 
OUT   ' ' ' . . . ' 
OUT       ' ~ . . ' 
OUT 
OUT ***
OUT You travel East...
OUT The grass is a little taller here.
OUT There is no one here.
OUT 
OUT 
OUT 
OUT [  N  W  S  E          Greet (name)        Attack (name) ]
OUT [  More   Help   Quit                  Hit Enter to wait ]
IN  'W'
OUT 
OUT 
OUT 
OUT 
OUT 
OUT 
OUT 
OUT 
OUT 
OUT 
OUT 
OUT 
OUT 
OUT 
OUT 
OUT 
OUT 
OUT 
OUT 
OUT 
OUT 
OUT 
OUT 
OUT 
OUT 
OUT 
OUT 
OUT 
OUT 
OUT 
OUT 
OUT 
OUT 
OUT 
OUT 
OUT 
OUT 
OUT 
OUT 
OUT 
OUT 
OUT 
OUT 
OUT 
OUT 
OUT 
OUT 
OUT 
OUT 
OUT 
OUT 
OUT 
OUT 
OUT 
OUT 
OUT 
OUT 
OUT 
OUT 
OUT 
OUT 
OUT 
OUT 
OUT 
OUT 
OUT 
OUT 
OUT 
OUT 
OUT 
OUT 
OUT 
OUT 
OUT 
OUT 
OUT 
OUT 
OUT 
OUT 
OUT 
OUT 
OUT 
OUT       ' '       
OUT   ' ' . . ' '   
OUT ' . . . . . . ' 
OUT ' . . . . . . ' 
OUT ' . . g . . . ' 
OUT ' * : ' . . / ' 
OUT   ' ' ' . . . ' 
OUT       ' ~ . . ' 
OUT 
OUT ***
OUT You travel West...
OUT There is no one here.
OUT 
OUT 
OUT 
OUT [  N  W  S  E          Greet (name)        Attack (name) ]
OUT [  More   Help   Quit                  Hit Enter to wait ]
IN  'S'
OUT 
OUT 
OUT 
OUT 
OUT 
OUT 
OUT 
OUT 
OUT 
OUT 
OUT 
OUT 
OUT 
OUT 
OUT 
OUT 
OUT 
OUT 
OUT 
OUT 
OUT 
OUT 
OUT 
OUT 
OUT 
OUT 
OUT 
OUT 
OUT 
OUT 
OUT 
OUT 
OUT 
OUT 
OUT 
OUT 
OUT 
OUT 
OUT 
OUT 
OUT 
OUT 
OUT 
OUT 
OUT 
OUT 
OUT 
OUT 
OUT 
OUT 
OUT 
OUT 
OUT 
OUT 
OUT 
OUT 
OUT 
OUT 
OUT 
OUT 
OUT 
OUT 
OUT 
OUT 
OUT 
OUT 
OUT 
OUT 
OUT 
OUT 
OUT 
OUT 
OUT 
OUT 
OUT 
OUT 
OUT 
OUT 
OUT 
OUT 
OUT 
OUT 
OUT       ' '       
OUT   ' ' . . ' '   
OUT ' . . . . . . ' 
OUT ' . . . . . . ' 
OUT ' . . g . . . ' 
OUT ' . : ' . . / ' 
OUT ' * ' ' . . . ' 
OUT   '   ' ~ . . ' 
OUT 
OUT ***
OUT You travel South...
OUT There is no one here.
OUT 
OUT 
OUT 
OUT [  N  W  S  E          Greet (name)        Attack (name) ]
OUT [  More   Help   Quit                  Hit Enter to wait ]
IN  'N'
OUT 
OUT 
OUT 
OUT 
OUT 
OUT 
OUT 
OUT 
OUT 
OUT 
OUT 
OUT 
OUT 
OUT 
OUT 
OUT 
OUT 
OUT 
OUT 
OUT 
OUT 
OUT 
OUT 
OUT 
OUT 
OUT 
OUT 
OUT 
OUT 
OUT 
OUT 
OUT 
OUT 
OUT 
OUT 
OUT 
OUT 
OUT 
OUT 
OUT 
OUT 
OUT 
OUT 
OUT 
OUT 
OUT 
OUT 
OUT 
OUT 
OUT 
OUT 
OUT 
OUT 
OUT 
OUT 
OUT 
OUT 
OUT 
OUT 
OUT 
OUT 
OUT 
OUT 
OUT 
OUT 
OUT 
OUT 
OUT 
OUT 
OUT 
OUT 
OUT 
OUT 
OUT 
OUT 
OUT 
OUT 
OUT 
OUT 
OUT 
OUT 
OUT 
OUT       ' '       
OUT   ' ' . . ' '   
OUT ' . . . . . . ' 
OUT ' . . . . . . ' 
OUT ' . . g . . . ' 
OUT ' * : ' . . / ' 
OUT ' . ' ' . . . ' 
OUT   '   ' ~ . . ' 
OUT 
OUT ***
OUT You travel North...
OUT There is no one here.
OUT 
OUT 
OUT 
OUT [  N  W  S  E          Greet (name)        Attack (name) ]
OUT [  More   Help   Quit                  Hit Enter to wait ]
IN  'greet'
OUT You are alone, Rufus!
OUT 
OUT 
OUT 
OUT 
OUT 
OUT [  N  W  S  E          Greet (name)        Attack (name) ]
OUT [  More   Help   Quit                  Hit Enter to wait ]
IN  'More'
OUT [  Stats   Who   Remember   Write                        ]
IN  'greet'
OUT You are alone, Rufus!
OUT 
OUT 
OUT 
OUT 
OUT 
OUT [  N  W  S  E          Greet (name)        Attack (name) ]
OUT [  More   Help   Quit                  Hit Enter to wait ]
IN  'W'
OUT 
OUT 
OUT 
OUT 
OUT 
OUT 
OUT 
OUT 
OUT 
OUT 
OUT 
OUT 
OUT 
OUT 
OUT 
OUT 
OUT 
OUT 
OUT 
OUT 
OUT 
OUT 
OUT 
OUT 
OUT 
OUT 
OUT 
OUT 
OUT 
OUT 
OUT 
OUT 
OUT 
OUT 
OUT 
OUT 
OUT 
OUT 
OUT 
OUT 
OUT 
OUT 
OUT 
OUT 
OUT 
OUT 
OUT 
OUT 
OUT 
OUT 
OUT 
OUT 
OUT 
OUT 
OUT 
OUT 
OUT 
OUT 
OUT 
OUT 
OUT 
OUT 
OUT 
OUT 
OUT 
OUT 
OUT 
OUT 
OUT 
OUT 
OUT 
OUT 
OUT 
OUT 
OUT 
OUT 
OUT 
OUT 
OUT 
OUT 
OUT 
OUT 
OUT         ' '       
OUT     ' ' . . ' '   
OUT   ' . . . . . . ' 
OUT   ' . . . . . . ' 
OUT   ' . . g . . . ' 
OUT ' * . : ' . . / ' 
OUT   ' . ' ' . . . ' 
OUT     '   ' ~ . . ' 
OUT 
OUT ***
OUT You travel West...
OUT There is a stranger here.
OUT 
OUT 
OUT 
OUT 
OUT 
OUT [  N  W  S  E          Greet (name)        Attack (name) ]
OUT [  More   Help   Quit                  Hit Enter to wait ]
IN  'E'
OUT 
OUT 
OUT 
OUT 
OUT 
OUT 
OUT 
OUT 
OUT 
OUT 
OUT 
OUT 
OUT 
OUT 
OUT 
OUT 
OUT 
OUT 
OUT 
OUT 
OUT 
OUT 
OUT 
OUT 
OUT 
OUT 
OUT 
OUT 
OUT 
OUT 
OUT 
OUT 
OUT 
OUT 
OUT 
OUT 
OUT 
OUT 
OUT 
OUT 
OUT 
OUT 
OUT 
OUT 
OUT 
OUT 
OUT 
OUT 
OUT 
OUT 
OUT 
OUT 
OUT 
OUT 
OUT 
OUT 
OUT 
OUT 
OUT 
OUT 
OUT 
OUT 
OUT 
OUT 
OUT 
OUT 
OUT 
OUT 
OUT 
OUT 
OUT 
OUT 
OUT 
OUT 
OUT 
OUT 
OUT 
OUT 
OUT 
OUT 
OUT 
OUT 
OUT         ' '       
OUT     ' ' . . ' '   
OUT   ' . . . . . . ' 
OUT   ' . . . . . . ' 
OUT   ' . . g . . . ' 
OUT ' . * : ' . . / ' 
OUT   ' . ' ' . . . ' 
OUT     '   ' ~ . . ' 
OUT 
OUT ***
OUT You travel East...
OUT There is a stranger here.
OUT 
OUT 
OUT 
OUT 
OUT 
OUT [  N  W  S  E          Greet (name)        Attack (name) ]
OUT [  More   Help   Quit                  Hit Enter to wait ]
IN  'S'
OUT 
OUT 
OUT 
OUT 
OUT 
OUT 
OUT 
OUT 
OUT 
OUT 
OUT 
OUT 
OUT 
OUT 
OUT 
OUT 
OUT 
OUT 
OUT 
OUT 
OUT 
OUT 
OUT 
OUT 
OUT 
OUT 
OUT 
OUT 
OUT 
OUT 
OUT 
OUT 
OUT 
OUT 
OUT 
OUT 
OUT 
OUT 
OUT 
OUT 
OUT 
OUT 
OUT 
OUT 
OUT 
OUT 
OUT 
OUT 
OUT 
OUT 
OUT 
OUT 
OUT 
OUT 
OUT 
OUT 
OUT 
OUT 
OUT 
OUT 
OUT 
OUT 
OUT 
OUT 
OUT 
OUT 
OUT 
OUT 
OUT 
OUT 
OUT 
OUT 
OUT 
OUT 
OUT 
OUT 
OUT 
OUT 
OUT 
OUT 
OUT 
OUT 
OUT         ' '       
OUT     ' ' . . ' '   
OUT   ' . . . . . . ' 
OUT   ' . . . . . . ' 
OUT   ' . . g . . . ' 
OUT ' . . : ' . . / ' 
OUT   ' * ' ' . . . ' 
OUT     '   ' ~ . . ' 
OUT 
OUT ***
OUT You travel South...
OUT Macgreg 2 is here.
OUT There is a cat here.
OUT There are 2 strangers here.
OUT 
OUT 
OUT This man's name is Red 3.
OUT Red 3 is in a gang with Macgreg 2 and Ignatious 2.
OUT 
OUT Red 3: "Let's team up, eh?"
OUT 
OUT 
OUT 
OUT 
OUT 
OUT [ Y / N ]
IN  'N'
OUT 
OUT Red 3: "Meh. Later."
OUT You notice that Red 3 is carrying something unusual... it looks like an apple 
OUT bomb... 
OUT 
OUT 
OUT 
OUT 
OUT 
OUT [  N  W  S  E          Greet (name)        Attack (name) ]
OUT [  More   Help   Quit                  Hit Enter to wait ]
IN  'N'
OUT 
OUT 
OUT 
OUT 
OUT 
OUT 
OUT 
OUT 
OUT 
OUT 
OUT 
OUT 
OUT 
OUT 
OUT 
OUT 
OUT 
OUT 
OUT 
OUT 
OUT 
OUT 
OUT 
OUT 
OUT 
OUT 
OUT 
OUT 
OUT 
OUT 
OUT 
OUT 
OUT 
OUT 
OUT 
OUT 
OUT 
OUT 
OUT 
OUT 
OUT 
OUT 
OUT 
OUT 
OUT 
OUT 
OUT 
OUT 
OUT 
OUT 
OUT 
OUT 
OUT 
OUT 
OUT 
OUT 
OUT 
OUT 
OUT 
OUT 
OUT 
OUT 
OUT 
OUT 
OUT 
OUT 
OUT 
OUT 
OUT 
OUT 
OUT 
OUT 
OUT 
OUT 
OUT 
OUT 
OUT 
OUT 
OUT 
OUT 
OUT 
OUT 
OUT         ' '       
OUT     ' ' . . ' '   
OUT   ' . . . . . . ' 
OUT   ' . . . . . . ' 
OUT   ' . . g . . . ' 
OUT ' . * : ' . . / ' 
OUT   ' . ' ' . . . ' 
OUT     '   ' ~ . . ' 
OUT 
OUT ***
OUT You travel North...
OUT Macgreg 2 is here.
OUT Red 3 is here.
OUT Ignatious 2 is here.
OUT There is a stranger here.
OUT There is a cat here.
OUT 
OUT 
OUT This man's name is Ralph 4.
OUT 
OUT Ralph 4: "Let's team up, eh?"
OUT 
OUT 
OUT 
OUT 
OUT 
OUT [ Y / N ]
IN  'N'
OUT 
OUT Ralph 4: "Meh. Later."
OUT 
OUT 
OUT You chat with Ignatious 2, and you end up repeating what you heard about the 
OUT forest. 
OUT Ignatious 2: "Nice day, id'n it?"
OUT 
OUT 
OUT 
OUT 
OUT 
OUT [  N  W  S  E          Greet (name)        Attack (name) ]
OUT [  More   Help   Quit                  Hit Enter to wait ]
IN  'E'
OUT 
OUT 
OUT 
OUT 
OUT 
OUT 
OUT 
OUT 
OUT 
OUT 
OUT 
OUT 
OUT 
OUT 
OUT 
OUT 
OUT 
OUT 
OUT 
OUT 
OUT 
OUT 
OUT 
OUT 
OUT 
OUT 
OUT 
OUT 
OUT 
OUT 
OUT 
OUT 
OUT 
OUT 
OUT 
OUT 
OUT 
OUT 
OUT 
OUT 
OUT 
OUT 
OUT 
OUT 
OUT 
OUT 
OUT 
OUT 
OUT 
OUT 
OUT 
OUT 
OUT 
OUT 
OUT 
OUT 
OUT 
OUT 
OUT 
OUT 
OUT 
OUT 
OUT 
OUT 
OUT 
OUT 
OUT 
OUT 
OUT 
OUT 
OUT 
OUT 
OUT 
OUT 
OUT 
OUT 
OUT 
OUT 
OUT 
OUT 
OUT 
OUT 
OUT         ' '       
OUT     ' ' . . ' '   
OUT   ' . . . . . . ' 
OUT   ' . . . . . . ' 
OUT   ' . . g . . . ' 
OUT ' . . * ' . . / ' 
OUT   ' . ' ' . . . ' 
OUT     '   ' ~ . . ' 
OUT 
OUT ***
OUT You travel East...
OUT The grass is a little taller here.
OUT Ralph 4 is here.
OUT There is a dog here.
OUT 
OUT 
OUT 
OUT 
OUT 
OUT [  N  W  S  E          Greet (name)        Attack (name) ]
OUT [  More   Help   Quit                  Hit Enter to wait ]
IN  'greet'
OUT Whom are you greeting?
IN  'stranger'
OUT You know everyone here!
OUT 
OUT 
OUT 
OUT 
OUT 
OUT [  N  W  S  E          Greet (name)        Attack (name) ]
OUT [  More   Help   Quit                  Hit Enter to wait ]
IN  'stranger'
OUT 
OUT 
OUT 
OUT 
OUT 
OUT [  N  W  S  E          Greet (name)        Attack (name) ]
OUT [  More   Help   Quit                  Hit Enter to wait ]
IN  'W'
OUT 
OUT 
OUT 
OUT 
OUT 
OUT 
OUT 
OUT 
OUT 
OUT 
OUT 
OUT 
OUT 
OUT 
OUT 
OUT 
OUT 
OUT 
OUT 
OUT 
OUT 
OUT 
OUT 
OUT 
OUT 
OUT 
OUT 
OUT 
OUT 
OUT 
OUT 
OUT 
OUT 
OUT 
OUT 
OUT 
OUT 
OUT 
OUT 
OUT 
OUT 
OUT 
OUT 
OUT 
OUT 
OUT 
OUT 
OUT 
OUT 
OUT 
OUT 
OUT 
OUT 
OUT 
OUT 
OUT 
OUT 
OUT 
OUT 
OUT 
OUT 
OUT 
OUT 
OUT 
OUT 
OUT 
OUT 
OUT 
OUT 
OUT 
OUT 
OUT 
OUT 
OUT 
OUT 
OUT 
OUT 
OUT 
OUT 
OUT 
OUT 
OUT 
OUT         ' '       
OUT     ' ' . . ' '   
OUT   ' . . . . . . ' 
OUT   ' . . . . . . ' 
OUT   ' . . g . . . ' 
OUT ' . * : ' . . / ' 
OUT   ' . ' ' . . . ' 
OUT     '   ' ~ . . ' 
OUT 
OUT ***
OUT You travel West...
OUT There is a dog here.
OUT 
OUT 
OUT 
OUT 
OUT 
OUT [  N  W  S  E          Greet (name)        Attack (name) ]
OUT [  More   Help   Quit                  Hit Enter to wait ]
IN  'attack'
OUT The dog growls and dodges your advances, then whines in confusion and runs away.
OUT 
OUT 
OUT [ (hit Enter) ]    
IN  ''
OUT 
OUT 
OUT 
OUT 
OUT 
OUT [  N  W  S  E          Greet (name)        Attack (name) ]
OUT [  More   Help   Quit                  Hit Enter to wait ]
IN  'greet'
OUT You are alone, Rufus!
OUT 
OUT 
OUT 
OUT 
OUT 
OUT [  N  W  S  E          Greet (name)        Attack (name) ]
OUT [  More   Help   Quit                  Hit Enter to wait ]
IN  'greet'
OUT You are alone, Rufus!
OUT 
OUT 
OUT 
OUT 
OUT 
OUT [  N  W  S  E          Greet (name)        Attack (name) ]
OUT [  More   Help   Quit                  Hit Enter to wait ]
IN  'greet'
OUT You are alone, Rufus!
OUT 
OUT 
OUT 
OUT 
OUT 
OUT [  N  W  S  E          Greet (name)        Attack (name) ]
OUT [  More   Help   Quit                  Hit Enter to wait ]
IN  'N'
OUT 
OUT 
OUT 
OUT 
OUT 
OUT 
OUT 
OUT 
OUT 
OUT 
OUT 
OUT 
OUT 
OUT 
OUT 
OUT 
OUT 
OUT 
OUT 
OUT 
OUT 
OUT 
OUT 
OUT 
OUT 
OUT 
OUT 
OUT 
OUT 
OUT 
OUT 
OUT 
OUT 
OUT 
OUT 
OUT 
OUT 
OUT 
OUT 
OUT 
OUT 
OUT 
OUT 
OUT 
OUT 
OUT 
OUT 
OUT 
OUT 
OUT 
OUT 
OUT 
OUT 
OUT 
OUT 
OUT 
OUT 
OUT 
OUT 
OUT 
OUT 
OUT 
OUT 
OUT 
OUT 
OUT 
OUT 
OUT 
OUT 
OUT 
OUT 
OUT 
OUT 
OUT 
OUT 
OUT 
OUT 
OUT 
OUT 
OUT 
OUT 
OUT 
OUT         ' '       
OUT     ' ' . . ' '   
OUT   ' . . . . . . ' 
OUT   ' . . . . . . ' 
OUT   ' * . g . . . ' 
OUT ' . . : ' . . / ' 
OUT   ' . ' ' . . . ' 
OUT     '   ' ~ . . ' 
OUT 
OUT ***
OUT You travel North...
OUT There is no one here.
OUT 
OUT 
OUT 
OUT [  N  W  S  E          Greet (name)        Attack (name) ]
OUT [  More   Help   Quit                  Hit Enter to wait ]
IN  'S'
OUT 
OUT 
OUT 
OUT 
OUT 
OUT 
OUT 
OUT 
OUT 
OUT 
OUT 
OUT 
OUT 
OUT 
OUT 
OUT 
OUT 
OUT 
OUT 
OUT 
OUT 
OUT 
OUT 
OUT 
OUT 
OUT 
OUT 
OUT 
OUT 
OUT 
OUT 
OUT 
OUT 
OUT 
OUT 
OUT 
OUT 
OUT 
OUT 
OUT 
OUT 
OUT 
OUT 
OUT 
OUT 
OUT 
OUT 
OUT 
OUT 
OUT 
OUT 
OUT 
OUT 
OUT 
OUT 
OUT 
OUT 
OUT 
OUT 
OUT 
OUT 
OUT 
OUT 
OUT 
OUT 
OUT 
OUT 
OUT 
OUT 
OUT 
OUT 
OUT 
OUT 
OUT 
OUT 
OUT 
OUT 
OUT 
OUT 
OUT 
OUT 
OUT 
OUT         ' '       
OUT     ' ' . . ' '   
OUT   ' . . . . . . ' 
OUT   ' . . . . . . ' 
OUT   ' . . g . . . ' 
OUT ' . * : ' . . / ' 
OUT   ' . ' ' . . . ' 
OUT     '   ' ~ . . ' 
OUT 
OUT ***
OUT You travel South...
OUT There is a dog here.
OUT 
OUT 
OUT 
OUT 
OUT 
OUT [  N  W  S  E          Greet (name)        Attack (name) ]
OUT [  More   Help   Quit                  Hit Enter to wait ]
IN  'N'
OUT 
OUT 
OUT 
OUT 
OUT 
OUT 
OUT 
OUT 
OUT 
OUT 
OUT 
OUT 
OUT 
OUT 
OUT 
OUT 
OUT 
OUT 
OUT 
OUT 
OUT 
OUT 
OUT 
OUT 
OUT 
OUT 
OUT 
OUT 
OUT 
OUT 
OUT 
OUT 
OUT 
OUT 
OUT 
OUT 
OUT 
OUT 
OUT 
OUT 
OUT 
OUT 
OUT 
OUT 
OUT 
OUT 
OUT 
OUT 
OUT 
OUT 
OUT 
OUT 
OUT 
OUT 
OUT 
OUT 
OUT 
OUT 
OUT 
OUT 
OUT 
OUT 
OUT 
OUT 
OUT 
OUT 
OUT 
OUT 
OUT 
OUT 
OUT 
OUT 
OUT 
OUT 
OUT 
OUT 
OUT 
OUT 
OUT 
OUT 
OUT 
OUT 
OUT         ' '       
OUT     ' ' . . ' '   
OUT   ' . . . . . . ' 
OUT   ' . . . . . . ' 
OUT   ' * . g . . . ' 
OUT ' . . : ' . . / ' 
OUT   ' . ' ' . . . ' 
OUT     '   ' ~ . . ' 
OUT 
OUT ***
OUT You travel North...
OUT There is a dog here.
OUT 
OUT 
OUT 
OUT 
OUT 
OUT [  N  W  S  E          Greet (name)        Attack (name) ]
OUT [  More   Help   Quit                  Hit Enter to wait ]
IN  'More'
OUT [  Stats   Who   Remember   Write                        ]
IN  'E'
OUT 
OUT 
OUT 
OUT 
OUT 
OUT 
OUT 
OUT 
OUT 
OUT 
OUT 
OUT 
OUT 
OUT 
OUT 
OUT 
OUT 
OUT 
OUT 
OUT 
OUT 
OUT 
OUT 
OUT 
OUT 
OUT 
OUT 
OUT 
OUT 
OUT 
OUT 
OUT 
OUT 
OUT 
OUT 
OUT 
OUT 
OUT 
OUT 
OUT 
OUT 
OUT 
OUT 
OUT 
OUT 
OUT 
OUT 
OUT 
OUT 
OUT 
OUT 
OUT 
OUT 
OUT 
OUT 
OUT 
OUT 
OUT 
OUT 
OUT 
OUT 
OUT 
OUT 
OUT 
OUT 
OUT 
OUT 
OUT 
OUT 
OUT 
OUT 
OUT 
OUT 
OUT 
OUT 
OUT 
OUT 
OUT 
OUT 
OUT 
OUT 
OUT 
OUT         ' '       
OUT     ' ' . . ' '   
OUT   ' . . . . . . ' 
OUT   ' . . . . . . ' 
OUT   ' . * g . . . ' 
OUT ' . . : ' . . / ' 
OUT   ' . ' ' . . . ' 
OUT     '   ' ~ . . ' 
OUT 
OUT ***
OUT You travel East...
OUT Someone you don't recognize lies dead here.
OUT No others here live.
OUT 
OUT 
OUT 
OUT 
OUT 
OUT [  N  W  S  E          Greet (name)        Attack (name) ]
OUT [  Bury  Loot                                            ]
OUT [  More   Help   Quit                  Hit Enter to wait ]
IN  'E'
OUT 
OUT 
OUT 
OUT 
OUT 
OUT 
OUT 
OUT 
OUT 
OUT 
OUT 
OUT 
OUT 
OUT 
OUT 
OUT 
OUT 
OUT 
OUT 
OUT 
OUT 
OUT 
OUT 
OUT 
OUT 
OUT 
OUT 
OUT 
OUT 
OUT 
OUT 
OUT 
OUT 
OUT 
OUT 
OUT 
OUT 
OUT 
OUT 
OUT 
OUT 
OUT 
OUT 
OUT 
OUT 
OUT 
OUT 
OUT 
OUT 
OUT 
OUT 
OUT 
OUT 
OUT 
OUT 
OUT 
OUT 
OUT 
OUT 
OUT 
OUT 
OUT 
OUT 
OUT 
OUT 
OUT 
OUT 
OUT 
OUT 
OUT 
OUT 
OUT 
OUT 
OUT 
OUT 
OUT 
OUT 
OUT 
OUT 
OUT 
OUT 
OUT 
OUT         ' '       
OUT     ' ' . . ' '   
OUT   ' . . . . . . ' 
OUT   ' . . . . . . ' 
OUT   ' . . * . . . ' 
OUT ' . . : ' . . / ' 
OUT   ' . ' ' . . . ' 
OUT     '   ' ~ . . ' 
OUT 
OUT ***
OUT You travel East...
OUT ************
OUT There is a longhouse here made of stones, huge branches and animal skins. Heads 
OUT of fearsome animals are planted on stakes nearby, and bones of all sizes litter 
OUT the ground. Smoke billows invitingly from a space in the roof. 
OUT Macgreg 2 is here.
OUT Red 3 is here.
OUT Ignatious 2 is here.
OUT There is a stranger here.
OUT There is a cat here.
OUT 
OUT 
OUT 
OUT Red 3: "Let's team up, eh?"
OUT 
OUT 
OUT 
OUT 
OUT 
OUT [ Y / N ]
IN  'Y'
OUT 
OUT Red 3: "Now we just have to ask the gang..."
OUT "Any opposed?"
OUT Macgreg 2: "I oppose!" 
OUT Ignatious 2: "Welcome!" 
OUT Macgreg 2 is the only challenger! He must fight Rufus!
OUT 
OUT 
OUT [ (hit Enter) ]    
IN  ''
OUT 
OUT 
OUT 
OUT 
OUT 
OUT 
OUT 
OUT 
OUT 
OUT 
OUT  
OUT 
OUT 
OUT 
OUT 
OUT 
OUT 
OUT 
OUT 
OUT 
OUT  
OUT 
OUT 
OUT 
OUT 
OUT 
OUT 
OUT 
OUT 
OUT 
OUT  
OUT 
OUT 
OUT 
OUT 
OUT 
OUT 
OUT 
OUT 
OUT 
OUT  
OUT 
OUT 
OUT 
OUT 
OUT 
OUT 
OUT 
OUT 
OUT 
OUT 
OUT BATTLE
OUT **************************************************
OUT 
OUT 
OUT Macgreg 2
OUT Strength: 1 (??) Health: 3 (??)(Max 43 (??)) Speed: 8 (??)
OUT  Skill: 1 (??) Personality: 60 Morale: 40
OUT Rufus
OUT Strength: 11 Health: 23(Max 23) Speed: 5 (?)
OUT  Skill: 0 Personality: 47 Morale: 34
OUT 
OUT 
OUT Order:
OUT Macgreg 2 got a 13.
OUT Rufus got a 13.
OUT Macgreg 2 hits Rufus for 5 points!
OUT Simultaneously...
OUT 
OUT 
OUT [ (F)ight      Run      Commit ]
IN  'Commit'
OUT Rufus swings at Macgreg 2, but misses!
OUT Rufus hits Macgreg 2 for 2 points!
OUT Macgreg 2 hits Rufus for 10 points!
OUT Rufus hits Macgreg 2 for 5 points!
OUT Macgreg 2 hits Rufus for 6 points!
OUT Macgreg 2 hits Rufus for 7 points!
OUT 
OUT 
OUT [ (hit Enter) ]    
IN  ''
OUT The battle is over!
OUT Macgreg 2 has slain Rufus!
OUT Macgreg 2:  "HAH HAAAH!!" 
OUT Macgreg 2 has his way in the matter! The hopeful is no more.
OUT A gang here is voting on whether to initiate a new member.
OUT Looks like no one opposes... he is welcomed into the gang.
OUT Red 3 is sparring with a stranger that he seems to know - it looks like a combat
OUT lesson. 
OUT ***
OUT You lie dead... worms begin to consider you... your spirit haunts this field, 
OUT listening and watching... 
OUT Macgreg 2 wanders off...  
OUT A stranger wanders off...  
OUT Red 3 wanders off...  
OUT Ignatious 2 wanders off...  
OUT ***
OUT You are reborn...
OUT 
OUT 
OUT Rufus 2
OUT Strength: ??? Health: ???(Max ???) Speed: ???
OUT  Skill: 0 Personality: 12 Morale: 20
OUT 
OUT [ (hit Enter) ]
IN  ''
OUT 
OUT 
OUT ***
OUT You're woozy. You may have been here before, but you don't remember much.
OUT 
OUT 
OUT [ (hit Enter) ]
IN  ''
OUT 
OUT 
OUT 
OUT 
OUT 
OUT 
OUT 
OUT 
OUT 
OUT 
OUT 
OUT 
OUT 
OUT 
OUT 
OUT 
OUT 
OUT 
OUT 
OUT 
OUT 
OUT 
OUT 
OUT 
OUT 
OUT 
OUT 
OUT 
OUT 
OUT 
OUT 
OUT 
OUT 
OUT 
OUT 
OUT 
OUT 
OUT 
OUT 
OUT 
OUT 
OUT 
OUT 
OUT 
OUT 
OUT 
OUT 
OUT 
OUT 
OUT 
OUT 
OUT 
OUT 
OUT 
OUT 
OUT 
OUT 
OUT 
OUT 
OUT 
OUT 
OUT 
OUT 
OUT 
OUT 
OUT 
OUT 
OUT 
OUT 
OUT 
OUT 
OUT 
OUT 
OUT 
OUT 
OUT 
OUT 
OUT 
OUT 
OUT 
OUT 
OUT 
OUT   '   
OUT ' * ' 
OUT 
OUT There is a cat here.
OUT There are 2 strangers here.
OUT 
OUT 
OUT 
OUT 
OUT 
OUT [  N  W  S  E          Greet (name)        Attack (name) ]
OUT [  More   Help   Quit                  Hit Enter to wait ]
IN  'S'
OUT 
OUT 
OUT ***
OUT The way is impassable in that direction.
OUT 
OUT 
OUT 
OUT 
OUT 
OUT [  N  W  S  E          Greet (name)        Attack (name) ]
OUT [  More   Help   Quit                  Hit Enter to wait ]
IN  'S'
OUT 
OUT 
OUT ***
OUT The way is impassable in that direction.
OUT 
OUT 
OUT 
OUT 
OUT 
OUT [  N  W  S  E          Greet (name)        Attack (name) ]
OUT [  More   Help   Quit                  Hit Enter to wait ]
IN  'More'
OUT [  Stats   Who   Remember   Write                        ]
IN  'S'
OUT 
OUT 
OUT ***
OUT The way is impassable in that direction.
OUT This cat considers you its new master!
OUT "Rowwrrrr... "
OUT 
OUT 
OUT [ (hit Enter) ]    
IN  ''
OUT There is a stranger here.
OUT There is a cat here.
OUT 
OUT 
OUT 
OUT 
OUT 
OUT [  N  W  S  E          Greet (name)        Attack (name) ]
OUT [  More   Help   Quit                  Hit Enter to wait ]
IN  'greet'
OUT Whom are you greeting?
IN  'stranger'
OUT 
OUT 
OUT This man's name is Frederich 6.
OUT 
OUT Frederich 6: "Hail, Rufus 2." 
OUT 
OUT 
OUT 
OUT 
OUT 
OUT [ Join         Teach         Fight               Leave   ]
OUT [           Joke                                         ]
OUT [ Cat                                                    ]
IN  'stranger'
OUT What?
IN  'stranger'
OUT What?
IN  ''
OUT What?
IN  ''
OUT What?
IN  ''
OUT What?
IN  ''
OUT What?
IN  ''
OUT What?
IN  ''
OUT What?
IN  ''
OUT What?
IN  ''
OUT What?
IN  ''
OUT What?
IN  ''
OUT What?
IN  ''
OUT What?
IN  ''
OUT What?
IN  ''
OUT What?
IN  ''
OUT What?
IN  ''
OUT What?
IN  ''
OUT What?
IN  ''
OUT What?
IN  ''
OUT What?
IN  ''
OUT What?
IN  ''
OUT What?
IN  ''
OUT What?
IN  ''
OUT What?
IN  ''
OUT What?
IN  ''
OUT What?
IN  ''
OUT What?
IN  ''
OUT What?
IN  ''
OUT What?
IN  ''
OUT What?
IN  ''
OUT What?
IN  ''
OUT What?
IN  ''
OUT What?
IN  ''
OUT What?
IN  ''
OUT What?
IN  ''
OUT What?
IN  ''
OUT What?
IN  ''
OUT What?
IN  ''
OUT What?
IN  ''
OUT What?
IN  ''
OUT What?
IN  ''
OUT What?
IN  ''
OUT What?
IN  ''
OUT What?
IN  ''
OUT What?
IN  ''
OUT What?
IN  ''
OUT What?
IN  ''
OUT What?
IN  ''
OUT What?
IN  ''
OUT What?
IN  ''
OUT What?
IN  ''
OUT What?
IN  ''
OUT What?
IN  ''
OUT What?
IN  ''
OUT What?
IN  ''
OUT What?
IN  ''
OUT What?
IN  ''
OUT What?
IN  ''
OUT What?
IN  ''
OUT What?
IN  ''
OUT What?
IN  ''
OUT What?
IN  ''
OUT What?
IN  ''
OUT What?
IN  ''
OUT What?
IN  ''
OUT What?
IN  ''
OUT What?
IN  ''
OUT What?
IN  ''
OUT What?
IN  ''
OUT What?
IN  ''
OUT What?
IN  ''
OUT What?
IN  ''
OUT What?
IN  ''
OUT What?
IN  ''
OUT What?
IN  ''
OUT What?
IN  ''
OUT What?
IN  ''
OUT What?
IN  ''
OUT What?
IN  ''
OUT What?
IN  ''
OUT What?
IN  ''
OUT What?
IN  ''
OUT What?
IN  ''
OUT What?
IN  ''
OUT What?
IN  ''
OUT What?
IN  ''
OUT What?
IN  ''
OUT What?
IN  ''
OUT What?
IN  ''
OUT What?
IN  ''
OUT What?
IN  ''
OUT What?
IN  ''
OUT What?
IN  ''
OUT What?
IN  ''
OUT What?
IN  ''
OUT What?
IN  ''
OUT What?
IN  ''
OUT What?
IN  ''
OUT What?
IN  ''
OUT What?
IN  ''
OUT What?
IN  ''
OUT What?
IN  ''
OUT What?
IN  ''
OUT What?
IN  ''
OUT What?
IN  ''
OUT What?
IN  ''
OUT What?
IN  ''
OUT What?
IN  ''
OUT What?
IN  ''
OUT What?
IN  ''
OUT What?
IN  ''
OUT What?
IN  ''
OUT What?
IN  ''
OUT What?
IN  ''
OUT What?
IN  ''
OUT What?
IN  ''
OUT What?
IN  ''
OUT What?
IN  ''
OUT What?
IN  ''
OUT What?
IN  ''
OUT What?
IN  ''
OUT What?
IN  ''
OUT What?
IN  ''
OUT What?
IN  ''
OUT What?
IN  ''
OUT What?
IN  ''
OUT What?
IN  ''
OUT What?
IN  ''
OUT What?
IN  ''
OUT What?
IN  ''
OUT What?
IN  ''
OUT What?
IN  ''
OUT What?
IN  ''
OUT What?
IN  ''
OUT What?
IN  ''
OUT What?
IN  ''
OUT What?
IN  ''
OUT What?
IN  ''
OUT What?
IN  ''
OUT What?
IN  ''
OUT What?
IN  ''
OUT What?
IN  ''
OUT What?
IN  ''
OUT What?
IN  ''
OUT What?
IN  ''
OUT What?
IN  ''
OUT What?
IN  ''
OUT What?
IN  ''
OUT What?
IN  ''
OUT What?
IN  ''
OUT What?
IN  ''
OUT What?
IN  ''
OUT What?
IN  ''
OUT What?
IN  ''
OUT What?
IN  ''
OUT What?
IN  ''
OUT What?
IN  ''
OUT What?
IN  ''
OUT What?
IN  ''
OUT What?
IN  ''
OUT What?
IN  ''
OUT What?
IN  ''
OUT What?
IN  ''
OUT What?
IN  ''
OUT What?
IN  ''
OUT What?
IN  ''
OUT What?
IN  ''
OUT What?
IN  ''
OUT What?
IN  ''
OUT What?
IN  ''
OUT What?
IN  ''
OUT What?
IN  ''
OUT What?
IN  ''
OUT What?
IN  ''
OUT What?
IN  ''
OUT What?
IN  ''
OUT What?
IN  ''
OUT What?
IN  ''
OUT What?
IN  ''
OUT What?
IN  ''
OUT What?
IN  ''
OUT What?
IN  ''
OUT What?
IN  ''
OUT What?
IN  ''
OUT What?
IN  ''
OUT What?
IN  ''
OUT What?
IN  ''
OUT What?
IN  ''
