OUT 
OUT 
OUT 
OUT 
OUT 
OUT   
OUT 
OUT 
OUT 
OUT 
OUT  
OUT 
OUT 
OUT 
OUT 
OUT  
OUT 
OUT 
OUT 
OUT 
OUT  
OUT 
OUT 
OUT 
OUT 
OUT  
OUT 
OUT 
OUT 
OUT 
OUT  
OUT 
OUT 
OUT 
OUT 
OUT  
OUT 
OUT 
OUT 
OUT 
OUT  
OUT 
OUT 
OUT 
OUT 
OUT 
OUT                                    |        ___
OUT                                    \   | __/  ’’’’
OUT                                     \  <<--,_____
OUT        ,   ,              \           U          ____---
OUT         v                  \          U      |~~<____   
OUT         `  ‘ `   ’      `---\         U      /        /
OUT          \|   \ |            ````~     U    //    /‘’’’’’’’^
OUT           \    \                   \ \ |U| //    / , 
OUT            \\  \\...````           |  V  / ‘’’’ ‘’               G       N D
OUT             \  / |``               /   /                    A   N       A
OUT      ~_  ,   |   /                /`  /                    G          L
OUT        `-` `- \ |                 |  /                                  
OUT              \  |                |  |
OUT               }  \               /  |              ..       .. ..       . .   .
OUT       ~``__   |   \-/           |   |  .. ...      ....    .   .. . ...  . .   
OUT  *#----*--**__|    |*****^**---|     ]__--_*_.... _  __   . . ..... . . .. . . .
OUT * |                                                      
OUT *                                                        
OUT * |                                                      
OUT *       Who are you ?                                    
OUT * |                                                      
IN  'Rufus'
OUT * |                                                                | *
OUT * |                                                                | *
OUT * |     Male or Female?                                            | *
OUT 
OUT [ M / F ]
IN  'male'
OUT * |  Right, Rufus,                                                 | *
OUT * |   enjoy yer stay!                                              | *
OUT * |                                     ( poor wretch . . .)       | *
OUT * |                                                                | *
OUT * |                                                                | *
OUT ...
OUT ...
OUT 
OUT 
OUT 
OUT 
OUT ***
OUT  You get to your feet. A bit of a headache. Nothing looks familiar. 
OUT 
OUT 
OUT 
OUT [ (hit Enter) ]    
IN  ''
OUT 
OUT 
OUT 
OUT 
OUT 
OUT 
OUT 
OUT 
OUT 
OUT 
OUT 
OUT 
OUT 
OUT 
OUT 
OUT 
OUT 
OUT 
OUT 
OUT 
OUT 
OUT 
OUT 
OUT 
OUT 
OUT 
OUT 
OUT 
OUT 
OUT 
OUT 
OUT 
OUT 
OUT 
OUT 
OUT 
OUT 
OUT 
OUT 
OUT 
OUT 
OUT 
OUT 
OUT 
OUT 
OUT 
OUT 
OUT 
OUT 
OUT 
OUT 
OUT 
OUT 
OUT 
OUT 
OUT 
OUT 
OUT 
OUT 
OUT 
OUT 
OUT 
OUT 
OUT 
OUT 
OUT 
OUT 
OUT 
OUT 
OUT 
OUT 
OUT 
OUT 
OUT 
OUT 
OUT 
OUT 
OUT 
OUT 
OUT 
OUT 
OUT 
OUT   '   
OUT ' * ' 
OUT   '   
OUT 
OUT There is no one here.
OUT 
OUT 
OUT 
OUT [  N  W  S  E          Greet (name)        Attack (name) ]
OUT [  More   Help   Quit                  Hit Enter to wait ]
IN  ''
OUT You wait...
OUT 
OUT 
OUT 
OUT 
OUT 
OUT [  N  W  S  E          Greet (name)        Attack (name) ]
OUT [  More   Help   Quit                  Hit Enter to wait ]
IN  'N'
OUT 
OUT 
OUT 
OUT 
OUT 
OUT 
OUT 
OUT 
OUT 
OUT 
OUT 
OUT 
OUT 
OUT 
OUT 
OUT 
OUT 
OUT 
OUT 
OUT 
OUT 
OUT 
OUT 
OUT 
OUT 
OUT 
OUT 
OUT 
OUT 
OUT 
OUT 
OUT 
OUT 
OUT 
OUT 
OUT 
OUT 
OUT 
OUT 
OUT 
OUT 
OUT 
OUT 
OUT 
OUT 
OUT 
OUT 
OUT 
OUT 
OUT 
OUT 
OUT 
OUT 
OUT 
OUT 
OUT 
OUT 
OUT 
OUT 
OUT 
OUT 
OUT 
OUT 
OUT 
OUT 
OUT 
OUT 
OUT 
OUT 
OUT 
OUT 
OUT 
OUT 
OUT 
OUT 
OUT 
OUT 
OUT 
OUT 
OUT 
OUT 
OUT 
OUT   '   
OUT ' * ' 
OUT ' . ' 
OUT   '   
OUT 
OUT ***
OUT You travel North...
OUT There is no one here.
OUT 
OUT 
OUT 
OUT [  N  W  S  E          Greet (name)        Attack (name) ]
OUT [  More   Help   Quit                  Hit Enter to wait ]
IN  'E'
OUT 
OUT 
OUT 
OUT 
OUT 
OUT 
OUT 
OUT 
OUT 
OUT 
OUT 
OUT 
OUT 
OUT 
OUT 
OUT 
OUT 
OUT 
OUT 
OUT 
OUT 
OUT 
OUT 
OUT 
OUT 
OUT 
OUT 
OUT 
OUT 
OUT 
OUT 
OUT 
OUT 
OUT 
OUT 
OUT 
OUT 
OUT 
OUT 
OUT 
OUT 
OUT 
OUT 
OUT 
OUT 
OUT 
OUT 
OUT 
OUT 
OUT 
OUT 
OUT 
OUT 
OUT 
OUT 
OUT 
OUT 
OUT 
OUT 
OUT 
OUT 
OUT 
OUT 
OUT 
OUT 
OUT 
OUT 
OUT 
OUT 
OUT 
OUT 
OUT 
OUT 
OUT 
OUT 
OUT 
OUT 
OUT 
OUT 
OUT 
OUT 
OUT 
OUT   ' '   
OUT ' . * ' 
OUT ' . '   
OUT   '     
OUT 
OUT ***
OUT You travel East...
OUT There is a cat here.
OUT 
OUT 
OUT 
OUT 
OUT 
OUT [  N  W  S  E          Greet (name)        Attack (name) ]
OUT [  More   Help   Quit                  Hit Enter to wait ]
IN  'N'
OUT 
OUT 
OUT 
OUT 
OUT 
OUT 
OUT 
OUT 
OUT 
OUT 
OUT 
OUT 
OUT 
OUT 
OUT 
OUT 
OUT 
OUT 
OUT 
OUT 
OUT 
OUT 
OUT 
OUT 
OUT 
OUT 
OUT 
OUT 
OUT 
OUT 
OUT 
OUT 
OUT 
OUT 
OUT 
OUT 
OUT 
OUT 
OUT 
OUT 
OUT 
OUT 
OUT 
OUT 
OUT 
OUT 
OUT 
OUT 
OUT 
OUT 
OUT 
OUT 
OUT 
OUT 
OUT 
OUT 
OUT 
OUT 
OUT 
OUT 
OUT 
OUT 
OUT 
OUT 
OUT 
OUT 
OUT 
OUT 
OUT 
OUT 
OUT 
OUT 
OUT 
OUT 
OUT 
OUT 
OUT 
OUT 
OUT 
OUT 
OUT 
OUT 
OUT     '   
OUT   ' * ' 
OUT ' . . ' 
OUT ' . '   
OUT   '     
OUT 
OUT ***
OUT You travel North...
OUT There is no one here.
OUT 
OUT 
OUT 
OUT [  N  W  S  E          Greet (name)        Attack (name) ]
OUT [  More   Help   Quit                  Hit Enter to wait ]
IN  'More'
OUT [  Stats   Who   Remember   Write                        ]
IN  'greet'
OUT You are alone, Rufus!
OUT 
OUT 
OUT 
OUT 
OUT 
OUT [  N  W  S  E          Greet (name)        Attack (name) ]
OUT [  More   Help   Quit                  Hit Enter to wait ]
IN  'E'
OUT 
OUT 
OUT 
OUT 
OUT 
OUT 
OUT 
OUT 
OUT 
OUT 
OUT 
OUT 
OUT 
OUT 
OUT 
OUT 
OUT 
OUT 
OUT 
OUT 
OUT 
OUT 
OUT 
OUT 
OUT 
OUT 
OUT 
OUT 
OUT 
OUT 
OUT 
OUT 
OUT 
OUT 
OUT 
OUT 
OUT 
OUT 
OUT 
OUT 
OUT 
OUT 
OUT 
OUT 
OUT 
OUT 
OUT 
OUT 
OUT 
OUT 
OUT 
OUT 
OUT 
OUT 
OUT 
OUT 
OUT 
OUT 
OUT 
OUT 
OUT 
OUT 
OUT 
OUT 
OUT 
OUT 
OUT 
OUT 
OUT 
OUT 
OUT 
OUT 
OUT 
OUT 
OUT 
OUT 
OUT 
OUT 
OUT 
OUT 
OUT 
OUT 
OUT     ' '   
OUT   ' . * ' 
OUT ' . . '   
OUT ' . '     
OUT   '       
OUT 
OUT ***
OUT You travel East...
OUT There is no one here.
OUT 
OUT 
OUT 
OUT [  N  W  S  E          Greet (name)        Attack (name) ]
OUT [  More   Help   Quit                  Hit Enter to wait ]
IN  'E'
OUT 
OUT 
OUT 
OUT 
OUT 
OUT 
OUT 
OUT 
OUT 
OUT 
OUT 
OUT 
OUT 
OUT 
OUT 
OUT 
OUT 
OUT 
OUT 
OUT 
OUT 
OUT 
OUT 
OUT 
OUT 
OUT 
OUT 
OUT 
OUT 
OUT 
OUT 
OUT 
OUT 
OUT 
OUT 
OUT 
OUT 
OUT 
OUT 
OUT 
OUT 
OUT 
OUT 
OUT 
OUT 
OUT 
OUT 
OUT 
OUT 
OUT 
OUT 
OUT 
OUT 
OUT 
OUT 
OUT 
OUT 
OUT 
OUT 
OUT 
OUT 
OUT 
OUT 
OUT 
OUT 
OUT 
OUT 
OUT 
OUT 
OUT 
OUT 
OUT 
OUT 
OUT 
OUT 
OUT 
OUT 
OUT 
OUT 
OUT 
OUT 
OUT 
OUT     ' ' '   
OUT   ' . . * ' 
OUT ' . . ' '   
OUT ' . '       
OUT   '         
OUT 
OUT ***
OUT You travel East...
OUT There is no one here.
OUT 
OUT 
OUT 
OUT [  N  W  S  E          Greet (name)        Attack (name) ]
OUT [  More   Help   Quit                  Hit Enter to wait ]
IN  'More'
OUT [  Stats   Who   Remember   Write                        ]
IN  'Remember'
OUT Whom do you want to think about?
IN  ''
OUT 
OUT 
OUT 
OUT 
OUT 
OUT [  N  W  S  E          Greet (name)        Attack (name) ]
OUT [  More   Help   Quit                  Hit Enter to wait ]
IN  'greet'
OUT You are alone, Rufus!
OUT 
OUT 
OUT 
OUT 
OUT 
OUT [  N  W  S  E          Greet (name)        Attack (name) ]
OUT [  More   Help   Quit                  Hit Enter to wait ]
IN  'W'
OUT 
OUT 
OUT 
OUT 
OUT 
OUT 
OUT 
OUT 
OUT 
OUT 
OUT 
OUT 
OUT 
OUT 
OUT 
OUT 
OUT 
OUT 
OUT 
OUT 
OUT 
OUT 
OUT 
OUT 
OUT 
OUT 
OUT 
OUT 
OUT 
OUT 
OUT 
OUT 
OUT 
OUT 
OUT 
OUT 
OUT 
OUT 
OUT 
OUT 
OUT 
OUT 
OUT 
OUT 
OUT 
OUT 
OUT 
OUT 
OUT 
OUT 
OUT 
OUT 
OUT 
OUT 
OUT 
OUT 
OUT 
OUT 
OUT 
OUT 
OUT 
OUT 
OUT 
OUT 
OUT 
OUT 
OUT 
OUT 
OUT 
OUT 
OUT 
OUT 
OUT 
OUT 
OUT 
OUT 
OUT 
OUT 
OUT 
OUT 
OUT 
OUT 
OUT     ' ' '   
OUT   ' . * . ' 
OUT ' . . ' '   
OUT ' . '       
OUT   '         
OUT 
OUT ***
OUT You travel West...
OUT There is a stranger here.
OUT There is a cat here.
OUT 
OUT 
OUT 
OUT 
OUT 
OUT [  N  W  S  E          Greet (name)        Attack (name) ]
OUT [  More   Help   Quit                  Hit Enter to wait ]
IN  'E'
OUT 
OUT 
OUT 
OUT 
OUT 
OUT 
OUT 
OUT 
OUT 
OUT 
OUT 
OUT 
OUT 
OUT 
OUT 
OUT 
OUT 
OUT 
OUT 
OUT 
OUT 
OUT 
OUT 
OUT 
OUT 
OUT 
OUT 
OUT 
OUT 
OUT 
OUT 
OUT 
OUT 
OUT 
OUT 
OUT 
OUT 
OUT 
OUT 
OUT 
OUT 
OUT 
OUT 
OUT 
OUT 
OUT 
OUT 
OUT 
OUT 
OUT 
OUT 
OUT 
OUT 
OUT 
OUT 
OUT 
OUT 
OUT 
OUT 
OUT 
OUT 
OUT 
OUT 
OUT 
OUT 
OUT 
OUT 
OUT 
OUT 
OUT 
OUT 
OUT 
OUT 
OUT 
OUT 
OUT 
OUT 
OUT 
OUT 
OUT 
OUT 
OUT 
OUT     ' ' '   
OUT   ' . . * ' 
OUT ' . . ' '   
OUT ' . '       
OUT   '         
OUT 
OUT ***
OUT You travel East...
OUT There is a stranger here.
OUT There is a cat here.
OUT ***
OUT The dragon is here. 
OUT He licks his claws with an aloof stare and peers around for a victim.
OUT 
OUT 
OUT 
OUT 
OUT 
OUT [  N  W  S  E          Greet (name)        Attack (name) ]
OUT [  More   Help   Quit                  Hit Enter to wait ]
IN  'N'
OUT As you flee, the dragon shrieks and darts toward a stranger behind you!
OUT 
OUT [ (hit Enter) ]
IN  ''
OUT 
OUT 
OUT 
OUT 
OUT 
OUT 
OUT 
OUT 
OUT 
OUT 
OUT 
OUT 
OUT 
OUT 
OUT 
OUT 
OUT 
OUT 
OUT 
OUT 
OUT 
OUT 
OUT 
OUT 
OUT 
OUT 
OUT 
OUT 
OUT 
OUT 
OUT 
OUT 
OUT 
OUT 
OUT 
OUT 
OUT 
OUT 
OUT 
OUT 
OUT 
OUT 
OUT 
OUT 
OUT 
OUT 
OUT 
OUT 
OUT 
OUT 
OUT 
OUT 
OUT 
OUT 
OUT 
OUT 
OUT 
OUT 
OUT 
OUT 
OUT 
OUT 
OUT 
OUT 
OUT 
OUT 
OUT 
OUT 
OUT 
OUT 
OUT 
OUT 
OUT 
OUT 
OUT 
OUT 
OUT 
OUT 
OUT 
OUT 
OUT 
OUT 
OUT         '   
OUT     ' ' * ' 
OUT   ' . . . ' 
OUT ' . . ' '   
OUT ' . '       
OUT   '         
OUT 
OUT ***
OUT You travel North...
OUT There is no one here.
OUT 
OUT 
OUT 
OUT [  N  W  S  E          Greet (name)        Attack (name) ]
OUT [  More   Help   Quit                  Hit Enter to wait ]
IN  'greet'
OUT You are alone, Rufus!
OUT 
OUT 
OUT 
OUT 
OUT 
OUT [  N  W  S  E          Greet (name)        Attack (name) ]
OUT [  More   Help   Quit                  Hit Enter to wait ]
IN  'N'
OUT 
OUT 
OUT 
OUT 
OUT 
OUT 
OUT 
OUT 
OUT 
OUT 
OUT 
OUT 
OUT 
OUT 
OUT 
OUT 
OUT 
OUT 
OUT 
OUT 
OUT 
OUT 
OUT 
OUT 
OUT 
OUT 
OUT 
OUT 
OUT 
OUT 
OUT 
OUT 
OUT 
OUT 
OUT 
OUT 
OUT 
OUT 
OUT 
OUT 
OUT 
OUT 
OUT 
OUT 
OUT 
OUT 
OUT 
OUT 
OUT 
OUT 
OUT 
OUT 
OUT 
OUT 
OUT 
OUT 
OUT 
OUT 
OUT 
OUT 
OUT 
OUT 
OUT 
OUT 
OUT 
OUT 
OUT 
OUT 
OUT 
OUT 
OUT 
OUT 
OUT 
OUT 
OUT 
OUT 
OUT 
OUT 
OUT 
OUT 
OUT 
OUT 
OUT         '   
OUT       ' * ' 
OUT     ' ' . ' 
OUT   ' . . . ' 
OUT ' . . ' '   
OUT ' . '       
OUT   '         
OUT 
OUT ***
OUT You travel North...
OUT There is no one here.
OUT 
OUT 
OUT 
OUT [  N  W  S  E          Greet (name)        Attack (name) ]
OUT [  More   Help   Quit                  Hit Enter to wait ]
IN  'E'
OUT 
OUT 
OUT 
OUT 
OUT 
OUT 
OUT 
OUT 
OUT 
OUT 
OUT 
OUT 
OUT 
OUT 
OUT 
OUT 
OUT 
OUT 
OUT 
OUT 
OUT 
OUT 
OUT 
OUT 
OUT 
OUT 
OUT 
OUT 
OUT 
OUT 
OUT 
OUT 
OUT 
OUT 
OUT 
OUT 
OUT 
OUT 
OUT 
OUT 
OUT 
OUT 
OUT 
OUT 
OUT 
OUT 
OUT 
OUT 
OUT 
OUT 
OUT 
OUT 
OUT 
OUT 
OUT 
OUT 
OUT 
OUT 
OUT 
OUT 
OUT 
OUT 
OUT 
OUT 
OUT 
OUT 
OUT 
OUT 
OUT 
OUT 
OUT 
OUT 
OUT 
OUT 
OUT 
OUT 
OUT 
OUT 
OUT 
OUT 
OUT 
OUT 
OUT         ' '   
OUT       ' . * ' 
OUT     ' ' . '   
OUT   ' . . . '   
OUT ' . . ' '     
OUT ' . '         
OUT   '           
OUT 
OUT ***
OUT You travel East...
OUT There is no one here.
OUT 
OUT 
OUT 
OUT [  N  W  S  E          Greet (name)        Attack (name) ]
OUT [  More   Help   Quit                  Hit Enter to wait ]
IN  'More'
OUT [  Stats   Who   Remember   Write                        ]
IN  'S'
OUT 
OUT 
OUT 
OUT 
OUT 
OUT 
OUT 
OUT 
OUT 
OUT 
OUT 
OUT 
OUT 
OUT 
OUT 
OUT 
OUT 
OUT 
OUT 
OUT 
OUT 
OUT 
OUT 
OUT 
OUT 
OUT 
OUT 
OUT 
OUT 
OUT 
OUT 
OUT 
OUT 
OUT 
OUT 
OUT 
OUT 
OUT 
OUT 
OUT 
OUT 
OUT 
OUT 
OUT 
OUT 
OUT 
OUT 
OUT 
OUT 
OUT 
OUT 
OUT 
OUT 
OUT 
OUT 
OUT 
OUT 
OUT 
OUT 
OUT 
OUT 
OUT 
OUT 
OUT 
OUT 
OUT 
OUT 
OUT 
OUT 
OUT 
OUT 
OUT 
OUT 
OUT 
OUT 
OUT 
OUT 
OUT 
OUT 
OUT 
OUT 
OUT 
OUT         ' '   
OUT       ' . . ' 
OUT     ' ' . * ' 
OUT   ' . . . '   
OUT ' . . ' '     
OUT ' . '         
OUT   '           
OUT 
OUT ***
OUT You travel South...
OUT The grass is a little taller here.
OUT There is no one here.
OUT 
OUT 
OUT 
OUT [  N  W  S  E          Greet (name)        Attack (name) ]
OUT [  More   Help   Quit                  Hit Enter to wait ]
IN  'N'
OUT 
OUT 
OUT 
OUT 
OUT 
OUT 
OUT 
OUT 
OUT 
OUT 
OUT 
OUT 
OUT 
OUT 
OUT 
OUT 
OUT 
OUT 
OUT 
OUT 
OUT 
OUT 
OUT 
OUT 
OUT 
OUT 
OUT 
OUT 
OUT 
OUT 
OUT 
OUT 
OUT 
OUT 
OUT 
OUT 
OUT 
OUT 
OUT 
OUT 
OUT 
OUT 
OUT 
OUT 
OUT 
OUT 
OUT 
OUT 
OUT 
OUT 
OUT 
OUT 
OUT 
OUT 
OUT 
OUT 
OUT 
OUT 
OUT 
OUT 
OUT 
OUT 
OUT 
OUT 
OUT 
OUT 
OUT 
OUT 
OUT 
OUT 
OUT 
OUT 
OUT 
OUT 
OUT 
OUT 
OUT 
OUT 
OUT 
OUT 
OUT 
OUT 
OUT         ' '   
OUT       ' . * ' 
OUT     ' ' . : ' 
OUT   ' . . . '   
OUT ' . . ' '     
OUT ' . '         
OUT   '           
OUT 
OUT ***
OUT You travel North...
OUT There is no one here.
OUT 
OUT 
OUT 
OUT [  N  W  S  E          Greet (name)        Attack (name) ]
OUT [  More   Help   Quit                  Hit Enter to wait ]
IN  'S'
OUT 
OUT 
OUT 
OUT 
OUT 
OUT 
OUT 
OUT 
OUT 
OUT 
OUT 
OUT 
OUT 
OUT 
OUT 
OUT 
OUT 
OUT 
OUT 
OUT 
OUT 
OUT 
OUT 
OUT 
OUT 
OUT 
OUT 
OUT 
OUT 
OUT 
OUT 
OUT 
OUT 
OUT 
OUT 
OUT 
OUT 
OUT 
OUT 
OUT 
OUT 
OUT 
OUT 
OUT 
OUT 
OUT 
OUT 
OUT 
OUT 
OUT 
OUT 
OUT 
OUT 
OUT 
OUT 
OUT 
OUT 
OUT 
OUT 
OUT 
OUT 
OUT 
OUT 
OUT 
OUT 
OUT 
OUT 
OUT 
OUT 
OUT 
OUT 
OUT 
OUT 
OUT 
OUT 
OUT 
OUT 
OUT 
OUT 
OUT 
OUT 
OUT 
OUT         ' '   
OUT       ' . . ' 
OUT     ' ' . * ' 
OUT   ' . . . '   
OUT ' . . ' '     
OUT ' . '         
OUT   '           
OUT 
OUT ***
OUT You travel South...
OUT The grass is a little taller here.
OUT There is no one here.
OUT 
OUT 
OUT 
OUT [  N  W  S  E          Greet (name)        Attack (name) ]
OUT [  More   Help   Quit                  Hit Enter to wait ]
IN  'S'
OUT 
OUT 
OUT 
OUT 
OUT 
OUT 
OUT 
OUT 
OUT 
OUT 
OUT 
OUT 
OUT 
OUT 
OUT 
OUT 
OUT 
OUT 
OUT 
OUT 
OUT 
OUT 
OUT 
OUT 
OUT 
OUT 
OUT 
OUT 
OUT 
OUT 
OUT 
OUT 
OUT 
OUT 
OUT 
OUT 
OUT 
OUT 
OUT 
OUT 
OUT 
OUT 
OUT 
OUT 
OUT 
OUT 
OUT 
OUT 
OUT 
OUT 
OUT 
OUT 
OUT 
OUT 
OUT 
OUT 
OUT 
OUT 
OUT 
OUT 
OUT 
OUT 
OUT 
OUT 
OUT 
OUT 
OUT 
OUT 
OUT 
OUT 
OUT 
OUT 
OUT 
OUT 
OUT 
OUT 
OUT 
OUT 
OUT 
OUT 
OUT 
OUT 
OUT         ' '   
OUT       ' . . ' 
OUT     ' ' . : ' 
OUT   ' . . . * ' 
OUT ' . . ' ' '   
OUT ' . '         
OUT   '           
OUT 
OUT ***
OUT You travel South...
OUT The ground here is charred black in several places.
OUT There is a stranger here.
OUT 
OUT 
OUT This man's name is Patronus.
OUT Patronus: "Grrrrrrrr...  "
OUT 
OUT 
OUT [ (D)rop it     (F)ight ]
IN  'F'
OUT 
OUT Patronus: "Really? Well, delighted to oblige! You're dead now, creep!"
OUT 
OUT 
OUT [ (hit Enter) ]    
IN  ''
OUT For the first time, you enter a duel... you have almost no idea of your own 
OUT abilities, or your opponent's... 
OUT 
OUT 
OUT [ (hit Enter) ]    
IN  ''
OUT 
OUT 
OUT 
OUT 
OUT 
OUT 
OUT 
OUT 
OUT 
OUT 
OUT  
OUT 
OUT 
OUT 
OUT 
OUT 
OUT 
OUT 
OUT 
OUT 
OUT  
OUT 
OUT 
OUT 
OUT 
OUT 
OUT 
OUT 
OUT 
OUT 
OUT  
OUT 
OUT 
OUT 
OUT 
OUT 
OUT 
OUT 
OUT 
OUT 
OUT  
OUT 
OUT 
OUT 
OUT 
OUT 
OUT 
OUT 
OUT 
OUT 
OUT 
OUT BATTLE
OUT **************************************************
OUT 
OUT 
OUT Patronus
OUT Strength: ??? Health: ???(Max ???) Speed: ???
OUT  Skill: ??? Personality: ??? Morale: ???
OUT Rufus
OUT Strength: ??? Health: ???(Max ???) Speed: ???
OUT  Skill: 0 Personality: 7 Morale: 20
OUT 
OUT 
OUT Order:
OUT Patronus got a 16.
OUT Rufus got a 7.
OUT Patronus swings at Rufus, but misses!
OUT 
OUT 
OUT [ (F)ight      Run      Commit ]
IN  'Commit'
OUT Rufus hits Patronus for 2 points!
OUT Rufus swings at Patronus, but misses!
OUT Patronus runs away!
OUT 
OUT 
OUT [ (hit Enter) ]    
IN  ''
OUT The battle is over!
OUT Rufus:  "HAH HAAAH!!" 
OUT 
OUT You hear scurrying noises...
OUT RAT!
OUT 
OUT 
OUT [ (hit Enter) ]    
IN  ''
OUT 
OUT 
OUT 
OUT 
OUT 
OUT 
OUT 
OUT 
OUT 
OUT 
OUT  
OUT 
OUT 
OUT 
OUT 
OUT 
OUT 
OUT 
OUT 
OUT 
OUT  
OUT 
OUT 
OUT 
OUT 
OUT 
OUT 
OUT 
OUT 
OUT 
OUT  
OUT 
OUT 
OUT 
OUT 
OUT 
OUT 
OUT 
OUT 
OUT 
OUT  
OUT 
OUT 
OUT 
OUT 
OUT 
OUT 
OUT 
OUT 
OUT 
OUT 
OUT BATTLE
OUT **************************************************
OUT 
OUT 
OUT   Rufus                      rat       
OUT 
OUT 
OUT [ (A)ttack     (S)hield (name)    Run ]
IN  'S'
OUT 
OUT 
OUT [ (A)ttack     (S)hield (name)    Run ]
IN  'S'
OUT 
OUT 
OUT [ (A)ttack     (S)hield (name)    Run ]
IN  'Run'
OUT Your eyes dart in search of an escape route...
OUT 
OUT 
OUT 
OUT 
OUT 
OUT 
OUT 
OUT 
OUT 
OUT 
OUT  
OUT 
OUT 
OUT 
OUT 
OUT 
OUT 
OUT 
OUT 
OUT 
OUT  
OUT 
OUT 
OUT 
OUT 
OUT 
OUT 
OUT 
OUT 
OUT 
OUT  
OUT 
OUT 
OUT 
OUT 
OUT 
OUT 
OUT 
OUT 
OUT 
OUT  
OUT 
OUT 
OUT 
OUT 
OUT 
OUT 
OUT 
OUT 
OUT 
OUT 
OUT BATTLE
OUT **************************************************
OUT 
OUT 
OUT                               rat      
OUT The rat chomps at Rufus, but misses!
OUT The rat's claws scratch Rufus for 2 points!
OUT Rufus looks for a way out!
OUT 3  Now's your chance to make a break for it!
OUT 
OUT 
OUT [ (hit Enter) ]    
IN  ''
OUT 
OUT 
OUT 
OUT 
OUT 
OUT 
OUT 
OUT 
OUT 
OUT 
OUT 
OUT 
OUT 
OUT 
OUT 
OUT 
OUT 
OUT 
OUT 
OUT 
OUT 
OUT 
OUT 
OUT 
OUT 
OUT 
OUT 
OUT 
OUT 
OUT 
OUT 
OUT 
OUT 
OUT 
OUT 
OUT 
OUT 
OUT 
OUT 
OUT 
OUT 
OUT 
OUT 
OUT 
OUT 
OUT 
OUT 
OUT 
OUT 
OUT 
OUT 
OUT 
OUT 
OUT 
OUT 
OUT 
OUT 
OUT 
OUT 
OUT 
OUT 
OUT 
OUT 
OUT 
OUT 
OUT 
OUT 
OUT 
OUT 
OUT 
OUT 
OUT 
OUT 
OUT 
OUT 
OUT 
OUT 
OUT 
OUT 
OUT 
OUT 
OUT 
OUT         ' '   
OUT       ' . . ' 
OUT     ' ' . * ' 
OUT   ' . . . . ' 
OUT ' . . ' ' '   
OUT ' . '         
OUT   '           
OUT 
OUT The grass is a little taller here.
OUT Patronus is here.
OUT 
OUT 
OUT 
OUT 
OUT 
OUT [  N  W  S  E          Greet (name)        Attack (name) ]
OUT [  More   Help   Quit                  Hit Enter to wait ]
IN  'S'
OUT 
OUT 
OUT 
OUT 
OUT 
OUT 
OUT 
OUT 
OUT 
OUT 
OUT 
OUT 
OUT 
OUT 
OUT 
OUT 
OUT 
OUT 
OUT 
OUT 
OUT 
OUT 
OUT 
OUT 
OUT 
OUT 
OUT 
OUT 
OUT 
OUT 
OUT 
OUT 
OUT 
OUT 
OUT 
OUT 
OUT 
OUT 
OUT 
OUT 
OUT 
OUT 
OUT 
OUT 
OUT 
OUT 
OUT 
OUT 
OUT 
OUT 
OUT 
OUT 
OUT 
OUT 
OUT 
OUT 
OUT 
OUT 
OUT 
OUT 
OUT 
OUT 
OUT 
OUT 
OUT 
OUT 
OUT 
OUT 
OUT 
OUT 
OUT 
OUT 
OUT 
OUT 
OUT 
OUT 
OUT 
OUT 
OUT 
OUT 
OUT 
OUT 
OUT         ' '   
OUT       ' . . ' 
OUT     ' ' . : ' 
OUT   ' . . . * ' 
OUT ' . . ' ' '   
OUT ' . '         
OUT   '           
OUT 
OUT ***
OUT You travel South...
OUT The ground here is charred black in several places.
OUT There is no one here.
OUT 
OUT 
OUT 
OUT [  N  W  S  E          Greet (name)        Attack (name) ]
OUT [  More   Help   Quit                  Hit Enter to wait ]
IN  'attack'
OUT You are alone, Rufus!
OUT 
OUT 
OUT 
OUT 
OUT 
OUT [  N  W  S  E          Greet (name)        Attack (name) ]
OUT [  More   Help   Quit                  Hit Enter to wait ]
IN  'W'
OUT 
OUT 
OUT 
OUT 
OUT 
OUT 
OUT 
OUT 
OUT 
OUT 
OUT 
OUT 
OUT 
OUT 
OUT 
OUT 
OUT 
OUT 
OUT 
OUT 
OUT 
OUT 
OUT 
OUT 
OUT 
OUT 
OUT 
OUT 
OUT 
OUT 
OUT 
OUT 
OUT 
OUT 
OUT 
OUT 
OUT 
OUT 
OUT 
OUT 
OUT 
OUT 
OUT 
OUT 
OUT 
OUT 
OUT 
OUT 
OUT 
OUT 
OUT 
OUT 
OUT 
OUT 
OUT 
OUT 
OUT 
OUT 
OUT 
OUT 
OUT 
OUT 
OUT 
OUT 
OUT 
OUT 
OUT 
OUT 
OUT 
OUT 
OUT 
OUT 
OUT 
OUT 
OUT 
OUT 
OUT 
OUT 
OUT 
OUT 
OUT 
OUT 
OUT         ' '   
OUT       ' . . ' 
OUT     ' ' . : ' 
OUT   ' . . * . ' 
OUT ' . . ' ' '   
OUT ' . '         
OUT   '           
OUT 
OUT ***
OUT You travel West...
OUT The ground here is charred black in several places.
OUT Someone you don't recognize lies dead here.
OUT No others here live.
OUT 
OUT 
OUT 
OUT 
OUT 
OUT [  N  W  S  E          Greet (name)        Attack (name) ]
OUT [  Bury  Loot                                            ]
OUT [  More   Help   Quit                  Hit Enter to wait ]
IN  'attack'
OUT Exception in thread "main" java.lang.ArrayIndexOutOfBoundsException: Index -1 out of bounds for length 212
OUT 	at Gangland.playerTurn(Gangland.java:6217)
OUT 	at Gangland.main(Gangland.java:2119)
IN  ''
