OUT 
OUT 
OUT 
OUT 
OUT 
OUT   
OUT 
OUT 
OUT 
OUT 
OUT  
OUT 
OUT 
OUT 
OUT 
OUT  
OUT 
OUT 
OUT 
OUT 
OUT  
OUT 
OUT 
OUT 
OUT 
OUT  
OUT 
OUT 
OUT 
OUT 
OUT  
OUT 
OUT 
OUT 
OUT 
OUT  
OUT 
OUT 
OUT 
OUT 
OUT  
OUT 
OUT 
OUT 
OUT 
OUT 
OUT                                    |        ___
OUT                                    \   | __/  ’’’’
OUT                                     \  <<--,_____
OUT        ,   ,              \           U          ____---
OUT         v                  \          U      |~~<____   
OUT         `  ‘ `   ’      `---\         U      /        /
OUT          \|   \ |            ````~     U    //    /‘’’’’’’’^
OUT           \    \                   \ \ |U| //    / , 
OUT            \\  \\...````           |  V  / ‘’’’ ‘’               G       N D
OUT             \  / |``               /   /                    A   N       A
OUT      ~_  ,   |   /                /`  /                    G          L
OUT        `-` `- \ |                 |  /                                  
OUT              \  |                |  |
OUT               }  \               /  |              ..       .. ..       . .   .
OUT       ~``__   |   \-/           |   |  .. ...      ....    .   .. . ...  . .   
OUT  *#----*--**__|    |*****^**---|     ]__--_*_.... _  __   . . ..... . . .. . . .
OUT * |                                                      
OUT *                                                        
OUT * |                                                      
OUT *       Who are you ?                                    
OUT * |                                                      
IN  'Rufus'
OUT * |                                                                | *
OUT * |                                                                | *
OUT * |     Male or Female?                                            | *
OUT 
OUT [ M / F ]
IN  'male'
OUT * |  Right, Rufus,                                                 | *
OUT * |   enjoy yer stay!                                              | *
OUT * |                                     ( poor wretch . . .)       | *
OUT * |                                                                | *
OUT * |                                                                | *
OUT ...
OUT 
OUT 
OUT 
OUT 
OUT ***
OUT  You get to your feet. A bit of a headache. Nothing looks familiar. 
OUT 
OUT 
OUT 
OUT [ (hit Enter) ]    
