OUT 
OUT 
OUT 
OUT 
OUT 
OUT   
OUT 
OUT 
OUT 
OUT 
OUT  
OUT 
OUT 
OUT 
OUT 
OUT  
OUT 
OUT 
OUT 
OUT 
OUT  
OUT 
OUT 
OUT 
OUT 
OUT  
OUT 
OUT 
OUT 
OUT 
OUT  
OUT 
OUT 
OUT 
OUT 
OUT  
OUT 
OUT 
OUT 
OUT 
OUT  
OUT 
OUT 
OUT 
OUT 
OUT 
OUT                                    |        ___
OUT                                    \   | __/  ’’’’
OUT                                     \  <<--,_____
OUT        ,   ,              \           U          ____---
OUT         v                  \          U      |~~<____   
OUT         `  ‘ `   ’      `---\         U      /        /
OUT          \|   \ |            ````~     U    //    /‘’’’’’’’^
OUT           \    \                   \ \ |U| //    / , 
OUT            \\  \\...````           |  V  / ‘’’’ ‘’               G       N D
OUT             \  / |``               /   /                    A   N       A
OUT      ~_  ,   |   /                /`  /                    G          L
OUT        `-` `- \ |                 |  /                                  
OUT              \  |                |  |
OUT               }  \               /  |              ..       .. ..       . .   .
OUT       ~``__   |   \-/           |   |  .. ...      ....    .   .. . ...  . .   
OUT  *#----*--**__|    |*****^**---|     ]__--_*_.... _  __   . . ..... . . .. . . .
OUT * |                                                      
OUT *                                                        
OUT * |                                                      
OUT *       Who are you ?                                    
OUT * |                                                      
IN  'Rufus'
OUT * |                                                                | *
OUT * |                                                                | *
OUT * |     Male or Female?                                            | *
OUT 
OUT [ M / F ]
IN  'male'
OUT * |  Right, Rufus,                                                 | *
OUT * |   enjoy yer stay!                                              | *
OUT * |                                     ( poor wretch . . .)       | *
OUT * |                                                                | *
OUT * |                                                                | *
OUT 
OUT 
OUT 
OUT 
OUT ***
OUT  You get to your feet. A bit of a headache. Nothing looks familiar. 
OUT 
OUT 
OUT 
OUT [ (hit Enter) ]    
IN  ''
OUT 
OUT 
OUT 
OUT 
OUT 
OUT 
OUT 
OUT 
OUT 
OUT 
OUT 
OUT 
OUT 
OUT 
OUT 
OUT 
OUT 
OUT 
OUT 
OUT 
OUT 
OUT 
OUT 
OUT 
OUT 
OUT 
OUT 
OUT 
OUT 
OUT 
OUT 
OUT 
OUT 
OUT 
OUT 
OUT 
OUT 
OUT 
OUT 
OUT 
OUT 
OUT 
OUT 
OUT 
OUT 
OUT 
OUT 
OUT 
OUT 
OUT 
OUT 
OUT 
OUT 
OUT 
OUT 
OUT 
OUT 
OUT 
OUT 
OUT 
OUT 
OUT 
OUT 
OUT 
OUT 
OUT 
OUT 
OUT 
OUT 
OUT 
OUT 
OUT 
OUT 
OUT 
OUT 
OUT 
OUT 
OUT 
OUT 
OUT 
OUT 
OUT 
OUT   '   
OUT ' * ' 
OUT   '   
OUT 
OUT There is no one here.
OUT 
OUT 
OUT 
OUT [  N  W  S  E          Greet (name)        Attack (name) ]
OUT [  More   Help   Quit                  Hit Enter to wait ]
IN  ''
OUT You wait...
OUT 
OUT 
OUT 
OUT 
OUT 
OUT [  N  W  S  E          Greet (name)        Attack (name) ]
OUT [  More   Help   Quit                  Hit Enter to wait ]
IN  'E'
OUT 
OUT 
OUT 
OUT 
OUT 
OUT 
OUT 
OUT 
OUT 
OUT 
OUT 
OUT 
OUT 
OUT 
OUT 
OUT 
OUT 
OUT 
OUT 
OUT 
OUT 
OUT 
OUT 
OUT 
OUT 
OUT 
OUT 
OUT 
OUT 
OUT 
OUT 
OUT 
OUT 
OUT 
OUT 
OUT 
OUT 
OUT 
OUT 
OUT 
OUT 
OUT 
OUT 
OUT 
OUT 
OUT 
OUT 
OUT 
OUT 
OUT 
OUT 
OUT 
OUT 
OUT 
OUT 
OUT 
OUT 
OUT 
OUT 
OUT 
OUT 
OUT 
OUT 
OUT 
OUT 
OUT 
OUT 
OUT 
OUT 
OUT 
OUT 
OUT 
OUT 
OUT 
OUT 
OUT 
OUT 
OUT 
OUT 
OUT 
OUT 
OUT 
OUT   ' '   
OUT ' . * ' 
OUT   ' '   
OUT 
OUT ***
OUT You travel East...
OUT There is a cat here.
OUT 
OUT 
OUT 
OUT 
OUT 
OUT [  N  W  S  E          Greet (name)        Attack (name) ]
OUT [  More   Help   Quit                  Hit Enter to wait ]
IN  'S'
OUT 
OUT 
OUT 
OUT 
OUT 
OUT 
OUT 
OUT 
OUT 
OUT 
OUT 
OUT 
OUT 
OUT 
OUT 
OUT 
OUT 
OUT 
OUT 
OUT 
OUT 
OUT 
OUT 
OUT 
OUT 
OUT 
OUT 
OUT 
OUT 
OUT 
OUT 
OUT 
OUT 
OUT 
OUT 
OUT 
OUT 
OUT 
OUT 
OUT 
OUT 
OUT 
OUT 
OUT 
OUT 
OUT 
OUT 
OUT 
OUT 
OUT 
OUT 
OUT 
OUT 
OUT 
OUT 
OUT 
OUT 
OUT 
OUT 
OUT 
OUT 
OUT 
OUT 
OUT 
OUT 
OUT 
OUT 
OUT 
OUT 
OUT 
OUT 
OUT 
OUT 
OUT 
OUT 
OUT 
OUT 
OUT 
OUT 
OUT 
OUT 
OUT 
OUT   ' '   
OUT ' . . ' 
OUT   ' * ' 
OUT     '   
OUT 
OUT ***
OUT You travel South...
OUT There is no one here.
OUT 
OUT 
OUT 
OUT [  N  W  S  E          Greet (name)        Attack (name) ]
OUT [  More   Help   Quit                  Hit Enter to wait ]
IN  'S'
OUT 
OUT 
OUT 
OUT 
OUT 
OUT 
OUT 
OUT 
OUT 
OUT 
OUT 
OUT 
OUT 
OUT 
OUT 
OUT 
OUT 
OUT 
OUT 
OUT 
OUT 
OUT 
OUT 
OUT 
OUT 
OUT 
OUT 
OUT 
OUT 
OUT 
OUT 
OUT 
OUT 
OUT 
OUT 
OUT 
OUT 
OUT 
OUT 
OUT 
OUT 
OUT 
OUT 
OUT 
OUT 
OUT 
OUT 
OUT 
OUT 
OUT 
OUT 
OUT 
OUT 
OUT 
OUT 
OUT 
OUT 
OUT 
OUT 
OUT 
OUT 
OUT 
OUT 
OUT 
OUT 
OUT 
OUT 
OUT 
OUT 
OUT 
OUT 
OUT 
OUT 
OUT 
OUT 
OUT 
OUT 
OUT 
OUT 
OUT 
OUT 
OUT 
OUT   ' '   
OUT ' . . ' 
OUT   ' . ' 
OUT   ' * ' 
OUT     '   
OUT 
OUT ***
OUT You travel South...
OUT There is no one here.
OUT 
OUT 
OUT 
OUT [  N  W  S  E          Greet (name)        Attack (name) ]
OUT [  More   Help   Quit                  Hit Enter to wait ]
IN  'W'
OUT 
OUT 
OUT 
OUT 
OUT 
OUT 
OUT 
OUT 
OUT 
OUT 
OUT 
OUT 
OUT 
OUT 
OUT 
OUT 
OUT 
OUT 
OUT 
OUT 
OUT 
OUT 
OUT 
OUT 
OUT 
OUT 
OUT 
OUT 
OUT 
OUT 
OUT 
OUT 
OUT 
OUT 
OUT 
OUT 
OUT 
OUT 
OUT 
OUT 
OUT 
OUT 
OUT 
OUT 
OUT 
OUT 
OUT 
OUT 
OUT 
OUT 
OUT 
OUT 
OUT 
OUT 
OUT 
OUT 
OUT 
OUT 
OUT 
OUT 
OUT 
OUT 
OUT 
OUT 
OUT 
OUT 
OUT 
OUT 
OUT 
OUT 
OUT 
OUT 
OUT 
OUT 
OUT 
OUT 
OUT 
OUT 
OUT 
OUT 
OUT 
OUT 
OUT   ' '   
OUT ' . . ' 
OUT   ' . ' 
OUT ' * . ' 
OUT   ' '   
OUT 
OUT ***
OUT You travel West...
OUT There are 2 strangers here.
OUT 
OUT 
OUT 
OUT 
OUT 
OUT [  N  W  S  E          Greet (name)        Attack (name) ]
OUT [  More   Help   Quit                  Hit Enter to wait ]
IN  'greet'
OUT Whom are you greeting?
IN  'stranger'
OUT 
OUT 
OUT This man's name is Wastere.
OUT Wastere is in a gang with Robbin.
OUT 
OUT Wastere: "Yes, Rufus?" 
OUT 
OUT 
OUT 
OUT 
OUT 
OUT [ Join         Teach         Fight               Leave   ]
OUT [           Joke                                         ]
IN  'Robbin'
OUT What?
IN  'Robbin'
OUT What?
IN  ''
OUT What?
IN  ''
OUT What?
IN  ''
OUT What?
IN  ''
OUT What?
IN  ''
OUT What?
IN  ''
OUT What?
IN  ''
OUT What?
IN  ''
OUT What?
IN  ''
OUT What?
IN  ''
OUT What?
IN  ''
OUT What?
IN  ''
OUT What?
IN  ''
OUT What?
IN  ''
OUT What?
IN  ''
OUT What?
IN  ''
OUT What?
IN  ''
OUT What?
IN  ''
OUT What?
IN  ''
OUT What?
IN  ''
OUT What?
IN  ''
OUT What?
IN  ''
OUT What?
IN  ''
OUT What?
IN  ''
OUT What?
IN  ''
OUT What?
IN  ''
OUT What?
IN  ''
OUT What?
IN  ''
OUT What?
IN  ''
OUT What?
IN  ''
OUT What?
IN  ''
OUT What?
IN  ''
OUT What?
IN  ''
OUT What?
IN  ''
OUT What?
IN  ''
OUT What?
IN  ''
OUT What?
IN  ''
OUT What?
IN  ''
OUT What?
IN  ''
OUT What?
IN  ''
OUT What?
IN  ''
OUT What?
IN  ''
OUT What?
IN  ''
OUT What?
IN  ''
OUT What?
IN  ''
OUT What?
IN  ''
OUT What?
IN  ''
OUT What?
IN  ''
OUT What?
IN  ''
OUT What?
IN  ''
OUT What?
IN  ''
OUT What?
IN  ''
OUT What?
IN  ''
OUT What?
IN  ''
OUT What?
IN  ''
OUT What?
IN  ''
OUT What?
IN  ''
OUT What?
IN  ''
OUT What?
IN  ''
OUT What?
IN  ''
OUT What?
IN  ''
OUT What?
IN  ''
OUT What?
IN  ''
OUT What?
IN  ''
OUT What?
IN  ''
OUT What?
IN  ''
OUT What?
IN  ''
OUT What?
IN  ''
OUT What?
IN  ''
OUT What?
IN  ''
OUT What?
IN  ''
OUT What?
IN  ''
OUT What?
IN  ''
OUT What?
IN  ''
OUT What?
IN  ''
OUT What?
IN  ''
OUT What?
IN  ''
OUT What?
IN  ''
OUT What?
IN  ''
OUT What?
IN  ''
OUT What?
IN  ''
OUT What?
IN  ''
OUT What?
IN  ''
OUT What?
IN  ''
OUT What?
IN  ''
OUT What?
IN  ''
OUT What?
IN  ''
OUT What?
IN  ''
OUT What?
IN  ''
OUT What?
IN  ''
OUT What?
IN  ''
OUT What?
IN  ''
OUT What?
IN  ''
OUT What?
IN  ''
OUT What?
IN  ''
OUT What?
IN  ''
OUT What?
IN  ''
OUT What?
IN  ''
OUT What?
IN  ''
OUT What?
IN  ''
OUT What?
IN  ''
OUT What?
IN  ''
OUT What?
IN  ''
OUT What?
IN  ''
OUT What?
IN  ''
OUT What?
IN  ''
OUT What?
IN  ''
OUT What?
IN  ''
OUT What?
IN  ''
OUT What?
IN  ''
OUT What?
IN  ''
OUT What?
IN  ''
OUT What?
IN  ''
OUT What?
IN  ''
OUT What?
IN  ''
OUT What?
IN  ''
OUT What?
IN  ''
OUT What?
IN  ''
OUT What?
IN  ''
OUT What?
IN  ''
OUT What?
IN  ''
OUT What?
IN  ''
OUT What?
IN  ''
OUT What?
IN  ''
OUT What?
IN  ''
OUT What?
IN  ''
OUT What?
IN  ''
OUT What?
IN  ''
OUT What?
IN  ''
OUT What?
IN  ''
OUT What?
IN  ''
OUT What?
IN  ''
OUT What?
IN  ''
OUT What?
IN  ''
OUT What?
IN  ''
OUT What?
IN  ''
OUT What?
IN  ''
OUT What?
IN  ''
OUT What?
IN  ''
OUT What?
IN  ''
OUT What?
IN  ''
OUT What?
IN  ''
OUT What?
IN  ''
OUT What?
IN  ''
OUT What?
IN  ''
OUT What?
IN  ''
OUT What?
IN  ''
OUT What?
IN  ''
OUT What?
IN  ''
OUT What?
IN  ''
OUT What?
IN  ''
OUT What?
IN  ''
OUT What?
IN  ''
OUT What?
IN  ''
OUT What?
IN  ''
OUT What?
IN  ''
OUT What?
IN  ''
OUT What?
IN  ''
OUT What?
IN  ''
OUT What?
IN  ''
OUT What?
IN  ''
OUT What?
IN  ''
OUT What?
IN  ''
OUT What?
IN  ''
OUT What?
IN  ''
OUT What?
IN  ''
OUT What?
IN  ''
OUT What?
IN  ''
OUT What?
IN  ''
OUT What?
IN  ''
OUT What?
IN  ''
OUT What?
IN  ''
OUT What?
IN  ''
OUT What?
IN  ''
OUT What?
IN  ''
OUT What?
IN  ''
OUT What?
IN  ''
OUT What?
IN  ''
OUT What?
IN  ''
OUT What?
IN  ''
OUT What?
IN  ''
OUT What?
IN  ''
OUT What?
IN  ''
OUT What?
IN  ''
OUT What?
IN  ''
OUT What?
IN  ''
OUT What?
IN  ''
OUT What?
IN  ''
OUT What?
IN  ''
OUT What?
IN  ''
OUT What?
IN  ''
OUT What?
IN  ''
OUT What?
IN  ''
OUT What?
IN  ''
OUT What?
IN  ''
OUT What?
IN  ''
OUT What?
IN  ''
OUT What?
IN  ''
OUT What?
IN  ''
OUT What?
IN  ''
OUT What?
IN  ''
OUT What?
IN  ''
OUT What?
IN  ''
OUT What?
IN  ''
OUT What?
IN  ''
OUT What?
IN  ''
OUT What?
IN  ''
OUT What?
IN  ''
OUT What?
IN  ''
OUT What?
IN  ''
OUT What?
IN  ''
OUT What?
IN  ''
OUT What?
IN  ''
OUT What?
IN  ''
OUT What?
IN  ''
OUT What?
IN  ''
OUT What?
IN  ''
OUT What?
IN  ''
OUT What?
IN  ''
OUT What?
IN  ''
OUT What?
IN  ''
OUT What?
IN  ''
OUT What?
IN  ''
OUT What?
IN  ''
OUT What?
IN  ''
OUT What?
IN  ''
OUT What?
IN  ''
OUT What?
IN  ''
OUT What?
IN  ''
OUT What?
IN  ''
OUT What?
IN  ''
OUT What?
IN  ''
OUT What?
IN  ''
OUT What?
IN  ''
OUT What?
IN  ''
OUT What?
IN  ''
OUT What?
IN  ''
OUT What?
IN  ''
OUT What?
IN  ''
OUT What?
IN  ''
OUT What?
IN  ''
OUT What?
IN  ''
OUT What?
IN  ''
OUT What?
IN  ''
OUT What?
IN  ''
OUT What?
IN  ''
OUT What?
IN  ''
OUT What?
IN  ''
OUT What?
IN  ''
OUT What?
IN  ''
OUT What?
IN  ''
OUT What?
IN  ''
OUT What?
IN  ''
OUT What?
IN  ''
OUT What?
IN  ''
OUT What?
IN  ''
OUT What?
IN  ''
OUT What?
IN  ''
OUT What?
IN  ''
OUT What?
IN  ''
OUT What?
IN  ''
OUT What?
IN  ''
OUT What?
IN  ''
OUT What?
IN  ''
OUT What?
IN  ''
OUT What?
IN  ''
OUT What?
IN  ''
OUT What?
IN  ''
OUT What?
IN  ''
OUT What?
IN  ''
OUT What?
IN  ''
OUT What?
IN  ''
OUT What?
IN  ''
OUT What?
IN  ''
OUT What?
IN  ''
OUT What?
IN  ''
OUT What?
IN  ''
OUT What?
IN  ''
OUT What?
IN  ''
OUT What?
IN  ''
OUT What?
IN  ''
OUT What?
IN  ''
OUT What?
IN  ''
OUT What?
IN  ''
OUT What?
IN  ''
OUT What?
IN  ''
OUT What?
IN  ''
OUT What?
IN  ''
OUT What?
IN  ''
OUT What?
IN  ''
OUT What?
IN  ''
OUT What?
IN  ''
OUT What?
IN  ''
OUT What?
IN  ''
OUT What?
IN  ''
OUT What?
IN  ''
OUT What?
IN  ''
OUT What?
IN  ''
OUT What?
IN  ''
OUT What?
IN  ''
OUT What?
IN  ''
OUT What?
IN  ''
OUT What?
IN  ''
OUT What?
IN  ''
OUT What?
IN  ''
OUT What?
IN  ''
OUT What?
IN  ''
OUT What?
IN  ''
OUT What?
IN  ''
OUT What?
IN  ''
OUT What?
IN  ''
OUT What?
IN  ''
OUT What?
IN  ''
OUT What?
IN  ''
OUT What?
IN  ''
OUT What?
IN  ''
OUT What?
IN  ''
OUT What?
IN  ''
OUT What?
IN  ''
OUT What?
IN  ''
OUT What?
IN  ''
OUT What?
IN  ''
OUT What?
IN  ''
OUT What?
IN  ''
OUT What?
IN  ''
OUT What?
IN  ''
OUT What?
IN  ''
OUT What?
IN  ''
OUT What?
IN  ''
OUT What?
IN  ''
OUT What?
IN  ''
OUT What?
IN  ''
OUT What?
IN  ''
OUT What?
IN  ''
OUT What?
IN  ''
OUT What?
IN  ''
OUT What?
IN  ''
OUT What?
IN  ''
OUT What?
IN  ''
OUT What?
IN  ''
OUT What?
IN  ''
OUT What?
IN  ''
OUT What?
IN  ''
OUT What?
IN  ''
OUT What?
IN  ''
OUT What?
IN  ''
OUT What?
IN  ''
OUT What?
IN  ''
OUT What?
IN  ''
OUT What?
IN  ''
OUT What?
IN  ''
OUT What?
IN  ''
OUT What?
IN  ''
OUT What?
IN  ''
OUT What?
IN  ''
OUT What?
IN  ''
OUT What?
IN  ''
OUT What?
IN  ''
OUT What?
IN  ''
OUT What?
IN  ''
OUT What?
IN  ''
OUT What?
IN  ''
OUT What?
IN  ''
OUT What?
IN  ''
OUT What?
IN  ''
OUT What?
IN  ''
OUT What?
IN  ''
OUT What?
IN  ''
OUT What?
IN  ''
OUT What?
IN  ''
OUT What?
IN  ''
OUT What?
IN  ''
OUT What?
IN  ''
OUT What?
IN  ''
OUT What?
IN  ''
OUT What?
IN  ''
OUT What?
IN  ''
OUT What?
IN  ''
OUT What?
IN  ''
OUT What?
IN  ''
OUT What?
IN  ''
OUT What?
IN  ''
OUT What?
IN  ''
OUT What?
IN  ''
OUT What?
IN  ''
OUT What?
IN  ''
OUT What?
IN  ''
OUT What?
IN  ''
OUT What?
IN  ''
OUT What?
IN  ''
OUT What?
IN  ''
