OUT 
OUT 
OUT 
OUT 
OUT 
OUT   
OUT 
OUT 
OUT 
OUT 
OUT  
OUT 
OUT 
OUT 
OUT 
OUT  
OUT 
OUT 
OUT 
OUT 
OUT  
OUT 
OUT 
OUT 
OUT 
OUT  
OUT 
OUT 
OUT 
OUT 
OUT  
OUT 
OUT 
OUT 
OUT 
OUT  
OUT 
OUT 
OUT 
OUT 
OUT  
OUT 
OUT 
OUT 
OUT 
OUT 
OUT                                    |        ___
OUT                                    \   | __/  ’’’’
OUT                                     \  <<--,_____
OUT        ,   ,              \           U          ____---
OUT         v                  \          U      |~~<____   
OUT         `  ‘ `   ’      `---\         U      /        /
OUT          \|   \ |            ````~     U    //    /‘’’’’’’’^
OUT           \    \                   \ \ |U| //    / , 
OUT            \\  \\...````           |  V  / ‘’’’ ‘’               G       N D
OUT             \  / |``               /   /                    A   N       A
OUT      ~_  ,   |   /                /`  /                    G          L
OUT        `-` `- \ |                 |  /                                  
OUT              \  |                |  |
OUT               }  \               /  |              ..       .. ..       . .   .
OUT       ~``__   |   \-/           |   |  .. ...      ....    .   .. . ...  . .   
OUT  *#----*--**__|    |*****^**---|     ]__--_*_.... _  __   . . ..... . . .. . . .
OUT * |                                                      
OUT *                                                        
OUT * |                                                      
OUT *       Who are you ?                                    
OUT * |                                                      
IN  'Rufus'
OUT * |                                                                | *
OUT * |                                                                | *
OUT * |     Male or Female?                                            | *
OUT 
OUT [ M / F ]
IN  'male'
OUT * |  Right, Rufus,                                                 | *
OUT * |   enjoy yer stay!                                              | *
OUT * |                                     ( poor wretch . . .)       | *
OUT * |                                                                | *
OUT * |                                                                | *
OUT ...
OUT 
OUT 
OUT 
OUT 
OUT ***
OUT  You get to your feet. A bit of a headache. Nothing looks familiar. 
OUT 
OUT 
OUT 
OUT [ (hit Enter) ]    
IN  ''
OUT 
OUT 
OUT 
OUT 
OUT 
OUT 
OUT 
OUT 
OUT 
OUT 
OUT 
OUT 
OUT 
OUT 
OUT 
OUT 
OUT 
OUT 
OUT 
OUT 
OUT 
OUT 
OUT 
OUT 
OUT 
OUT 
OUT 
OUT 
OUT 
OUT 
OUT 
OUT 
OUT 
OUT 
OUT 
OUT 
OUT 
OUT 
OUT 
OUT 
OUT 
OUT 
OUT 
OUT 
OUT 
OUT 
OUT 
OUT 
OUT 
OUT 
OUT 
OUT 
OUT 
OUT 
OUT 
OUT 
OUT 
OUT 
OUT 
OUT 
OUT 
OUT 
OUT 
OUT 
OUT 
OUT 
OUT 
OUT 
OUT 
OUT 
OUT 
OUT 
OUT 
OUT 
OUT 
OUT 
OUT 
OUT 
OUT 
OUT 
OUT 
OUT 
OUT   '   
OUT ' * ' 
OUT   '   
OUT 
OUT There is no one here.
OUT 
OUT 
OUT 
OUT [  N  W  S  E          Greet (name)        Attack (name) ]
OUT [  More   Help   Quit                  Hit Enter to wait ]
IN  ''
OUT You wait...
OUT 
OUT 
OUT 
OUT 
OUT 
OUT [  N  W  S  E          Greet (name)        Attack (name) ]
OUT [  More   Help   Quit                  Hit Enter to wait ]
IN  'S'
OUT 
OUT 
OUT 
OUT 
OUT 
OUT 
OUT 
OUT 
OUT 
OUT 
OUT 
OUT 
OUT 
OUT 
OUT 
OUT 
OUT 
OUT 
OUT 
OUT 
OUT 
OUT 
OUT 
OUT 
OUT 
OUT 
OUT 
OUT 
OUT 
OUT 
OUT 
OUT 
OUT 
OUT 
OUT 
OUT 
OUT 
OUT 
OUT 
OUT 
OUT 
OUT 
OUT 
OUT 
OUT 
OUT 
OUT 
OUT 
OUT 
OUT 
OUT 
OUT 
OUT 
OUT 
OUT 
OUT 
OUT 
OUT 
OUT 
OUT 
OUT 
OUT 
OUT 
OUT 
OUT 
OUT 
OUT 
OUT 
OUT 
OUT 
OUT 
OUT 
OUT 
OUT 
OUT 
OUT 
OUT 
OUT 
OUT 
OUT 
OUT 
OUT 
OUT   '   
OUT ' . ' 
OUT ' * ' 
OUT   '   
OUT 
OUT ***
OUT You travel South...
OUT There is no one here.
OUT 
OUT 
OUT 
OUT [  N  W  S  E          Greet (name)        Attack (name) ]
OUT [  More   Help   Quit                  Hit Enter to wait ]
IN  'W'
OUT 
OUT 
OUT 
OUT 
OUT 
OUT 
OUT 
OUT 
OUT 
OUT 
OUT 
OUT 
OUT 
OUT 
OUT 
OUT 
OUT 
OUT 
OUT 
OUT 
OUT 
OUT 
OUT 
OUT 
OUT 
OUT 
OUT 
OUT 
OUT 
OUT 
OUT 
OUT 
OUT 
OUT 
OUT 
OUT 
OUT 
OUT 
OUT 
OUT 
OUT 
OUT 
OUT 
OUT 
OUT 
OUT 
OUT 
OUT 
OUT 
OUT 
OUT 
OUT 
OUT 
OUT 
OUT 
OUT 
OUT 
OUT 
OUT 
OUT 
OUT 
OUT 
OUT 
OUT 
OUT 
OUT 
OUT 
OUT 
OUT 
OUT 
OUT 
OUT 
OUT 
OUT 
OUT 
OUT 
OUT 
OUT 
OUT 
OUT 
OUT 
OUT 
OUT     '   
OUT   ' . ' 
OUT ' * . ' 
OUT   ' '   
OUT 
OUT ***
OUT You travel West...
OUT There is no one here.
OUT 
OUT 
OUT 
OUT [  N  W  S  E          Greet (name)        Attack (name) ]
OUT [  More   Help   Quit                  Hit Enter to wait ]
IN  'E'
OUT 
OUT 
OUT 
OUT 
OUT 
OUT 
OUT 
OUT 
OUT 
OUT 
OUT 
OUT 
OUT 
OUT 
OUT 
OUT 
OUT 
OUT 
OUT 
OUT 
OUT 
OUT 
OUT 
OUT 
OUT 
OUT 
OUT 
OUT 
OUT 
OUT 
OUT 
OUT 
OUT 
OUT 
OUT 
OUT 
OUT 
OUT 
OUT 
OUT 
OUT 
OUT 
OUT 
OUT 
OUT 
OUT 
OUT 
OUT 
OUT 
OUT 
OUT 
OUT 
OUT 
OUT 
OUT 
OUT 
OUT 
OUT 
OUT 
OUT 
OUT 
OUT 
OUT 
OUT 
OUT 
OUT 
OUT 
OUT 
OUT 
OUT 
OUT 
OUT 
OUT 
OUT 
OUT 
OUT 
OUT 
OUT 
OUT 
OUT 
OUT 
OUT 
OUT     '   
OUT   ' . ' 
OUT ' . * ' 
OUT   ' '   
OUT 
OUT ***
OUT You travel East...
OUT There is a cat here.
OUT 
OUT 
OUT 
OUT 
OUT 
OUT [  N  W  S  E          Greet (name)        Attack (name) ]
OUT [  More   Help   Quit                  Hit Enter to wait ]
IN  'S'
OUT 
OUT 
OUT 
OUT 
OUT 
OUT 
OUT 
OUT 
OUT 
OUT 
OUT 
OUT 
OUT 
OUT 
OUT 
OUT 
OUT 
OUT 
OUT 
OUT 
OUT 
OUT 
OUT 
OUT 
OUT 
OUT 
OUT 
OUT 
OUT 
OUT 
OUT 
OUT 
OUT 
OUT 
OUT 
OUT 
OUT 
OUT 
OUT 
OUT 
OUT 
OUT 
OUT 
OUT 
OUT 
OUT 
OUT 
OUT 
OUT 
OUT 
OUT 
OUT 
OUT 
OUT 
OUT 
OUT 
OUT 
OUT 
OUT 
OUT 
OUT 
OUT 
OUT 
OUT 
OUT 
OUT 
OUT 
OUT 
OUT 
OUT 
OUT 
OUT 
OUT 
OUT 
OUT 
OUT 
OUT 
OUT 
OUT 
OUT 
OUT 
OUT 
OUT     '   
OUT   ' . ' 
OUT ' . . ' 
OUT   ' * ' 
OUT     '   
OUT 
OUT ***
OUT You travel South...
OUT The grass is a little taller here.
OUT There is no one here.
OUT 
OUT 
OUT 
OUT [  N  W  S  E          Greet (name)        Attack (name) ]
OUT [  More   Help   Quit                  Hit Enter to wait ]
IN  'greet'
OUT You are alone, Rufus!
OUT 
OUT 
OUT 
OUT 
OUT 
OUT [  N  W  S  E          Greet (name)        Attack (name) ]
OUT [  More   Help   Quit                  Hit Enter to wait ]
IN  'S'
OUT 
OUT 
OUT 
OUT 
OUT 
OUT 
OUT 
OUT 
OUT 
OUT 
OUT 
OUT 
OUT 
OUT 
OUT 
OUT 
OUT 
OUT 
OUT 
OUT 
OUT 
OUT 
OUT 
OUT 
OUT 
OUT 
OUT 
OUT 
OUT 
OUT 
OUT 
OUT 
OUT 
OUT 
OUT 
OUT 
OUT 
OUT 
OUT 
OUT 
OUT 
OUT 
OUT 
OUT 
OUT 
OUT 
OUT 
OUT 
OUT 
OUT 
OUT 
OUT 
OUT 
OUT 
OUT 
OUT 
OUT 
OUT 
OUT 
OUT 
OUT 
OUT 
OUT 
OUT 
OUT 
OUT 
OUT 
OUT 
OUT 
OUT 
OUT 
OUT 
OUT 
OUT 
OUT 
OUT 
OUT 
OUT 
OUT 
OUT 
OUT 
OUT 
OUT     '   
OUT   ' . ' 
OUT ' . . ' 
OUT   ' : ' 
OUT   ' * ' 
OUT     '   
OUT 
OUT ***
OUT You travel South...
OUT There is a cat here.
OUT 
OUT 
OUT 
OUT 
OUT 
OUT [  N  W  S  E          Greet (name)        Attack (name) ]
OUT [  More   Help   Quit                  Hit Enter to wait ]
IN  'attack'
OUT You advance menacingly on the cat, who screeches and runs from you, into hiding.
OUT 
OUT 
OUT [ (hit Enter) ]    
IN  ''
OUT 
OUT 
OUT 
OUT 
OUT 
OUT [  N  W  S  E          Greet (name)        Attack (name) ]
OUT [  More   Help   Quit                  Hit Enter to wait ]
IN  'E'
OUT 
OUT 
OUT 
OUT 
OUT 
OUT 
OUT 
OUT 
OUT 
OUT 
OUT 
OUT 
OUT 
OUT 
OUT 
OUT 
OUT 
OUT 
OUT 
OUT 
OUT 
OUT 
OUT 
OUT 
OUT 
OUT 
OUT 
OUT 
OUT 
OUT 
OUT 
OUT 
OUT 
OUT 
OUT 
OUT 
OUT 
OUT 
OUT 
OUT 
OUT 
OUT 
OUT 
OUT 
OUT 
OUT 
OUT 
OUT 
OUT 
OUT 
OUT 
OUT 
OUT 
OUT 
OUT 
OUT 
OUT 
OUT 
OUT 
OUT 
OUT 
OUT 
OUT 
OUT 
OUT 
OUT 
OUT 
OUT 
OUT 
OUT 
OUT 
OUT 
OUT 
OUT 
OUT 
OUT 
OUT 
OUT 
OUT 
OUT 
OUT 
OUT 
OUT     '     
OUT   ' . '   
OUT ' . . '   
OUT   ' : '   
OUT   ' . * ' 
OUT     ' '   
OUT 
OUT ***
OUT You travel East...
OUT There is no one here.
OUT 
OUT 
OUT 
OUT [  N  W  S  E          Greet (name)        Attack (name) ]
OUT [  More   Help   Quit                  Hit Enter to wait ]
IN  'attack'
OUT You are alone, Rufus!
OUT 
OUT 
OUT 
OUT 
OUT 
OUT [  N  W  S  E          Greet (name)        Attack (name) ]
OUT [  More   Help   Quit                  Hit Enter to wait ]
IN  'S'
OUT 
OUT 
OUT 
OUT 
OUT 
OUT 
OUT 
OUT 
OUT 
OUT 
OUT 
OUT 
OUT 
OUT 
OUT 
OUT 
OUT 
OUT 
OUT 
OUT 
OUT 
OUT 
OUT 
OUT 
OUT 
OUT 
OUT 
OUT 
OUT 
OUT 
OUT 
OUT 
OUT 
OUT 
OUT 
OUT 
OUT 
OUT 
OUT 
OUT 
OUT 
OUT 
OUT 
OUT 
OUT 
OUT 
OUT 
OUT 
OUT 
OUT 
OUT 
OUT 
OUT 
OUT 
OUT 
OUT 
OUT 
OUT 
OUT 
OUT 
OUT 
OUT 
OUT 
OUT 
OUT 
OUT 
OUT 
OUT 
OUT 
OUT 
OUT 
OUT 
OUT 
OUT 
OUT 
OUT 
OUT 
OUT 
OUT 
OUT 
OUT 
OUT 
OUT     '     
OUT   ' . '   
OUT ' . . '   
OUT   ' : '   
OUT   ' . . ' 
OUT     ' * ' 
OUT       '   
OUT 
OUT ***
OUT You travel South...
OUT There is a stranger here.
OUT 
OUT 
OUT 
OUT 
OUT 
OUT [  N  W  S  E          Greet (name)        Attack (name) ]
OUT [  More   Help   Quit                  Hit Enter to wait ]
IN  'S'
OUT 
OUT 
OUT 
OUT 
OUT 
OUT 
OUT 
OUT 
OUT 
OUT 
OUT 
OUT 
OUT 
OUT 
OUT 
OUT 
OUT 
OUT 
OUT 
OUT 
OUT 
OUT 
OUT 
OUT 
OUT 
OUT 
OUT 
OUT 
OUT 
OUT 
OUT 
OUT 
OUT 
OUT 
OUT 
OUT 
OUT 
OUT 
OUT 
OUT 
OUT 
OUT 
OUT 
OUT 
OUT 
OUT 
OUT 
OUT 
OUT 
OUT 
OUT 
OUT 
OUT 
OUT 
OUT 
OUT 
OUT 
OUT 
OUT 
OUT 
OUT 
OUT 
OUT 
OUT 
OUT 
OUT 
OUT 
OUT 
OUT 
OUT 
OUT 
OUT 
OUT 
OUT 
OUT 
OUT 
OUT 
OUT 
OUT 
OUT 
OUT 
OUT 
OUT     '     
OUT   ' . '   
OUT ' . . '   
OUT   ' : '   
OUT   ' . . ' 
OUT     ' . ' 
OUT     ' * ' 
OUT       '   
OUT 
OUT ***
OUT You travel South...
OUT There are 2 strangers here.
OUT 
OUT 
OUT This man's name is Wastere.
OUT Wastere: "Grrrrrrrr...  "
OUT 
OUT 
OUT [ (D)rop it     (F)ight ]
IN  'F'
OUT 
OUT Wastere: "Really? Well, delighted to oblige! You're dead now, creep!"
OUT 
OUT 
OUT [ (hit Enter) ]    
IN  ''
OUT For the first time, you enter a duel... you have almost no idea of your own 
OUT abilities, or your opponent's... 
OUT 
OUT 
OUT [ (hit Enter) ]    
IN  ''
OUT 
OUT 
OUT 
OUT 
OUT 
OUT 
OUT 
OUT 
OUT 
OUT 
OUT  
OUT 
OUT 
OUT 
OUT 
OUT 
OUT 
OUT 
OUT 
OUT 
OUT  
OUT 
OUT 
OUT 
OUT 
OUT 
OUT 
OUT 
OUT 
OUT 
OUT  
OUT 
OUT 
OUT 
OUT 
OUT 
OUT 
OUT 
OUT 
OUT 
OUT  
OUT 
OUT 
OUT 
OUT 
OUT 
OUT 
OUT 
OUT 
OUT 
OUT 
OUT BATTLE
OUT **************************************************
OUT 
OUT 
OUT Wastere
OUT Strength: ??? Health: ???(Max ???) Speed: ???
OUT  Skill: ??? Personality: ??? Morale: ???
OUT Rufus
OUT Strength: ??? Health: ???(Max ???) Speed: ???
OUT  Skill: 0 Personality: 29 Morale: 20
OUT 
OUT 
OUT Order:
OUT Wastere got a 9.
OUT Rufus got a 11.
OUT 
OUT 
OUT [ (F)ight      Run      Commit ]
IN  'Commit'
OUT Rufus swings at Wastere, but misses!
OUT Wastere hits Rufus for 6 points!
OUT Rufus swings at Wastere, but misses!
OUT Wastere hits Rufus for 6 points!
OUT Rufus swings at Wastere, but misses!
OUT Wastere hits Rufus for 7 points!
OUT Wastere hits Rufus for 4 points!
OUT Rufus swings at Wastere, but misses!
OUT Wastere swings at Rufus, but misses!
OUT Rufus hits Wastere for 1 points!
OUT Wastere swings at Rufus, but misses!
OUT Rufus swings at Wastere, but misses!
OUT Wastere swings at Rufus, but misses!
OUT Rufus swings at Wastere, but misses!
OUT Wastere hits Rufus for 4 points!
OUT 
OUT 
OUT [ (hit Enter) ]    
IN  ''
OUT The battle is over!
OUT Wastere has slain Rufus!
OUT Wastere:  "HAH HAAAH!!" 
OUT ***
OUT You lie dead... worms begin to consider you... your spirit haunts this field, 
OUT listening and watching... 
OUT "Watch it... "
OUT "grrrr....."       "rraaaagh...."
OUT Wastere wanders off...  
OUT ***
OUT You are reborn...
OUT 
OUT 
OUT Rufus 2
OUT Strength: ??? Health: ???(Max ???) Speed: ???
OUT  Skill: 0 Personality: 60 Morale: 20
OUT 
OUT [ (hit Enter) ]
IN  ''
OUT 
OUT 
OUT ***
OUT You're woozy. You may have been here before, but you don't remember much.
OUT 
OUT 
OUT [ (hit Enter) ]
IN  ''
OUT 
OUT 
OUT 
OUT 
OUT 
OUT 
OUT 
OUT 
OUT 
OUT 
OUT 
OUT 
OUT 
OUT 
OUT 
OUT 
OUT 
OUT 
OUT 
OUT 
OUT 
OUT 
OUT 
OUT 
OUT 
OUT 
OUT 
OUT 
OUT 
OUT 
OUT 
OUT 
OUT 
OUT 
OUT 
OUT 
OUT 
OUT 
OUT 
OUT 
OUT 
OUT 
OUT 
OUT 
OUT 
OUT 
OUT 
OUT 
OUT 
OUT 
OUT 
OUT 
OUT 
OUT 
OUT 
OUT 
OUT 
OUT 
OUT 
OUT 
OUT 
OUT 
OUT 
OUT 
OUT 
OUT 
OUT 
OUT 
OUT 
OUT 
OUT 
OUT 
OUT 
OUT 
OUT 
OUT 
OUT 
OUT 
OUT 
OUT 
OUT 
OUT 
OUT   '   
OUT ' * ' 
OUT   '   
OUT 
OUT There are 4 strangers here.
OUT 
OUT 
OUT 
OUT 
OUT 
OUT [  N  W  S  E          Greet (name)        Attack (name) ]
OUT [  More   Help   Quit                  Hit Enter to wait ]
IN  'N'
OUT 
OUT 
OUT 
OUT 
OUT 
OUT 
OUT 
OUT 
OUT 
OUT 
OUT 
OUT 
OUT 
OUT 
OUT 
OUT 
OUT 
OUT 
OUT 
OUT 
OUT 
OUT 
OUT 
OUT 
OUT 
OUT 
OUT 
OUT 
OUT 
OUT 
OUT 
OUT 
OUT 
OUT 
OUT 
OUT 
OUT 
OUT 
OUT 
OUT 
OUT 
OUT 
OUT 
OUT 
OUT 
OUT 
OUT 
OUT 
OUT 
OUT 
OUT 
OUT 
OUT 
OUT 
OUT 
OUT 
OUT 
OUT 
OUT 
OUT 
OUT 
OUT 
OUT 
OUT 
OUT 
OUT 
OUT 
OUT 
OUT 
OUT 
OUT 
OUT 
OUT 
OUT 
OUT 
OUT 
OUT 
OUT 
OUT 
OUT 
OUT 
OUT 
OUT   '   
OUT ' * ' 
OUT ' . ' 
OUT   '   
OUT 
OUT ***
OUT You travel North...
OUT There is no one here.
OUT 
OUT 
OUT 
OUT [  N  W  S  E          Greet (name)        Attack (name) ]
OUT [  More   Help   Quit                  Hit Enter to wait ]
IN  'E'
OUT 
OUT 
OUT 
OUT 
OUT 
OUT 
OUT 
OUT 
OUT 
OUT 
OUT 
OUT 
OUT 
OUT 
OUT 
OUT 
OUT 
OUT 
OUT 
OUT 
OUT 
OUT 
OUT 
OUT 
OUT 
OUT 
OUT 
OUT 
OUT 
OUT 
OUT 
OUT 
OUT 
OUT 
OUT 
OUT 
OUT 
OUT 
OUT 
OUT 
OUT 
OUT 
OUT 
OUT 
OUT 
OUT 
OUT 
OUT 
OUT 
OUT 
OUT 
OUT 
OUT 
OUT 
OUT 
OUT 
OUT 
OUT 
OUT 
OUT 
OUT 
OUT 
OUT 
OUT 
OUT 
OUT 
OUT 
OUT 
OUT 
OUT 
OUT 
OUT 
OUT 
OUT 
OUT 
OUT 
OUT 
OUT 
OUT 
OUT 
OUT 
OUT 
OUT   ' '   
OUT ' . * ' 
OUT ' . '   
OUT   '     
OUT 
OUT ***
OUT You travel East...
OUT There is no one here.
OUT 
OUT 
OUT 
OUT [  N  W  S  E          Greet (name)        Attack (name) ]
OUT [  More   Help   Quit                  Hit Enter to wait ]
IN  'N'
OUT 
OUT 
OUT 
OUT 
OUT 
OUT 
OUT 
OUT 
OUT 
OUT 
OUT 
OUT 
OUT 
OUT 
OUT 
OUT 
OUT 
OUT 
OUT 
OUT 
OUT 
OUT 
OUT 
OUT 
OUT 
OUT 
OUT 
OUT 
OUT 
OUT 
OUT 
OUT 
OUT 
OUT 
OUT 
OUT 
OUT 
OUT 
OUT 
OUT 
OUT 
OUT 
OUT 
OUT 
OUT 
OUT 
OUT 
OUT 
OUT 
OUT 
OUT 
OUT 
OUT 
OUT 
OUT 
OUT 
OUT 
OUT 
OUT 
OUT 
OUT 
OUT 
OUT 
OUT 
OUT 
OUT 
OUT 
OUT 
OUT 
OUT 
OUT 
OUT 
OUT 
OUT 
OUT 
OUT 
OUT 
OUT 
OUT 
OUT 
OUT 
OUT 
OUT     '   
OUT   ' * ' 
OUT ' . . ' 
OUT ' . '   
OUT   '     
OUT 
OUT ***
OUT You travel North...
OUT There is no one here.
OUT 
OUT 
OUT 
OUT [  N  W  S  E          Greet (name)        Attack (name) ]
OUT [  More   Help   Quit                  Hit Enter to wait ]
IN  'W'
OUT 
OUT 
OUT 
OUT 
OUT 
OUT 
OUT 
OUT 
OUT 
OUT 
OUT 
OUT 
OUT 
OUT 
OUT 
OUT 
OUT 
OUT 
OUT 
OUT 
OUT 
OUT 
OUT 
OUT 
OUT 
OUT 
OUT 
OUT 
OUT 
OUT 
OUT 
OUT 
OUT 
OUT 
OUT 
OUT 
OUT 
OUT 
OUT 
OUT 
OUT 
OUT 
OUT 
OUT 
OUT 
OUT 
OUT 
OUT 
OUT 
OUT 
OUT 
OUT 
OUT 
OUT 
OUT 
OUT 
OUT 
OUT 
OUT 
OUT 
OUT 
OUT 
OUT 
OUT 
OUT 
OUT 
OUT 
OUT 
OUT 
OUT 
OUT 
OUT 
OUT 
OUT 
OUT 
OUT 
OUT 
OUT 
OUT 
OUT 
OUT 
OUT 
OUT   ' '   
OUT ' * . ' 
OUT ' . . ' 
OUT ' . '   
OUT   '     
OUT 
OUT ***
OUT You travel West...
OUT There is no one here.
OUT 
OUT 
OUT 
OUT [  N  W  S  E          Greet (name)        Attack (name) ]
OUT [  More   Help   Quit                  Hit Enter to wait ]
IN  'S'
OUT 
OUT 
OUT 
OUT 
OUT 
OUT 
OUT 
OUT 
OUT 
OUT 
OUT 
OUT 
OUT 
OUT 
OUT 
OUT 
OUT 
OUT 
OUT 
OUT 
OUT 
OUT 
OUT 
OUT 
OUT 
OUT 
OUT 
OUT 
OUT 
OUT 
OUT 
OUT 
OUT 
OUT 
OUT 
OUT 
OUT 
OUT 
OUT 
OUT 
OUT 
OUT 
OUT 
OUT 
OUT 
OUT 
OUT 
OUT 
OUT 
OUT 
OUT 
OUT 
OUT 
OUT 
OUT 
OUT 
OUT 
OUT 
OUT 
OUT 
OUT 
OUT 
OUT 
OUT 
OUT 
OUT 
OUT 
OUT 
OUT 
OUT 
OUT 
OUT 
OUT 
OUT 
OUT 
OUT 
OUT 
OUT 
OUT 
OUT 
OUT 
OUT 
OUT   ' '   
OUT ' . . ' 
OUT ' * . ' 
OUT ' . '   
OUT   '     
OUT 
OUT ***
OUT You travel South...
OUT There is a stranger here.
OUT 
OUT 
OUT This man's name is Bendix 2.
OUT Bendix 2 menaces you!
OUT Bendix 2: "Grunt."
OUT 
OUT 
OUT [ (F)ight       (D)rop it ]
IN  'D'
OUT Bendix 2: "Grmph."
OUT 
OUT 
OUT 
OUT 
OUT 
OUT [  N  W  S  E          Greet (name)        Attack (name) ]
OUT [  More   Help   Quit                  Hit Enter to wait ]
IN  'greet'
OUT 
OUT 
OUT 
OUT Bendix 2: "Yeah? What is it?" 
OUT 
OUT 
OUT 
OUT 
OUT 
OUT [ Join         Teach         Fight               Leave   ]
OUT [           Joke                                         ]
IN  'Leave'
OUT "grrrr..."
OUT 
OUT 
OUT 
OUT 
OUT 
OUT [  N  W  S  E          Greet (name)        Attack (name) ]
OUT [  More   Help   Quit                  Hit Enter to wait ]
IN  'N'
OUT 
OUT 
OUT 
OUT 
OUT 
OUT 
OUT 
OUT 
OUT 
OUT 
OUT 
OUT 
OUT 
OUT 
OUT 
OUT 
OUT 
OUT 
OUT 
OUT 
OUT 
OUT 
OUT 
OUT 
OUT 
OUT 
OUT 
OUT 
OUT 
OUT 
OUT 
OUT 
OUT 
OUT 
OUT 
OUT 
OUT 
OUT 
OUT 
OUT 
OUT 
OUT 
OUT 
OUT 
OUT 
OUT 
OUT 
OUT 
OUT 
OUT 
OUT 
OUT 
OUT 
OUT 
OUT 
OUT 
OUT 
OUT 
OUT 
OUT 
OUT 
OUT 
OUT 
OUT 
OUT 
OUT 
OUT 
OUT 
OUT 
OUT 
OUT 
OUT 
OUT 
OUT 
OUT 
OUT 
OUT 
OUT 
OUT 
OUT 
OUT 
OUT 
OUT   ' '   
OUT ' * . ' 
OUT ' . . ' 
OUT ' . '   
OUT   '     
OUT 
OUT ***
OUT You travel North...
OUT There is no one here.
OUT 
OUT 
OUT 
OUT [  N  W  S  E          Greet (name)        Attack (name) ]
OUT [  More   Help   Quit                  Hit Enter to wait ]
IN  'S'
OUT 
OUT 
OUT 
OUT 
OUT 
OUT 
OUT 
OUT 
OUT 
OUT 
OUT 
OUT 
OUT 
OUT 
OUT 
OUT 
OUT 
OUT 
OUT 
OUT 
OUT 
OUT 
OUT 
OUT 
OUT 
OUT 
OUT 
OUT 
OUT 
OUT 
OUT 
OUT 
OUT 
OUT 
OUT 
OUT 
OUT 
OUT 
OUT 
OUT 
OUT 
OUT 
OUT 
OUT 
OUT 
OUT 
OUT 
OUT 
OUT 
OUT 
OUT 
OUT 
OUT 
OUT 
OUT 
OUT 
OUT 
OUT 
OUT 
OUT 
OUT 
OUT 
OUT 
OUT 
OUT 
OUT 
OUT 
OUT 
OUT 
OUT 
OUT 
OUT 
OUT 
OUT 
OUT 
OUT 
OUT 
OUT 
OUT 
OUT 
OUT 
OUT 
OUT   ' '   
OUT ' . . ' 
OUT ' * . ' 
OUT ' . '   
OUT   '     
OUT 
OUT ***
OUT You travel South...
OUT Bendix 2 is here.
OUT 
OUT 
OUT 
OUT 
OUT 
OUT [  N  W  S  E          Greet (name)        Attack (name) ]
OUT [  More   Help   Quit                  Hit Enter to wait ]
IN  'S'
OUT 
OUT 
OUT 
OUT 
OUT 
OUT 
OUT 
OUT 
OUT 
OUT 
OUT 
OUT 
OUT 
OUT 
OUT 
OUT 
OUT 
OUT 
OUT 
OUT 
OUT 
OUT 
OUT 
OUT 
OUT 
OUT 
OUT 
OUT 
OUT 
OUT 
OUT 
OUT 
OUT 
OUT 
OUT 
OUT 
OUT 
OUT 
OUT 
OUT 
OUT 
OUT 
OUT 
OUT 
OUT 
OUT 
OUT 
OUT 
OUT 
OUT 
OUT 
OUT 
OUT 
OUT 
OUT 
OUT 
OUT 
OUT 
OUT 
OUT 
OUT 
OUT 
OUT 
OUT 
OUT 
OUT 
OUT 
OUT 
OUT 
OUT 
OUT 
OUT 
OUT 
OUT 
OUT 
OUT 
OUT 
OUT 
OUT 
OUT 
OUT 
OUT 
OUT   ' '   
OUT ' . . ' 
OUT ' . . ' 
OUT ' * '   
OUT   '     
OUT 
OUT ***
OUT You travel South...
OUT Bendix 2 is here.
OUT 
OUT 
OUT 
OUT 
OUT 
OUT [  N  W  S  E          Greet (name)        Attack (name) ]
OUT [  More   Help   Quit                  Hit Enter to wait ]
IN  'attack'
OUT 
OUT Bendix 2: "YARG! Lay on!"
OUT 
OUT 
OUT [ (hit Enter) ]    
IN  ''
OUT 
OUT 
OUT 
OUT 
OUT 
OUT 
OUT 
OUT 
OUT 
OUT 
OUT  
OUT 
OUT 
OUT 
OUT 
OUT 
OUT 
OUT 
OUT 
OUT 
OUT  
OUT 
OUT 
OUT 
OUT 
OUT 
OUT 
OUT 
OUT 
OUT 
OUT  
OUT 
OUT 
OUT 
OUT 
OUT 
OUT 
OUT 
OUT 
OUT 
OUT  
OUT 
OUT 
OUT 
OUT 
OUT 
OUT 
OUT 
OUT 
OUT 
OUT 
OUT BATTLE
OUT **************************************************
OUT 
OUT 
OUT Rufus 2
OUT Strength: ??? Health: ???(Max ???) Speed: ???
OUT  Skill: 0 Personality: 60 Morale: 20
OUT Bendix 2
OUT Strength: ??? Health: ???(Max ???) Speed: ???
OUT  Skill: ??? Personality: 28 Morale: 40 (?)
OUT 
OUT 
OUT Order:
OUT Rufus 2 got a 10.
OUT Bendix 2 got a 15.
OUT Bendix 2 swings at Rufus 2, but misses!
OUT 
OUT 
OUT [ (F)ight      Run      Commit ]
IN  'F'
OUT Rufus 2 swings at Bendix 2, but misses!
OUT 
OUT 
OUT [ (hit Enter) ]    
IN  ''
OUT 
OUT 
OUT 
OUT 
OUT 
OUT 
OUT 
OUT 
OUT 
OUT 
OUT  
OUT 
OUT 
OUT 
OUT 
OUT 
OUT 
OUT 
OUT 
OUT 
OUT  
OUT 
OUT 
OUT 
OUT 
OUT 
OUT 
OUT 
OUT 
OUT 
OUT  
OUT 
OUT 
OUT 
OUT 
OUT 
OUT 
OUT 
OUT 
OUT 
OUT  
OUT 
OUT 
OUT 
OUT 
OUT 
OUT 
OUT 
OUT 
OUT 
OUT 
OUT BATTLE
OUT **************************************************
OUT 
OUT 
OUT Rufus 2
OUT Strength: 1 (??) Health: 5 (??)(Max 46 (???)) Speed: 7 (???)
OUT  Skill: 0 Personality: 60 Morale: 20
OUT Bendix 2
OUT Strength: 2 (??) Health: 1 (??)(Max ???) Speed: 6 (???)
OUT  Skill: 1 (??) Personality: 28 Morale: 40
OUT 
OUT 
OUT Order:
OUT Rufus 2 got a 15.
OUT Bendix 2 got a 10.
OUT 
OUT 
OUT [ (F)ight      Run      Commit ]
IN  'F'
OUT Rufus 2 swings at Bendix 2, but misses!
OUT Bendix 2 hits Rufus 2 for 9 points!
OUT 
OUT 
OUT [ (hit Enter) ]    
IN  ''
OUT 
OUT 
OUT 
OUT 
OUT 
OUT 
OUT 
OUT 
OUT 
OUT 
OUT  
OUT 
OUT 
OUT 
OUT 
OUT 
OUT 
OUT 
OUT 
OUT 
OUT  
OUT 
OUT 
OUT 
OUT 
OUT 
OUT 
OUT 
OUT 
OUT 
OUT  
OUT 
OUT 
OUT 
OUT 
OUT 
OUT 
OUT 
OUT 
OUT 
OUT  
OUT 
OUT 
OUT 
OUT 
OUT 
OUT 
OUT 
OUT 
OUT 
OUT 
OUT BATTLE
OUT **************************************************
OUT 
OUT 
OUT Rufus 2
OUT Strength: 10 (??) Health: 40 (??)(Max 42 (??)) Speed: 7 (??)
OUT  Skill: 0 Personality: 60 Morale: 20
OUT Bendix 2
OUT Strength: 12 (??) Health: 2 (??)(Max ???) Speed: 1 (??)
OUT  Skill: 1 (??) Personality: 28 Morale: 40
OUT 
OUT 
OUT Order:
OUT Rufus 2 got a 15.
OUT Bendix 2 got a 16.
OUT Bendix 2 hits Rufus 2 for 9 points!
OUT 
OUT 
OUT [ (F)ight      Run      Commit ]
IN  'F'
OUT Rufus 2 hits Bendix 2 for 2 points!
OUT 
OUT 
OUT [ (hit Enter) ]    
IN  ''
OUT 
OUT 
OUT 
OUT 
OUT 
OUT 
OUT 
OUT 
OUT 
OUT 
OUT  
OUT 
OUT 
OUT 
OUT 
OUT 
OUT 
OUT 
OUT 
OUT 
OUT  
OUT 
OUT 
OUT 
OUT 
OUT 
OUT 
OUT 
OUT 
OUT 
OUT  
OUT 
OUT 
OUT 
OUT 
OUT 
OUT 
OUT 
OUT 
OUT 
OUT  
OUT 
OUT 
OUT 
OUT 
OUT 
OUT 
OUT 
OUT 
OUT 
OUT 
OUT BATTLE
OUT **************************************************
OUT 
OUT 
OUT Rufus 2
OUT Strength: 9 (?) Health: 17 (?)(Max 38 (??)) Speed: 2 (??)
OUT  Skill: 1 Personality: 60 Morale: 22
OUT Bendix 2
OUT Strength: 5 (?) Health: 7 (?)(Max ???) Speed: 1 (??)
OUT  Skill: 24 (?) Personality: 28 Morale: 40
OUT 
OUT 
OUT Order:
OUT Rufus 2 got a 17.
OUT Bendix 2 got a 8.
OUT 
OUT 
OUT [ (F)ight      Run      Commit ]
IN  'Commit'
OUT Rufus 2 hits Bendix 2 for 4 points!
OUT Bendix 2 hits Rufus 2 for 8 points!
OUT 
OUT 
OUT [ (hit Enter) ]    
IN  ''
OUT The battle is over!
OUT Bendix 2 has slain Rufus 2!
OUT Bendix 2:  "HAH HAAAH!!" 
OUT ***
OUT You lie dead... your spirit is released again, and for a moment you can recall 
OUT both lives you have lived in this place... 
OUT Bendix 2 wanders off...  
OUT A stranger approaches...  
OUT A stranger wanders off...  
OUT You hear shouting to the West...
OUT ***
OUT You are reborn...
OUT 
OUT 
OUT Rufus 3
OUT Strength: ??? Health: ???(Max ???) Speed: ???
OUT  Skill: 0 Personality: 99 Morale: 20
OUT 
OUT [ (hit Enter) ]
IN  ''
OUT 
OUT 
OUT ***
OUT On your feet again. Things look a little familiar... a foggy idea occurs to you,
OUT briefly... people you may have met, some events that may or may not have 
OUT happened. Oh well. 
OUT 
OUT 
OUT [ (hit Enter) ]
IN  ''
OUT 
OUT 
OUT 
OUT 
OUT 
OUT 
OUT 
OUT 
OUT 
OUT 
OUT 
OUT 
OUT 
OUT 
OUT 
OUT 
OUT 
OUT 
OUT 
OUT 
OUT 
OUT 
OUT 
OUT 
OUT 
OUT 
OUT 
OUT 
OUT 
OUT 
OUT 
OUT 
OUT 
OUT 
OUT 
OUT 
OUT 
OUT 
OUT 
OUT 
OUT 
OUT 
OUT 
OUT 
OUT 
OUT 
OUT 
OUT 
OUT 
OUT 
OUT 
OUT 
OUT 
OUT 
OUT 
OUT 
OUT 
OUT 
OUT 
OUT 
OUT 
OUT 
OUT 
OUT 
OUT 
OUT 
OUT 
OUT 
OUT 
OUT 
OUT 
OUT 
OUT 
OUT 
OUT 
OUT 
OUT 
OUT 
OUT 
OUT 
OUT 
OUT 
OUT   '   
OUT | * ' 
OUT   '   
OUT 
OUT There is no one here.
OUT 
OUT 
OUT 
OUT [  N  W  S  E          Greet (name)        Attack (name) ]
OUT [  More   Help   Quit                  Hit Enter to wait ]
IN  'N'
OUT 
OUT 
OUT 
OUT 
OUT 
OUT 
OUT 
OUT 
OUT 
OUT 
OUT 
OUT 
OUT 
OUT 
OUT 
OUT 
OUT 
OUT 
OUT 
OUT 
OUT 
OUT 
OUT 
OUT 
OUT 
OUT 
OUT 
OUT 
OUT 
OUT 
OUT 
OUT 
OUT 
OUT 
OUT 
OUT 
OUT 
OUT 
OUT 
OUT 
OUT 
OUT 
OUT 
OUT 
OUT 
OUT 
OUT 
OUT 
OUT 
OUT 
OUT 
OUT 
OUT 
OUT 
OUT 
OUT 
OUT 
OUT 
OUT 
OUT 
OUT 
OUT 
OUT 
OUT 
OUT 
OUT 
OUT 
OUT 
OUT 
OUT 
OUT 
OUT 
OUT 
OUT 
OUT 
OUT 
OUT 
OUT 
OUT 
OUT 
OUT 
OUT 
OUT   '   
OUT | * ' 
OUT | . ' 
OUT   '   
OUT 
OUT ***
OUT You travel North...
OUT There is no one here.
OUT 
OUT 
OUT 
OUT [  N  W  S  E          Greet (name)        Attack (name) ]
OUT [  More   Help   Quit                  Hit Enter to wait ]
IN  'E'
OUT 
OUT 
OUT 
OUT 
OUT 
OUT 
OUT 
OUT 
OUT 
OUT 
OUT 
OUT 
OUT 
OUT 
OUT 
OUT 
OUT 
OUT 
OUT 
OUT 
OUT 
OUT 
OUT 
OUT 
OUT 
OUT 
OUT 
OUT 
OUT 
OUT 
OUT 
OUT 
OUT 
OUT 
OUT 
OUT 
OUT 
OUT 
OUT 
OUT 
OUT 
OUT 
OUT 
OUT 
OUT 
OUT 
OUT 
OUT 
OUT 
OUT 
OUT 
OUT 
OUT 
OUT 
OUT 
OUT 
OUT 
OUT 
OUT 
OUT 
OUT 
OUT 
OUT 
OUT 
OUT 
OUT 
OUT 
OUT 
OUT 
OUT 
OUT 
OUT 
OUT 
OUT 
OUT 
OUT 
OUT 
OUT 
OUT 
OUT 
OUT 
OUT 
OUT   ' '   
OUT | . * ' 
OUT | . '   
OUT   '     
OUT 
OUT ***
OUT You travel East...
OUT There is no one here.
OUT 
OUT 
OUT 
OUT [  N  W  S  E          Greet (name)        Attack (name) ]
OUT [  More   Help   Quit                  Hit Enter to wait ]
IN  'S'
OUT 
OUT 
OUT 
OUT 
OUT 
OUT 
OUT 
OUT 
OUT 
OUT 
OUT 
OUT 
OUT 
OUT 
OUT 
OUT 
OUT 
OUT 
OUT 
OUT 
OUT 
OUT 
OUT 
OUT 
OUT 
OUT 
OUT 
OUT 
OUT 
OUT 
OUT 
OUT 
OUT 
OUT 
OUT 
OUT 
OUT 
OUT 
OUT 
OUT 
OUT 
OUT 
OUT 
OUT 
OUT 
OUT 
OUT 
OUT 
OUT 
OUT 
OUT 
OUT 
OUT 
OUT 
OUT 
OUT 
OUT 
OUT 
OUT 
OUT 
OUT 
OUT 
OUT 
OUT 
OUT 
OUT 
OUT 
OUT 
OUT 
OUT 
OUT 
OUT 
OUT 
OUT 
OUT 
OUT 
OUT 
OUT 
OUT 
OUT 
OUT 
OUT 
OUT   ' '   
OUT | . . ' 
OUT | . * ' 
OUT   ' '   
OUT 
OUT ***
OUT You travel South...
OUT There is no one here.
OUT 
OUT 
OUT 
OUT [  N  W  S  E          Greet (name)        Attack (name) ]
OUT [  More   Help   Quit                  Hit Enter to wait ]
IN  'S'
OUT 
OUT 
OUT 
OUT 
OUT 
OUT 
OUT 
OUT 
OUT 
OUT 
OUT 
OUT 
OUT 
OUT 
OUT 
OUT 
OUT 
OUT 
OUT 
OUT 
OUT 
OUT 
OUT 
OUT 
OUT 
OUT 
OUT 
OUT 
OUT 
OUT 
OUT 
OUT 
OUT 
OUT 
OUT 
OUT 
OUT 
OUT 
OUT 
OUT 
OUT 
OUT 
OUT 
OUT 
OUT 
OUT 
OUT 
OUT 
OUT 
OUT 
OUT 
OUT 
OUT 
OUT 
OUT 
OUT 
OUT 
OUT 
OUT 
OUT 
OUT 
OUT 
OUT 
OUT 
OUT 
OUT 
OUT 
OUT 
OUT 
OUT 
OUT 
OUT 
OUT 
OUT 
OUT 
OUT 
OUT 
OUT 
OUT 
OUT 
OUT 
OUT 
OUT   ' '   
OUT | . . ' 
OUT | . . ' 
OUT   ' * ' 
OUT     '   
OUT 
OUT ***
OUT You travel South...
OUT There is no one here.
OUT 
OUT 
OUT 
OUT [  N  W  S  E          Greet (name)        Attack (name) ]
OUT [  More   Help   Quit                  Hit Enter to wait ]
IN  'attack'
OUT You are alone, Rufus 3!
OUT 
OUT 
OUT 
OUT 
OUT 
OUT [  N  W  S  E          Greet (name)        Attack (name) ]
OUT [  More   Help   Quit                  Hit Enter to wait ]
IN  'S'
OUT 
OUT 
OUT 
OUT 
OUT 
OUT 
OUT 
OUT 
OUT 
OUT 
OUT 
OUT 
OUT 
OUT 
OUT 
OUT 
OUT 
OUT 
OUT 
OUT 
OUT 
OUT 
OUT 
OUT 
OUT 
OUT 
OUT 
OUT 
OUT 
OUT 
OUT 
OUT 
OUT 
OUT 
OUT 
OUT 
OUT 
OUT 
OUT 
OUT 
OUT 
OUT 
OUT 
OUT 
OUT 
OUT 
OUT 
OUT 
OUT 
OUT 
OUT 
OUT 
OUT 
OUT 
OUT 
OUT 
OUT 
OUT 
OUT 
OUT 
OUT 
OUT 
OUT 
OUT 
OUT 
OUT 
OUT 
OUT 
OUT 
OUT 
OUT 
OUT 
OUT 
OUT 
OUT 
OUT 
OUT 
OUT 
OUT 
OUT 
OUT 
OUT 
OUT   ' '   
OUT | . . ' 
OUT | . . ' 
OUT   ' . ' 
OUT   ' * ' 
OUT     '   
OUT 
OUT ***
OUT You travel South...
OUT There are 3 strangers here.
OUT 
OUT 
OUT This man's name is Elias 2.
OUT Elias 2 is in a gang with Tom and Red 2.
OUT Elias 2 menaces you!
OUT Elias 2: "Grunt."
OUT 
OUT 
OUT [ (F)ight       (D)rop it ]
IN  'D'
OUT Elias 2: "Grmph."
OUT 
OUT 
OUT 
OUT 
OUT 
OUT 
OUT 
OUT [  N  W  S  E          Greet (name)        Attack (name) ]
OUT [  More   Help   Quit                  Hit Enter to wait ]
IN  'E'
OUT 
OUT 
OUT 
OUT 
OUT 
OUT 
OUT 
OUT 
OUT 
OUT 
OUT 
OUT 
OUT 
OUT 
OUT 
OUT 
OUT 
OUT 
OUT 
OUT 
OUT 
OUT 
OUT 
OUT 
OUT 
OUT 
OUT 
OUT 
OUT 
OUT 
OUT 
OUT 
OUT 
OUT 
OUT 
OUT 
OUT 
OUT 
OUT 
OUT 
OUT 
OUT 
OUT 
OUT 
OUT 
OUT 
OUT 
OUT 
OUT 
OUT 
OUT 
OUT 
OUT 
OUT 
OUT 
OUT 
OUT 
OUT 
OUT 
OUT 
OUT 
OUT 
OUT 
OUT 
OUT 
OUT 
OUT 
OUT 
OUT 
OUT 
OUT 
OUT 
OUT 
OUT 
OUT 
OUT 
OUT 
OUT 
OUT 
OUT 
OUT 
OUT 
OUT   ' '     
OUT | . . '   
OUT | . . '   
OUT   ' . '   
OUT   ' . * ' 
OUT     ' '   
OUT 
OUT ***
OUT You travel East...
OUT Tom is here.
OUT Elias 2 is here.
OUT Red 2 is here.
OUT 
OUT 
OUT 
OUT 
OUT 
OUT [  N  W  S  E          Greet (name)        Attack (name) ]
OUT [  More   Help   Quit                  Hit Enter to wait ]
IN  'More'
OUT [  Stats   Who   Remember   Write                        ]
IN  'W'
OUT 
OUT 
OUT 
OUT 
OUT 
OUT 
OUT 
OUT 
OUT 
OUT 
OUT 
OUT 
OUT 
OUT 
OUT 
OUT 
OUT 
OUT 
OUT 
OUT 
OUT 
OUT 
OUT 
OUT 
OUT 
OUT 
OUT 
OUT 
OUT 
OUT 
OUT 
OUT 
OUT 
OUT 
OUT 
OUT 
OUT 
OUT 
OUT 
OUT 
OUT 
OUT 
OUT 
OUT 
OUT 
OUT 
OUT 
OUT 
OUT 
OUT 
OUT 
OUT 
OUT 
OUT 
OUT 
OUT 
OUT 
OUT 
OUT 
OUT 
OUT 
OUT 
OUT 
OUT 
OUT 
OUT 
OUT 
OUT 
OUT 
OUT 
OUT 
OUT 
OUT 
OUT 
OUT 
OUT 
OUT 
OUT 
OUT 
OUT 
OUT 
OUT 
OUT   ' '     
OUT | . . '   
OUT | . . '   
OUT   ' . '   
OUT   ' * . ' 
OUT     ' '   
OUT 
OUT ***
OUT You travel West...
OUT There is no one here.
OUT 
OUT 
OUT 
OUT [  N  W  S  E          Greet (name)        Attack (name) ]
OUT [  More   Help   Quit                  Hit Enter to wait ]
IN  'N'
OUT 
OUT 
OUT 
OUT 
OUT 
OUT 
OUT 
OUT 
OUT 
OUT 
OUT 
OUT 
OUT 
OUT 
OUT 
OUT 
OUT 
OUT 
OUT 
OUT 
OUT 
OUT 
OUT 
OUT 
OUT 
OUT 
OUT 
OUT 
OUT 
OUT 
OUT 
OUT 
OUT 
OUT 
OUT 
OUT 
OUT 
OUT 
OUT 
OUT 
OUT 
OUT 
OUT 
OUT 
OUT 
OUT 
OUT 
OUT 
OUT 
OUT 
OUT 
OUT 
OUT 
OUT 
OUT 
OUT 
OUT 
OUT 
OUT 
OUT 
OUT 
OUT 
OUT 
OUT 
OUT 
OUT 
OUT 
OUT 
OUT 
OUT 
OUT 
OUT 
OUT 
OUT 
OUT 
OUT 
OUT 
OUT 
OUT 
OUT 
OUT 
OUT 
OUT   ' '     
OUT | . . '   
OUT | . . '   
OUT   ' * '   
OUT   ' . . ' 
OUT     ' '   
OUT 
OUT ***
OUT You travel North...
OUT There is no one here.
OUT 
OUT 
OUT 
OUT [  N  W  S  E          Greet (name)        Attack (name) ]
OUT [  More   Help   Quit                  Hit Enter to wait ]
IN  'W'
OUT 
OUT 
OUT 
OUT 
OUT 
OUT 
OUT 
OUT 
OUT 
OUT 
OUT 
OUT 
OUT 
OUT 
OUT 
OUT 
OUT 
OUT 
OUT 
OUT 
OUT 
OUT 
OUT 
OUT 
OUT 
OUT 
OUT 
OUT 
OUT 
OUT 
OUT 
OUT 
OUT 
OUT 
OUT 
OUT 
OUT 
OUT 
OUT 
OUT 
OUT 
OUT 
OUT 
OUT 
OUT 
OUT 
OUT 
OUT 
OUT 
OUT 
OUT 
OUT 
OUT 
OUT 
OUT 
OUT 
OUT 
OUT 
OUT 
OUT 
OUT 
OUT 
OUT 
OUT 
OUT 
OUT 
OUT 
OUT 
OUT 
OUT 
OUT 
OUT 
OUT 
OUT 
OUT 
OUT 
OUT 
OUT 
OUT 
OUT 
OUT 
OUT 
OUT   ' '     
OUT | . . '   
OUT | . . '   
OUT | * . '   
OUT   ' . . ' 
OUT     ' '   
OUT 
OUT ***
OUT You travel West...
OUT There is a stranger here.
OUT 
OUT 
OUT This man's name is Barney 2.
OUT "Grrrarr! We're a fightin'!"
OUT 
OUT 
OUT [ (hit Enter) ]    
IN  ''
OUT 
OUT 
OUT 
OUT 
OUT 
OUT 
OUT 
OUT 
OUT 
OUT 
OUT  
OUT 
OUT 
OUT 
OUT 
OUT 
OUT 
OUT 
OUT 
OUT 
OUT  
OUT 
OUT 
OUT 
OUT 
OUT 
OUT 
OUT 
OUT 
OUT 
OUT  
OUT 
OUT 
OUT 
OUT 
OUT 
OUT 
OUT 
OUT 
OUT 
OUT  
OUT 
OUT 
OUT 
OUT 
OUT 
OUT 
OUT 
OUT 
OUT 
OUT 
OUT BATTLE
OUT **************************************************
OUT 
OUT 
OUT Barney 2
OUT Strength: ??? Health: ???(Max ???) Speed: ???
OUT  Skill: ??? Personality: ??? Morale: ???
OUT Rufus 3
OUT Strength: ??? Health: ???(Max ???) Speed: ???
OUT  Skill: 0 Personality: 99 Morale: 20
OUT 
OUT 
OUT Order:
OUT Barney 2 got a 15.
OUT Rufus 3 got a 10.
OUT Barney 2 swings at Rufus 3, but misses!
OUT 
OUT 
OUT [ (F)ight      Run      Commit ]
IN  'Commit'
OUT Rufus 3 swings at Barney 2, but misses!
OUT Barney 2 hits Rufus 3 for 2 points!
OUT Rufus 3 swings at Barney 2, but misses!
OUT Barney 2 hits Rufus 3 for 6 points!
OUT Rufus 3 hits Barney 2 for 5 points!
OUT Barney 2 hits Rufus 3 for 5 points!
OUT Rufus 3 swings at Barney 2, but misses!
OUT Barney 2 hits Rufus 3 for 3 points!
OUT 
OUT 
OUT [ (hit Enter) ]    
IN  ''
OUT The battle is over!
OUT Barney 2 has slain Rufus 3!
OUT Barney 2:  "HAH HAAAH!!" 
OUT ***
OUT You lie dead... yet again you rise above your remains to a point of observation,
OUT waiting to return... 
OUT Barney 2 is under attack!
OUT        HSSSSSSSS!         "Yarrg!"           HSssssss....         HSSSSSSSS!
OUT         "Yarrg!"
OUT The battle is over!
OUT Barney 2 : "HUZZAH! I have slain the snake! And I did it all by myself." 
OUT Barney 2 wanders off...  
OUT ***
OUT You are reborn...
OUT 
OUT 
OUT Rufus 4
OUT Strength: ??? Health: ???(Max ???) Speed: ???
OUT  Skill: 0 Personality: 90 Morale: 20
OUT 
OUT [ (hit Enter) ]
IN  ''
OUT 
OUT 
OUT ***
OUT You get to your feet. You are very much aware that you have now died and been 
OUT brought back several times, and that other than this fact, you are carrying 
OUT nothing substantial with you in each rebirth. It's a bit upsetting, really. 
OUT 
OUT 
OUT [ (hit Enter) ]
IN  ''
OUT 
OUT 
OUT 
OUT 
OUT 
OUT 
OUT 
OUT 
OUT 
OUT 
OUT 
OUT 
OUT 
OUT 
OUT 
OUT 
OUT 
OUT 
OUT 
OUT 
OUT 
OUT 
OUT 
OUT 
OUT 
OUT 
OUT 
OUT 
OUT 
OUT 
OUT 
OUT 
OUT 
OUT 
OUT 
OUT 
OUT 
OUT 
OUT 
OUT 
OUT 
OUT 
OUT 
OUT 
OUT 
OUT 
OUT 
OUT 
OUT 
OUT 
OUT 
OUT 
OUT 
OUT 
OUT 
OUT 
OUT 
OUT 
OUT 
OUT 
OUT 
OUT 
OUT 
OUT 
OUT 
OUT 
OUT 
OUT 
OUT 
OUT 
OUT 
OUT 
OUT 
OUT 
OUT 
OUT 
OUT 
OUT 
OUT 
OUT 
OUT 
OUT 
OUT ' * ' 
OUT   '   
OUT 
OUT There is a stranger here.
OUT 
OUT 
OUT This man's name is Megunticook 3.
OUT "Grrrarr! We're a fightin'!"
OUT 
OUT 
OUT [ (hit Enter) ]    
IN  ''
OUT 
OUT 
OUT 
OUT 
OUT 
OUT 
OUT 
OUT 
OUT 
OUT 
OUT  
OUT 
OUT 
OUT 
OUT 
OUT 
OUT 
OUT 
OUT 
OUT 
OUT  
OUT 
OUT 
OUT 
OUT 
OUT 
OUT 
OUT 
OUT 
OUT 
OUT  
OUT 
OUT 
OUT 
OUT 
OUT 
OUT 
OUT 
OUT 
OUT 
OUT  
OUT 
OUT 
OUT 
OUT 
OUT 
OUT 
OUT 
OUT 
OUT 
OUT 
OUT BATTLE
OUT **************************************************
OUT 
OUT 
OUT Megunticook 3
OUT Strength: ??? Health: ???(Max ???) Speed: ???
OUT  Skill: ??? Personality: ??? Morale: ???
OUT Rufus 4
OUT Strength: ??? Health: ???(Max ???) Speed: ???
OUT  Skill: 0 Personality: 90 Morale: 20
OUT 
OUT 
OUT Order:
OUT Megunticook 3 got a 9.
OUT Rufus 4 got a 11.
OUT 
OUT 
OUT [ (F)ight      Run      Commit ]
IN  'Commit'
OUT Rufus 4 hits Megunticook 3 for 3 points!
OUT Megunticook 3 hits Rufus 4 for 6 points!
OUT Megunticook 3 hits Rufus 4 for 8 points!
OUT Rufus 4 hits Megunticook 3 for 2 points!
OUT Rufus 4 swings at Megunticook 3, but misses!
OUT Megunticook 3 hits Rufus 4 for 9 points!
OUT 
OUT 
OUT [ (hit Enter) ]    
IN  ''
OUT The battle is over!
OUT Megunticook 3 has slain Rufus 4!
OUT Megunticook 3:  "HAH HAAAH!!" 
OUT ***
OUT You lie dead... yet again you rise above your remains to a point of observation,
OUT waiting to return... 
OUT Megunticook 3 wanders off...  
OUT Megunticook 3 approaches...  
OUT Megunticook 3 wanders off...  
OUT A stranger approaches...  
OUT ***
OUT You are reborn...
OUT 
OUT 
OUT Rufus 5
OUT Strength: ??? Health: ???(Max ???) Speed: ???
OUT  Skill: 0 Personality: 24 Morale: 20
OUT 
OUT [ (hit Enter) ]
IN  ''
OUT 
OUT 
OUT ***
OUT Well, here we are again.
OUT 
OUT 
OUT [ (hit Enter) ]
IN  ''
OUT 
OUT 
OUT 
OUT 
OUT 
OUT 
OUT 
OUT 
OUT 
OUT 
OUT 
OUT 
OUT 
OUT 
OUT 
OUT 
OUT 
OUT 
OUT 
OUT 
OUT 
OUT 
OUT 
OUT 
OUT 
OUT 
OUT 
OUT 
OUT 
OUT 
OUT 
OUT 
OUT 
OUT 
OUT 
OUT 
OUT 
OUT 
OUT 
OUT 
OUT 
OUT 
OUT 
OUT 
OUT 
OUT 
OUT 
OUT 
OUT 
OUT 
OUT 
OUT 
OUT 
OUT 
OUT 
OUT 
OUT 
OUT 
OUT 
OUT 
OUT 
OUT 
OUT 
OUT 
OUT 
OUT 
OUT 
OUT 
OUT 
OUT 
OUT 
OUT 
OUT 
OUT 
OUT 
OUT 
OUT 
OUT 
OUT 
OUT 
OUT 
OUT 
OUT   '   
OUT ' * ' 
OUT   '   
OUT 
OUT There is no one here.
OUT 
OUT 
OUT 
OUT [  N  W  S  E          Greet (name)        Attack (name) ]
OUT [  More   Help   Quit                  Hit Enter to wait ]
IN  'N'
OUT 
OUT 
OUT 
OUT 
OUT 
OUT 
OUT 
OUT 
OUT 
OUT 
OUT 
OUT 
OUT 
OUT 
OUT 
OUT 
OUT 
OUT 
OUT 
OUT 
OUT 
OUT 
OUT 
OUT 
OUT 
OUT 
OUT 
OUT 
OUT 
OUT 
OUT 
OUT 
OUT 
OUT 
OUT 
OUT 
OUT 
OUT 
OUT 
OUT 
OUT 
OUT 
OUT 
OUT 
OUT 
OUT 
OUT 
OUT 
OUT 
OUT 
OUT 
OUT 
OUT 
OUT 
OUT 
OUT 
OUT 
OUT 
OUT 
OUT 
OUT 
OUT 
OUT 
OUT 
OUT 
OUT 
OUT 
OUT 
OUT 
OUT 
OUT 
OUT 
OUT 
OUT 
OUT 
OUT 
OUT 
OUT 
OUT 
OUT 
OUT 
OUT 
OUT   '   
OUT ' * ' 
OUT ' . ' 
OUT   '   
OUT 
OUT ***
OUT You travel North...
OUT There is no one here.
OUT 
OUT 
OUT 
OUT [  N  W  S  E          Greet (name)        Attack (name) ]
OUT [  More   Help   Quit                  Hit Enter to wait ]
IN  'More'
OUT [  Stats   Who   Remember   Write                        ]
IN  'More'
OUT [  Stats   Who   Remember   Write                        ]
IN  'Write'
OUT What do you want to write?
IN  ''
OUT You scrawl your message in the dirt.
OUT 
OUT 
OUT 
OUT 
OUT 
OUT [  N  W  S  E          Greet (name)        Attack (name) ]
OUT [  More   Help   Quit                  Hit Enter to wait ]
IN  'E'
OUT 
OUT 
OUT 
OUT 
OUT 
OUT 
OUT 
OUT 
OUT 
OUT 
OUT 
OUT 
OUT 
OUT 
OUT 
OUT 
OUT 
OUT 
OUT 
OUT 
OUT 
OUT 
OUT 
OUT 
OUT 
OUT 
OUT 
OUT 
OUT 
OUT 
OUT 
OUT 
OUT 
OUT 
OUT 
OUT 
OUT 
OUT 
OUT 
OUT 
OUT 
OUT 
OUT 
OUT 
OUT 
OUT 
OUT 
OUT 
OUT 
OUT 
OUT 
OUT 
OUT 
OUT 
OUT 
OUT 
OUT 
OUT 
OUT 
OUT 
OUT 
OUT 
OUT 
OUT 
OUT 
OUT 
OUT 
OUT 
OUT 
OUT 
OUT 
OUT 
OUT 
OUT 
OUT 
OUT 
OUT 
OUT 
OUT 
OUT 
OUT 
OUT 
OUT   ' '   
OUT ' . * ' 
OUT ' . '   
OUT   '     
OUT 
OUT ***
OUT You travel East...
OUT There is no one here.
OUT 
OUT 
OUT 
OUT [  N  W  S  E          Greet (name)        Attack (name) ]
OUT [  More   Help   Quit                  Hit Enter to wait ]
IN  'More'
OUT [  Stats   Who   Remember   Write                        ]
IN  'E'
OUT 
OUT 
OUT 
OUT 
OUT 
OUT 
OUT 
OUT 
OUT 
OUT 
OUT 
OUT 
OUT 
OUT 
OUT 
OUT 
OUT 
OUT 
OUT 
OUT 
OUT 
OUT 
OUT 
OUT 
OUT 
OUT 
OUT 
OUT 
OUT 
OUT 
OUT 
OUT 
OUT 
OUT 
OUT 
OUT 
OUT 
OUT 
OUT 
OUT 
OUT 
OUT 
OUT 
OUT 
OUT 
OUT 
OUT 
OUT 
OUT 
OUT 
OUT 
OUT 
OUT 
OUT 
OUT 
OUT 
OUT 
OUT 
OUT 
OUT 
OUT 
OUT 
OUT 
OUT 
OUT 
OUT 
OUT 
OUT 
OUT 
OUT 
OUT 
OUT 
OUT 
OUT 
OUT 
OUT 
OUT 
OUT 
OUT 
OUT 
OUT 
OUT 
OUT   ' ' '   
OUT ' . . * ' 
OUT ' . ' '   
OUT   '       
OUT 
OUT ***
OUT You travel East...
OUT There is no one here.
OUT 
OUT 
OUT 
OUT [  N  W  S  E          Greet (name)        Attack (name) ]
OUT [  More   Help   Quit                  Hit Enter to wait ]
IN  'W'
OUT 
OUT 
OUT 
OUT 
OUT 
OUT 
OUT 
OUT 
OUT 
OUT 
OUT 
OUT 
OUT 
OUT 
OUT 
OUT 
OUT 
OUT 
OUT 
OUT 
OUT 
OUT 
OUT 
OUT 
OUT 
OUT 
OUT 
OUT 
OUT 
OUT 
OUT 
OUT 
OUT 
OUT 
OUT 
OUT 
OUT 
OUT 
OUT 
OUT 
OUT 
OUT 
OUT 
OUT 
OUT 
OUT 
OUT 
OUT 
OUT 
OUT 
OUT 
OUT 
OUT 
OUT 
OUT 
OUT 
OUT 
OUT 
OUT 
OUT 
OUT 
OUT 
OUT 
OUT 
OUT 
OUT 
OUT 
OUT 
OUT 
OUT 
OUT 
OUT 
OUT 
OUT 
OUT 
OUT 
OUT 
OUT 
OUT 
OUT 
OUT 
OUT 
OUT   ' ' '   
OUT ' . * . ' 
OUT ' . ' '   
OUT   '       
OUT 
OUT ***
OUT You travel West...
OUT There is no one here.
OUT 
OUT 
OUT 
OUT [  N  W  S  E          Greet (name)        Attack (name) ]
OUT [  More   Help   Quit                  Hit Enter to wait ]
IN  'attack'
OUT You are alone, Rufus 5!
OUT 
OUT 
OUT 
OUT 
OUT 
OUT [  N  W  S  E          Greet (name)        Attack (name) ]
OUT [  More   Help   Quit                  Hit Enter to wait ]
IN  'More'
OUT [  Stats   Who   Remember   Write                        ]
IN  'greet'
OUT You are alone, Rufus 5!
OUT 
OUT 
OUT 
OUT 
OUT 
OUT [  N  W  S  E          Greet (name)        Attack (name) ]
OUT [  More   Help   Quit                  Hit Enter to wait ]
IN  'N'
OUT 
OUT 
OUT 
OUT 
OUT 
OUT 
OUT 
OUT 
OUT 
OUT 
OUT 
OUT 
OUT 
OUT 
OUT 
OUT 
OUT 
OUT 
OUT 
OUT 
OUT 
OUT 
OUT 
OUT 
OUT 
OUT 
OUT 
OUT 
OUT 
OUT 
OUT 
OUT 
OUT 
OUT 
OUT 
OUT 
OUT 
OUT 
OUT 
OUT 
OUT 
OUT 
OUT 
OUT 
OUT 
OUT 
OUT 
OUT 
OUT 
OUT 
OUT 
OUT 
OUT 
OUT 
OUT 
OUT 
OUT 
OUT 
OUT 
OUT 
OUT 
OUT 
OUT 
OUT 
OUT 
OUT 
OUT 
OUT 
OUT 
OUT 
OUT 
OUT 
OUT 
OUT 
OUT 
OUT 
OUT 
OUT 
OUT 
OUT 
OUT 
OUT 
OUT   ' * '   
OUT ' . . . ' 
OUT ' . ' '   
OUT   '       
OUT 
OUT ***
OUT You travel North...
OUT There is no one here.
OUT 
OUT 
OUT 
OUT [  N  W  S  E          Greet (name)        Attack (name) ]
OUT [  More   Help   Quit                  Hit Enter to wait ]
IN  'N'
OUT 
OUT 
OUT ***
OUT The way is impassable in that direction.
OUT 
OUT 
OUT 
OUT 
OUT 
OUT [  N  W  S  E          Greet (name)        Attack (name) ]
OUT [  More   Help   Quit                  Hit Enter to wait ]
IN  'More'
OUT [  Stats   Who   Remember   Write                        ]
IN  'Who'
OUT 
OUT There's nobody here at all.
OUT 
OUT 
OUT 
OUT 
OUT 
OUT [  N  W  S  E          Greet (name)        Attack (name) ]
OUT [  More   Help   Quit                  Hit Enter to wait ]
IN  'E'
OUT 
OUT 
OUT 
OUT 
OUT 
OUT 
OUT 
OUT 
OUT 
OUT 
OUT 
OUT 
OUT 
OUT 
OUT 
OUT 
OUT 
OUT 
OUT 
OUT 
OUT 
OUT 
OUT 
OUT 
OUT 
OUT 
OUT 
OUT 
OUT 
OUT 
OUT 
OUT 
OUT 
OUT 
OUT 
OUT 
OUT 
OUT 
OUT 
OUT 
OUT 
OUT 
OUT 
OUT 
OUT 
OUT 
OUT 
OUT 
OUT 
OUT 
OUT 
OUT 
OUT 
OUT 
OUT 
OUT 
OUT 
OUT 
OUT 
OUT 
OUT 
OUT 
OUT 
OUT 
OUT 
OUT 
OUT 
OUT 
OUT 
OUT 
OUT 
OUT 
OUT 
OUT 
OUT 
OUT 
OUT 
OUT 
OUT 
OUT 
OUT 
OUT 
OUT   ' . * ' 
OUT ' . . . ' 
OUT ' . ' '   
OUT   '       
OUT 
OUT ***
OUT You travel East...
OUT There is no one here.
OUT 
OUT 
OUT 
OUT [  N  W  S  E          Greet (name)        Attack (name) ]
OUT [  More   Help   Quit                  Hit Enter to wait ]
IN  'N'
OUT 
OUT 
OUT ***
OUT The way is impassable in that direction.
OUT 
OUT 
OUT 
OUT 
OUT 
OUT [  N  W  S  E          Greet (name)        Attack (name) ]
OUT [  More   Help   Quit                  Hit Enter to wait ]
IN  'E'
OUT 
OUT 
OUT 
OUT 
OUT 
OUT 
OUT 
OUT 
OUT 
OUT 
OUT 
OUT 
OUT 
OUT 
OUT 
OUT 
OUT 
OUT 
OUT 
OUT 
OUT 
OUT 
OUT 
OUT 
OUT 
OUT 
OUT 
OUT 
OUT 
OUT 
OUT 
OUT 
OUT 
OUT 
OUT 
OUT 
OUT 
OUT 
OUT 
OUT 
OUT 
OUT 
OUT 
OUT 
OUT 
OUT 
OUT 
OUT 
OUT 
OUT 
OUT 
OUT 
OUT 
OUT 
OUT 
OUT 
OUT 
OUT 
OUT 
OUT 
OUT 
OUT 
OUT 
OUT 
OUT 
OUT 
OUT 
OUT 
OUT 
OUT 
OUT 
OUT 
OUT 
OUT 
OUT 
OUT 
OUT 
OUT 
OUT 
OUT 
OUT 
OUT 
OUT   ' . . * ' 
OUT ' . . . '   
OUT ' . ' '     
OUT   '         
OUT 
OUT ***
OUT You travel East...
OUT There is a cairn of reddish rocks here.
OUT There is no one here.
OUT 
OUT 
OUT 
OUT [               Rocks                                    ]
OUT [  N  W  S  E          Greet (name)        Attack (name) ]
OUT [  More   Help   Quit                  Hit Enter to wait ]
IN  'W'
OUT 
OUT 
OUT 
OUT 
OUT 
OUT 
OUT 
OUT 
OUT 
OUT 
OUT 
OUT 
OUT 
OUT 
OUT 
OUT 
OUT 
OUT 
OUT 
OUT 
OUT 
OUT 
OUT 
OUT 
OUT 
OUT 
OUT 
OUT 
OUT 
OUT 
OUT 
OUT 
OUT 
OUT 
OUT 
OUT 
OUT 
OUT 
OUT 
OUT 
OUT 
OUT 
OUT 
OUT 
OUT 
OUT 
OUT 
OUT 
OUT 
OUT 
OUT 
OUT 
OUT 
OUT 
OUT 
OUT 
OUT 
OUT 
OUT 
OUT 
OUT 
OUT 
OUT 
OUT 
OUT 
OUT 
OUT 
OUT 
OUT 
OUT 
OUT 
OUT 
OUT 
OUT 
OUT 
OUT 
OUT 
OUT 
OUT 
OUT 
OUT 
OUT 
OUT   ' . * % ' 
OUT ' . . . '   
OUT ' . ' '     
OUT   '         
OUT 
OUT ***
OUT You travel West...
OUT There is no one here.
OUT 
OUT 
OUT 
OUT [  N  W  S  E          Greet (name)        Attack (name) ]
OUT [  More   Help   Quit                  Hit Enter to wait ]
IN  'greet'
OUT You are alone, Rufus 5!
OUT 
OUT 
OUT 
OUT 
OUT 
OUT [  N  W  S  E          Greet (name)        Attack (name) ]
OUT [  More   Help   Quit                  Hit Enter to wait ]
IN  'attack'
OUT You are alone, Rufus 5!
OUT 
OUT 
OUT 
OUT 
OUT 
OUT [  N  W  S  E          Greet (name)        Attack (name) ]
OUT [  More   Help   Quit                  Hit Enter to wait ]
IN  'E'
OUT 
OUT 
OUT 
OUT 
OUT 
OUT 
OUT 
OUT 
OUT 
OUT 
OUT 
OUT 
OUT 
OUT 
OUT 
OUT 
OUT 
OUT 
OUT 
OUT 
OUT 
OUT 
OUT 
OUT 
OUT 
OUT 
OUT 
OUT 
OUT 
OUT 
OUT 
OUT 
OUT 
OUT 
OUT 
OUT 
OUT 
OUT 
OUT 
OUT 
OUT 
OUT 
OUT 
OUT 
OUT 
OUT 
OUT 
OUT 
OUT 
OUT 
OUT 
OUT 
OUT 
OUT 
OUT 
OUT 
OUT 
OUT 
OUT 
OUT 
OUT 
OUT 
OUT 
OUT 
OUT 
OUT 
OUT 
OUT 
OUT 
OUT 
OUT 
OUT 
OUT 
OUT 
OUT 
OUT 
OUT 
OUT 
OUT 
OUT 
OUT 
OUT 
OUT   ' . . * ' 
OUT ' . . . '   
OUT ' . ' '     
OUT   '         
OUT 
OUT ***
OUT You travel East...
OUT There is a cairn of reddish rocks here.
OUT There is no one here.
OUT 
OUT 
OUT 
OUT [               Rocks                                    ]
OUT [  N  W  S  E          Greet (name)        Attack (name) ]
OUT [  More   Help   Quit                  Hit Enter to wait ]
IN  'Rocks'
OUT 
OUT You lift some of the rocks, but find nothing among them. Your fingertips are 
OUT now stained dark red. 
OUT 
OUT 
OUT 
OUT 
OUT 
OUT [               Rocks                                    ]
OUT [  N  W  S  E          Greet (name)        Attack (name) ]
OUT [  More   Help   Quit                  Hit Enter to wait ]
IN  'N'
OUT 
OUT 
OUT ***
OUT The way is impassable in that direction.
OUT 
OUT 
OUT 
OUT 
OUT 
OUT [               Rocks                                    ]
OUT [  N  W  S  E          Greet (name)        Attack (name) ]
OUT [  More   Help   Quit                  Hit Enter to wait ]
IN  'S'
OUT 
OUT 
OUT 
OUT 
OUT 
OUT 
OUT 
OUT 
OUT 
OUT 
OUT 
OUT 
OUT 
OUT 
OUT 
OUT 
OUT 
OUT 
OUT 
OUT 
OUT 
OUT 
OUT 
OUT 
OUT 
OUT 
OUT 
OUT 
OUT 
OUT 
OUT 
OUT 
OUT 
OUT 
OUT 
OUT 
OUT 
OUT 
OUT 
OUT 
OUT 
OUT 
OUT 
OUT 
OUT 
OUT 
OUT 
OUT 
OUT 
OUT 
OUT 
OUT 
OUT 
OUT 
OUT 
OUT 
OUT 
OUT 
OUT 
OUT 
OUT 
OUT 
OUT 
OUT 
OUT 
OUT 
OUT 
OUT 
OUT 
OUT 
OUT 
OUT 
OUT 
OUT 
OUT 
OUT 
OUT 
OUT 
OUT 
OUT 
OUT 
OUT 
OUT   ' . . % ' 
OUT ' . . . * ' 
OUT ' . ' ' '   
OUT   '         
OUT 
OUT ***
OUT You travel South...
OUT There is no one here.
OUT 
OUT 
OUT 
OUT [  N  W  S  E          Greet (name)        Attack (name) ]
OUT [  More   Help   Quit                  Hit Enter to wait ]
IN  'N'
OUT 
OUT 
OUT 
OUT 
OUT 
OUT 
OUT 
OUT 
OUT 
OUT 
OUT 
OUT 
OUT 
OUT 
OUT 
OUT 
OUT 
OUT 
OUT 
OUT 
OUT 
OUT 
OUT 
OUT 
OUT 
OUT 
OUT 
OUT 
OUT 
OUT 
OUT 
OUT 
OUT 
OUT 
OUT 
OUT 
OUT 
OUT 
OUT 
OUT 
OUT 
OUT 
OUT 
OUT 
OUT 
OUT 
OUT 
OUT 
OUT 
OUT 
OUT 
OUT 
OUT 
OUT 
OUT 
OUT 
OUT 
OUT 
OUT 
OUT 
OUT 
OUT 
OUT 
OUT 
OUT 
OUT 
OUT 
OUT 
OUT 
OUT 
OUT 
OUT 
OUT 
OUT 
OUT 
OUT 
OUT 
OUT 
OUT 
OUT 
OUT 
OUT 
OUT   ' . . * ' 
OUT ' . . . . ' 
OUT ' . ' ' '   
OUT   '         
OUT 
OUT ***
OUT You travel North...
OUT There is a cairn of reddish rocks here.
OUT There is no one here.
OUT 
OUT 
OUT 
OUT [               Rocks                                    ]
OUT [  N  W  S  E          Greet (name)        Attack (name) ]
OUT [  More   Help   Quit                  Hit Enter to wait ]
IN  'W'
OUT 
OUT 
OUT 
OUT 
OUT 
OUT 
OUT 
OUT 
OUT 
OUT 
OUT 
OUT 
OUT 
OUT 
OUT 
OUT 
OUT 
OUT 
OUT 
OUT 
OUT 
OUT 
OUT 
OUT 
OUT 
OUT 
OUT 
OUT 
OUT 
OUT 
OUT 
OUT 
OUT 
OUT 
OUT 
OUT 
OUT 
OUT 
OUT 
OUT 
OUT 
OUT 
OUT 
OUT 
OUT 
OUT 
OUT 
OUT 
OUT 
OUT 
OUT 
OUT 
OUT 
OUT 
OUT 
OUT 
OUT 
OUT 
OUT 
OUT 
OUT 
OUT 
OUT 
OUT 
OUT 
OUT 
OUT 
OUT 
OUT 
OUT 
OUT 
OUT 
OUT 
OUT 
OUT 
OUT 
OUT 
OUT 
OUT 
OUT 
OUT 
OUT 
OUT   ' . * % ' 
OUT ' . . . . ' 
OUT ' . ' ' '   
OUT   '         
OUT 
OUT ***
OUT You travel West...
OUT There is no one here.
OUT 
OUT 
OUT 
OUT [  N  W  S  E          Greet (name)        Attack (name) ]
OUT [  More   Help   Quit                  Hit Enter to wait ]
IN  'W'
OUT 
OUT 
OUT 
OUT 
OUT 
OUT 
OUT 
OUT 
OUT 
OUT 
OUT 
OUT 
OUT 
OUT 
OUT 
OUT 
OUT 
OUT 
OUT 
OUT 
OUT 
OUT 
OUT 
OUT 
OUT 
OUT 
OUT 
OUT 
OUT 
OUT 
OUT 
OUT 
OUT 
OUT 
OUT 
OUT 
OUT 
OUT 
OUT 
OUT 
OUT 
OUT 
OUT 
OUT 
OUT 
OUT 
OUT 
OUT 
OUT 
OUT 
OUT 
OUT 
OUT 
OUT 
OUT 
OUT 
OUT 
OUT 
OUT 
OUT 
OUT 
OUT 
OUT 
OUT 
OUT 
OUT 
OUT 
OUT 
OUT 
OUT 
OUT 
OUT 
OUT 
OUT 
OUT 
OUT 
OUT 
OUT 
OUT 
OUT 
OUT 
OUT 
OUT   ' * . % ' 
OUT ' . . . . ' 
OUT ' . ' ' '   
OUT   '         
OUT 
OUT ***
OUT You travel West...
OUT There is no one here.
OUT 
OUT 
OUT 
OUT [  N  W  S  E          Greet (name)        Attack (name) ]
OUT [  More   Help   Quit                  Hit Enter to wait ]
IN  'E'
OUT 
OUT 
OUT 
OUT 
OUT 
OUT 
OUT 
OUT 
OUT 
OUT 
OUT 
OUT 
OUT 
OUT 
OUT 
OUT 
OUT 
OUT 
OUT 
OUT 
OUT 
OUT 
OUT 
OUT 
OUT 
OUT 
OUT 
OUT 
OUT 
OUT 
OUT 
OUT 
OUT 
OUT 
OUT 
OUT 
OUT 
OUT 
OUT 
OUT 
OUT 
OUT 
OUT 
OUT 
OUT 
OUT 
OUT 
OUT 
OUT 
OUT 
OUT 
OUT 
OUT 
OUT 
OUT 
OUT 
OUT 
OUT 
OUT 
OUT 
OUT 
OUT 
OUT 
OUT 
OUT 
OUT 
OUT 
OUT 
OUT 
OUT 
OUT 
OUT 
OUT 
OUT 
OUT 
OUT 
OUT 
OUT 
OUT 
OUT 
OUT 
OUT 
OUT   ' . * % ' 
OUT ' . . . . ' 
OUT ' . ' ' '   
OUT   '         
OUT 
OUT ***
OUT You travel East...
OUT There is no one here.
OUT 
OUT 
OUT 
OUT [  N  W  S  E          Greet (name)        Attack (name) ]
OUT [  More   Help   Quit                  Hit Enter to wait ]
IN  'S'
OUT 
OUT 
OUT 
OUT 
OUT 
OUT 
OUT 
OUT 
OUT 
OUT 
OUT 
OUT 
OUT 
OUT 
OUT 
OUT 
OUT 
OUT 
OUT 
OUT 
OUT 
OUT 
OUT 
OUT 
OUT 
OUT 
OUT 
OUT 
OUT 
OUT 
OUT 
OUT 
OUT 
OUT 
OUT 
OUT 
OUT 
OUT 
OUT 
OUT 
OUT 
OUT 
OUT 
OUT 
OUT 
OUT 
OUT 
OUT 
OUT 
OUT 
OUT 
OUT 
OUT 
OUT 
OUT 
OUT 
OUT 
OUT 
OUT 
OUT 
OUT 
OUT 
OUT 
OUT 
OUT 
OUT 
OUT 
OUT 
OUT 
OUT 
OUT 
OUT 
OUT 
OUT 
OUT 
OUT 
OUT 
OUT 
OUT 
OUT 
OUT 
OUT 
OUT   ' . . % ' 
OUT ' . . * . ' 
OUT ' . ' ' '   
OUT   '         
OUT 
OUT ***
OUT You travel South...
OUT There is a stranger here.
OUT 
OUT 
OUT 
OUT 
OUT 
OUT [  N  W  S  E          Greet (name)        Attack (name) ]
OUT [  More   Help   Quit                  Hit Enter to wait ]
IN  'E'
OUT You try to brush the red dust off your fingers, and you notice a bright spark...
OUT Then you snap your fingers together, and a flame shoots up! The odor stings your
OUT nostrils. 
OUT 
OUT 
OUT [ (hit Enter) ]    
IN  ''
OUT 
OUT 
OUT 
OUT 
OUT 
OUT 
OUT 
OUT 
OUT 
OUT 
OUT 
OUT 
OUT 
OUT 
OUT 
OUT 
OUT 
OUT 
OUT 
OUT 
OUT 
OUT 
OUT 
OUT 
OUT 
OUT 
OUT 
OUT 
OUT 
OUT 
OUT 
OUT 
OUT 
OUT 
OUT 
OUT 
OUT 
OUT 
OUT 
OUT 
OUT 
OUT 
OUT 
OUT 
OUT 
OUT 
OUT 
OUT 
OUT 
OUT 
OUT 
OUT 
OUT 
OUT 
OUT 
OUT 
OUT 
OUT 
OUT 
OUT 
OUT 
OUT 
OUT 
OUT 
OUT 
OUT 
OUT 
OUT 
OUT 
OUT 
OUT 
OUT 
OUT 
OUT 
OUT 
OUT 
OUT 
OUT 
OUT 
OUT 
OUT 
OUT 
OUT   ' . . % ' 
OUT ' . . . * ' 
OUT ' . ' ' '   
OUT   '         
OUT 
OUT ***
OUT You travel East...
OUT 
OUT Something is scratched in the ground here:
OUT 
OUT 
OUT 
OUT GO SOUTH GO WEST    -- GREGOR
OUT 
OUT There is a cat here.
OUT There are 2 strangers here.
OUT 
OUT 
OUT This man's name is Luke 4.
OUT You chat with Luke 4, and you end up telling him what you've heard about Gregor.
OUT 
OUT 
OUT 
OUT 
OUT 
OUT [  N  W  S  E          Greet (name)        Attack (name) ]
OUT [  More   Help   Quit                  Hit Enter to wait ]
IN  'Attack Luke'
OUT 
OUT Luke 4: "YARG! Lay on!"
OUT 
OUT 
OUT [ (hit Enter) ]    
IN  ''
OUT 
OUT 
OUT 
OUT 
OUT 
OUT 
OUT 
OUT 
OUT 
OUT 
OUT  
OUT 
OUT 
OUT 
OUT 
OUT 
OUT 
OUT 
OUT 
OUT 
OUT  
OUT 
OUT 
OUT 
OUT 
OUT 
OUT 
OUT 
OUT 
OUT 
OUT  
OUT 
OUT 
OUT 
OUT 
OUT 
OUT 
OUT 
OUT 
OUT 
OUT  
OUT 
OUT 
OUT 
OUT 
OUT 
OUT 
OUT 
OUT 
OUT 
OUT 
OUT BATTLE
OUT **************************************************
OUT 
OUT 
OUT Rufus 5
OUT Strength: ??? Health: ???(Max ???) Speed: ???
OUT  Skill: 0 Personality: 24 Morale: 20
OUT Luke 4
OUT Strength: ??? Health: ???(Max ???) Speed: ???
OUT  Skill: ??? Personality: 46 (??) Morale: 35 (??)
OUT 
OUT 
OUT Order:
OUT Rufus 5 got a 9.
OUT Luke 4 got a 13.
OUT Luke 4 swings at Rufus 5, but misses!
OUT 
OUT 
OUT [ (F)ight      Run      Commit ]
IN  'Run'
OUT You frantically run away in the first available direction...
OUT 
OUT 
OUT [ (hit Enter) ]    
IN  ''
OUT 
OUT 
OUT 
OUT 
OUT 
OUT 
OUT 
OUT 
OUT 
OUT 
OUT 
OUT 
OUT 
OUT 
OUT 
OUT 
OUT 
OUT 
OUT 
OUT 
OUT 
OUT 
OUT 
OUT 
OUT 
OUT 
OUT 
OUT 
OUT 
OUT 
OUT 
OUT 
OUT 
OUT 
OUT 
OUT 
OUT 
OUT 
OUT 
OUT 
OUT 
OUT 
OUT 
OUT 
OUT 
OUT 
OUT 
OUT 
OUT 
OUT 
OUT 
OUT 
OUT 
OUT 
OUT 
OUT 
OUT 
OUT 
OUT 
OUT 
OUT 
OUT 
OUT 
OUT 
OUT 
OUT 
OUT 
OUT 
OUT 
OUT 
OUT 
OUT 
OUT 
OUT 
OUT 
OUT 
OUT 
OUT 
OUT 
OUT 
OUT 
OUT 
OUT   ' . . % ' 
OUT ' . . . . ' 
OUT ' . ' ' * ' 
OUT   '     '   
OUT 
OUT There is no one here.
OUT 
OUT 
OUT 
OUT [  N  W  S  E          Greet (name)        Attack (name) ]
OUT [  More   Help   Quit                  Hit Enter to wait ]
IN  'E'
OUT 
OUT 
OUT 
OUT 
OUT 
OUT 
OUT 
OUT 
OUT 
OUT 
OUT 
OUT 
OUT 
OUT 
OUT 
OUT 
OUT 
OUT 
OUT 
OUT 
OUT 
OUT 
OUT 
OUT 
OUT 
OUT 
OUT 
OUT 
OUT 
OUT 
OUT 
OUT 
OUT 
OUT 
OUT 
OUT 
OUT 
OUT 
OUT 
OUT 
OUT 
OUT 
OUT 
OUT 
OUT 
OUT 
OUT 
OUT 
OUT 
OUT 
OUT 
OUT 
OUT 
OUT 
OUT 
OUT 
OUT 
OUT 
OUT 
OUT 
OUT 
OUT 
OUT 
OUT 
OUT 
OUT 
OUT 
OUT 
OUT 
OUT 
OUT 
OUT 
OUT 
OUT 
OUT 
OUT 
OUT 
OUT 
OUT 
OUT 
OUT 
OUT 
OUT   ' . . % ' 
OUT ' . . . . ' 
OUT ' . ' ' . *  |
OUT   '     ' ' 
OUT 
OUT ***
OUT You travel East...
OUT There is a rocky slope here. Water gurgles out of a dark recess.
OUT There is no one here.
OUT 
OUT 
OUT 
OUT [               Water                                    ]
OUT [  N  W  S  E          Greet (name)        Attack (name) ]
OUT [  More   Help   Quit                  Hit Enter to wait ]
IN  'greet'
OUT You are alone, Rufus 5!
OUT 
OUT 
OUT 
OUT 
OUT 
OUT [               Water                                    ]
OUT [  N  W  S  E          Greet (name)        Attack (name) ]
OUT [  More   Help   Quit                  Hit Enter to wait ]
IN  'E'
OUT 
OUT 
OUT ***
OUT The way is impassable in that direction.
OUT 
OUT 
OUT 
OUT 
OUT 
OUT [               Water                                    ]
OUT [  N  W  S  E          Greet (name)        Attack (name) ]
OUT [  More   Help   Quit                  Hit Enter to wait ]
IN  'Water'
OUT 
OUT The water looks clean enough.
OUT Do you drink from the rivulet?
OUT 
OUT 
OUT [ Y / N ]
IN  'N'
OUT 
OUT 
OUT 
OUT 
OUT 
OUT [               Water                                    ]
OUT [  N  W  S  E          Greet (name)        Attack (name) ]
OUT [  More   Help   Quit                  Hit Enter to wait ]
IN  'E'
OUT 
OUT 
OUT ***
OUT The way is impassable in that direction.
OUT 
OUT 
OUT 
OUT 
OUT 
OUT [               Water                                    ]
OUT [  N  W  S  E          Greet (name)        Attack (name) ]
OUT [  More   Help   Quit                  Hit Enter to wait ]
IN  'Water'
OUT 
OUT The water looks clean enough.
OUT Do you drink from the rivulet?
OUT 
OUT 
OUT [ Y / N ]
IN  'Y'
OUT 
OUT You slurp a mouthful of water. Wow, that's cold!
OUT 
OUT 
OUT 
OUT 
OUT 
OUT [               Water                                    ]
OUT [  N  W  S  E          Greet (name)        Attack (name) ]
OUT [  More   Help   Quit                  Hit Enter to wait ]
IN  'greet'
OUT You are alone, Rufus 5!
OUT 
OUT 
OUT 
OUT 
OUT 
OUT [               Water                                    ]
OUT [  N  W  S  E          Greet (name)        Attack (name) ]
OUT [  More   Help   Quit                  Hit Enter to wait ]
IN  'S'
OUT 
OUT 
OUT 
OUT 
OUT 
OUT 
OUT 
OUT 
OUT 
OUT 
OUT 
OUT 
OUT 
OUT 
OUT 
OUT 
OUT 
OUT 
OUT 
OUT 
OUT 
OUT 
OUT 
OUT 
OUT 
OUT 
OUT 
OUT 
OUT 
OUT 
OUT 
OUT 
OUT 
OUT 
OUT 
OUT 
OUT 
OUT 
OUT 
OUT 
OUT 
OUT 
OUT 
OUT 
OUT 
OUT 
OUT 
OUT 
OUT 
OUT 
OUT 
OUT 
OUT 
OUT 
OUT 
OUT 
OUT 
OUT 
OUT 
OUT 
OUT 
OUT 
OUT 
OUT 
OUT 
OUT 
OUT 
OUT 
OUT 
OUT 
OUT 
OUT 
OUT 
OUT 
OUT 
OUT 
OUT 
OUT 
OUT 
OUT 
OUT 
OUT 
OUT   ' . . % ' 
OUT ' . . . . ' 
OUT ' . ' ' . ~  |
OUT   '     ' *  |
OUT           ' 
OUT 
OUT ***
OUT You travel South...
OUT There is no one here.
OUT 
OUT 
OUT 
OUT [  N  W  S  E          Greet (name)        Attack (name) ]
OUT [  More   Help   Quit                  Hit Enter to wait ]
IN  'greet'
OUT You are alone, Rufus 5!
OUT 
OUT 
OUT 
OUT 
OUT 
OUT [  N  W  S  E          Greet (name)        Attack (name) ]
OUT [  More   Help   Quit                  Hit Enter to wait ]
IN  'N'
OUT 
OUT 
OUT 
OUT 
OUT 
OUT 
OUT 
OUT 
OUT 
OUT 
OUT 
OUT 
OUT 
OUT 
OUT 
OUT 
OUT 
OUT 
OUT 
OUT 
OUT 
OUT 
OUT 
OUT 
OUT 
OUT 
OUT 
OUT 
OUT 
OUT 
OUT 
OUT 
OUT 
OUT 
OUT 
OUT 
OUT 
OUT 
OUT 
OUT 
OUT 
OUT 
OUT 
OUT 
OUT 
OUT 
OUT 
OUT 
OUT 
OUT 
OUT 
OUT 
OUT 
OUT 
OUT 
OUT 
OUT 
OUT 
OUT 
OUT 
OUT 
OUT 
OUT 
OUT 
OUT 
OUT 
OUT 
OUT 
OUT 
OUT 
OUT 
OUT 
OUT 
OUT 
OUT 
OUT 
OUT 
OUT 
OUT 
OUT 
OUT 
OUT 
OUT   ' . . % ' 
OUT ' . . . . ' 
OUT ' . ' ' . *  |
OUT   '     ' .  |
OUT           ' 
OUT 
OUT ***
OUT You travel North...
OUT There is a rocky slope here. Water gurgles out of a dark recess.
OUT There is no one here.
OUT 
OUT 
OUT 
OUT [               Water                                    ]
OUT [  N  W  S  E          Greet (name)        Attack (name) ]
OUT [  More   Help   Quit                  Hit Enter to wait ]
IN  'greet'
OUT You are alone, Rufus 5!
OUT 
OUT 
OUT 
OUT 
OUT 
OUT [               Water                                    ]
OUT [  N  W  S  E          Greet (name)        Attack (name) ]
OUT [  More   Help   Quit                  Hit Enter to wait ]
IN  'Water'
OUT 
OUT The water looks clean enough.
OUT Do you drink from the rivulet?
OUT 
OUT 
OUT [ Y / N ]
IN  'Y'
OUT 
OUT You slurp a mouthful of water. Wow, that's cold!
OUT 
OUT 
OUT 
OUT 
OUT 
OUT [               Water                                    ]
OUT [  N  W  S  E          Greet (name)        Attack (name) ]
OUT [  More   Help   Quit                  Hit Enter to wait ]
IN  'More'
OUT [  Stats   Who   Remember   Write                        ]
IN  'Who'
OUT 
OUT There's nobody here at all.
OUT 
OUT 
OUT 
OUT 
OUT 
OUT [               Water                                    ]
OUT [  N  W  S  E          Greet (name)        Attack (name) ]
OUT [  More   Help   Quit                  Hit Enter to wait ]
IN  'S'
OUT 
OUT 
OUT 
OUT 
OUT 
OUT 
OUT 
OUT 
OUT 
OUT 
OUT 
OUT 
OUT 
OUT 
OUT 
OUT 
OUT 
OUT 
OUT 
OUT 
OUT 
OUT 
OUT 
OUT 
OUT 
OUT 
OUT 
OUT 
OUT 
OUT 
OUT 
OUT 
OUT 
OUT 
OUT 
OUT 
OUT 
OUT 
OUT 
OUT 
OUT 
OUT 
OUT 
OUT 
OUT 
OUT 
OUT 
OUT 
OUT 
OUT 
OUT 
OUT 
OUT 
OUT 
OUT 
OUT 
OUT 
OUT 
OUT 
OUT 
OUT 
OUT 
OUT 
OUT 
OUT 
OUT 
OUT 
OUT 
OUT 
OUT 
OUT 
OUT 
OUT 
OUT 
OUT 
OUT 
OUT 
OUT 
OUT 
OUT 
OUT 
OUT 
OUT   ' . . % ' 
OUT ' . . . . ' 
OUT ' . ' ' . ~  |
OUT   '     ' *  |
OUT           ' 
OUT 
OUT ***
OUT You travel South...
OUT There is no one here.
OUT 
OUT 
OUT 
OUT [  N  W  S  E          Greet (name)        Attack (name) ]
OUT [  More   Help   Quit                  Hit Enter to wait ]
IN  'N'
OUT 
OUT 
OUT 
OUT 
OUT 
OUT 
OUT 
OUT 
OUT 
OUT 
OUT 
OUT 
OUT 
OUT 
OUT 
OUT 
OUT 
OUT 
OUT 
OUT 
OUT 
OUT 
OUT 
OUT 
OUT 
OUT 
OUT 
OUT 
OUT 
OUT 
OUT 
OUT 
OUT 
OUT 
OUT 
OUT 
OUT 
OUT 
OUT 
OUT 
OUT 
OUT 
OUT 
OUT 
OUT 
OUT 
OUT 
OUT 
OUT 
OUT 
OUT 
OUT 
OUT 
OUT 
OUT 
OUT 
OUT 
OUT 
OUT 
OUT 
OUT 
OUT 
OUT 
OUT 
OUT 
OUT 
OUT 
OUT 
OUT 
OUT 
OUT 
OUT 
OUT 
OUT 
OUT 
OUT 
OUT 
OUT 
OUT 
OUT 
OUT 
OUT 
OUT   ' . . % ' 
OUT ' . . . . ' 
OUT ' . ' ' . *  |
OUT   '     ' .  |
OUT           ' 
OUT 
OUT ***
OUT You travel North...
OUT There is a rocky slope here. Water gurgles out of a dark recess.
OUT There is no one here.
OUT 
OUT 
OUT 
OUT [               Water                                    ]
OUT [  N  W  S  E          Greet (name)        Attack (name) ]
OUT [  More   Help   Quit                  Hit Enter to wait ]
IN  'More'
OUT [  Stats   Who   Remember   Write                        ]
IN  'S'
OUT 
OUT 
OUT 
OUT 
OUT 
OUT 
OUT 
OUT 
OUT 
OUT 
OUT 
OUT 
OUT 
OUT 
OUT 
OUT 
OUT 
OUT 
OUT 
OUT 
OUT 
OUT 
OUT 
OUT 
OUT 
OUT 
OUT 
OUT 
OUT 
OUT 
OUT 
OUT 
OUT 
OUT 
OUT 
OUT 
OUT 
OUT 
OUT 
OUT 
OUT 
OUT 
OUT 
OUT 
OUT 
OUT 
OUT 
OUT 
OUT 
OUT 
OUT 
OUT 
OUT 
OUT 
OUT 
OUT 
OUT 
OUT 
OUT 
OUT 
OUT 
OUT 
OUT 
OUT 
OUT 
OUT 
OUT 
OUT 
OUT 
OUT 
OUT 
OUT 
OUT 
OUT 
OUT 
OUT 
OUT 
OUT 
OUT 
OUT 
OUT 
OUT 
OUT   ' . . % ' 
OUT ' . . . . ' 
OUT ' . ' ' . ~  |
OUT   '     ' *  |
OUT           ' 
OUT 
OUT ***
OUT You travel South...
OUT There is no one here.
OUT 
OUT 
OUT 
OUT [  N  W  S  E          Greet (name)        Attack (name) ]
OUT [  More   Help   Quit                  Hit Enter to wait ]
IN  'E'
OUT 
OUT 
OUT ***
OUT The way is impassable in that direction.
OUT 
OUT 
OUT 
OUT 
OUT 
OUT [  N  W  S  E          Greet (name)        Attack (name) ]
OUT [  More   Help   Quit                  Hit Enter to wait ]
IN  'S'
OUT 
OUT 
OUT 
OUT 
OUT 
OUT 
OUT 
OUT 
OUT 
OUT 
OUT 
OUT 
OUT 
OUT 
OUT 
OUT 
OUT 
OUT 
OUT 
OUT 
OUT 
OUT 
OUT 
OUT 
OUT 
OUT 
OUT 
OUT 
OUT 
OUT 
OUT 
OUT 
OUT 
OUT 
OUT 
OUT 
OUT 
OUT 
OUT 
OUT 
OUT 
OUT 
OUT 
OUT 
OUT 
OUT 
OUT 
OUT 
OUT 
OUT 
OUT 
OUT 
OUT 
OUT 
OUT 
OUT 
OUT 
OUT 
OUT 
OUT 
OUT 
OUT 
OUT 
OUT 
OUT 
OUT 
OUT 
OUT 
OUT 
OUT 
OUT 
OUT 
OUT 
OUT 
OUT 
OUT 
OUT 
OUT 
OUT 
OUT 
OUT 
OUT 
OUT   ' . . % ' 
OUT ' . . . . ' 
OUT ' . ' ' . ~  |
OUT   '     ' .  |
OUT         ' *  |
OUT           ' 
OUT 
OUT ***
OUT You travel South...
OUT Luke 4 is here.
OUT There is a stranger here.
OUT There is a cat here.
OUT Luke 4 communes with a cat.
OUT ...Luke 4 pets the cat, who purrs LOUDLY!
OUT 
OUT 
OUT 
OUT 
OUT 
OUT [  N  W  S  E          Greet (name)        Attack (name) ]
OUT [  More   Help   Quit                  Hit Enter to wait ]
IN  'S'
OUT 
OUT 
OUT 
OUT 
OUT 
OUT 
OUT 
OUT 
OUT 
OUT 
OUT 
OUT 
OUT 
OUT 
OUT 
OUT 
OUT 
OUT 
OUT 
OUT 
OUT 
OUT 
OUT 
OUT 
OUT 
OUT 
OUT 
OUT 
OUT 
OUT 
OUT 
OUT 
OUT 
OUT 
OUT 
OUT 
OUT 
OUT 
OUT 
OUT 
OUT 
OUT 
OUT 
OUT 
OUT 
OUT 
OUT 
OUT 
OUT 
OUT 
OUT 
OUT 
OUT 
OUT 
OUT 
OUT 
OUT 
OUT 
OUT 
OUT 
OUT 
OUT 
OUT 
OUT 
OUT 
OUT 
OUT 
OUT 
OUT 
OUT 
OUT 
OUT 
OUT 
OUT 
OUT 
OUT 
OUT 
OUT 
OUT 
OUT 
OUT 
OUT 
OUT   ' . . % ' 
OUT ' . . . . ' 
OUT ' . ' ' . ~  |
OUT   '     ' .  |
OUT         ' .  |
OUT         ' *  |
OUT           ' 
OUT 
OUT ***
OUT You travel South...
OUT There is no one here.
OUT 
OUT 
OUT 
OUT [  N  W  S  E          Greet (name)        Attack (name) ]
OUT [  More   Help   Quit                  Hit Enter to wait ]
IN  'greet'
OUT You are alone, Rufus 5!
OUT 
OUT 
OUT 
OUT 
OUT 
OUT [  N  W  S  E          Greet (name)        Attack (name) ]
OUT [  More   Help   Quit                  Hit Enter to wait ]
IN  'W'
OUT 
OUT 
OUT 
OUT 
OUT 
OUT 
OUT 
OUT 
OUT 
OUT 
OUT 
OUT 
OUT 
OUT 
OUT 
OUT 
OUT 
OUT 
OUT 
OUT 
OUT 
OUT 
OUT 
OUT 
OUT 
OUT 
OUT 
OUT 
OUT 
OUT 
OUT 
OUT 
OUT 
OUT 
OUT 
OUT 
OUT 
OUT 
OUT 
OUT 
OUT 
OUT 
OUT 
OUT 
OUT 
OUT 
OUT 
OUT 
OUT 
OUT 
OUT 
OUT 
OUT 
OUT 
OUT 
OUT 
OUT 
OUT 
OUT 
OUT 
OUT 
OUT 
OUT 
OUT 
OUT 
OUT 
OUT 
OUT 
OUT 
OUT 
OUT 
OUT 
OUT 
OUT 
OUT 
OUT 
OUT 
OUT 
OUT 
OUT 
OUT 
OUT 
OUT   ' . . % ' 
OUT ' . . . . ' 
OUT ' . ' ' . ~  |
OUT   '     ' .  |
OUT         ' .  |
OUT       ' * .  |
OUT         ' ' 
OUT 
OUT ***
OUT You travel West...
OUT There is no one here.
OUT 
OUT 
OUT 
OUT [  N  W  S  E          Greet (name)        Attack (name) ]
OUT [  More   Help   Quit                  Hit Enter to wait ]
IN  'N'
OUT 
OUT 
OUT 
OUT 
OUT 
OUT 
OUT 
OUT 
OUT 
OUT 
OUT 
OUT 
OUT 
OUT 
OUT 
OUT 
OUT 
OUT 
OUT 
OUT 
OUT 
OUT 
OUT 
OUT 
OUT 
OUT 
OUT 
OUT 
OUT 
OUT 
OUT 
OUT 
OUT 
OUT 
OUT 
OUT 
OUT 
OUT 
OUT 
OUT 
OUT 
OUT 
OUT 
OUT 
OUT 
OUT 
OUT 
OUT 
OUT 
OUT 
OUT 
OUT 
OUT 
OUT 
OUT 
OUT 
OUT 
OUT 
OUT 
OUT 
OUT 
OUT 
OUT 
OUT 
OUT 
OUT 
OUT 
OUT 
OUT 
OUT 
OUT 
OUT 
OUT 
OUT 
OUT 
OUT 
OUT 
OUT 
OUT 
OUT 
OUT 
OUT 
OUT   ' . . % ' 
OUT ' . . . . ' 
OUT ' . ' ' . ~  |
OUT   '     ' .  |
OUT       ' * .  |
OUT       ' . .  |
OUT         ' ' 
OUT 
OUT ***
OUT You travel North...
OUT There is a cat here.
OUT There are 3 strangers here.
OUT Two strangers here are acting like they just formed a new gang.
OUT 
OUT 
OUT 
OUT 
OUT 
OUT [  N  W  S  E          Greet (name)        Attack (name) ]
OUT [  More   Help   Quit                  Hit Enter to wait ]
IN  'E'
OUT 
OUT 
OUT 
OUT 
OUT 
OUT 
OUT 
OUT 
OUT 
OUT 
OUT 
OUT 
OUT 
OUT 
OUT 
OUT 
OUT 
OUT 
OUT 
OUT 
OUT 
OUT 
OUT 
OUT 
OUT 
OUT 
OUT 
OUT 
OUT 
OUT 
OUT 
OUT 
OUT 
OUT 
OUT 
OUT 
OUT 
OUT 
OUT 
OUT 
OUT 
OUT 
OUT 
OUT 
OUT 
OUT 
OUT 
OUT 
OUT 
OUT 
OUT 
OUT 
OUT 
OUT 
OUT 
OUT 
OUT 
OUT 
OUT 
OUT 
OUT 
OUT 
OUT 
OUT 
OUT 
OUT 
OUT 
OUT 
OUT 
OUT 
OUT 
OUT 
OUT 
OUT 
OUT 
OUT 
OUT 
OUT 
OUT 
OUT 
OUT 
OUT 
OUT   ' . . % ' 
OUT ' . . . . ' 
OUT ' . ' ' . ~  |
OUT   '     ' .  |
OUT       ' . *  |
OUT       ' . .  |
OUT         ' ' 
OUT 
OUT ***
OUT You travel East...
OUT Luke 4 is here.
OUT There is a cat here.
OUT 
OUT 
OUT 
OUT 
OUT 
OUT [  N  W  S  E          Greet (name)        Attack (name) ]
OUT [  More   Help   Quit                  Hit Enter to wait ]
IN  'More'
OUT [  Stats   Who   Remember   Write                        ]
IN  'greet'
OUT Whom are you greeting?
IN  ''
OUT 
OUT 
OUT 
OUT 
OUT 
OUT [  N  W  S  E          Greet (name)        Attack (name) ]
OUT [  More   Help   Quit                  Hit Enter to wait ]
IN  'More'
OUT [  Stats   Who   Remember   Write                        ]
IN  'S'
OUT 
OUT 
OUT 
OUT 
OUT 
OUT 
OUT 
OUT 
OUT 
OUT 
OUT 
OUT 
OUT 
OUT 
OUT 
OUT 
OUT 
OUT 
OUT 
OUT 
OUT 
OUT 
OUT 
OUT 
OUT 
OUT 
OUT 
OUT 
OUT 
OUT 
OUT 
OUT 
OUT 
OUT 
OUT 
OUT 
OUT 
OUT 
OUT 
OUT 
OUT 
OUT 
OUT 
OUT 
OUT 
OUT 
OUT 
OUT 
OUT 
OUT 
OUT 
OUT 
OUT 
OUT 
OUT 
OUT 
OUT 
OUT 
OUT 
OUT 
OUT 
OUT 
OUT 
OUT 
OUT 
OUT 
OUT 
OUT 
OUT 
OUT 
OUT 
OUT 
OUT 
OUT 
OUT 
OUT 
OUT 
OUT 
OUT 
OUT 
OUT 
OUT 
OUT   ' . . % ' 
OUT ' . . . . ' 
OUT ' . ' ' . ~  |
OUT   '     ' .  |
OUT       ' . .  |
OUT       ' . *  |
OUT         ' ' 
OUT 
OUT ***
OUT You travel South...
OUT There is no one here.
OUT 
OUT 
OUT 
OUT [  N  W  S  E          Greet (name)        Attack (name) ]
OUT [  More   Help   Quit                  Hit Enter to wait ]
IN  'greet'
OUT You are alone, Rufus 5!
OUT 
OUT 
OUT 
OUT 
OUT 
OUT [  N  W  S  E          Greet (name)        Attack (name) ]
OUT [  More   Help   Quit                  Hit Enter to wait ]
IN  'E'
OUT 
OUT 
OUT ***
OUT The way is impassable in that direction.
OUT 
OUT 
OUT 
OUT 
OUT 
OUT [  N  W  S  E          Greet (name)        Attack (name) ]
OUT [  More   Help   Quit                  Hit Enter to wait ]
IN  'E'
OUT 
OUT 
OUT ***
OUT The way is impassable in that direction.
OUT 
OUT 
OUT 
OUT 
OUT 
OUT [  N  W  S  E          Greet (name)        Attack (name) ]
OUT [  More   Help   Quit                  Hit Enter to wait ]
IN  'E'
OUT 
OUT 
OUT ***
OUT The way is impassable in that direction.
OUT There is no one here.
OUT 
OUT 
OUT 
OUT [  N  W  S  E          Greet (name)        Attack (name) ]
OUT [  More   Help   Quit                  Hit Enter to wait ]
IN  'More'
OUT [  Stats   Who   Remember   Write                        ]
IN  'N'
OUT 
OUT 
OUT 
OUT 
OUT 
OUT 
OUT 
OUT 
OUT 
OUT 
OUT 
OUT 
OUT 
OUT 
OUT 
OUT 
OUT 
OUT 
OUT 
OUT 
OUT 
OUT 
OUT 
OUT 
OUT 
OUT 
OUT 
OUT 
OUT 
OUT 
OUT 
OUT 
OUT 
OUT 
OUT 
OUT 
OUT 
OUT 
OUT 
OUT 
OUT 
OUT 
OUT 
OUT 
OUT 
OUT 
OUT 
OUT 
OUT 
OUT 
OUT 
OUT 
OUT 
OUT 
OUT 
OUT 
OUT 
OUT 
OUT 
OUT 
OUT 
OUT 
OUT 
OUT 
OUT 
OUT 
OUT 
OUT 
OUT 
OUT 
OUT 
OUT 
OUT 
OUT 
OUT 
OUT 
OUT 
OUT 
OUT 
OUT 
OUT 
OUT 
OUT   ' . . % ' 
OUT ' . . . . ' 
OUT ' . ' ' . ~  |
OUT   '     ' .  |
OUT       ' . *  |
OUT       ' . .  |
OUT         ' ' 
OUT 
OUT ***
OUT You travel North...
OUT Luke 4 is here.
OUT There is a stranger here.
OUT There is a cat here.
OUT Luke 4 communes with a cat.
OUT ...Luke 4 pets the cat, who purrs LOUDLY!
OUT 
OUT 
OUT 
OUT 
OUT 
OUT [  N  W  S  E          Greet (name)        Attack (name) ]
OUT [  More   Help   Quit                  Hit Enter to wait ]
IN  'E'
OUT 
OUT 
OUT ***
OUT The way is impassable in that direction.
OUT Luke 4 communes with a cat.
OUT ...Luke 4 pets the cat, who purrs LOUDLY!
OUT 
OUT 
OUT 
OUT 
OUT 
OUT [  N  W  S  E          Greet (name)        Attack (name) ]
OUT [  More   Help   Quit                  Hit Enter to wait ]
IN  'E'
OUT 
OUT 
OUT ***
OUT The way is impassable in that direction.
OUT 
OUT 
OUT 
OUT 
OUT 
OUT [  N  W  S  E          Greet (name)        Attack (name) ]
OUT [  More   Help   Quit                  Hit Enter to wait ]
IN  'S'
OUT 
OUT 
OUT 
OUT 
OUT 
OUT 
OUT 
OUT 
OUT 
OUT 
OUT 
OUT 
OUT 
OUT 
OUT 
OUT 
OUT 
OUT 
OUT 
OUT 
OUT 
OUT 
OUT 
OUT 
OUT 
OUT 
OUT 
OUT 
OUT 
OUT 
OUT 
OUT 
OUT 
OUT 
OUT 
OUT 
OUT 
OUT 
OUT 
OUT 
OUT 
OUT 
OUT 
OUT 
OUT 
OUT 
OUT 
OUT 
OUT 
OUT 
OUT 
OUT 
OUT 
OUT 
OUT 
OUT 
OUT 
OUT 
OUT 
OUT 
OUT 
OUT 
OUT 
OUT 
OUT 
OUT 
OUT 
OUT 
OUT 
OUT 
OUT 
OUT 
OUT 
OUT 
OUT 
OUT 
OUT 
OUT 
OUT 
OUT 
OUT 
OUT 
OUT   ' . . % ' 
OUT ' . . . . ' 
OUT ' . ' ' . ~  |
OUT   '     ' .  |
OUT       ' . .  |
OUT       ' . *  |
OUT         ' ' 
OUT 
OUT ***
OUT You travel South...
OUT There is no one here.
OUT 
OUT 
OUT 
OUT [  N  W  S  E          Greet (name)        Attack (name) ]
OUT [  More   Help   Quit                  Hit Enter to wait ]
IN  'S'
OUT 
OUT 
OUT 
OUT 
OUT 
OUT 
OUT 
OUT 
OUT 
OUT 
OUT 
OUT 
OUT 
OUT 
OUT 
OUT 
OUT 
OUT 
OUT 
OUT 
OUT 
OUT 
OUT 
OUT 
OUT 
OUT 
OUT 
OUT 
OUT 
OUT 
OUT 
OUT 
OUT 
OUT 
OUT 
OUT 
OUT 
OUT 
OUT 
OUT 
OUT 
OUT 
OUT 
OUT 
OUT 
OUT 
OUT 
OUT 
OUT 
OUT 
OUT 
OUT 
OUT 
OUT 
OUT 
OUT 
OUT 
OUT 
OUT 
OUT 
OUT 
OUT 
OUT 
OUT 
OUT 
OUT 
OUT 
OUT 
OUT 
OUT 
OUT 
OUT 
OUT 
OUT 
OUT 
OUT 
OUT 
OUT 
OUT 
OUT 
OUT 
OUT 
OUT   ' . . % ' 
OUT ' . . . . ' 
OUT ' . ' ' . ~  |
OUT   '     ' .  |
OUT       ' . .  |
OUT       ' . .  |
OUT         ' *  |
OUT           ' 
OUT 
OUT ***
OUT You travel South...
OUT There are 2 strangers here.
OUT 
OUT 
OUT 
OUT 
OUT 
OUT [  N  W  S  E          Greet (name)        Attack (name) ]
OUT [  More   Help   Quit                  Hit Enter to wait ]
IN  'N'
OUT 
OUT 
OUT 
OUT 
OUT 
OUT 
OUT 
OUT 
OUT 
OUT 
OUT 
OUT 
OUT 
OUT 
OUT 
OUT 
OUT 
OUT 
OUT 
OUT 
OUT 
OUT 
OUT 
OUT 
OUT 
OUT 
OUT 
OUT 
OUT 
OUT 
OUT 
OUT 
OUT 
OUT 
OUT 
OUT 
OUT 
OUT 
OUT 
OUT 
OUT 
OUT 
OUT 
OUT 
OUT 
OUT 
OUT 
OUT 
OUT 
OUT 
OUT 
OUT 
OUT 
OUT 
OUT 
OUT 
OUT 
OUT 
OUT 
OUT 
OUT 
OUT 
OUT 
OUT 
OUT 
OUT 
OUT 
OUT 
OUT 
OUT 
OUT 
OUT 
OUT 
OUT 
OUT 
OUT 
OUT 
OUT 
OUT 
OUT 
OUT 
OUT 
OUT   ' . . % ' 
OUT ' . . . . ' 
OUT ' . ' ' . ~  |
OUT   '     ' .  |
OUT       ' . .  |
OUT       ' . *  |
OUT         ' .  |
OUT           ' 
OUT 
OUT ***
OUT You travel North...
OUT There is a stranger here.
OUT 
OUT 
OUT 
OUT 
OUT 
OUT [  N  W  S  E          Greet (name)        Attack (name) ]
OUT [  More   Help   Quit                  Hit Enter to wait ]
IN  'S'
OUT 
OUT 
OUT 
OUT 
OUT 
OUT 
OUT 
OUT 
OUT 
OUT 
OUT 
OUT 
OUT 
OUT 
OUT 
OUT 
OUT 
OUT 
OUT 
OUT 
OUT 
OUT 
OUT 
OUT 
OUT 
OUT 
OUT 
OUT 
OUT 
OUT 
OUT 
OUT 
OUT 
OUT 
OUT 
OUT 
OUT 
OUT 
OUT 
OUT 
OUT 
OUT 
OUT 
OUT 
OUT 
OUT 
OUT 
OUT 
OUT 
OUT 
OUT 
OUT 
OUT 
OUT 
OUT 
OUT 
OUT 
OUT 
OUT 
OUT 
OUT 
OUT 
OUT 
OUT 
OUT 
OUT 
OUT 
OUT 
OUT 
OUT 
OUT 
OUT 
OUT 
OUT 
OUT 
OUT 
OUT 
OUT 
OUT 
OUT 
OUT 
OUT 
OUT   ' . . % ' 
OUT ' . . . . ' 
OUT ' . ' ' . ~  |
OUT   '     ' .  |
OUT       ' . .  |
OUT       ' . .  |
OUT         ' *  |
OUT           ' 
OUT 
OUT ***
OUT You travel South...
OUT There is a stranger here.
OUT 
OUT 
OUT 
OUT 
OUT 
OUT [  N  W  S  E          Greet (name)        Attack (name) ]
OUT [  More   Help   Quit                  Hit Enter to wait ]
IN  'W'
OUT 
OUT 
OUT 
OUT 
OUT 
OUT 
OUT 
OUT 
OUT 
OUT 
OUT 
OUT 
OUT 
OUT 
OUT 
OUT 
OUT 
OUT 
OUT 
OUT 
OUT 
OUT 
OUT 
OUT 
OUT 
OUT 
OUT 
OUT 
OUT 
OUT 
OUT 
OUT 
OUT 
OUT 
OUT 
OUT 
OUT 
OUT 
OUT 
OUT 
OUT 
OUT 
OUT 
OUT 
OUT 
OUT 
OUT 
OUT 
OUT 
OUT 
OUT 
OUT 
OUT 
OUT 
OUT 
OUT 
OUT 
OUT 
OUT 
OUT 
OUT 
OUT 
OUT 
OUT 
OUT 
OUT 
OUT 
OUT 
OUT 
OUT 
OUT 
OUT 
OUT 
OUT 
OUT 
OUT 
OUT 
OUT 
OUT 
OUT 
OUT 
OUT 
OUT   ' . . % ' 
OUT ' . . . . ' 
OUT ' . ' ' . ~  |
OUT   '     ' .  |
OUT       ' . .  |
OUT       ' . .  |
OUT       ' * .  |
OUT         ' ' 
OUT 
OUT ***
OUT You travel West...
OUT There is no one here.
OUT 
OUT 
OUT 
OUT [  N  W  S  E          Greet (name)        Attack (name) ]
OUT [  More   Help   Quit                  Hit Enter to wait ]
IN  'N'
OUT 
OUT 
OUT 
OUT 
OUT 
OUT 
OUT 
OUT 
OUT 
OUT 
OUT 
OUT 
OUT 
OUT 
OUT 
OUT 
OUT 
OUT 
OUT 
OUT 
OUT 
OUT 
OUT 
OUT 
OUT 
OUT 
OUT 
OUT 
OUT 
OUT 
OUT 
OUT 
OUT 
OUT 
OUT 
OUT 
OUT 
OUT 
OUT 
OUT 
OUT 
OUT 
OUT 
OUT 
OUT 
OUT 
OUT 
OUT 
OUT 
OUT 
OUT 
OUT 
OUT 
OUT 
OUT 
OUT 
OUT 
OUT 
OUT 
OUT 
OUT 
OUT 
OUT 
OUT 
OUT 
OUT 
OUT 
OUT 
OUT 
OUT 
OUT 
OUT 
OUT 
OUT 
OUT 
OUT 
OUT 
OUT 
OUT 
OUT 
OUT 
OUT 
OUT   ' . . % ' 
OUT ' . . . . ' 
OUT ' . ' ' . ~  |
OUT   '     ' .  |
OUT       ' . .  |
OUT       ' * .  |
OUT       ' . .  |
OUT         ' ' 
OUT 
OUT ***
OUT You travel North...
OUT There is a stranger here.
OUT 
OUT 
OUT 
OUT 
OUT 
OUT [  N  W  S  E          Greet (name)        Attack (name) ]
OUT [  More   Help   Quit                  Hit Enter to wait ]
IN  'W'
OUT 
OUT 
OUT 
OUT 
OUT 
OUT 
OUT 
OUT 
OUT 
OUT 
OUT 
OUT 
OUT 
OUT 
OUT 
OUT 
OUT 
OUT 
OUT 
OUT 
OUT 
OUT 
OUT 
OUT 
OUT 
OUT 
OUT 
OUT 
OUT 
OUT 
OUT 
OUT 
OUT 
OUT 
OUT 
OUT 
OUT 
OUT 
OUT 
OUT 
OUT 
OUT 
OUT 
OUT 
OUT 
OUT 
OUT 
OUT 
OUT 
OUT 
OUT 
OUT 
OUT 
OUT 
OUT 
OUT 
OUT 
OUT 
OUT 
OUT 
OUT 
OUT 
OUT 
OUT 
OUT 
OUT 
OUT 
OUT 
OUT 
OUT 
OUT 
OUT 
OUT 
OUT 
OUT 
OUT 
OUT 
OUT 
OUT 
OUT 
OUT 
OUT 
OUT   ' . . % ' 
OUT ' . . . . ' 
OUT ' . ' ' . ~  |
OUT   '     ' .  |
OUT       ' . .  |
OUT     ' * . .  |
OUT       ' . .  |
OUT         ' ' 
OUT 
OUT ***
OUT You travel West...
OUT There is no one here.
OUT 
OUT 
OUT 
OUT [  N  W  S  E          Greet (name)        Attack (name) ]
OUT [  More   Help   Quit                  Hit Enter to wait ]
IN  'S'
OUT 
OUT 
OUT 
OUT 
OUT 
OUT 
OUT 
OUT 
OUT 
OUT 
OUT 
OUT 
OUT 
OUT 
OUT 
OUT 
OUT 
OUT 
OUT 
OUT 
OUT 
OUT 
OUT 
OUT 
OUT 
OUT 
OUT 
OUT 
OUT 
OUT 
OUT 
OUT 
OUT 
OUT 
OUT 
OUT 
OUT 
OUT 
OUT 
OUT 
OUT 
OUT 
OUT 
OUT 
OUT 
OUT 
OUT 
OUT 
OUT 
OUT 
OUT 
OUT 
OUT 
OUT 
OUT 
OUT 
OUT 
OUT 
OUT 
OUT 
OUT 
OUT 
OUT 
OUT 
OUT 
OUT 
OUT 
OUT 
OUT 
OUT 
OUT 
OUT 
OUT 
OUT 
OUT 
OUT 
OUT 
OUT 
OUT 
OUT 
OUT 
OUT 
OUT   ' . . % ' 
OUT ' . . . . ' 
OUT ' . ' ' . ~  |
OUT   '     ' .  |
OUT       ' . .  |
OUT     ' . . .  |
OUT     ' * . .  |
OUT       ' ' ' 
OUT 
OUT ***
OUT You travel South...
OUT There is no one here.
OUT 
OUT 
OUT 
OUT [  N  W  S  E          Greet (name)        Attack (name) ]
OUT [  More   Help   Quit                  Hit Enter to wait ]
IN  'More'
OUT [  Stats   Who   Remember   Write                        ]
IN  'greet'
OUT You are alone, Rufus 5!
OUT 
OUT 
OUT 
OUT 
OUT 
OUT [  N  W  S  E          Greet (name)        Attack (name) ]
OUT [  More   Help   Quit                  Hit Enter to wait ]
IN  'greet'
OUT You are alone, Rufus 5!
OUT 
OUT 
OUT 
OUT 
OUT 
OUT [  N  W  S  E          Greet (name)        Attack (name) ]
OUT [  More   Help   Quit                  Hit Enter to wait ]
IN  'greet'
OUT You are alone, Rufus 5!
OUT 
OUT 
OUT 
OUT 
OUT 
OUT [  N  W  S  E          Greet (name)        Attack (name) ]
OUT [  More   Help   Quit                  Hit Enter to wait ]
IN  'W'
OUT 
OUT 
OUT 
OUT 
OUT 
OUT 
OUT 
OUT 
OUT 
OUT 
OUT 
OUT 
OUT 
OUT 
OUT 
OUT 
OUT 
OUT 
OUT 
OUT 
OUT 
OUT 
OUT 
OUT 
OUT 
OUT 
OUT 
OUT 
OUT 
OUT 
OUT 
OUT 
OUT 
OUT 
OUT 
OUT 
OUT 
OUT 
OUT 
OUT 
OUT 
OUT 
OUT 
OUT 
OUT 
OUT 
OUT 
OUT 
OUT 
OUT 
OUT 
OUT 
OUT 
OUT 
OUT 
OUT 
OUT 
OUT 
OUT 
OUT 
OUT 
OUT 
OUT 
OUT 
OUT 
OUT 
OUT 
OUT 
OUT 
OUT 
OUT 
OUT 
OUT 
OUT 
OUT 
OUT 
OUT 
OUT 
OUT 
OUT 
OUT 
OUT 
OUT   ' . . % ' 
OUT ' . . . . ' 
OUT ' . ' ' . ~  |
OUT   '     ' .  |
OUT       ' . .  |
OUT     ' . . .  |
OUT   ' * . . .  |
OUT     ' ' ' ' 
OUT 
OUT ***
OUT You travel West...
OUT There is no one here.
OUT 
OUT 
OUT 
OUT [  N  W  S  E          Greet (name)        Attack (name) ]
OUT [  More   Help   Quit                  Hit Enter to wait ]
IN  'attack'
OUT You are alone, Rufus 5!
OUT 
OUT 
OUT 
OUT 
OUT 
OUT [  N  W  S  E          Greet (name)        Attack (name) ]
OUT [  More   Help   Quit                  Hit Enter to wait ]
IN  'greet'
OUT You are alone, Rufus 5!
OUT 
OUT 
OUT 
OUT 
OUT 
OUT [  N  W  S  E          Greet (name)        Attack (name) ]
OUT [  More   Help   Quit                  Hit Enter to wait ]
IN  'N'
OUT 
OUT 
OUT 
OUT 
OUT 
OUT 
OUT 
OUT 
OUT 
OUT 
OUT 
OUT 
OUT 
OUT 
OUT 
OUT 
OUT 
OUT 
OUT 
OUT 
OUT 
OUT 
OUT 
OUT 
OUT 
OUT 
OUT 
OUT 
OUT 
OUT 
OUT 
OUT 
OUT 
OUT 
OUT 
OUT 
OUT 
OUT 
OUT 
OUT 
OUT 
OUT 
OUT 
OUT 
OUT 
OUT 
OUT 
OUT 
OUT 
OUT 
OUT 
OUT 
OUT 
OUT 
OUT 
OUT 
OUT 
OUT 
OUT 
OUT 
OUT 
OUT 
OUT 
OUT 
OUT 
OUT 
OUT 
OUT 
OUT 
OUT 
OUT 
OUT 
OUT 
OUT 
OUT 
OUT 
OUT 
OUT 
OUT 
OUT 
OUT 
OUT 
OUT   ' . . % ' 
OUT ' . . . . ' 
OUT ' . ' ' . ~  |
OUT   '     ' .  |
OUT     ' ' . .  |
OUT   ' * . . .  |
OUT   ' . . . .  |
OUT     ' ' ' ' 
OUT 
OUT ***
OUT You travel North...
OUT There is no one here.
OUT 
OUT 
OUT 
OUT [  N  W  S  E          Greet (name)        Attack (name) ]
OUT [  More   Help   Quit                  Hit Enter to wait ]
IN  'S'
OUT 
OUT 
OUT 
OUT 
OUT 
OUT 
OUT 
OUT 
OUT 
OUT 
OUT 
OUT 
OUT 
OUT 
OUT 
OUT 
OUT 
OUT 
OUT 
OUT 
OUT 
OUT 
OUT 
OUT 
OUT 
OUT 
OUT 
OUT 
OUT 
OUT 
OUT 
OUT 
OUT 
OUT 
OUT 
OUT 
OUT 
OUT 
OUT 
OUT 
OUT 
OUT 
OUT 
OUT 
OUT 
OUT 
OUT 
OUT 
OUT 
OUT 
OUT 
OUT 
OUT 
OUT 
OUT 
OUT 
OUT 
OUT 
OUT 
OUT 
OUT 
OUT 
OUT 
OUT 
OUT 
OUT 
OUT 
OUT 
OUT 
OUT 
OUT 
OUT 
OUT 
OUT 
OUT 
OUT 
OUT 
OUT 
OUT 
OUT 
OUT 
OUT 
OUT   ' . . % ' 
OUT ' . . . . ' 
OUT ' . ' ' . ~  |
OUT   '     ' .  |
OUT     ' ' . .  |
OUT   ' . . . .  |
OUT   ' * . . .  |
OUT     ' ' ' ' 
OUT 
OUT ***
OUT You travel South...
OUT There is no one here.
OUT 
OUT 
OUT 
OUT [  N  W  S  E          Greet (name)        Attack (name) ]
OUT [  More   Help   Quit                  Hit Enter to wait ]
IN  'S'
OUT 
OUT 
OUT 
OUT 
OUT 
OUT 
OUT 
OUT 
OUT 
OUT 
OUT 
OUT 
OUT 
OUT 
OUT 
OUT 
OUT 
OUT 
OUT 
OUT 
OUT 
OUT 
OUT 
OUT 
OUT 
OUT 
OUT 
OUT 
OUT 
OUT 
OUT 
OUT 
OUT 
OUT 
OUT 
OUT 
OUT 
OUT 
OUT 
OUT 
OUT 
OUT 
OUT 
OUT 
OUT 
OUT 
OUT 
OUT 
OUT 
OUT 
OUT 
OUT 
OUT 
OUT 
OUT 
OUT 
OUT 
OUT 
OUT 
OUT 
OUT 
OUT 
OUT 
OUT 
OUT 
OUT 
OUT 
OUT 
OUT 
OUT 
OUT 
OUT 
OUT 
OUT 
OUT 
OUT 
OUT 
OUT 
OUT 
OUT 
OUT 
OUT 
OUT   ' . . % ' 
OUT ' . . . . ' 
OUT ' . ' ' . ~  |
OUT   '     ' .  |
OUT     ' ' . .  |
OUT   ' . . . .  |
OUT   ' . . . .  |
OUT   ' * ' ' ' 
OUT     '       
OUT 
OUT ***
OUT You travel South...
OUT There is a stranger here.
OUT 
OUT 
OUT 
OUT 
OUT 
OUT [  N  W  S  E          Greet (name)        Attack (name) ]
OUT [  More   Help   Quit                  Hit Enter to wait ]
IN  'More'
OUT [  Stats   Who   Remember   Write                        ]
IN  'N'
OUT 
OUT 
OUT 
OUT 
OUT 
OUT 
OUT 
OUT 
OUT 
OUT 
OUT 
OUT 
OUT 
OUT 
OUT 
OUT 
OUT 
OUT 
OUT 
OUT 
OUT 
OUT 
OUT 
OUT 
OUT 
OUT 
OUT 
OUT 
OUT 
OUT 
OUT 
OUT 
OUT 
OUT 
OUT 
OUT 
OUT 
OUT 
OUT 
OUT 
OUT 
OUT 
OUT 
OUT 
OUT 
OUT 
OUT 
OUT 
OUT 
OUT 
OUT 
OUT 
OUT 
OUT 
OUT 
OUT 
OUT 
OUT 
OUT 
OUT 
OUT 
OUT 
OUT 
OUT 
OUT 
OUT 
OUT 
OUT 
OUT 
OUT 
OUT 
OUT 
OUT 
OUT 
OUT 
OUT 
OUT 
OUT 
OUT 
OUT 
OUT 
OUT 
OUT   ' . . % ' 
OUT ' . . . . ' 
OUT ' . ' ' . ~  |
OUT   '     ' .  |
OUT     ' ' . .  |
OUT   ' . . . .  |
OUT   ' * . . .  |
OUT   ' . ' ' ' 
OUT     '       
OUT 
OUT ***
OUT You travel North...
OUT There is no one here.
OUT 
OUT 
OUT 
OUT [  N  W  S  E          Greet (name)        Attack (name) ]
OUT [  More   Help   Quit                  Hit Enter to wait ]
IN  'N'
OUT 
OUT 
OUT 
OUT 
OUT 
OUT 
OUT 
OUT 
OUT 
OUT 
OUT 
OUT 
OUT 
OUT 
OUT 
OUT 
OUT 
OUT 
OUT 
OUT 
OUT 
OUT 
OUT 
OUT 
OUT 
OUT 
OUT 
OUT 
OUT 
OUT 
OUT 
OUT 
OUT 
OUT 
OUT 
OUT 
OUT 
OUT 
OUT 
OUT 
OUT 
OUT 
OUT 
OUT 
OUT 
OUT 
OUT 
OUT 
OUT 
OUT 
OUT 
OUT 
OUT 
OUT 
OUT 
OUT 
OUT 
OUT 
OUT 
OUT 
OUT 
OUT 
OUT 
OUT 
OUT 
OUT 
OUT 
OUT 
OUT 
OUT 
OUT 
OUT 
OUT 
OUT 
OUT 
OUT 
OUT 
OUT 
OUT 
OUT 
OUT 
OUT 
OUT   ' . . % ' 
OUT ' . . . . ' 
OUT ' . ' ' . ~  |
OUT   '     ' .  |
OUT     ' ' . .  |
OUT   ' * . . .  |
OUT   ' . . . .  |
OUT   ' . ' ' ' 
OUT     '       
OUT 
OUT ***
OUT You travel North...
OUT There is no one here.
OUT 
OUT 
OUT 
OUT [  N  W  S  E          Greet (name)        Attack (name) ]
OUT [  More   Help   Quit                  Hit Enter to wait ]
IN  'S'
OUT 
OUT 
OUT 
OUT 
OUT 
OUT 
OUT 
OUT 
OUT 
OUT 
OUT 
OUT 
OUT 
OUT 
OUT 
OUT 
OUT 
OUT 
OUT 
OUT 
OUT 
OUT 
OUT 
OUT 
OUT 
OUT 
OUT 
OUT 
OUT 
OUT 
OUT 
OUT 
OUT 
OUT 
OUT 
OUT 
OUT 
OUT 
OUT 
OUT 
OUT 
OUT 
OUT 
OUT 
OUT 
OUT 
OUT 
OUT 
OUT 
OUT 
OUT 
OUT 
OUT 
OUT 
OUT 
OUT 
OUT 
OUT 
OUT 
OUT 
OUT 
OUT 
OUT 
OUT 
OUT 
OUT 
OUT 
OUT 
OUT 
OUT 
OUT 
OUT 
OUT 
OUT 
OUT 
OUT 
OUT 
OUT 
OUT 
OUT 
OUT 
OUT 
OUT   ' . . % ' 
OUT ' . . . . ' 
OUT ' . ' ' . ~  |
OUT   '     ' .  |
OUT     ' ' . .  |
OUT   ' . . . .  |
OUT   ' * . . .  |
OUT   ' . ' ' ' 
OUT     '       
OUT 
OUT ***
OUT You travel South...
OUT There are 3 strangers here.
OUT 
OUT 
OUT 
OUT 
OUT 
OUT [  N  W  S  E          Greet (name)        Attack (name) ]
OUT [  More   Help   Quit                  Hit Enter to wait ]
IN  'attack'
OUT Whom are you attacking?
IN  ''
OUT 
OUT 
OUT 
OUT 
OUT 
OUT [  N  W  S  E          Greet (name)        Attack (name) ]
OUT [  More   Help   Quit                  Hit Enter to wait ]
IN  'greet'
OUT Whom are you greeting?
IN  ''
OUT 
OUT 
OUT 
OUT 
OUT 
OUT [  N  W  S  E          Greet (name)        Attack (name) ]
OUT [  More   Help   Quit                  Hit Enter to wait ]
IN  'More'
OUT [  Stats   Who   Remember   Write                        ]
IN  'More'
OUT [  Stats   Who   Remember   Write                        ]
IN  'Who'
OUT 
OUT Who's here:
OUT stranger      stranger      stranger      
OUT 
OUT 
OUT 
OUT 
OUT 
OUT [  N  W  S  E          Greet (name)        Attack (name) ]
OUT [  More   Help   Quit                  Hit Enter to wait ]
IN  'greet'
OUT Whom are you greeting?
IN  ''
OUT 
OUT 
OUT 
OUT 
OUT 
OUT [  N  W  S  E          Greet (name)        Attack (name) ]
OUT [  More   Help   Quit                  Hit Enter to wait ]
IN  'W'
OUT 
OUT 
OUT 
OUT 
OUT 
OUT 
OUT 
OUT 
OUT 
OUT 
OUT 
OUT 
OUT 
OUT 
OUT 
OUT 
OUT 
OUT 
OUT 
OUT 
OUT 
OUT 
OUT 
OUT 
OUT 
OUT 
OUT 
OUT 
OUT 
OUT 
OUT 
OUT 
OUT 
OUT 
OUT 
OUT 
OUT 
OUT 
OUT 
OUT 
OUT 
OUT 
OUT 
OUT 
OUT 
OUT 
OUT 
OUT 
OUT 
OUT 
OUT 
OUT 
OUT 
OUT 
OUT 
OUT 
OUT 
OUT 
OUT 
OUT 
OUT 
OUT 
OUT 
OUT 
OUT 
OUT 
OUT 
OUT 
OUT 
OUT 
OUT 
OUT 
OUT 
OUT 
OUT 
OUT 
OUT 
OUT 
OUT 
OUT 
OUT 
OUT 
OUT   ' . . % ' 
OUT ' . . . . ' 
OUT ' . ' ' . ~  |
OUT   '     ' .  |
OUT     ' ' . .  |
OUT   ' . . . .  |
OUT ' * . . . .  |
OUT   ' . ' ' ' 
OUT     '       
OUT 
OUT ***
OUT You travel West...
OUT There is a stranger here.
OUT 
OUT 
OUT This man's name is Barney 3.
OUT Barney 3 menaces you!
OUT Barney 3: "Grunt."
OUT 
OUT 
OUT [ (F)ight       (D)rop it ]
IN  'D'
OUT Barney 3: "Grmph."
OUT 
OUT 
OUT 
OUT 
OUT 
OUT [  N  W  S  E          Greet (name)        Attack (name) ]
OUT [  More   Help   Quit                  Hit Enter to wait ]
IN  'S'
OUT 
OUT 
OUT 
OUT 
OUT 
OUT 
OUT 
OUT 
OUT 
OUT 
OUT 
OUT 
OUT 
OUT 
OUT 
OUT 
OUT 
OUT 
OUT 
OUT 
OUT 
OUT 
OUT 
OUT 
OUT 
OUT 
OUT 
OUT 
OUT 
OUT 
OUT 
OUT 
OUT 
OUT 
OUT 
OUT 
OUT 
OUT 
OUT 
OUT 
OUT 
OUT 
OUT 
OUT 
OUT 
OUT 
OUT 
OUT 
OUT 
OUT 
OUT 
OUT 
OUT 
OUT 
OUT 
OUT 
OUT 
OUT 
OUT 
OUT 
OUT 
OUT 
OUT 
OUT 
OUT 
OUT 
OUT 
OUT 
OUT 
OUT 
OUT 
OUT 
OUT 
OUT 
OUT 
OUT 
OUT 
OUT 
OUT 
OUT 
OUT 
OUT 
OUT   ' . . % ' 
OUT ' . . . . ' 
OUT ' . ' ' . ~  |
OUT   '     ' .  |
OUT     ' ' . .  |
OUT   ' . . . .  |
OUT ' . . . . .  |
OUT ' * . ' ' ' 
OUT   ' '       
OUT 
OUT ***
OUT You travel South...
OUT The ground gets muddy here, and gives way to a smelly bog in one direction. You 
OUT step around, holding your nose. 
OUT Barney 3 is here.
OUT 
OUT 
OUT Barney 3 menaces you!
OUT Barney 3: "Grunt."
OUT 
OUT 
OUT [ (F)ight       (D)rop it ]
IN  'F'
OUT Barney 3: "I'll be merciful, and crush you quickly!"
OUT 
OUT 
OUT [ (hit Enter) ]    
IN  ''
OUT 
OUT 
OUT 
OUT 
OUT 
OUT 
OUT 
OUT 
OUT 
OUT 
OUT  
OUT 
OUT 
OUT 
OUT 
OUT 
OUT 
OUT 
OUT 
OUT 
OUT  
OUT 
OUT 
OUT 
OUT 
OUT 
OUT 
OUT 
OUT 
OUT 
OUT  
OUT 
OUT 
OUT 
OUT 
OUT 
OUT 
OUT 
OUT 
OUT 
OUT  
OUT 
OUT 
OUT 
OUT 
OUT 
OUT 
OUT 
OUT 
OUT 
OUT 
OUT BATTLE
OUT **************************************************
OUT 
OUT 
OUT Barney 3
OUT Strength: 17 (???) Health: 1 (???)(Max 1 (???)) Speed: 2 (???)
OUT  Skill: 42 (???) Personality: 80 (?) Morale: 40 (??)
OUT Rufus 5
OUT Strength: ??? Health: ???(Max ???) Speed: 10 (???)
OUT  Skill: 0 Personality: 24 Morale: 20
OUT 
OUT 
OUT Order:
OUT Barney 3 got a 8.
OUT Rufus 5 got a 10.
OUT 
OUT 
OUT [ (F)ight      Run      Commit ]
IN  'F'
OUT Rufus 5 swings at Barney 3, but misses!
OUT Barney 3 hits Rufus 5 for 7 points!
OUT 
OUT 
OUT [ (hit Enter) ]    
IN  ''
OUT 
OUT 
OUT 
OUT 
OUT 
OUT 
OUT 
OUT 
OUT 
OUT 
OUT  
OUT 
OUT 
OUT 
OUT 
OUT 
OUT 
OUT 
OUT 
OUT 
OUT  
OUT 
OUT 
OUT 
OUT 
OUT 
OUT 
OUT 
OUT 
OUT 
OUT  
OUT 
OUT 
OUT 
OUT 
OUT 
OUT 
OUT 
OUT 
OUT 
OUT  
OUT 
OUT 
OUT 
OUT 
OUT 
OUT 
OUT 
OUT 
OUT 
OUT 
OUT BATTLE
OUT **************************************************
OUT 
OUT 
OUT Barney 3
OUT Strength: 15 (??) Health: 1 (??)(Max 1 (???)) Speed: 7 (??)
OUT  Skill: 1 (?) Personality: 80 (?) Morale: 37 (?)
OUT Rufus 5
OUT Strength: 17 (??) Health: 45 (??)(Max 46 (???)) Speed: 5 (??)
OUT  Skill: 0 Personality: 24 Morale: 20
OUT 
OUT 
OUT Order:
OUT Barney 3 got a 13.
OUT Rufus 5 got a 13.
OUT 
OUT 
OUT [ (F)ight      Run      Commit ]
IN  'Commit'
OUT Rufus 5 swings at Barney 3, but misses!
OUT Barney 3 swings at Rufus 5, but misses!
OUT Barney 3 swings at Rufus 5, but misses!
OUT Rufus 5 swings at Barney 3, but misses!
OUT Rufus 5 swings at Barney 3, but misses!
OUT Barney 3 swings at Rufus 5, but misses!
OUT Barney 3 hits Rufus 5 for 5 points!
OUT Rufus 5 swings at Barney 3, but misses!
OUT Rufus 5 swings at Barney 3, but misses!
OUT Barney 3 swings at Rufus 5, but misses!
OUT Rufus 5 swings at Barney 3, but misses!
OUT Barney 3 swings at Rufus 5, but misses!
OUT Rufus 5 swings at Barney 3, but misses!
OUT Barney 3 swings at Rufus 5, but misses!
OUT Barney 3 swings at Rufus 5, but misses!
OUT Rufus 5 swings at Barney 3, but misses!
OUT Rufus 5 hits Barney 3 for 6 points!
OUT Barney 3 swings at Rufus 5, but misses!
OUT Rufus 5 hits Barney 3 for 4 points!
OUT Barney 3 hits Rufus 5 for 7 points!
OUT Rufus 5 hits Barney 3 for 2 points!
OUT Barney 3 hits Rufus 5 for 7 points!
OUT 
OUT 
OUT [ (hit Enter) ]    
IN  ''
OUT The battle is over!
OUT Barney 3 has slain Rufus 5!
OUT Barney 3:  "HAH HAAAH!!" 
OUT ***
OUT You lie dead... yet again you rise above your remains to a point of observation,
OUT waiting to return... 
OUT Barney 3 wanders off...  
OUT BLURP!
OUT         BLURP!
OUT                 GLORP!
OUT Your spirit watches as your physical remains are slurped down into the greedy 
OUT mud. 
OUT ***
OUT You are reborn...
OUT 
OUT 
OUT Rufus 6
OUT Strength: ??? Health: ???(Max ???) Speed: ???
OUT  Skill: 0 Personality: 34 Morale: 20
OUT 
OUT [ (hit Enter) ]
IN  ''
OUT 
OUT 
OUT ***
OUT Well, here we are again.
OUT 
OUT 
OUT [ (hit Enter) ]
IN  ''
OUT 
OUT 
OUT 
OUT 
OUT 
OUT 
OUT 
OUT 
OUT 
OUT 
OUT 
OUT 
OUT 
OUT 
OUT 
OUT 
OUT 
OUT 
OUT 
OUT 
OUT 
OUT 
OUT 
OUT 
OUT 
OUT 
OUT 
OUT 
OUT 
OUT 
OUT 
OUT 
OUT 
OUT 
OUT 
OUT 
OUT 
OUT 
OUT 
OUT 
OUT 
OUT 
OUT 
OUT 
OUT 
OUT 
OUT 
OUT 
OUT 
OUT 
OUT 
OUT 
OUT 
OUT 
OUT 
OUT 
OUT 
OUT 
OUT 
OUT 
OUT 
OUT 
OUT 
OUT 
OUT 
OUT 
OUT 
OUT 
OUT 
OUT 
OUT 
OUT 
OUT 
OUT 
OUT 
OUT 
OUT 
OUT 
OUT 
OUT 
OUT 
OUT 
OUT   '   
OUT ' * ' 
OUT   '   
OUT 
OUT There is a dog here.
OUT There is a cat here.
OUT 
OUT 
OUT 
OUT 
OUT 
OUT [  N  W  S  E          Greet (name)        Attack (name) ]
OUT [  More   Help   Quit                  Hit Enter to wait ]
IN  'greet'
OUT Whom are you greeting?
IN  ''
OUT 
OUT 
OUT 
OUT 
OUT 
OUT [  N  W  S  E          Greet (name)        Attack (name) ]
OUT [  More   Help   Quit                  Hit Enter to wait ]
IN  'E'
OUT 
OUT 
OUT 
OUT 
OUT 
OUT 
OUT 
OUT 
OUT 
OUT 
OUT 
OUT 
OUT 
OUT 
OUT 
OUT 
OUT 
OUT 
OUT 
OUT 
OUT 
OUT 
OUT 
OUT 
OUT 
OUT 
OUT 
OUT 
OUT 
OUT 
OUT 
OUT 
OUT 
OUT 
OUT 
OUT 
OUT 
OUT 
OUT 
OUT 
OUT 
OUT 
OUT 
OUT 
OUT 
OUT 
OUT 
OUT 
OUT 
OUT 
OUT 
OUT 
OUT 
OUT 
OUT 
OUT 
OUT 
OUT 
OUT 
OUT 
OUT 
OUT 
OUT 
OUT 
OUT 
OUT 
OUT 
OUT 
OUT 
OUT 
OUT 
OUT 
OUT 
OUT 
OUT 
OUT 
OUT 
OUT 
OUT 
OUT 
OUT 
OUT 
OUT   ' ' 
OUT ' . *  |
OUT   ' ' 
OUT 
OUT ***
OUT You travel East...
OUT Someone you don't recognize lies dead here.
OUT There is a stranger here.
OUT 
OUT 
OUT 
OUT 
OUT 
OUT [  N  W  S  E          Greet (name)        Attack (name) ]
OUT [  Bury  Loot                                            ]
OUT [  More   Help   Quit                  Hit Enter to wait ]
IN  'greet'
OUT 
OUT 
OUT This man's name is Oliver 3.
OUT 
OUT Oliver 3: "Yes, Rufus 6?" 
OUT 
OUT 
OUT 
OUT 
OUT 
OUT [ Join         Teach         Fight               Leave   ]
OUT [           Joke                                         ]
IN  'Leave'
OUT "Hrmph."
OUT 
OUT 
OUT 
OUT 
OUT 
OUT [  N  W  S  E          Greet (name)        Attack (name) ]
OUT [  Bury  Loot                                            ]
OUT [  More   Help   Quit                  Hit Enter to wait ]
IN  'N'
OUT 
OUT 
OUT 
OUT 
OUT 
OUT 
OUT 
OUT 
OUT 
OUT 
OUT 
OUT 
OUT 
OUT 
OUT 
OUT 
OUT 
OUT 
OUT 
OUT 
OUT 
OUT 
OUT 
OUT 
OUT 
OUT 
OUT 
OUT 
OUT 
OUT 
OUT 
OUT 
OUT 
OUT 
OUT 
OUT 
OUT 
OUT 
OUT 
OUT 
OUT 
OUT 
OUT 
OUT 
OUT 
OUT 
OUT 
OUT 
OUT 
OUT 
OUT 
OUT 
OUT 
OUT 
OUT 
OUT 
OUT 
OUT 
OUT 
OUT 
OUT 
OUT 
OUT 
OUT 
OUT 
OUT 
OUT 
OUT 
OUT 
OUT 
OUT 
OUT 
OUT 
OUT 
OUT 
OUT 
OUT 
OUT 
OUT 
OUT 
OUT 
OUT 
OUT     ' 
OUT   ' *  |
OUT ' . .  |
OUT   ' ' 
OUT 
OUT ***
OUT You travel North...
OUT There is a cat here.
OUT There are 2 strangers here.
OUT 
OUT 
OUT 
OUT 
OUT 
OUT [  N  W  S  E          Greet (name)        Attack (name) ]
OUT [  More   Help   Quit                  Hit Enter to wait ]
IN  'attack'
OUT Whom are you attacking?
IN  ''
OUT 
OUT 
OUT 
OUT 
OUT 
OUT [  N  W  S  E          Greet (name)        Attack (name) ]
OUT [  More   Help   Quit                  Hit Enter to wait ]
IN  'E'
OUT 
OUT 
OUT ***
OUT The way is impassable in that direction.
OUT 
OUT 
OUT 
OUT 
OUT 
OUT [  N  W  S  E          Greet (name)        Attack (name) ]
OUT [  More   Help   Quit                  Hit Enter to wait ]
IN  'S'
OUT As you walk, you notice an awful shape in the sky. The dragon is in flight up 
OUT ahead. Mercifully, it's ignoring you and heading north. 
OUT 
OUT [ (hit Enter) ]
IN  ''
OUT 
OUT 
OUT 
OUT 
OUT 
OUT 
OUT 
OUT 
OUT 
OUT 
OUT 
OUT 
OUT 
OUT 
OUT 
OUT 
OUT 
OUT 
OUT 
OUT 
OUT 
OUT 
OUT 
OUT 
OUT 
OUT 
OUT 
OUT 
OUT 
OUT 
OUT 
OUT 
OUT 
OUT 
OUT 
OUT 
OUT 
OUT 
OUT 
OUT 
OUT 
OUT 
OUT 
OUT 
OUT 
OUT 
OUT 
OUT 
OUT 
OUT 
OUT 
OUT 
OUT 
OUT 
OUT 
OUT 
OUT 
OUT 
OUT 
OUT 
OUT 
OUT 
OUT 
OUT 
OUT 
OUT 
OUT 
OUT 
OUT 
OUT 
OUT 
OUT 
OUT 
OUT 
OUT 
OUT 
OUT 
OUT 
OUT 
OUT 
OUT 
OUT 
OUT     ' 
OUT   ' .  |
OUT ' . *  |
OUT   ' ' 
OUT 
OUT ***
OUT You travel South...
OUT The ground here is charred black in several places.
OUT Oliver 3 lies dead here.
OUT Someone you don't recognize lies dead here.
OUT No others here live.
OUT You hear snarling and screaming to the North...
OUT 
OUT 
OUT 
OUT 
OUT 
OUT [  N  W  S  E          Greet (name)        Attack (name) ]
OUT [  Bury  Loot                                            ]
OUT [  More   Help   Quit                  Hit Enter to wait ]
IN  'N'
OUT 
OUT 
OUT 
OUT 
OUT 
OUT 
OUT 
OUT 
OUT 
OUT 
OUT 
OUT 
OUT 
OUT 
OUT 
OUT 
OUT 
OUT 
OUT 
OUT 
OUT 
OUT 
OUT 
OUT 
OUT 
OUT 
OUT 
OUT 
OUT 
OUT 
OUT 
OUT 
OUT 
OUT 
OUT 
OUT 
OUT 
OUT 
OUT 
OUT 
OUT 
OUT 
OUT 
OUT 
OUT 
OUT 
OUT 
OUT 
OUT 
OUT 
OUT 
OUT 
OUT 
OUT 
OUT 
OUT 
OUT 
OUT 
OUT 
OUT 
OUT 
OUT 
OUT 
OUT 
OUT 
OUT 
OUT 
OUT 
OUT 
OUT 
OUT 
OUT 
OUT 
OUT 
OUT 
OUT 
OUT 
OUT 
OUT 
OUT 
OUT 
OUT 
OUT     ' 
OUT   ' *  |
OUT ' . .  |
OUT   ' ' 
OUT 
OUT ***
OUT You travel North...
OUT There is no one here.
OUT 
OUT 
OUT 
OUT [  N  W  S  E          Greet (name)        Attack (name) ]
OUT [  More   Help   Quit                  Hit Enter to wait ]
IN  'greet'
OUT You are alone, Rufus 6!
OUT 
OUT 
OUT 
OUT 
OUT 
OUT [  N  W  S  E          Greet (name)        Attack (name) ]
OUT [  More   Help   Quit                  Hit Enter to wait ]
IN  'More'
OUT [  Stats   Who   Remember   Write                        ]
IN  'S'
OUT 
OUT 
OUT 
OUT 
OUT 
OUT 
OUT 
OUT 
OUT 
OUT 
OUT 
OUT 
OUT 
OUT 
OUT 
OUT 
OUT 
OUT 
OUT 
OUT 
OUT 
OUT 
OUT 
OUT 
OUT 
OUT 
OUT 
OUT 
OUT 
OUT 
OUT 
OUT 
OUT 
OUT 
OUT 
OUT 
OUT 
OUT 
OUT 
OUT 
OUT 
OUT 
OUT 
OUT 
OUT 
OUT 
OUT 
OUT 
OUT 
OUT 
OUT 
OUT 
OUT 
OUT 
OUT 
OUT 
OUT 
OUT 
OUT 
OUT 
OUT 
OUT 
OUT 
OUT 
OUT 
OUT 
OUT 
OUT 
OUT 
OUT 
OUT 
OUT 
OUT 
OUT 
OUT 
OUT 
OUT 
OUT 
OUT 
OUT 
OUT 
OUT 
OUT     ' 
OUT   ' .  |
OUT ' . *  |
OUT   ' ' 
OUT 
OUT ***
OUT You travel South...
OUT Oliver 3 lies dead here.
OUT Someone you don't recognize lies dead here.
OUT No others here live.
OUT 
OUT 
OUT 
OUT 
OUT 
OUT [  N  W  S  E          Greet (name)        Attack (name) ]
OUT [  Bury  Loot                                            ]
OUT [  More   Help   Quit                  Hit Enter to wait ]
IN  'Loot'
OUT Oliver 3      s**an*er      
OUT (a.)          (b.)          
OUT 
OUT 
OUT 
OUT 
OUT Loot whom?
OUT (letter)
IN  ''
OUT Loot whom?
OUT (letter)
IN  ''
OUT Loot whom?
OUT (letter)
IN  ''
OUT Loot whom?
OUT (letter)
IN  ''
OUT Loot whom?
OUT (letter)
IN  ''
OUT Loot whom?
OUT (letter)
IN  ''
OUT Loot whom?
OUT (letter)
IN  ''
OUT Loot whom?
OUT (letter)
IN  ''
OUT Loot whom?
OUT (letter)
IN  ''
OUT Loot whom?
OUT (letter)
IN  ''
OUT Loot whom?
OUT (letter)
IN  ''
OUT Loot whom?
OUT (letter)
IN  ''
OUT Loot whom?
OUT (letter)
IN  ''
OUT Loot whom?
OUT (letter)
IN  ''
OUT Loot whom?
OUT (letter)
IN  ''
OUT Loot whom?
OUT (letter)
IN  ''
OUT Loot whom?
OUT (letter)
IN  ''
OUT Loot whom?
OUT (letter)
IN  ''
OUT Loot whom?
OUT (letter)
IN  ''
OUT Loot whom?
OUT (letter)
IN  ''
OUT Loot whom?
OUT (letter)
IN  ''
OUT Loot whom?
OUT (letter)
IN  ''
OUT Loot whom?
OUT (letter)
IN  ''
OUT Loot whom?
OUT (letter)
IN  ''
OUT Loot whom?
OUT (letter)
IN  ''
OUT Loot whom?
OUT (letter)
IN  ''
OUT Loot whom?
OUT (letter)
IN  ''
OUT Loot whom?
OUT (letter)
IN  ''
OUT Loot whom?
OUT (letter)
IN  ''
OUT Loot whom?
OUT (letter)
IN  ''
OUT Loot whom?
OUT (letter)
IN  ''
OUT Loot whom?
OUT (letter)
IN  ''
OUT Loot whom?
OUT (letter)
IN  ''
OUT Loot whom?
OUT (letter)
IN  ''
OUT Loot whom?
OUT (letter)
IN  ''
OUT Loot whom?
OUT (letter)
IN  ''
OUT Loot whom?
OUT (letter)
IN  ''
OUT Loot whom?
OUT (letter)
IN  ''
OUT Loot whom?
OUT (letter)
IN  ''
OUT Loot whom?
OUT (letter)
IN  ''
OUT Loot whom?
OUT (letter)
IN  ''
OUT Loot whom?
OUT (letter)
IN  ''
OUT Loot whom?
OUT (letter)
IN  ''
OUT Loot whom?
OUT (letter)
IN  ''
OUT Loot whom?
OUT (letter)
IN  ''
OUT Loot whom?
OUT (letter)
IN  ''
OUT Loot whom?
OUT (letter)
IN  ''
OUT Loot whom?
OUT (letter)
IN  ''
OUT Loot whom?
OUT (letter)
IN  ''
OUT Loot whom?
OUT (letter)
IN  ''
OUT Loot whom?
OUT (letter)
IN  ''
OUT Loot whom?
OUT (letter)
IN  ''
OUT Loot whom?
OUT (letter)
IN  ''
OUT Loot whom?
OUT (letter)
IN  ''
OUT Loot whom?
OUT (letter)
IN  ''
OUT Loot whom?
OUT (letter)
IN  ''
OUT Loot whom?
OUT (letter)
IN  ''
OUT Loot whom?
OUT (letter)
IN  ''
OUT Loot whom?
OUT (letter)
IN  ''
OUT Loot whom?
OUT (letter)
IN  ''
OUT Loot whom?
OUT (letter)
IN  ''
OUT Loot whom?
OUT (letter)
IN  ''
OUT Loot whom?
OUT (letter)
IN  ''
OUT Loot whom?
OUT (letter)
IN  ''
OUT Loot whom?
OUT (letter)
IN  ''
OUT Loot whom?
OUT (letter)
IN  ''
OUT Loot whom?
OUT (letter)
IN  ''
OUT Loot whom?
OUT (letter)
IN  ''
OUT Loot whom?
OUT (letter)
IN  ''
OUT Loot whom?
OUT (letter)
IN  ''
OUT Loot whom?
OUT (letter)
IN  ''
OUT Loot whom?
OUT (letter)
IN  ''
OUT Loot whom?
OUT (letter)
IN  ''
OUT Loot whom?
OUT (letter)
IN  ''
OUT Loot whom?
OUT (letter)
IN  ''
OUT Loot whom?
OUT (letter)
IN  ''
OUT Loot whom?
OUT (letter)
IN  ''
OUT Loot whom?
OUT (letter)
IN  ''
OUT Loot whom?
OUT (letter)
IN  ''
OUT Loot whom?
OUT (letter)
IN  ''
OUT Loot whom?
OUT (letter)
IN  ''
OUT Loot whom?
OUT (letter)
IN  ''
OUT Loot whom?
OUT (letter)
IN  ''
OUT Loot whom?
OUT (letter)
IN  ''
OUT Loot whom?
OUT (letter)
IN  ''
OUT Loot whom?
OUT (letter)
IN  ''
OUT Loot whom?
OUT (letter)
IN  ''
OUT Loot whom?
OUT (letter)
IN  ''
OUT Loot whom?
OUT (letter)
IN  ''
OUT Loot whom?
OUT (letter)
IN  ''
OUT Loot whom?
OUT (letter)
IN  ''
OUT Loot whom?
OUT (letter)
IN  ''
OUT Loot whom?
OUT (letter)
IN  ''
OUT Loot whom?
OUT (letter)
IN  ''
OUT Loot whom?
OUT (letter)
IN  ''
OUT Loot whom?
OUT (letter)
IN  ''
OUT Loot whom?
OUT (letter)
IN  ''
OUT Loot whom?
OUT (letter)
IN  ''
OUT Loot whom?
OUT (letter)
IN  ''
OUT Loot whom?
OUT (letter)
IN  ''
OUT Loot whom?
OUT (letter)
IN  ''
OUT Loot whom?
OUT (letter)
IN  ''
OUT Loot whom?
OUT (letter)
IN  ''
OUT Loot whom?
OUT (letter)
IN  ''
OUT Loot whom?
OUT (letter)
IN  ''
OUT Loot whom?
OUT (letter)
IN  ''
OUT Loot whom?
OUT (letter)
IN  ''
OUT Loot whom?
OUT (letter)
IN  ''
OUT Loot whom?
OUT (letter)
IN  ''
OUT Loot whom?
OUT (letter)
IN  ''
OUT Loot whom?
OUT (letter)
IN  ''
OUT Loot whom?
OUT (letter)
IN  ''
OUT Loot whom?
OUT (letter)
IN  ''
OUT Loot whom?
OUT (letter)
IN  ''
OUT Loot whom?
OUT (letter)
IN  ''
OUT Loot whom?
OUT (letter)
IN  ''
OUT Loot whom?
OUT (letter)
IN  ''
OUT Loot whom?
OUT (letter)
IN  ''
OUT Loot whom?
OUT (letter)
IN  ''
OUT Loot whom?
OUT (letter)
IN  ''
OUT Loot whom?
OUT (letter)
IN  ''
OUT Loot whom?
OUT (letter)
IN  ''
OUT Loot whom?
OUT (letter)
IN  ''
OUT Loot whom?
OUT (letter)
IN  ''
OUT Loot whom?
OUT (letter)
IN  ''
OUT Loot whom?
OUT (letter)
IN  ''
OUT Loot whom?
OUT (letter)
IN  ''
OUT Loot whom?
OUT (letter)
IN  ''
OUT Loot whom?
OUT (letter)
IN  ''
OUT Loot whom?
OUT (letter)
IN  ''
OUT Loot whom?
OUT (letter)
IN  ''
OUT Loot whom?
OUT (letter)
IN  ''
OUT Loot whom?
OUT (letter)
IN  ''
OUT Loot whom?
OUT (letter)
IN  ''
OUT Loot whom?
OUT (letter)
IN  ''
OUT Loot whom?
OUT (letter)
IN  ''
OUT Loot whom?
OUT (letter)
IN  ''
OUT Loot whom?
OUT (letter)
IN  ''
OUT Loot whom?
OUT (letter)
IN  ''
OUT Loot whom?
OUT (letter)
IN  ''
OUT Loot whom?
OUT (letter)
IN  ''
OUT Loot whom?
OUT (letter)
IN  ''
OUT Loot whom?
OUT (letter)
IN  ''
OUT Loot whom?
OUT (letter)
IN  ''
OUT Loot whom?
OUT (letter)
IN  ''
OUT Loot whom?
OUT (letter)
IN  ''
OUT Loot whom?
OUT (letter)
IN  ''
OUT Loot whom?
OUT (letter)
