OUT 
OUT 
OUT 
OUT 
OUT 
OUT   
OUT 
OUT 
OUT 
OUT 
OUT  
OUT 
OUT 
OUT 
OUT 
OUT  
OUT 
OUT 
OUT 
OUT 
OUT  
OUT 
OUT 
OUT 
OUT 
OUT  
OUT 
OUT 
OUT 
OUT 
OUT  
OUT 
OUT 
OUT 
OUT 
OUT  
OUT 
OUT 
OUT 
OUT 
OUT  
OUT 
OUT 
OUT 
OUT 
OUT 
OUT                                    |        ___
OUT                                    \   | __/  ’’’’
OUT                                     \  <<--,_____
OUT        ,   ,              \           U          ____---
OUT         v                  \          U      |~~<____   
OUT         `  ‘ `   ’      `---\         U      /        /
OUT          \|   \ |            ````~     U    //    /‘’’’’’’’^
OUT           \    \                   \ \ |U| //    / , 
OUT            \\  \\...````           |  V  / ‘’’’ ‘’               G       N D
OUT             \  / |``               /   /                    A   N       A
OUT      ~_  ,   |   /                /`  /                    G          L
OUT        `-` `- \ |                 |  /                                  
OUT              \  |                |  |
OUT               }  \               /  |              ..       .. ..       . .   .
OUT       ~``__   |   \-/           |   |  .. ...      ....    .   .. . ...  . .   
OUT  *#----*--**__|    |*****^**---|     ]__--_*_.... _  __   . . ..... . . .. . . .
OUT * |                                                      
OUT *                                                        
OUT * |                                                      
OUT *       Who are you ?                                    
OUT * |                                                      
IN  'Rufus'
OUT * |                                                                | *
OUT * |                                                                | *
OUT * |     Male or Female?                                            | *
OUT 
OUT [ M / F ]
IN  'male'
OUT * |  Right, Rufus,                                                 | *
OUT * |   enjoy yer stay!                                              | *
OUT * |                                     ( poor wretch . . .)       | *
OUT * |                                                                | *
OUT * |                                                                | *
OUT 
OUT 
OUT 
OUT 
OUT ***
OUT  You get to your feet. A bit of a headache. Nothing looks familiar. 
OUT 
OUT 
OUT 
OUT [ (hit Enter) ]    
IN  ''
OUT 
OUT 
OUT 
OUT 
OUT 
OUT 
OUT 
OUT 
OUT 
OUT 
OUT 
OUT 
OUT 
OUT 
OUT 
OUT 
OUT 
OUT 
OUT 
OUT 
OUT 
OUT 
OUT 
OUT 
OUT 
OUT 
OUT 
OUT 
OUT 
OUT 
OUT 
OUT 
OUT 
OUT 
OUT 
OUT 
OUT 
OUT 
OUT 
OUT 
OUT 
OUT 
OUT 
OUT 
OUT 
OUT 
OUT 
OUT 
OUT 
OUT 
OUT 
OUT 
OUT 
OUT 
OUT 
OUT 
OUT 
OUT 
OUT 
OUT 
OUT 
OUT 
OUT 
OUT 
OUT 
OUT 
OUT 
OUT 
OUT 
OUT 
OUT 
OUT 
OUT 
OUT 
OUT 
OUT 
OUT 
OUT 
OUT 
OUT 
OUT 
OUT 
OUT   ' 
OUT ' *  |
OUT   ' 
OUT 
OUT There is a stranger here.
OUT 
OUT 
OUT 
OUT 
OUT 
OUT [  N  W  S  E          Greet (name)        Attack (name) ]
OUT [  More   Help   Quit                  Hit Enter to wait ]
IN  ''
OUT You wait...
OUT 
OUT 
OUT This man's name is Winston.
OUT 
OUT Winston: "Let's team up, eh?"
OUT 
OUT 
OUT 
OUT 
OUT 
OUT [ Y / N ]
IN  'N'
OUT 
OUT Winston: "Meh. Later."
OUT 
OUT 
OUT 
OUT Winston: "Let's team up, eh?"
OUT 
OUT 
OUT 
OUT 
OUT 
OUT [ Y / N ]
IN  'Y'
OUT 
OUT Rufus: "We will hence fight as one, and be merry companions!"
OUT Winston: "Hey, we formed a new gang!"
OUT 
OUT 
OUT [ (hit Enter) ]    
IN  ''
OUT Now the question of leadership...
OUT Winston:  "I should be leader!"
OUT Do you agree, Rufus?
OUT 
OUT 
OUT [ Y / N ]
IN  'N'
OUT Winston:  "Willing to fight for it?"
OUT 
OUT 
OUT [ Y / N ]
IN  'N'
OUT Winston:  "Glad you see it my way!"
OUT 
OUT 
OUT 
OUT 
OUT 
OUT [  N  W  S  E          Greet (name)        Attack (name) ]
OUT [  More   Help   Quit                  Hit Enter to wait ]
IN  'W'
OUT Are you sure you want to abandon Winston?
OUT 
OUT [ Y / N ]
IN  'N'
OUT 
OUT 
OUT 
OUT 
OUT 
OUT [  N  W  S  E          Greet (name)        Attack (name) ]
OUT [  More   Help   Quit                  Hit Enter to wait ]
IN  'More'
OUT [  Stats   Who   Remember   Write                        ]
IN  'Write'
OUT What do you want to write?
IN  'hello'
OUT You scrawl your message in the dirt.
OUT 
OUT 
OUT 
OUT 
OUT 
OUT [  N  W  S  E          Greet (name)        Attack (name) ]
OUT [  More   Help   Quit                  Hit Enter to wait ]
IN  'hello'
OUT 
OUT 
OUT 
OUT 
OUT 
OUT [  N  W  S  E          Greet (name)        Attack (name) ]
OUT [  More   Help   Quit                  Hit Enter to wait ]
IN  'greet'
OUT 
OUT Winston: "Hail, Rufus." 
OUT 
OUT 
OUT 
OUT 
OUT 
OUT [ Join         Teach         Fight               Leave   ]
OUT [           Joke     Taunt     Challenge                 ]
OUT [                                   Forest               ]
IN  'Leave'
OUT Winston: "Yup..."
OUT Rufus: "Mmmm hm..."
OUT You hear shouting to the South...
OUT You hear shouting to the South...
OUT Winston: "Let's stay where we are."
OUT 
OUT Something is scratched in the ground here:
OUT 
OUT GO WEST GO SOUTH    -- GREGOR
OUT 
OUT 
OUT 
OUT Winston is here.
OUT There is a stranger here.
OUT Winston: "Mmmm hm..."
OUT Rufus: "Howdee..."
OUT You chat with Winston, and you end up telling him what you've heard about 
OUT Gregor. 
OUT 
OUT 
OUT This man's name is Wastere.
OUT 
OUT Wastere: "Let's team up, eh?"
OUT 
OUT 
OUT 
OUT 
OUT 
OUT [ Y / N ]
IN  'N'
OUT 
OUT Wastere: "Meh. Later."
OUT 
OUT 
OUT 
OUT 
OUT 
OUT [  N  W  S  E          Greet (name)        Attack (name) ]
OUT [  More   Help   Quit                  Hit Enter to wait ]
IN  'S'
OUT Are you sure you want to abandon Winston?
OUT 
OUT [ Y / N ]
IN  'N'
OUT Winston speaks to Wastere.
OUT Winston:  "Hhhrmm brrm I've brr brr.."
OUT Wastere:  "Huh...     Interesting..."
OUT 
OUT 
OUT 
OUT 
OUT 
OUT [  N  W  S  E          Greet (name)        Attack (name) ]
OUT [  More   Help   Quit                  Hit Enter to wait ]
IN  'Attack Wastere'
OUT 
OUT Wastere: "YARG! Lay on!"
OUT Do you call for support?
OUT 
OUT [ Y / N ]
IN  'N'
OUT Rufus:  "Stay back! This one's mine!"
OUT 
OUT 
OUT [ (hit Enter) ]    
IN  ''
OUT For the first time, you enter a duel... you have almost no idea of your own 
OUT abilities, or your opponent's... 
OUT 
OUT 
OUT [ (hit Enter) ]    
IN  ''
OUT 
OUT 
OUT 
OUT 
OUT 
OUT 
OUT 
OUT 
OUT 
OUT 
OUT  
OUT 
OUT 
OUT 
OUT 
OUT 
OUT 
OUT 
OUT 
OUT 
OUT  
OUT 
OUT 
OUT 
OUT 
OUT 
OUT 
OUT 
OUT 
OUT 
OUT  
OUT 
OUT 
OUT 
OUT 
OUT 
OUT 
OUT 
OUT 
OUT 
OUT  
OUT 
OUT 
OUT 
OUT 
OUT 
OUT 
OUT 
OUT 
OUT 
OUT 
OUT BATTLE
OUT **************************************************
OUT 
OUT 
OUT Rufus
OUT Strength: ??? Health: ???(Max ???) Speed: ???
OUT  Skill: 0 Personality: 94 Morale: 24
OUT Wastere
OUT Strength: ??? Health: ???(Max ???) Speed: ???
OUT  Skill: ??? Personality: 100 (?) Morale: 40 (??)
OUT 
OUT 
OUT Order:
OUT Rufus got a 16.
OUT Wastere got a 16.
OUT Wastere hits Rufus for 8 points!
OUT 
OUT 
OUT [ (F)ight      Run      Commit ]
IN  'F'
OUT Rufus swings at Wastere, but misses!
OUT 
OUT 
OUT [ (hit Enter) ]    
IN  ''
OUT 
OUT 
OUT 
OUT 
OUT 
OUT 
OUT 
OUT 
OUT 
OUT 
OUT  
OUT 
OUT 
OUT 
OUT 
OUT 
OUT 
OUT 
OUT 
OUT 
OUT  
OUT 
OUT 
OUT 
OUT 
OUT 
OUT 
OUT 
OUT 
OUT 
OUT  
OUT 
OUT 
OUT 
OUT 
OUT 
OUT 
OUT 
OUT 
OUT 
OUT  
OUT 
OUT 
OUT 
OUT 
OUT 
OUT 
OUT 
OUT 
OUT 
OUT 
OUT BATTLE
OUT **************************************************
OUT 
OUT 
OUT Rufus
OUT Strength: 12 (??) Health: 32 (??)(Max 41 (???)) Speed: 1 (???)
OUT  Skill: 0 Personality: 94 Morale: 24
OUT Wastere
OUT Strength: 3 (??) Health: 6 (??)(Max ???) Speed: 3 (???)
OUT  Skill: 1 (??) Personality: 100 (?) Morale: 40 (??)
OUT 
OUT 
OUT Order:
OUT Rufus got a 14.
OUT Wastere got a 17.
OUT Wastere hits Rufus for 9 points!
OUT 
OUT 
OUT [ (F)ight      Run      Commit ]
IN  'F'
OUT Rufus swings at Wastere, but misses!
OUT 
OUT 
OUT [ (hit Enter) ]    
IN  ''
OUT 
OUT 
OUT 
OUT 
OUT 
OUT 
OUT 
OUT 
OUT 
OUT 
OUT  
OUT 
OUT 
OUT 
OUT 
OUT 
OUT 
OUT 
OUT 
OUT 
OUT  
OUT 
OUT 
OUT 
OUT 
OUT 
OUT 
OUT 
OUT 
OUT 
OUT  
OUT 
OUT 
OUT 
OUT 
OUT 
OUT 
OUT 
OUT 
OUT 
OUT  
OUT 
OUT 
OUT 
OUT 
OUT 
OUT 
OUT 
OUT 
OUT 
OUT 
OUT BATTLE
OUT **************************************************
OUT 
OUT 
OUT Rufus
OUT Strength: 10 (??) Health: 18 (??)(Max 37 (??)) Speed: 7 (??)
OUT  Skill: 0 Personality: 94 Morale: 24
OUT Wastere
OUT Strength: 5 (??) Health: 11 (??)(Max ???) Speed: 3 (??)
OUT  Skill: 1 (??) Personality: 100 (?) Morale: 40 (?)
OUT 
OUT 
OUT Order:
OUT Rufus got a 8.
OUT Wastere got a 18.
OUT Wastere hits Rufus for 7 points!
OUT 
OUT 
OUT [ (hit Enter) ]    
IN  ''
OUT The battle is over!
OUT Wastere has slain Rufus!
OUT Wastere:  "HAH HAAAH!!" 
OUT Winston: "So long, Rufus... wish I could have known you better." 
OUT 
OUT 
OUT [ (hit Enter) ]    
IN  ''
OUT Winston: "My comrade is slain! Alas, the gang is no more... I must seek my 
OUT fortune elsewhere." 
OUT ***
OUT You lie dead... worms begin to consider you... your spirit haunts this field, 
OUT listening and watching... 
OUT Wastere and Winston are getting along... they seem to have teamed up!
OUT You see that Winston has yielded leadership to Wastere.
OUT Wastere wanders off...  
OUT Winston wanders off...  
OUT You hear shouting to the North...
OUT ***
OUT You are reborn...
OUT 
OUT 
OUT Rufus 2
OUT Strength: ??? Health: ???(Max ???) Speed: ???
OUT  Skill: 0 Personality: 33 Morale: 20
OUT 
OUT [ (hit Enter) ]
IN  ''
OUT 
OUT 
OUT ***
OUT You're woozy. You may have been here before, but you don't remember much.
OUT 
OUT 
OUT [ (hit Enter) ]
IN  ''
OUT 
OUT 
OUT 
OUT 
OUT 
OUT 
OUT 
OUT 
OUT 
OUT 
OUT 
OUT 
OUT 
OUT 
OUT 
OUT 
OUT 
OUT 
OUT 
OUT 
OUT 
OUT 
OUT 
OUT 
OUT 
OUT 
OUT 
OUT 
OUT 
OUT 
OUT 
OUT 
OUT 
OUT 
OUT 
OUT 
OUT 
OUT 
OUT 
OUT 
OUT 
OUT 
OUT 
OUT 
OUT 
OUT 
OUT 
OUT 
OUT 
OUT 
OUT 
OUT 
OUT 
OUT 
OUT 
OUT 
OUT 
OUT 
OUT 
OUT 
OUT 
OUT 
OUT 
OUT 
OUT 
OUT 
OUT 
OUT 
OUT 
OUT 
OUT 
OUT 
OUT 
OUT 
OUT 
OUT 
OUT 
OUT 
OUT 
OUT 
OUT 
OUT 
OUT ' * ' 
OUT   '   
OUT 
OUT There is no one here.
OUT 
OUT 
OUT 
OUT [  N  W  S  E          Greet (name)        Attack (name) ]
OUT [  More   Help   Quit                  Hit Enter to wait ]
IN  'W'
OUT 
OUT 
OUT 
OUT 
OUT 
OUT 
OUT 
OUT 
OUT 
OUT 
OUT 
OUT 
OUT 
OUT 
OUT 
OUT 
OUT 
OUT 
OUT 
OUT 
OUT 
OUT 
OUT 
OUT 
OUT 
OUT 
OUT 
OUT 
OUT 
OUT 
OUT 
OUT 
OUT 
OUT 
OUT 
OUT 
OUT 
OUT 
OUT 
OUT 
OUT 
OUT 
OUT 
OUT 
OUT 
OUT 
OUT 
OUT 
OUT 
OUT 
OUT 
OUT 
OUT 
OUT 
OUT 
OUT 
OUT 
OUT 
OUT 
OUT 
OUT 
OUT 
OUT 
OUT 
OUT 
OUT 
OUT 
OUT 
OUT 
OUT 
OUT 
OUT 
OUT 
OUT 
OUT 
OUT 
OUT 
OUT 
OUT 
OUT 
OUT 
OUT 
OUT ' * . ' 
OUT   ' '   
OUT 
OUT ***
OUT You travel West...
OUT There is a stand of evergreens here.
OUT There is a stranger here.
OUT 
OUT 
OUT This man's name is Tom.
OUT 
OUT Tom: "Let's team up, eh?"
OUT 
OUT 
OUT 
OUT 
OUT 
OUT [ Y / N ]
IN  'Y'
OUT 
OUT Rufus 2: "We will hence fight as one, and be merry companions!"
OUT Tom: "Hey, we formed a new gang!"
OUT 
OUT 
OUT [ (hit Enter) ]    
IN  ''
OUT Now the question of leadership...
OUT Tom:  "Who should be leader?"
OUT 
OUT 
OUT 
OUT 
OUT 
OUT [ You   Me ]
IN  'Me'
OUT Tom:  "Very well. I yield to you, Rufus 2."
OUT 
OUT 
OUT 
OUT 
OUT 
OUT [  N  W  S  E          Greet (name)        Attack (name) ]
OUT [  More   Help   Quit                  Hit Enter to wait ]
IN  'S'
OUT 
OUT 
OUT 
OUT 
OUT 
OUT 
OUT 
OUT 
OUT 
OUT 
OUT 
OUT 
OUT 
OUT 
OUT 
OUT 
OUT 
OUT 
OUT 
OUT 
OUT 
OUT 
OUT 
OUT 
OUT 
OUT 
OUT 
OUT 
OUT 
OUT 
OUT 
OUT 
OUT 
OUT 
OUT 
OUT 
OUT 
OUT 
OUT 
OUT 
OUT 
OUT 
OUT 
OUT 
OUT 
OUT 
OUT 
OUT 
OUT 
OUT 
OUT 
OUT 
OUT 
OUT 
OUT 
OUT 
OUT 
OUT 
OUT 
OUT 
OUT 
OUT 
OUT 
OUT 
OUT 
OUT 
OUT 
OUT 
OUT 
OUT 
OUT 
OUT 
OUT 
OUT 
OUT 
OUT 
OUT 
OUT 
OUT 
OUT 
OUT 
OUT 
OUT ' ^ . ' 
OUT ' * '   
OUT   '     
OUT 
OUT ***
OUT You travel South...
OUT Tom: "South!"
OUT Tom is here.
OUT 
OUT 
OUT 
OUT 
OUT 
OUT [  N  W  S  E          Greet (name)        Attack (name) ]
OUT [  More   Help   Quit                  Hit Enter to wait ]
IN  'N'
OUT 
OUT 
OUT 
OUT 
OUT 
OUT 
OUT 
OUT 
OUT 
OUT 
OUT 
OUT 
OUT 
OUT 
OUT 
OUT 
OUT 
OUT 
OUT 
OUT 
OUT 
OUT 
OUT 
OUT 
OUT 
OUT 
OUT 
OUT 
OUT 
OUT 
OUT 
OUT 
OUT 
OUT 
OUT 
OUT 
OUT 
OUT 
OUT 
OUT 
OUT 
OUT 
OUT 
OUT 
OUT 
OUT 
OUT 
OUT 
OUT 
OUT 
OUT 
OUT 
OUT 
OUT 
OUT 
OUT 
OUT 
OUT 
OUT 
OUT 
OUT 
OUT 
OUT 
OUT 
OUT 
OUT 
OUT 
OUT 
OUT 
OUT 
OUT 
OUT 
OUT 
OUT 
OUT 
OUT 
OUT 
OUT 
OUT 
OUT 
OUT 
OUT 
OUT ' * . ' 
OUT ' . '   
OUT   '     
OUT 
OUT ***
OUT You travel North...
OUT Tom: "North!"
OUT There is a stand of evergreens here.
OUT Tom is here.
OUT 
OUT 
OUT 
OUT 
OUT 
OUT [  N  W  S  E          Greet (name)        Attack (name) ]
OUT [  More   Help   Quit                  Hit Enter to wait ]
IN  'N'
OUT 
OUT 
OUT ***
OUT The way is impassable in that direction.
OUT 
OUT 
OUT 
OUT 
OUT 
OUT [  N  W  S  E          Greet (name)        Attack (name) ]
OUT [  More   Help   Quit                  Hit Enter to wait ]
IN  'E'
OUT 
OUT 
OUT 
OUT 
OUT 
OUT 
OUT 
OUT 
OUT 
OUT 
OUT 
OUT 
OUT 
OUT 
OUT 
OUT 
OUT 
OUT 
OUT 
OUT 
OUT 
OUT 
OUT 
OUT 
OUT 
OUT 
OUT 
OUT 
OUT 
OUT 
OUT 
OUT 
OUT 
OUT 
OUT 
OUT 
OUT 
OUT 
OUT 
OUT 
OUT 
OUT 
OUT 
OUT 
OUT 
OUT 
OUT 
OUT 
OUT 
OUT 
OUT 
OUT 
OUT 
OUT 
OUT 
OUT 
OUT 
OUT 
OUT 
OUT 
OUT 
OUT 
OUT 
OUT 
OUT 
OUT 
OUT 
OUT 
OUT 
OUT 
OUT 
OUT 
OUT 
OUT 
OUT 
OUT 
OUT 
OUT 
OUT 
OUT 
OUT 
OUT 
OUT ' ^ * ' 
OUT ' . '   
OUT   '     
OUT 
OUT ***
OUT You travel East...
OUT Tom: "East!"
OUT Tom is here.
OUT 
OUT 
OUT 
OUT 
OUT 
OUT [  N  W  S  E          Greet (name)        Attack (name) ]
OUT [  More   Help   Quit                  Hit Enter to wait ]
IN  'N'
OUT 
OUT 
OUT ***
OUT The way is impassable in that direction.
OUT 
OUT 
OUT 
OUT 
OUT 
OUT [  N  W  S  E          Greet (name)        Attack (name) ]
OUT [  More   Help   Quit                  Hit Enter to wait ]
IN  'W'
OUT 
OUT 
OUT 
OUT 
OUT 
OUT 
OUT 
OUT 
OUT 
OUT 
OUT 
OUT 
OUT 
OUT 
OUT 
OUT 
OUT 
OUT 
OUT 
OUT 
OUT 
OUT 
OUT 
OUT 
OUT 
OUT 
OUT 
OUT 
OUT 
OUT 
OUT 
OUT 
OUT 
OUT 
OUT 
OUT 
OUT 
OUT 
OUT 
OUT 
OUT 
OUT 
OUT 
OUT 
OUT 
OUT 
OUT 
OUT 
OUT 
OUT 
OUT 
OUT 
OUT 
OUT 
OUT 
OUT 
OUT 
OUT 
OUT 
OUT 
OUT 
OUT 
OUT 
OUT 
OUT 
OUT 
OUT 
OUT 
OUT 
OUT 
OUT 
OUT 
OUT 
OUT 
OUT 
OUT 
OUT 
OUT 
OUT 
OUT 
OUT 
OUT 
OUT ' * . ' 
OUT ' . '   
OUT   '     
OUT 
OUT ***
OUT You travel West...
OUT Tom: "West!"
OUT There is a stand of evergreens here.
OUT Tom is here.
OUT 
OUT 
OUT 
OUT 
OUT 
OUT [  N  W  S  E          Greet (name)        Attack (name) ]
OUT [  More   Help   Quit                  Hit Enter to wait ]
IN  'Attack Tom'
OUT Tom: "WHAT?!? Traitor!! I demand satisfaction!"
OUT 
OUT 
OUT [ (hit Enter) ]    
IN  ''
OUT No one comes to the aid of the two rivals... they fight alone!
OUT 
OUT 
OUT [ (hit Enter) ]    
IN  ''
OUT 
OUT 
OUT 
OUT 
OUT 
OUT 
OUT 
OUT 
OUT 
OUT 
OUT  
OUT 
OUT 
OUT 
OUT 
OUT 
OUT 
OUT 
OUT 
OUT 
OUT  
OUT 
OUT 
OUT 
OUT 
OUT 
OUT 
OUT 
OUT 
OUT 
OUT  
OUT 
OUT 
OUT 
OUT 
OUT 
OUT 
OUT 
OUT 
OUT 
OUT  
OUT 
OUT 
OUT 
OUT 
OUT 
OUT 
OUT 
OUT 
OUT 
OUT 
OUT BATTLE
OUT **************************************************
OUT 
OUT 
OUT Rufus 2
OUT Strength: ??? Health: ???(Max ???) Speed: ???
OUT  Skill: 0 Personality: 33 Morale: 23
OUT Tom
OUT Strength: ??? Health: ???(Max 6 (???)) Speed: ???
OUT  Skill: ??? Personality: 49 (?) Morale: 11 (??)
OUT 
OUT 
OUT Order:
OUT Rufus 2 got a 10.
OUT Tom got a 14.
OUT Tom swings at Rufus 2, but misses!
OUT 
OUT 
OUT [ (F)ight      Run      Commit ]
IN  'Run'
OUT You frantically run away in the first available direction...
OUT 
OUT 
OUT [ (hit Enter) ]    
IN  ''
OUT 
OUT 
OUT 
OUT 
OUT 
OUT 
OUT 
OUT 
OUT 
OUT 
OUT 
OUT 
OUT 
OUT 
OUT 
OUT 
OUT 
OUT 
OUT 
OUT 
OUT 
OUT 
OUT 
OUT 
OUT 
OUT 
OUT 
OUT 
OUT 
OUT 
OUT 
OUT 
OUT 
OUT 
OUT 
OUT 
OUT 
OUT 
OUT 
OUT 
OUT 
OUT 
OUT 
OUT 
OUT 
OUT 
OUT 
OUT 
OUT 
OUT 
OUT 
OUT 
OUT 
OUT 
OUT 
OUT 
OUT 
OUT 
OUT 
OUT 
OUT 
OUT 
OUT 
OUT 
OUT 
OUT 
OUT 
OUT 
OUT 
OUT 
OUT 
OUT 
OUT 
OUT 
OUT 
OUT 
OUT 
OUT 
OUT 
OUT 
OUT 
OUT 
OUT ' ^ . ' 
OUT ' * '   
OUT   '     
OUT 
OUT There is no one here.
OUT You hear shouting to the North...
OUT 
OUT 
OUT 
OUT [  N  W  S  E          Greet (name)        Attack (name) ]
OUT [  More   Help   Quit                  Hit Enter to wait ]
IN  'S'
OUT 
OUT 
OUT 
OUT 
OUT 
OUT 
OUT 
OUT 
OUT 
OUT 
OUT 
OUT 
OUT 
OUT 
OUT 
OUT 
OUT 
OUT 
OUT 
OUT 
OUT 
OUT 
OUT 
OUT 
OUT 
OUT 
OUT 
OUT 
OUT 
OUT 
OUT 
OUT 
OUT 
OUT 
OUT 
OUT 
OUT 
OUT 
OUT 
OUT 
OUT 
OUT 
OUT 
OUT 
OUT 
OUT 
OUT 
OUT 
OUT 
OUT 
OUT 
OUT 
OUT 
OUT 
OUT 
OUT 
OUT 
OUT 
OUT 
OUT 
OUT 
OUT 
OUT 
OUT 
OUT 
OUT 
OUT 
OUT 
OUT 
OUT 
OUT 
OUT 
OUT 
OUT 
OUT 
OUT 
OUT 
OUT 
OUT 
OUT 
OUT 
OUT 
OUT ' ^ . ' 
OUT ' . '   
OUT ' * '   
OUT   '     
OUT 
OUT ***
OUT You travel South...
OUT There is no one here.
OUT 
OUT 
OUT 
OUT [  N  W  S  E          Greet (name)        Attack (name) ]
OUT [  More   Help   Quit                  Hit Enter to wait ]
IN  'S'
OUT 
OUT 
OUT 
OUT 
OUT 
OUT 
OUT 
OUT 
OUT 
OUT 
OUT 
OUT 
OUT 
OUT 
OUT 
OUT 
OUT 
OUT 
OUT 
OUT 
OUT 
OUT 
OUT 
OUT 
OUT 
OUT 
OUT 
OUT 
OUT 
OUT 
OUT 
OUT 
OUT 
OUT 
OUT 
OUT 
OUT 
OUT 
OUT 
OUT 
OUT 
OUT 
OUT 
OUT 
OUT 
OUT 
OUT 
OUT 
OUT 
OUT 
OUT 
OUT 
OUT 
OUT 
OUT 
OUT 
OUT 
OUT 
OUT 
OUT 
OUT 
OUT 
OUT 
OUT 
OUT 
OUT 
OUT 
OUT 
OUT 
OUT 
OUT 
OUT 
OUT 
OUT 
OUT 
OUT 
OUT 
OUT 
OUT 
OUT 
OUT 
OUT 
OUT ' ^ . ' 
OUT ' . '   
OUT ' . '   
OUT ' * '   
OUT   '     
OUT 
OUT ***
OUT You travel South...
OUT There is no one here.
OUT 
OUT 
OUT 
OUT [  N  W  S  E          Greet (name)        Attack (name) ]
OUT [  More   Help   Quit                  Hit Enter to wait ]
IN  'S'
OUT 
OUT 
OUT 
OUT 
OUT 
OUT 
OUT 
OUT 
OUT 
OUT 
OUT 
OUT 
OUT 
OUT 
OUT 
OUT 
OUT 
OUT 
OUT 
OUT 
OUT 
OUT 
OUT 
OUT 
OUT 
OUT 
OUT 
OUT 
OUT 
OUT 
OUT 
OUT 
OUT 
OUT 
OUT 
OUT 
OUT 
OUT 
OUT 
OUT 
OUT 
OUT 
OUT 
OUT 
OUT 
OUT 
OUT 
OUT 
OUT 
OUT 
OUT 
OUT 
OUT 
OUT 
OUT 
OUT 
OUT 
OUT 
OUT 
OUT 
OUT 
OUT 
OUT 
OUT 
OUT 
OUT 
OUT 
OUT 
OUT 
OUT 
OUT 
OUT 
OUT 
OUT 
OUT 
OUT 
OUT 
OUT 
OUT 
OUT 
OUT 
OUT 
OUT ' ^ . ' 
OUT ' . '   
OUT ' . '   
OUT ' . '   
OUT ' * '   
OUT   '     
OUT 
OUT ***
OUT You travel South...
OUT There is a dog here.
OUT There are 2 strangers here.
OUT 
OUT 
OUT This man's name is Cutter.
OUT Cutter is in a gang with Homer.
OUT Cutter menaces you!
OUT Cutter: "Grunt."
OUT 
OUT 
OUT [ (F)ight       (D)rop it ]
IN  'D'
OUT Cutter: "Grmph."
OUT 
OUT 
OUT 
OUT 
OUT 
OUT [  N  W  S  E          Greet (name)        Attack (name) ]
OUT [  More   Help   Quit                  Hit Enter to wait ]
IN  'N'
OUT 
OUT 
OUT 
OUT 
OUT 
OUT 
OUT 
OUT 
OUT 
OUT 
OUT 
OUT 
OUT 
OUT 
OUT 
OUT 
OUT 
OUT 
OUT 
OUT 
OUT 
OUT 
OUT 
OUT 
OUT 
OUT 
OUT 
OUT 
OUT 
OUT 
OUT 
OUT 
OUT 
OUT 
OUT 
OUT 
OUT 
OUT 
OUT 
OUT 
OUT 
OUT 
OUT 
OUT 
OUT 
OUT 
OUT 
OUT 
OUT 
OUT 
OUT 
OUT 
OUT 
OUT 
OUT 
OUT 
OUT 
OUT 
OUT 
OUT 
OUT 
OUT 
OUT 
OUT 
OUT 
OUT 
OUT 
OUT 
OUT 
OUT 
OUT 
OUT 
OUT 
OUT 
OUT 
OUT 
OUT 
OUT 
OUT 
OUT 
OUT 
OUT 
OUT ' ^ . ' 
OUT ' . '   
OUT ' . '   
OUT ' * '   
OUT ' . '   
OUT   '     
OUT 
OUT ***
OUT You travel North...
OUT There is no one here.
OUT 
OUT 
OUT 
OUT [  N  W  S  E          Greet (name)        Attack (name) ]
OUT [  More   Help   Quit                  Hit Enter to wait ]
IN  'greet'
OUT You are alone, Rufus 2!
OUT 
OUT 
OUT 
OUT 
OUT 
OUT [  N  W  S  E          Greet (name)        Attack (name) ]
OUT [  More   Help   Quit                  Hit Enter to wait ]
IN  'W'
OUT 
OUT 
OUT 
OUT 
OUT 
OUT 
OUT 
OUT 
OUT 
OUT 
OUT 
OUT 
OUT 
OUT 
OUT 
OUT 
OUT 
OUT 
OUT 
OUT 
OUT 
OUT 
OUT 
OUT 
OUT 
OUT 
OUT 
OUT 
OUT 
OUT 
OUT 
OUT 
OUT 
OUT 
OUT 
OUT 
OUT 
OUT 
OUT 
OUT 
OUT 
OUT 
OUT 
OUT 
OUT 
OUT 
OUT 
OUT 
OUT 
OUT 
OUT 
OUT 
OUT 
OUT 
OUT 
OUT 
OUT 
OUT 
OUT 
OUT 
OUT 
OUT 
OUT 
OUT 
OUT 
OUT 
OUT 
OUT 
OUT 
OUT 
OUT 
OUT 
OUT 
OUT 
OUT 
OUT 
OUT 
OUT 
OUT 
OUT 
OUT 
OUT 
OUT   ' ^ . ' 
OUT   ' . '   
OUT   ' . '   
OUT ' * . '   
OUT   ' . '   
OUT     '     
OUT 
OUT ***
OUT You travel West...
OUT There is no one here.
OUT 
OUT 
OUT 
OUT [  N  W  S  E          Greet (name)        Attack (name) ]
OUT [  More   Help   Quit                  Hit Enter to wait ]
IN  'greet'
OUT You are alone, Rufus 2!
OUT 
OUT 
OUT 
OUT 
OUT 
OUT [  N  W  S  E          Greet (name)        Attack (name) ]
OUT [  More   Help   Quit                  Hit Enter to wait ]
IN  'greet'
OUT You are alone, Rufus 2!
OUT 
OUT 
OUT 
OUT 
OUT 
OUT [  N  W  S  E          Greet (name)        Attack (name) ]
OUT [  More   Help   Quit                  Hit Enter to wait ]
IN  'greet'
OUT You are alone, Rufus 2!
OUT 
OUT 
OUT 
OUT 
OUT 
OUT [  N  W  S  E          Greet (name)        Attack (name) ]
OUT [  More   Help   Quit                  Hit Enter to wait ]
IN  'W'
OUT 
OUT 
OUT 
OUT 
OUT 
OUT 
OUT 
OUT 
OUT 
OUT 
OUT 
OUT 
OUT 
OUT 
OUT 
OUT 
OUT 
OUT 
OUT 
OUT 
OUT 
OUT 
OUT 
OUT 
OUT 
OUT 
OUT 
OUT 
OUT 
OUT 
OUT 
OUT 
OUT 
OUT 
OUT 
OUT 
OUT 
OUT 
OUT 
OUT 
OUT 
OUT 
OUT 
OUT 
OUT 
OUT 
OUT 
OUT 
OUT 
OUT 
OUT 
OUT 
OUT 
OUT 
OUT 
OUT 
OUT 
OUT 
OUT 
OUT 
OUT 
OUT 
OUT 
OUT 
OUT 
OUT 
OUT 
OUT 
OUT 
OUT 
OUT 
OUT 
OUT 
OUT 
OUT 
OUT 
OUT 
OUT 
OUT 
OUT 
OUT 
OUT 
OUT     ' ^ . ' 
OUT     ' . '   
OUT   ' ' . '   
OUT | * . . '   
OUT   ' ' . '   
OUT       '     
OUT 
OUT ***
OUT You travel West...
OUT There is a stranger here.
OUT 
OUT 
OUT 
OUT 
OUT 
OUT [  N  W  S  E          Greet (name)        Attack (name) ]
OUT [  More   Help   Quit                  Hit Enter to wait ]
IN  'greet'
OUT 
OUT 
OUT This man's name is Luke.
OUT 
OUT Luke: "Good health, Rufus 2, my friend!" 
OUT 
OUT 
OUT 
OUT 
OUT 
OUT [ Join         Teach         Fight               Leave   ]
OUT [           Joke                                         ]
IN  'Teach'
OUT Luke: "I wouldn't want to trade knowledge, friend, unless we were in the same 
OUT gang." 
OUT 
OUT 
OUT [ (hit Enter) ]    
IN  ''
OUT You notice that Luke is carrying something unusual... it looks like an apple 
OUT bomb... 
OUT 
OUT 
OUT 
OUT 
OUT 
OUT [  N  W  S  E          Greet (name)        Attack (name) ]
OUT [  More   Help   Quit                  Hit Enter to wait ]
IN  'Attack Luke'
OUT 
OUT Luke: "YARG! Lay on!"
OUT 
OUT 
OUT [ (hit Enter) ]    
IN  ''
OUT 
OUT 
OUT 
OUT 
OUT 
OUT 
OUT 
OUT 
OUT 
OUT 
OUT  
OUT 
OUT 
OUT 
OUT 
OUT 
OUT 
OUT 
OUT 
OUT 
OUT  
OUT 
OUT 
OUT 
OUT 
OUT 
OUT 
OUT 
OUT 
OUT 
OUT  
OUT 
OUT 
OUT 
OUT 
OUT 
OUT 
OUT 
OUT 
OUT 
OUT  
OUT 
OUT 
OUT 
OUT 
OUT 
OUT 
OUT 
OUT 
OUT 
OUT 
OUT BATTLE
OUT **************************************************
OUT 
OUT 
OUT Rufus 2
OUT Strength: ??? Health: ???(Max ???) Speed: 4 (???)
OUT  Skill: 0 Personality: 33 Morale: 21
OUT Luke
OUT Strength: ??? Health: ???(Max ???) Speed: ???
OUT  Skill: ??? Personality: 5 (??) Morale: 1 (??)
OUT 
OUT 
OUT Order:
OUT Rufus 2 got a 8.
OUT Luke got a 9.
OUT Luke hits Rufus 2 for 4 points!
OUT 
OUT 
OUT [ (F)ight      Run      Commit ]
IN  'Commit'
OUT Rufus 2 swings at Luke, but misses!
OUT Luke swings at Rufus 2, but misses!
OUT Rufus 2 swings at Luke, but misses!
OUT Rufus 2 swings at Luke, but misses!
OUT Luke hits Rufus 2 for 5 points!
OUT Rufus 2 swings at Luke, but misses!
OUT Luke hits Rufus 2 for 5 points!
OUT Rufus 2 hits Luke for 4 points!
OUT Luke swings at Rufus 2, but misses!
OUT Rufus 2 swings at Luke, but misses!
OUT Luke swings at Rufus 2, but misses!
OUT Rufus 2 hits Luke for 4 points!
OUT Luke swings at Rufus 2, but misses!
OUT Rufus 2 hits Luke for 2 points!
OUT Luke hits Rufus 2 for 2 points!
OUT Rufus 2 swings at Luke, but misses!
OUT Luke swings at Rufus 2, but misses!
OUT Luke swings at Rufus 2, but misses!
OUT Rufus 2 hits Luke for 1 points!
OUT Rufus 2 hits Luke for 2 points!
OUT Luke swings at Rufus 2, but misses!
OUT Luke runs away!
OUT Rufus 2 swings at Luke's backside, but misses!
OUT 
OUT 
OUT [ (hit Enter) ]    
IN  ''
OUT The battle is over!
OUT Rufus 2:  "HAH HAAAH!!" 
OUT There is no one here.
OUT 
OUT 
OUT 
OUT [  N  W  S  E          Greet (name)        Attack (name) ]
OUT [  More   Help   Quit                  Hit Enter to wait ]
IN  'E'
OUT 
OUT 
OUT 
OUT 
OUT 
OUT 
OUT 
OUT 
OUT 
OUT 
OUT 
OUT 
OUT 
OUT 
OUT 
OUT 
OUT 
OUT 
OUT 
OUT 
OUT 
OUT 
OUT 
OUT 
OUT 
OUT 
OUT 
OUT 
OUT 
OUT 
OUT 
OUT 
OUT 
OUT 
OUT 
OUT 
OUT 
OUT 
OUT 
OUT 
OUT 
OUT 
OUT 
OUT 
OUT 
OUT 
OUT 
OUT 
OUT 
OUT 
OUT 
OUT 
OUT 
OUT 
OUT 
OUT 
OUT 
OUT 
OUT 
OUT 
OUT 
OUT 
OUT 
OUT 
OUT 
OUT 
OUT 
OUT 
OUT 
OUT 
OUT 
OUT 
OUT 
OUT 
OUT 
OUT 
OUT 
OUT 
OUT 
OUT 
OUT 
OUT 
OUT     ' ^ . ' 
OUT     ' . '   
OUT   ' ' . '   
OUT | . * . '   
OUT   ' ' . '   
OUT       '     
OUT 
OUT ***
OUT You travel East...
OUT There is no one here.
OUT 
OUT 
OUT 
OUT [  N  W  S  E          Greet (name)        Attack (name) ]
OUT [  More   Help   Quit                  Hit Enter to wait ]
IN  'W'
OUT 
OUT 
OUT 
OUT 
OUT 
OUT 
OUT 
OUT 
OUT 
OUT 
OUT 
OUT 
OUT 
OUT 
OUT 
OUT 
OUT 
OUT 
OUT 
OUT 
OUT 
OUT 
OUT 
OUT 
OUT 
OUT 
OUT 
OUT 
OUT 
OUT 
OUT 
OUT 
OUT 
OUT 
OUT 
OUT 
OUT 
OUT 
OUT 
OUT 
OUT 
OUT 
OUT 
OUT 
OUT 
OUT 
OUT 
OUT 
OUT 
OUT 
OUT 
OUT 
OUT 
OUT 
OUT 
OUT 
OUT 
OUT 
OUT 
OUT 
OUT 
OUT 
OUT 
OUT 
OUT 
OUT 
OUT 
OUT 
OUT 
OUT 
OUT 
OUT 
OUT 
OUT 
OUT 
OUT 
OUT 
OUT 
OUT 
OUT 
OUT 
OUT 
OUT     ' ^ . ' 
OUT     ' . '   
OUT   ' ' . '   
OUT | * . . '   
OUT   ' ' . '   
OUT       '     
OUT 
OUT ***
OUT You travel West...
OUT There is a stranger here.
OUT There is a dog here.
OUT 
OUT 
OUT 
OUT 
OUT 
OUT [  N  W  S  E          Greet (name)        Attack (name) ]
OUT [  More   Help   Quit                  Hit Enter to wait ]
IN  'W'
OUT 
OUT 
OUT ***
OUT The way is impassable in that direction.
OUT 
OUT 
OUT 
OUT 
OUT 
OUT [  N  W  S  E          Greet (name)        Attack (name) ]
OUT [  More   Help   Quit                  Hit Enter to wait ]
IN  'N'
OUT 
OUT 
OUT 
OUT 
OUT 
OUT 
OUT 
OUT 
OUT 
OUT 
OUT 
OUT 
OUT 
OUT 
OUT 
OUT 
OUT 
OUT 
OUT 
OUT 
OUT 
OUT 
OUT 
OUT 
OUT 
OUT 
OUT 
OUT 
OUT 
OUT 
OUT 
OUT 
OUT 
OUT 
OUT 
OUT 
OUT 
OUT 
OUT 
OUT 
OUT 
OUT 
OUT 
OUT 
OUT 
OUT 
OUT 
OUT 
OUT 
OUT 
OUT 
OUT 
OUT 
OUT 
OUT 
OUT 
OUT 
OUT 
OUT 
OUT 
OUT 
OUT 
OUT 
OUT 
OUT 
OUT 
OUT 
OUT 
OUT 
OUT 
OUT 
OUT 
OUT 
OUT 
OUT 
OUT 
OUT 
OUT 
OUT 
OUT 
OUT 
OUT 
OUT     ' ^ . ' 
OUT   ' ' . '   
OUT F * ' . '   
OUT | . . . '   
OUT   ' ' . '   
OUT       '     
OUT 
OUT ***
OUT You travel North...
OUT To the West, there is a trail that leads into the forest.
OUT There is no one here.
OUT 
OUT 
OUT 
OUT [  N  W  S  E          Greet (name)        Attack (name) ]
OUT [  More   Help   Quit                  Hit Enter to wait ]
IN  'E'
OUT 
OUT 
OUT 
OUT 
OUT 
OUT 
OUT 
OUT 
OUT 
OUT 
OUT 
OUT 
OUT 
OUT 
OUT 
OUT 
OUT 
OUT 
OUT 
OUT 
OUT 
OUT 
OUT 
OUT 
OUT 
OUT 
OUT 
OUT 
OUT 
OUT 
OUT 
OUT 
OUT 
OUT 
OUT 
OUT 
OUT 
OUT 
OUT 
OUT 
OUT 
OUT 
OUT 
OUT 
OUT 
OUT 
OUT 
OUT 
OUT 
OUT 
OUT 
OUT 
OUT 
OUT 
OUT 
OUT 
OUT 
OUT 
OUT 
OUT 
OUT 
OUT 
OUT 
OUT 
OUT 
OUT 
OUT 
OUT 
OUT 
OUT 
OUT 
OUT 
OUT 
OUT 
OUT 
OUT 
OUT 
OUT 
OUT 
OUT 
OUT 
OUT 
OUT     ' ^ . ' 
OUT   ' ' . '   
OUT F . * . '   
OUT | . . . '   
OUT   ' ' . '   
OUT       '     
OUT 
OUT ***
OUT You travel East...
OUT There is no one here.
OUT 
OUT 
OUT 
OUT [  N  W  S  E          Greet (name)        Attack (name) ]
OUT [  More   Help   Quit                  Hit Enter to wait ]
IN  'attack'
OUT You are alone, Rufus 2!
OUT 
OUT 
OUT 
OUT 
OUT 
OUT [  N  W  S  E          Greet (name)        Attack (name) ]
OUT [  More   Help   Quit                  Hit Enter to wait ]
IN  'S'
OUT 
OUT 
OUT 
OUT 
OUT 
OUT 
OUT 
OUT 
OUT 
OUT 
OUT 
OUT 
OUT 
OUT 
OUT 
OUT 
OUT 
OUT 
OUT 
OUT 
OUT 
OUT 
OUT 
OUT 
OUT 
OUT 
OUT 
OUT 
OUT 
OUT 
OUT 
OUT 
OUT 
OUT 
OUT 
OUT 
OUT 
OUT 
OUT 
OUT 
OUT 
OUT 
OUT 
OUT 
OUT 
OUT 
OUT 
OUT 
OUT 
OUT 
OUT 
OUT 
OUT 
OUT 
OUT 
OUT 
OUT 
OUT 
OUT 
OUT 
OUT 
OUT 
OUT 
OUT 
OUT 
OUT 
OUT 
OUT 
OUT 
OUT 
OUT 
OUT 
OUT 
OUT 
OUT 
OUT 
OUT 
OUT 
OUT 
OUT 
OUT 
OUT 
OUT     ' ^ . ' 
OUT   ' ' . '   
OUT F . . . '   
OUT | . * . '   
OUT   ' ' . '   
OUT       '     
OUT 
OUT ***
OUT You travel South...
OUT There is no one here.
OUT 
OUT 
OUT 
OUT [  N  W  S  E          Greet (name)        Attack (name) ]
OUT [  More   Help   Quit                  Hit Enter to wait ]
IN  'E'
OUT 
OUT 
OUT 
OUT 
OUT 
OUT 
OUT 
OUT 
OUT 
OUT 
OUT 
OUT 
OUT 
OUT 
OUT 
OUT 
OUT 
OUT 
OUT 
OUT 
OUT 
OUT 
OUT 
OUT 
OUT 
OUT 
OUT 
OUT 
OUT 
OUT 
OUT 
OUT 
OUT 
OUT 
OUT 
OUT 
OUT 
OUT 
OUT 
OUT 
OUT 
OUT 
OUT 
OUT 
OUT 
OUT 
OUT 
OUT 
OUT 
OUT 
OUT 
OUT 
OUT 
OUT 
OUT 
OUT 
OUT 
OUT 
OUT 
OUT 
OUT 
OUT 
OUT 
OUT 
OUT 
OUT 
OUT 
OUT 
OUT 
OUT 
OUT 
OUT 
OUT 
OUT 
OUT 
OUT 
OUT 
OUT 
OUT 
OUT 
OUT 
OUT 
OUT     ' ^ . ' 
OUT   ' ' . '   
OUT F . . . '   
OUT | . . * '   
OUT   ' ' . '   
OUT       '     
OUT 
OUT ***
OUT You travel East...
OUT There is no one here.
OUT 
OUT 
OUT 
OUT [  N  W  S  E          Greet (name)        Attack (name) ]
OUT [  More   Help   Quit                  Hit Enter to wait ]
IN  'greet'
OUT You are alone, Rufus 2!
OUT 
OUT 
OUT 
OUT 
OUT 
OUT [  N  W  S  E          Greet (name)        Attack (name) ]
OUT [  More   Help   Quit                  Hit Enter to wait ]
IN  'attack'
OUT You are alone, Rufus 2!
OUT 
OUT 
OUT 
OUT 
OUT 
OUT [  N  W  S  E          Greet (name)        Attack (name) ]
OUT [  More   Help   Quit                  Hit Enter to wait ]
IN  'S'
OUT 
OUT 
OUT 
OUT 
OUT 
OUT 
OUT 
OUT 
OUT 
OUT 
OUT 
OUT 
OUT 
OUT 
OUT 
OUT 
OUT 
OUT 
OUT 
OUT 
OUT 
OUT 
OUT 
OUT 
OUT 
OUT 
OUT 
OUT 
OUT 
OUT 
OUT 
OUT 
OUT 
OUT 
OUT 
OUT 
OUT 
OUT 
OUT 
OUT 
OUT 
OUT 
OUT 
OUT 
OUT 
OUT 
OUT 
OUT 
OUT 
OUT 
OUT 
OUT 
OUT 
OUT 
OUT 
OUT 
OUT 
OUT 
OUT 
OUT 
OUT 
OUT 
OUT 
OUT 
OUT 
OUT 
OUT 
OUT 
OUT 
OUT 
OUT 
OUT 
OUT 
OUT 
OUT 
OUT 
OUT 
OUT 
OUT 
OUT 
OUT 
OUT 
OUT     ' ^ . ' 
OUT   ' ' . '   
OUT F . . . '   
OUT | . . . '   
OUT   ' ' * '   
OUT       '     
OUT 
OUT ***
OUT You travel South...
OUT There is no one here.
OUT 
OUT 
OUT 
OUT [  N  W  S  E          Greet (name)        Attack (name) ]
OUT [  More   Help   Quit                  Hit Enter to wait ]
IN  'More'
OUT [  Stats   Who   Remember   Write                        ]
IN  'W'
OUT 
OUT 
OUT 
OUT 
OUT 
OUT 
OUT 
OUT 
OUT 
OUT 
OUT 
OUT 
OUT 
OUT 
OUT 
OUT 
OUT 
OUT 
OUT 
OUT 
OUT 
OUT 
OUT 
OUT 
OUT 
OUT 
OUT 
OUT 
OUT 
OUT 
OUT 
OUT 
OUT 
OUT 
OUT 
OUT 
OUT 
OUT 
OUT 
OUT 
OUT 
OUT 
OUT 
OUT 
OUT 
OUT 
OUT 
OUT 
OUT 
OUT 
OUT 
OUT 
OUT 
OUT 
OUT 
OUT 
OUT 
OUT 
OUT 
OUT 
OUT 
OUT 
OUT 
OUT 
OUT 
OUT 
OUT 
OUT 
OUT 
OUT 
OUT 
OUT 
OUT 
OUT 
OUT 
OUT 
OUT 
OUT 
OUT 
OUT 
OUT 
OUT 
OUT     ' ^ . ' 
OUT   ' ' . '   
OUT F . . . '   
OUT | . . . '   
OUT   ' * . '   
OUT     ' '     
OUT 
OUT ***
OUT You travel West...
OUT There is no one here.
OUT 
OUT 
OUT 
OUT [  N  W  S  E          Greet (name)        Attack (name) ]
OUT [  More   Help   Quit                  Hit Enter to wait ]
IN  'greet'
OUT You are alone, Rufus 2!
OUT 
OUT 
OUT 
OUT 
OUT 
OUT [  N  W  S  E          Greet (name)        Attack (name) ]
OUT [  More   Help   Quit                  Hit Enter to wait ]
IN  'More'
OUT [  Stats   Who   Remember   Write                        ]
IN  'N'
OUT 
OUT 
OUT 
OUT 
OUT 
OUT 
OUT 
OUT 
OUT 
OUT 
OUT 
OUT 
OUT 
OUT 
OUT 
OUT 
OUT 
OUT 
OUT 
OUT 
OUT 
OUT 
OUT 
OUT 
OUT 
OUT 
OUT 
OUT 
OUT 
OUT 
OUT 
OUT 
OUT 
OUT 
OUT 
OUT 
OUT 
OUT 
OUT 
OUT 
OUT 
OUT 
OUT 
OUT 
OUT 
OUT 
OUT 
OUT 
OUT 
OUT 
OUT 
OUT 
OUT 
OUT 
OUT 
OUT 
OUT 
OUT 
OUT 
OUT 
OUT 
OUT 
OUT 
OUT 
OUT 
OUT 
OUT 
OUT 
OUT 
OUT 
OUT 
OUT 
OUT 
OUT 
OUT 
OUT 
OUT 
OUT 
OUT 
OUT 
OUT 
OUT 
OUT     ' ^ . ' 
OUT   ' ' . '   
OUT F . . . '   
OUT | . * . '   
OUT   ' . . '   
OUT     ' '     
OUT 
OUT ***
OUT You travel North...
OUT There is a stranger here.
OUT There is a dog here.
OUT 
OUT 
OUT 
OUT 
OUT 
OUT [  N  W  S  E          Greet (name)        Attack (name) ]
OUT [  More   Help   Quit                  Hit Enter to wait ]
IN  'greet'
OUT Whom are you greeting?
IN  'stranger'
OUT 
OUT 
OUT This man's name is Red 3.
OUT 
OUT Red 3: "Yes, Rufus 2?" 
OUT 
OUT 
OUT 
OUT 
OUT 
OUT [ Join         Teach         Fight               Leave   ]
OUT [           Joke                                         ]
OUT [            Dog                                         ]
IN  'stranger'
OUT What?
IN  'stranger'
OUT What?
IN  ''
OUT What?
IN  ''
OUT What?
IN  ''
OUT What?
IN  ''
OUT What?
IN  ''
OUT What?
IN  ''
OUT What?
IN  ''
OUT What?
IN  ''
OUT What?
IN  ''
OUT What?
IN  ''
OUT What?
IN  ''
OUT What?
IN  ''
OUT What?
IN  ''
OUT What?
IN  ''
OUT What?
IN  ''
OUT What?
IN  ''
OUT What?
IN  ''
OUT What?
IN  ''
OUT What?
IN  ''
OUT What?
IN  ''
OUT What?
IN  ''
OUT What?
IN  ''
OUT What?
IN  ''
OUT What?
IN  ''
OUT What?
IN  ''
OUT What?
IN  ''
OUT What?
IN  ''
OUT What?
IN  ''
OUT What?
IN  ''
OUT What?
IN  ''
OUT What?
IN  ''
OUT What?
IN  ''
OUT What?
IN  ''
OUT What?
IN  ''
OUT What?
IN  ''
OUT What?
IN  ''
OUT What?
IN  ''
OUT What?
IN  ''
OUT What?
IN  ''
OUT What?
IN  ''
OUT What?
IN  ''
OUT What?
IN  ''
OUT What?
IN  ''
OUT What?
IN  ''
OUT What?
IN  ''
OUT What?
IN  ''
OUT What?
IN  ''
OUT What?
IN  ''
OUT What?
IN  ''
OUT What?
IN  ''
OUT What?
IN  ''
OUT What?
IN  ''
OUT What?
IN  ''
OUT What?
IN  ''
OUT What?
IN  ''
OUT What?
IN  ''
OUT What?
IN  ''
OUT What?
IN  ''
OUT What?
IN  ''
OUT What?
IN  ''
OUT What?
IN  ''
OUT What?
IN  ''
OUT What?
IN  ''
OUT What?
IN  ''
OUT What?
IN  ''
OUT What?
IN  ''
OUT What?
IN  ''
OUT What?
IN  ''
OUT What?
IN  ''
OUT What?
IN  ''
OUT What?
IN  ''
OUT What?
IN  ''
OUT What?
IN  ''
OUT What?
IN  ''
OUT What?
IN  ''
OUT What?
IN  ''
OUT What?
IN  ''
OUT What?
IN  ''
OUT What?
IN  ''
OUT What?
IN  ''
OUT What?
IN  ''
OUT What?
IN  ''
OUT What?
IN  ''
OUT What?
IN  ''
OUT What?
IN  ''
OUT What?
IN  ''
OUT What?
IN  ''
OUT What?
IN  ''
OUT What?
IN  ''
OUT What?
IN  ''
OUT What?
IN  ''
OUT What?
IN  ''
OUT What?
IN  ''
OUT What?
IN  ''
OUT What?
IN  ''
OUT What?
IN  ''
OUT What?
IN  ''
OUT What?
IN  ''
OUT What?
IN  ''
OUT What?
IN  ''
OUT What?
IN  ''
OUT What?
IN  ''
OUT What?
IN  ''
OUT What?
IN  ''
OUT What?
IN  ''
OUT What?
IN  ''
OUT What?
IN  ''
OUT What?
IN  ''
OUT What?
IN  ''
OUT What?
IN  ''
OUT What?
IN  ''
OUT What?
IN  ''
OUT What?
IN  ''
OUT What?
IN  ''
OUT What?
IN  ''
OUT What?
IN  ''
OUT What?
IN  ''
OUT What?
IN  ''
OUT What?
IN  ''
OUT What?
IN  ''
OUT What?
IN  ''
OUT What?
IN  ''
OUT What?
IN  ''
OUT What?
IN  ''
OUT What?
IN  ''
OUT What?
IN  ''
OUT What?
IN  ''
OUT What?
IN  ''
OUT What?
IN  ''
OUT What?
IN  ''
OUT What?
IN  ''
OUT What?
IN  ''
OUT What?
IN  ''
OUT What?
IN  ''
OUT What?
IN  ''
OUT What?
IN  ''
OUT What?
IN  ''
OUT What?
IN  ''
OUT What?
IN  ''
OUT What?
IN  ''
OUT What?
IN  ''
OUT What?
IN  ''
OUT What?
IN  ''
OUT What?
IN  ''
OUT What?
IN  ''
OUT What?
IN  ''
OUT What?
IN  ''
OUT What?
IN  ''
OUT What?
IN  ''
OUT What?
IN  ''
OUT What?
IN  ''
OUT What?
IN  ''
OUT What?
IN  ''
OUT What?
IN  ''
OUT What?
IN  ''
OUT What?
IN  ''
OUT What?
IN  ''
OUT What?
IN  ''
OUT What?
IN  ''
OUT What?
IN  ''
OUT What?
IN  ''
OUT What?
IN  ''
OUT What?
IN  ''
OUT What?
IN  ''
OUT What?
IN  ''
OUT What?
IN  ''
OUT What?
IN  ''
OUT What?
IN  ''
OUT What?
IN  ''
OUT What?
IN  ''
OUT What?
IN  ''
OUT What?
IN  ''
OUT What?
IN  ''
OUT What?
IN  ''
OUT What?
IN  ''
OUT What?
IN  ''
OUT What?
IN  ''
OUT What?
IN  ''
OUT What?
IN  ''
OUT What?
IN  ''
OUT What?
IN  ''
OUT What?
IN  ''
OUT What?
IN  ''
OUT What?
IN  ''
OUT What?
IN  ''
OUT What?
IN  ''
OUT What?
IN  ''
OUT What?
IN  ''
OUT What?
IN  ''
OUT What?
IN  ''
OUT What?
IN  ''
OUT What?
IN  ''
OUT What?
IN  ''
OUT What?
IN  ''
OUT What?
IN  ''
OUT What?
IN  ''
OUT What?
IN  ''
OUT What?
IN  ''
OUT What?
IN  ''
OUT What?
IN  ''
OUT What?
IN  ''
OUT What?
IN  ''
OUT What?
IN  ''
OUT What?
IN  ''
OUT What?
IN  ''
OUT What?
IN  ''
OUT What?
IN  ''
OUT What?
IN  ''
OUT What?
IN  ''
OUT What?
IN  ''
OUT What?
IN  ''
OUT What?
IN  ''
OUT What?
IN  ''
OUT What?
IN  ''
OUT What?
IN  ''
OUT What?
IN  ''
OUT What?
IN  ''
OUT What?
IN  ''
OUT What?
IN  ''
OUT What?
IN  ''
OUT What?
IN  ''
OUT What?
IN  ''
OUT What?
IN  ''
OUT What?
IN  ''
OUT What?
IN  ''
OUT What?
IN  ''
OUT What?
IN  ''
OUT What?
IN  ''
OUT What?
IN  ''
OUT What?
IN  ''
OUT What?
IN  ''
OUT What?
IN  ''
OUT What?
IN  ''
OUT What?
IN  ''
OUT What?
IN  ''
OUT What?
IN  ''
OUT What?
IN  ''
OUT What?
IN  ''
OUT What?
IN  ''
OUT What?
IN  ''
OUT What?
IN  ''
OUT What?
IN  ''
OUT What?
IN  ''
OUT What?
IN  ''
OUT What?
IN  ''
OUT What?
IN  ''
OUT What?
IN  ''
OUT What?
IN  ''
OUT What?
IN  ''
OUT What?
IN  ''
OUT What?
IN  ''
OUT What?
IN  ''
OUT What?
IN  ''
OUT What?
IN  ''
OUT What?
IN  ''
OUT What?
IN  ''
OUT What?
IN  ''
OUT What?
IN  ''
OUT What?
IN  ''
OUT What?
IN  ''
OUT What?
IN  ''
OUT What?
IN  ''
OUT What?
IN  ''
OUT What?
IN  ''
OUT What?
IN  ''
OUT What?
IN  ''
OUT What?
IN  ''
OUT What?
IN  ''
OUT What?
IN  ''
OUT What?
IN  ''
OUT What?
IN  ''
OUT What?
IN  ''
OUT What?
IN  ''
OUT What?
IN  ''
OUT What?
IN  ''
OUT What?
IN  ''
OUT What?
IN  ''
OUT What?
IN  ''
OUT What?
IN  ''
OUT What?
IN  ''
OUT What?
IN  ''
OUT What?
IN  ''
OUT What?
IN  ''
OUT What?
IN  ''
OUT What?
IN  ''
OUT What?
IN  ''
OUT What?
IN  ''
OUT What?
IN  ''
OUT What?
IN  ''
OUT What?
IN  ''
OUT What?
IN  ''
OUT What?
IN  ''
OUT What?
IN  ''
OUT What?
IN  ''
OUT What?
IN  ''
OUT What?
IN  ''
OUT What?
IN  ''
OUT What?
IN  ''
OUT What?
IN  ''
OUT What?
IN  ''
OUT What?
IN  ''
OUT What?
IN  ''
OUT What?
IN  ''
OUT What?
IN  ''
OUT What?
IN  ''
OUT What?
IN  ''
OUT What?
IN  ''
OUT What?
IN  ''
OUT What?
IN  ''
OUT What?
IN  ''
OUT What?
IN  ''
OUT What?
IN  ''
OUT What?
IN  ''
OUT What?
IN  ''
OUT What?
IN  ''
OUT What?
IN  ''
OUT What?
IN  ''
OUT What?
IN  ''
