OUT 
OUT 
OUT 
OUT 
OUT 
OUT   
OUT 
OUT 
OUT 
OUT 
OUT  
OUT 
OUT 
OUT 
OUT 
OUT  
OUT 
OUT 
OUT 
OUT 
OUT  
OUT 
OUT 
OUT 
OUT 
OUT  
OUT 
OUT 
OUT 
OUT 
OUT  
OUT 
OUT 
OUT 
OUT 
OUT  
OUT 
OUT 
OUT 
OUT 
OUT  
OUT 
OUT 
OUT 
OUT 
OUT 
OUT                                    |        ___
OUT                                    \   | __/  ’’’’
OUT                                     \  <<--,_____
OUT        ,   ,              \           U          ____---
OUT         v                  \          U      |~~<____   
OUT         `  ‘ `   ’      `---\         U      /        /
OUT          \|   \ |            ````~     U    //    /‘’’’’’’’^
OUT           \    \                   \ \ |U| //    / , 
OUT            \\  \\...````           |  V  / ‘’’’ ‘’               G       N D
OUT             \  / |``               /   /                    A   N       A
OUT      ~_  ,   |   /                /`  /                    G          L
OUT        `-` `- \ |                 |  /                                  
OUT              \  |                |  |
OUT               }  \               /  |              ..       .. ..       . .   .
OUT       ~``__   |   \-/           |   |  .. ...      ....    .   .. . ...  . .   
OUT  *#----*--**__|    |*****^**---|     ]__--_*_.... _  __   . . ..... . . .. . . .
OUT * |                                                      
OUT *                                                        
OUT * |                                                      
OUT *       Who are you ?                                    
OUT * |                                                      
IN  'Rufus'
OUT * |                                                                | *
OUT * |                                                                | *
OUT * |     Male or Female?                                            | *
OUT 
OUT [ M / F ]
IN  'male'
OUT * |  Right, Rufus,                                                 | *
OUT * |   enjoy yer stay!                                              | *
OUT * |                                     ( poor wretch . . .)       | *
OUT * |                                                                | *
OUT * |                                                                | *
OUT ...
OUT 
OUT 
OUT 
OUT 
OUT ***
OUT  You get to your feet. A bit of a headache. Nothing looks familiar. 
OUT 
OUT 
OUT 
OUT [ (hit Enter) ]    
IN  ''
OUT 
OUT 
OUT 
OUT 
OUT 
OUT 
OUT 
OUT 
OUT 
OUT 
OUT 
OUT 
OUT 
OUT 
OUT 
OUT 
OUT 
OUT 
OUT 
OUT 
OUT 
OUT 
OUT 
OUT 
OUT 
OUT 
OUT 
OUT 
OUT 
OUT 
OUT 
OUT 
OUT 
OUT 
OUT 
OUT 
OUT 
OUT 
OUT 
OUT 
OUT 
OUT 
OUT 
OUT 
OUT 
OUT 
OUT 
OUT 
OUT 
OUT 
OUT 
OUT 
OUT 
OUT 
OUT 
OUT 
OUT 
OUT 
OUT 
OUT 
OUT 
OUT 
OUT 
OUT 
OUT 
OUT 
OUT 
OUT 
OUT 
OUT 
OUT 
OUT 
OUT 
OUT 
OUT 
OUT 
OUT 
OUT 
OUT 
OUT 
OUT 
OUT 
OUT   '   
OUT ' * ' 
OUT   '   
OUT 
OUT There is no one here.
OUT 
OUT 
OUT 
OUT [  N  W  S  E          Greet (name)        Attack (name) ]
OUT [  More   Help   Quit                  Hit Enter to wait ]
IN  ''
OUT You wait...
OUT 
OUT 
OUT 
OUT 
OUT 
OUT [  N  W  S  E          Greet (name)        Attack (name) ]
OUT [  More   Help   Quit                  Hit Enter to wait ]
IN  'Help'
OUT 
OUT ***
OUT Gangland   ver 1.1   
OUT c2007 by A.Teich
OUT 
OUT Tell me about (enter a number)...
OUT 1  Commands
OUT 2  Statistics
OUT 3  Rebirth
OUT 4  The 
OUT Way of Gangs
OUT 
OUT ...or type "Exit" to return to the game.
OUT  
IN  ''
IN  ''
IN  ''
IN  ''
IN  ''
IN  ''
IN  ''
IN  ''
IN  ''
IN  ''
IN  ''
IN  ''
IN  ''
IN  ''
IN  ''
IN  ''
IN  ''
IN  ''
IN  ''
IN  ''
IN  ''
IN  ''
IN  ''
IN  ''
IN  ''
IN  ''
IN  ''
IN  ''
IN  ''
IN  ''
IN  ''
IN  ''
IN  ''
IN  ''
IN  ''
IN  ''
IN  ''
IN  ''
IN  ''
IN  ''
IN  ''
IN  ''
IN  ''
IN  ''
IN  ''
IN  ''
